[2021-05-14 11:57:52.434] [sharedprocess] [info] main {"machineId":"5798b655c0fa67a4c579a728601cf4b916f89fc6f98b92d12f1bdd3e01fc5a9c","windowId":2}
[2021-05-14 11:58:02.980] [sharedprocess] [info] Deleted from disk golang.go /home/rahu/.vscode/extensions/golang.go-0.20.1
[2021-05-14 11:58:03.181] [sharedprocess] [info] Deleted from disk vscodevim.vim /home/rahu/.vscode/extensions/vscodevim.vim-1.18.5
[2021-05-14 11:58:03.411] [sharedprocess] [info] Deleted from disk yuenm18.ooxml-viewer /home/rahu/.vscode/extensions/yuenm18.ooxml-viewer-0.0.1
[2021-05-14 11:58:04.280] [sharedprocess] [info] Deleted from disk dbaeumer.vscode-eslint /home/rahu/.vscode/extensions/dbaeumer.vscode-eslint-2.1.14
[2021-05-14 11:58:05.610] [sharedprocess] [info] Deleted from disk dart-code.flutter /home/rahu/.vscode/extensions/dart-code.flutter-3.18.0
[2021-05-14 11:58:06.404] [sharedprocess] [info] Deleted from disk dart-code.dart-code /home/rahu/.vscode/extensions/dart-code.dart-code-3.18.0
[2021-05-14 11:58:06.410] [sharedprocess] [info] Deleted from disk amazonwebservices.aws-toolkit-vscode /home/rahu/.vscode/extensions/amazonwebservices.aws-toolkit-vscode-1.17.0
[2021-05-14 11:58:06.807] [sharedprocess] [info] Deleted from disk ms-vscode.cpptools /home/rahu/.vscode/extensions/ms-vscode.cpptools-1.1.3
[2021-05-14 11:58:08.437] [sharedprocess] [info] Deleted from disk ms-azuretools.vscode-docker /home/rahu/.vscode/extensions/ms-azuretools.vscode-docker-1.9.0
[2021-05-14 11:58:08.499] [sharedprocess] [info] Deleted from disk ms-toolsai.jupyter /home/rahu/.vscode/extensions/ms-toolsai.jupyter-2020.12.414227025
[2021-05-14 11:58:08.822] [sharedprocess] [info] Deleted from disk ms-vscode.powershell /home/rahu/.vscode/extensions/ms-vscode.powershell-2020.6.0
[2021-05-14 11:58:08.833] [sharedprocess] [info] Deleted from disk ms-vscode-remote.remote-containers /home/rahu/.vscode/extensions/ms-vscode-remote.remote-containers-0.154.2
[2021-05-14 11:58:09.335] [sharedprocess] [info] Deleted from disk ms-python.python /home/rahu/.vscode/extensions/ms-python.python-2020.12.424452561
[2021-05-14 11:58:21.890] [sharedprocess] [info] Installing extension: amazonwebservices.aws-toolkit-vscode
[2021-05-14 11:58:21.891] [sharedprocess] [info] Installing extension: golang.go
[2021-05-14 11:58:21.891] [sharedprocess] [info] Installing extension: vscodevim.vim
[2021-05-14 11:58:24.570] [sharedprocess] [info] Downloaded extension: golang.go undefined
[2021-05-14 11:58:24.758] [sharedprocess] [info] Downloaded extension: vscodevim.vim undefined
[2021-05-14 11:58:25.495] [sharedprocess] [info] Extracted extension to /home/rahu/.vscode/extensions/.golang.go-0.25.0: golang.go
[2021-05-14 11:58:25.495] [sharedprocess] [info] Renamed to /home/rahu/.vscode/extensions/golang.go-0.25.0
[2021-05-14 11:58:25.501] [sharedprocess] [info] Installation completed. golang.go
[2021-05-14 11:58:25.615] [sharedprocess] [info] Extracted extension to /home/rahu/.vscode/extensions/.vscodevim.vim-1.20.2: vscodevim.vim
[2021-05-14 11:58:25.615] [sharedprocess] [info] Renamed to /home/rahu/.vscode/extensions/vscodevim.vim-1.20.2
[2021-05-14 11:58:25.620] [sharedprocess] [info] Installation completed. vscodevim.vim
[2021-05-14 11:58:26.139] [sharedprocess] [info] Extensions installed successfully: golang.go
[2021-05-14 11:58:26.803] [sharedprocess] [info] Extensions installed successfully: vscodevim.vim
[2021-05-14 11:58:30.543] [sharedprocess] [info] Downloaded extension: amazonwebservices.aws-toolkit-vscode undefined
[2021-05-14 11:58:31.693] [sharedprocess] [info] Extracted extension to /home/rahu/.vscode/extensions/.amazonwebservices.aws-toolkit-vscode-1.25.0: amazonwebservices.aws-toolkit-vscode
[2021-05-14 11:58:31.693] [sharedprocess] [info] Renamed to /home/rahu/.vscode/extensions/amazonwebservices.aws-toolkit-vscode-1.25.0
[2021-05-14 11:58:31.696] [sharedprocess] [info] Installation completed. amazonwebservices.aws-toolkit-vscode
[2021-05-14 11:58:32.118] [sharedprocess] [info] Extensions installed successfully: amazonwebservices.aws-toolkit-vscode
[2021-05-14 11:58:32.455] [sharedprocess] [info] Starting to clean up unused language packs.
