[2023-02-01 15:02:15.464] [renderer1] [error] Cannot read property 'hc' of undefined: TypeError: Cannot read property 'hc' of undefined
    at z (vscode-file://vscode-app/usr/share/code/resources/app/out/vs/workbench/workbench.desktop.main.js:1712:45937)
    at vscode-file://vscode-app/usr/share/code/resources/app/out/vs/workbench/workbench.desktop.main.js:1712:47957
    at Array.map (<anonymous>)
    at vscode-file://vscode-app/usr/share/code/resources/app/out/vs/workbench/workbench.desktop.main.js:1712:47078
    at async Promise.all (index 0)
    at async L.registerExtensionWalkthroughContributions (vscode-file://vscode-app/usr/share/code/resources/app/out/vs/workbench/workbench.desktop.main.js:1712:46041)
[2023-02-01 15:02:44.663] [renderer1] [warning] UNRESPONSIVE extension host, 'vscode.microsoft-authentication' took 100% of 5640.955ms, saved PROFILE here: 'file:///tmp/exthost-7e5e6e.cpuprofile' [{"id":"gc","total":175,"percentage":0},{"id":"vscode.microsoft-authentication","total":5640155,"percentage":100}]
[2023-02-01 15:02:44.785] [renderer1] [error] Server returned 422: Error: Server returned 422
    at w (vscode-file://vscode-app/usr/share/code/resources/app/out/vs/workbench/workbench.desktop.main.js:637:164752)
    at a (vscode-file://vscode-app/usr/share/code/resources/app/out/vs/workbench/workbench.desktop.main.js:1508:27031)
    at async o._processCpuProfile (vscode-file://vscode-app/usr/share/code/resources/app/out/vs/workbench/workbench.desktop.main.js:1567:37643)
[2023-02-01 15:03:12.465] [renderer1] [warning] UNRESPONSIVE extension host, 'vscode.microsoft-authentication' took 98% of 5317.842ms, saved PROFILE here: 'file:///tmp/exthost-d8ad57.cpuprofile' [{"id":"gc","total":84459,"percentage":2},{"id":"self","total":5158,"percentage":0},{"id":"vscode.microsoft-authentication","total":5227820,"percentage":98}]
[2023-02-01 15:03:33.789] [renderer1] [warning] UNRESPONSIVE extension host, 'golang.go' took 46% of 4173.033ms, saved PROFILE here: 'file:///tmp/exthost-4e15a4.cpuprofile' [{"id":"amazonwebservices.aws-toolkit-vscode","total":9469,"percentage":0},{"id":"Dart-Code.dart-code","total":48045,"percentage":1},{"id":"dbaeumer.vscode-eslint","total":2666,"percentage":0},{"id":"Dedsec727.jekyll-run","total":4508,"percentage":0},{"id":"esbenp.prettier-vscode","total":395649,"percentage":9},{"id":"formulahendry.code-runner","total":92673,"percentage":2},{"id":"gc","total":15306,"percentage":0},{"id":"golang.go","total":1914967,"percentage":46},{"id":"KnisterPeter.vscode-github","total":156248,"percentage":4},{"id":"ms-vscode-remote.remote-containers","total":441,"percentage":0},{"id":"PKief.material-icon-theme","total":310191,"percentage":7},{"id":"prasadbobby.auto-rename-tag","total":41463,"percentage":1},{"id":"program","total":1475,"percentage":0},{"id":"ritwickdey.LiveServer","total":779,"percentage":0},{"id":"self","total":71337,"percentage":2},{"id":"vscode.debug-auto-launch","total":134,"percentage":0},{"id":"vscode.emmet","total":61089,"percentage":1},{"id":"vscode.git","total":165,"percentage":0},{"id":"vscode.merge-conflict","total":7167,"percentage":0},{"id":"vscode.microsoft-authentication","total":1038581,"percentage":25}]
[2023-02-01 15:03:40.011] [renderer1] [warning] UNRESPONSIVE extension host, 'vscode.microsoft-authentication' took 75% of 1311.729ms, saved PROFILE here: 'file:///tmp/exthost-c0dd46.cpuprofile' [{"id":"amazonwebservices.aws-toolkit-vscode","total":275902,"percentage":21},{"id":"gc","total":959,"percentage":0},{"id":"program","total":23216,"percentage":2},{"id":"self","total":25204,"percentage":2},{"id":"vscode.microsoft-authentication","total":986196,"percentage":75}]
[2023-02-01 15:03:50.822] [renderer1] [error] Invalid response: undefined: Error: Invalid response: undefined
    at /home/rahu/.vscode/extensions/loskael.vscode-stocks-cn-0.1.5/out/src/extension.js:140:19
    at Generator.throw (<anonymous>)
    at rejected (/home/rahu/.vscode/extensions/loskael.vscode-stocks-cn-0.1.5/out/src/extension.js:5:65)
    at processTicksAndRejections (internal/process/task_queues.js:93:5)
[2023-02-01 15:04:03.214] [renderer1] [error] Invalid response: undefined: Error: Invalid response: undefined
    at /home/rahu/.vscode/extensions/loskael.vscode-stocks-cn-0.1.5/out/src/extension.js:140:19
    at Generator.throw (<anonymous>)
    at rejected (/home/rahu/.vscode/extensions/loskael.vscode-stocks-cn-0.1.5/out/src/extension.js:5:65)
    at runMicrotasks (<anonymous>)
    at processTicksAndRejections (internal/process/task_queues.js:93:5)
