[2021-05-14 12:07:03.036] [exthost] [info] extension host started
[2021-05-14 12:07:03.539] [exthost] [info] ExtensionService#_doActivateExtension vscode.microsoft-authentication {"startup":false,"extensionId":{"value":"vscode.microsoft-authentication","_lower":"vscode.microsoft-authentication"},"activationEvent":"onAuthenticationRequest:microsoft"}
[2021-05-14 12:07:03.540] [exthost] [info] ExtensionService#loadCommonJSModule file:///usr/share/code/resources/app/extensions/microsoft-authentication/dist/extension.js
[2021-05-14 12:07:03.835] [exthost] [info] ExtensionService#_doActivateExtension vscode.debug-auto-launch {"startup":true,"extensionId":{"value":"vscode.debug-auto-launch","_lower":"vscode.debug-auto-launch"},"activationEvent":"*"}
[2021-05-14 12:07:03.835] [exthost] [info] ExtensionService#loadCommonJSModule file:///usr/share/code/resources/app/extensions/debug-auto-launch/dist/extension
[2021-05-14 12:07:03.887] [exthost] [info] ExtensionService#_doActivateExtension vscode.emmet {"startup":true,"extensionId":{"value":"vscode.emmet","_lower":"vscode.emmet"},"activationEvent":"*"}
[2021-05-14 12:07:03.887] [exthost] [info] ExtensionService#loadCommonJSModule file:///usr/share/code/resources/app/extensions/emmet/dist/node/emmetNodeMain
[2021-05-14 12:07:03.994] [exthost] [info] ExtensionService#_doActivateExtension vscode.git {"startup":true,"extensionId":{"value":"vscode.github","_lower":"vscode.github"},"activationEvent":"*"}
[2021-05-14 12:07:03.994] [exthost] [info] ExtensionService#loadCommonJSModule file:///usr/share/code/resources/app/extensions/git/dist/main
[2021-05-14 12:07:04.232] [exthost] [info] ExtensionService#_doActivateExtension vscode.merge-conflict {"startup":true,"extensionId":{"value":"vscode.merge-conflict","_lower":"vscode.merge-conflict"},"activationEvent":"*"}
[2021-05-14 12:07:04.237] [exthost] [info] ExtensionService#loadCommonJSModule file:///usr/share/code/resources/app/extensions/merge-conflict/dist/mergeConflictMain
[2021-05-14 12:07:04.286] [exthost] [info] ExtensionService#_doActivateExtension vscode.search-result {"startup":true,"extensionId":{"value":"vscode.search-result","_lower":"vscode.search-result"},"activationEvent":"*"}
[2021-05-14 12:07:04.287] [exthost] [info] ExtensionService#loadCommonJSModule file:///usr/share/code/resources/app/extensions/search-result/dist/extension.js
[2021-05-14 12:07:04.333] [exthost] [info] ExtensionService#_doActivateExtension kisstkondoros.vscode-gutter-preview {"startup":true,"extensionId":{"value":"kisstkondoros.vscode-gutter-preview","_lower":"kisstkondoros.vscode-gutter-preview"},"activationEvent":"*"}
[2021-05-14 12:07:04.333] [exthost] [info] ExtensionService#loadCommonJSModule file:///home/rahu/.vscode/extensions/kisstkondoros.vscode-gutter-preview-0.26.2/dist/extension
[2021-05-14 12:07:04.397] [exthost] [info] ExtensionService#_doActivateExtension loskael.vscode-stocks-cn {"startup":true,"extensionId":{"value":"loskael.vscode-stocks-cn","_lower":"loskael.vscode-stocks-cn"},"activationEvent":"*"}
[2021-05-14 12:07:04.402] [exthost] [info] ExtensionService#loadCommonJSModule file:///home/rahu/.vscode/extensions/loskael.vscode-stocks-cn-0.1.5/out/src/extension
[2021-05-14 12:07:04.603] [exthost] [info] ExtensionService#_doActivateExtension ritwickdey.LiveServer {"startup":true,"extensionId":{"value":"ritwickdey.LiveServer","_lower":"ritwickdey.liveserver"},"activationEvent":"*"}
[2021-05-14 12:07:04.603] [exthost] [info] ExtensionService#loadCommonJSModule file:///home/rahu/.vscode/extensions/ritwickdey.liveserver-5.6.1/out/src/extension
[2021-05-14 12:07:11.183] [exthost] [info] ExtensionService#_doActivateExtension vscodevim.vim {"startup":true,"extensionId":{"value":"vscodevim.vim","_lower":"vscodevim.vim"},"activationEvent":"*"}
[2021-05-14 12:07:11.186] [exthost] [info] ExtensionService#loadCommonJSModule file:///home/rahu/.vscode/extensions/vscodevim.vim-1.20.2/out/extension
[2021-05-14 12:07:13.850] [exthost] [info] ExtensionService#_doActivateExtension Dart-Code.dart-code {"startup":true,"extensionId":{"value":"Dart-Code.dart-code","_lower":"dart-code.dart-code"},"activationEvent":"workspaceContainsTimeout:**/pubspec.yaml,**/*.dart"}
[2021-05-14 12:07:13.857] [exthost] [info] ExtensionService#loadCommonJSModule file:///home/rahu/.vscode/extensions/dart-code.dart-code-3.20.1/out/dist/extension
[2021-05-14 12:07:14.230] [exthost] [info] ExtensionService#_doActivateExtension Dedsec727.jekyll-run {"startup":true,"extensionId":{"value":"Dedsec727.jekyll-run","_lower":"dedsec727.jekyll-run"},"activationEvent":"workspaceContainsTimeout:**/_config.yml"}
[2021-05-14 12:07:14.232] [exthost] [info] ExtensionService#loadCommonJSModule file:///home/rahu/.vscode/extensions/dedsec727.jekyll-run-1.5.0/out/extension.js
[2021-05-14 12:07:14.510] [exthost] [info] ExtensionService#_doActivateExtension golang.go {"startup":true,"extensionId":{"value":"golang.go","_lower":"golang.go"},"activationEvent":"workspaceContainsTimeout:**/*.go"}
[2021-05-14 12:07:14.511] [exthost] [info] ExtensionService#loadCommonJSModule file:///home/rahu/.vscode/extensions/golang.go-0.25.0/dist/goMain.js
[2021-05-14 12:07:16.130] [exthost] [info] ExtensionService#_doActivateExtension vscode.github {"startup":true,"extensionId":{"value":"vscode.github","_lower":"vscode.github"},"activationEvent":"*"}
[2021-05-14 12:07:16.136] [exthost] [info] ExtensionService#loadCommonJSModule file:///usr/share/code/resources/app/extensions/github/dist/extension.js
[2021-05-14 12:07:16.162] [exthost] [info] ExtensionService#_doActivateExtension amazonwebservices.aws-toolkit-vscode {"startup":false,"extensionId":{"value":"amazonwebservices.aws-toolkit-vscode","_lower":"amazonwebservices.aws-toolkit-vscode"},"activationEvent":"onStartupFinished"}
[2021-05-14 12:07:16.163] [exthost] [info] ExtensionService#loadCommonJSModule file:///home/rahu/.vscode/extensions/amazonwebservices.aws-toolkit-vscode-1.25.0/extensionMain
[2021-05-14 12:07:29.518] [exthost] [info] ExtensionService#_doActivateExtension dbaeumer.vscode-eslint {"startup":false,"extensionId":{"value":"dbaeumer.vscode-eslint","_lower":"dbaeumer.vscode-eslint"},"activationEvent":"onStartupFinished"}
[2021-05-14 12:07:29.518] [exthost] [info] ExtensionService#loadCommonJSModule file:///home/rahu/.vscode/extensions/dbaeumer.vscode-eslint-2.1.16/client/out/extension
[2021-05-14 12:07:30.587] [exthost] [info] ExtensionService#_doActivateExtension formulahendry.code-runner {"startup":false,"extensionId":{"value":"formulahendry.code-runner","_lower":"formulahendry.code-runner"},"activationEvent":"onStartupFinished"}
[2021-05-14 12:07:30.587] [exthost] [info] ExtensionService#loadCommonJSModule file:///home/rahu/.vscode/extensions/formulahendry.code-runner-0.11.2/out/src/extension
[2021-05-14 12:07:31.393] [exthost] [info] ExtensionService#_doActivateExtension ms-vscode-remote.remote-containers {"startup":false,"extensionId":{"value":"ms-vscode-remote.remote-containers","_lower":"ms-vscode-remote.remote-containers"},"activationEvent":"onStartupFinished"}
[2021-05-14 12:07:31.394] [exthost] [info] ExtensionService#loadCommonJSModule file:///home/rahu/.vscode/extensions/ms-vscode-remote.remote-containers-0.155.1/dist/extension
[2021-05-14 12:07:32.979] [exthost] [info] ExtensionService#_doActivateExtension ms-vscode.js-debug {"startup":false,"extensionId":{"value":"ms-vscode.js-debug","_lower":"ms-vscode.js-debug"},"activationEvent":"onCommand:extension.js-debug.clearAutoAttachVariables"}
[2021-05-14 12:07:32.983] [exthost] [info] ExtensionService#loadCommonJSModule file:///usr/share/code/resources/app/extensions/ms-vscode.js-debug/src/extension.js
[2021-05-14 12:07:36.803] [exthost] [info] eager extensions activated
[2021-05-14 12:07:37.581] [exthost] [info] ExtensionService#_doActivateExtension vscode.github-authentication {"startup":false,"extensionId":{"value":"vscode.github-authentication","_lower":"vscode.github-authentication"},"activationEvent":"onAuthenticationRequest:github"}
[2021-05-14 12:07:37.581] [exthost] [info] ExtensionService#loadCommonJSModule file:///usr/share/code/resources/app/extensions/github-authentication/dist/extension.js
