[2021-01-06 19:55:02.459] [sharedprocess] [info] main {"machineId":"5798b655c0fa67a4c579a728601cf4b916f89fc6f98b92d12f1bdd3e01fc5a9c","windowId":2}
[2021-01-06 19:55:11.992] [sharedprocess] [info] Deleted from disk golang.go /home/rahu/.vscode/extensions/golang.go-0.19.1
[2021-01-06 19:55:14.232] [sharedprocess] [info] Deleted from disk dbaeumer.vscode-eslint /home/rahu/.vscode/extensions/dbaeumer.vscode-eslint-2.1.13
[2021-01-06 19:55:15.809] [sharedprocess] [info] Deleted from disk dart-code.flutter /home/rahu/.vscode/extensions/dart-code.flutter-3.17.0
[2021-01-06 19:55:16.232] [sharedprocess] [info] Deleted from disk dart-code.dart-code /home/rahu/.vscode/extensions/dart-code.dart-code-3.17.1
[2021-01-06 19:55:20.273] [sharedprocess] [info] Deleted from disk ms-azuretools.vscode-docker /home/rahu/.vscode/extensions/ms-azuretools.vscode-docker-1.8.1
[2021-01-06 19:55:20.495] [sharedprocess] [info] Deleted from disk ms-python.python /home/rahu/.vscode/extensions/ms-python.python-2020.11.371526539
[2021-01-06 19:55:22.389] [sharedprocess] [info] Installing extension: formulahendry.code-runner
[2021-01-06 19:55:22.390] [sharedprocess] [info] Installing extension: golang.go
[2021-01-06 19:55:22.391] [sharedprocess] [info] Installing extension: ms-vscode-remote.remote-containers
[2021-01-06 19:55:24.326] [sharedprocess] [info] Downloaded extension: formulahendry.code-runner undefined
[2021-01-06 19:55:24.612] [sharedprocess] [info] Downloaded extension: ms-vscode-remote.remote-containers undefined
[2021-01-06 19:55:24.852] [sharedprocess] [info] Downloaded extension: golang.go undefined
[2021-01-06 19:55:25.526] [sharedprocess] [info] Extracted extension to /home/rahu/.vscode/extensions/.golang.go-0.20.1: golang.go
[2021-01-06 19:55:25.527] [sharedprocess] [info] Renamed to /home/rahu/.vscode/extensions/golang.go-0.20.1
[2021-01-06 19:55:25.554] [sharedprocess] [info] Installation completed. golang.go
[2021-01-06 19:55:25.925] [sharedprocess] [info] Extensions installed successfully: golang.go
[2021-01-06 19:55:26.082] [sharedprocess] [info] Extracted extension to /home/rahu/.vscode/extensions/.formulahendry.code-runner-0.11.2: formulahendry.code-runner
[2021-01-06 19:55:26.082] [sharedprocess] [info] Renamed to /home/rahu/.vscode/extensions/formulahendry.code-runner-0.11.2
[2021-01-06 19:55:26.086] [sharedprocess] [info] Installation completed. formulahendry.code-runner
[2021-01-06 19:55:26.579] [sharedprocess] [info] Extensions installed successfully: formulahendry.code-runner
[2021-01-06 19:55:27.263] [sharedprocess] [info] Extracted extension to /home/rahu/.vscode/extensions/.ms-vscode-remote.remote-containers-0.154.2: ms-vscode-remote.remote-containers
[2021-01-06 19:55:27.263] [sharedprocess] [info] Renamed to /home/rahu/.vscode/extensions/ms-vscode-remote.remote-containers-0.154.2
[2021-01-06 19:55:27.266] [sharedprocess] [info] Installation completed. ms-vscode-remote.remote-containers
[2021-01-06 19:55:27.567] [sharedprocess] [info] Extensions installed successfully: ms-vscode-remote.remote-containers
[2021-01-06 19:55:42.482] [sharedprocess] [info] Starting to clean up unused language packs.
