[2020-12-28 03:33:05.230] [sharedprocess] [info] main {"machineId":"5798b655c0fa67a4c579a728601cf4b916f89fc6f98b92d12f1bdd3e01fc5a9c","windowId":2}
[2020-12-28 03:33:23.543] [sharedprocess] [info] Installing extension: dart-code.dart-code
[2020-12-28 03:33:23.544] [sharedprocess] [info] Installing extension: dart-code.flutter
[2020-12-28 03:33:23.544] [sharedprocess] [info] Installing extension: dbaeumer.vscode-eslint
[2020-12-28 03:33:23.544] [sharedprocess] [info] Installing extension: golang.go
[2020-12-28 03:33:23.545] [sharedprocess] [info] Installing extension: ms-azuretools.vscode-docker
[2020-12-28 03:33:23.545] [sharedprocess] [info] Installing extension: ms-python.python
[2020-12-28 03:33:41.220] [sharedprocess] [info] Downloaded extension: dbaeumer.vscode-eslint undefined
[2020-12-28 03:33:41.441] [sharedprocess] [info] Extracted extension to /home/rahu/.vscode/extensions/.dbaeumer.vscode-eslint-2.1.14: dbaeumer.vscode-eslint
[2020-12-28 03:33:41.442] [sharedprocess] [info] Renamed to /home/rahu/.vscode/extensions/dbaeumer.vscode-eslint-2.1.14
[2020-12-28 03:33:41.444] [sharedprocess] [info] Installation completed. dbaeumer.vscode-eslint
[2020-12-28 03:33:41.959] [sharedprocess] [info] Downloaded extension: golang.go undefined
[2020-12-28 03:33:42.017] [sharedprocess] [info] Extensions installed successfully: dbaeumer.vscode-eslint
[2020-12-28 03:33:42.029] [sharedprocess] [info] Downloaded extension: ms-azuretools.vscode-docker undefined
[2020-12-28 03:33:42.159] [sharedprocess] [info] Downloaded extension: dart-code.flutter undefined
[2020-12-28 03:33:42.707] [sharedprocess] [info] Downloaded extension: dart-code.dart-code undefined
[2020-12-28 03:33:42.876] [sharedprocess] [info] Extracted extension to /home/rahu/.vscode/extensions/.golang.go-0.20.0: golang.go
[2020-12-28 03:33:42.876] [sharedprocess] [info] Renamed to /home/rahu/.vscode/extensions/golang.go-0.20.0
[2020-12-28 03:33:42.882] [sharedprocess] [info] Installation completed. golang.go
[2020-12-28 03:33:43.197] [sharedprocess] [info] Extracted extension to /home/rahu/.vscode/extensions/.dart-code.flutter-3.18.0: dart-code.flutter
[2020-12-28 03:33:43.197] [sharedprocess] [info] Renamed to /home/rahu/.vscode/extensions/dart-code.flutter-3.18.0
[2020-12-28 03:33:43.199] [sharedprocess] [info] Installation completed. dart-code.flutter
[2020-12-28 03:33:43.415] [sharedprocess] [info] Extensions installed successfully: golang.go
[2020-12-28 03:33:45.255] [sharedprocess] [info] Starting to clean up unused language packs.
[2020-12-28 03:33:46.679] [sharedprocess] [info] Extensions installed successfully: dart-code.flutter
[2020-12-28 03:33:46.691] [sharedprocess] [info] Downloaded extension: ms-python.python undefined
[2020-12-28 03:33:46.990] [sharedprocess] [info] Extracted extension to /home/rahu/.vscode/extensions/.ms-azuretools.vscode-docker-1.9.0: ms-azuretools.vscode-docker
[2020-12-28 03:33:46.990] [sharedprocess] [info] Renamed to /home/rahu/.vscode/extensions/ms-azuretools.vscode-docker-1.9.0
[2020-12-28 03:33:47.003] [sharedprocess] [info] Installation completed. ms-azuretools.vscode-docker
[2020-12-28 03:33:47.922] [sharedprocess] [info] Extensions installed successfully: ms-azuretools.vscode-docker
[2020-12-28 03:33:56.711] [sharedprocess] [info] Extracted extension to /home/rahu/.vscode/extensions/.ms-python.python-2020.12.424452561: ms-python.python
[2020-12-28 03:33:56.711] [sharedprocess] [info] Renamed to /home/rahu/.vscode/extensions/ms-python.python-2020.12.424452561
[2020-12-28 03:33:56.751] [sharedprocess] [info] Installation completed. ms-python.python
[2020-12-28 03:34:00.129] [sharedprocess] [info] Extensions installed successfully: ms-python.python
[2020-12-28 03:34:08.319] [sharedprocess] [info] Extracted extension to /home/rahu/.vscode/extensions/.dart-code.dart-code-3.18.0: dart-code.dart-code
[2020-12-28 03:34:08.320] [sharedprocess] [info] Renamed to /home/rahu/.vscode/extensions/dart-code.dart-code-3.18.0
[2020-12-28 03:34:08.326] [sharedprocess] [info] Installation completed. dart-code.dart-code
[2020-12-28 03:34:09.547] [sharedprocess] [info] Extensions installed successfully: dart-code.dart-code
[2020-12-28 03:34:17.980] [sharedprocess] [info] Installing extension: ms-vscode-remote.remote-containers
[2020-12-28 03:34:23.522] [sharedprocess] [info] Downloaded extension: ms-vscode-remote.remote-containers undefined
[2020-12-28 03:34:24.656] [sharedprocess] [info] Extracted extension to /home/rahu/.vscode/extensions/.ms-vscode-remote.remote-containers-0.154.1: ms-vscode-remote.remote-containers
[2020-12-28 03:34:24.656] [sharedprocess] [info] Renamed to /home/rahu/.vscode/extensions/ms-vscode-remote.remote-containers-0.154.1
[2020-12-28 03:34:24.659] [sharedprocess] [info] Installation completed. ms-vscode-remote.remote-containers
[2020-12-28 03:34:25.061] [sharedprocess] [info] Extensions installed successfully: ms-vscode-remote.remote-containers
