[2021-09-09 17:03:30.776] [sharedprocess] [warning] No ptyHost heartbeat after 6 seconds
[2021-09-09 17:03:34.874] [sharedprocess] [info] [logs cleanup]: Starting to clean up old logs.
[2021-09-09 17:03:36.047] [sharedprocess] [info] [logs cleanup]: Removing log folders '20201228T031326'
[2021-09-09 17:03:36.187] [sharedprocess] [info] Deleted from disk golang.go /home/rahu/.vscode/extensions/golang.go-0.27.1
[2021-09-09 17:03:36.296] [sharedprocess] [info] Deleted from disk vscodevim.vim /home/rahu/.vscode/extensions/vscodevim.vim-1.21.6
[2021-09-09 17:03:39.528] [sharedprocess] [info] Deleted from disk dart-code.flutter /home/rahu/.vscode/extensions/dart-code.flutter-3.25.0
[2021-09-09 17:03:40.216] [sharedprocess] [info] Deleted from disk dart-code.dart-code /home/rahu/.vscode/extensions/dart-code.dart-code-3.25.1
[2021-09-09 17:03:41.753] [sharedprocess] [info] Deleted from disk ms-vscode.cpptools /home/rahu/.vscode/extensions/ms-vscode.cpptools-1.5.1
[2021-09-09 17:03:42.431] [sharedprocess] [info] Deleted from disk ms-azuretools.vscode-docker /home/rahu/.vscode/extensions/ms-azuretools.vscode-docker-1.16.0
[2021-09-09 17:03:44.069] [sharedprocess] [info] Deleted from disk ms-toolsai.jupyter /home/rahu/.vscode/extensions/ms-toolsai.jupyter-2021.6.999662501
[2021-09-09 17:03:44.512] [sharedprocess] [info] Deleted from disk ms-vscode.powershell /home/rahu/.vscode/extensions/ms-vscode.powershell-2021.8.0
[2021-09-09 17:03:46.110] [sharedprocess] [info] Deleted from disk ms-python.vscode-pylance /home/rahu/.vscode/extensions/ms-python.vscode-pylance-2021.8.2
[2021-09-09 17:03:47.150] [sharedprocess] [info] Deleted from disk ms-vscode-remote.remote-containers /home/rahu/.vscode/extensions/ms-vscode-remote.remote-containers-0.183.0
[2021-09-09 17:03:47.213] [sharedprocess] [info] Deleted from disk shd101wyy.markdown-preview-enhanced /home/rahu/.vscode/extensions/shd101wyy.markdown-preview-enhanced-0.5.22
[2021-09-09 17:03:47.242] [sharedprocess] [info] Deleted from disk ms-python.python /home/rahu/.vscode/extensions/ms-python.python-2021.8.1147840270
[2021-09-09 17:03:47.599] [sharedprocess] [info] Installing extension: dbaeumer.vscode-eslint
[2021-09-09 17:03:47.611] [sharedprocess] [info] Installing extension: ms-python.vscode-pylance
[2021-09-09 17:03:54.875] [sharedprocess] [info] [code cache cleanup]: Starting to clean up old code cache folders.
[2021-09-09 17:03:54.878] [sharedprocess] [info] [storage cleanup]: Starting to clean up storage folders.
[2021-09-09 17:03:58.811] [sharedprocess] [info] Downloaded extension: dbaeumer.vscode-eslint /home/rahu/.config/Code/CachedExtensionVSIXs/dbaeumer.vscode-eslint-2.1.25
[2021-09-09 17:04:03.346] [sharedprocess] [info] Extracted extension to /home/rahu/.vscode/extensions/.e9c251c1-ea36-4c30-882c-1269173ceabd: dbaeumer.vscode-eslint
[2021-09-09 17:04:03.712] [sharedprocess] [info] Renamed to /home/rahu/.vscode/extensions/dbaeumer.vscode-eslint-2.1.25
[2021-09-09 17:04:03.726] [sharedprocess] [info] Extracting completed. dbaeumer.vscode-eslint
[2021-09-09 17:04:04.873] [sharedprocess] [info] Extension installed successfully: dbaeumer.vscode-eslint
[2021-09-09 17:04:04.879] [sharedprocess] [info] [language pack cache cleanup]: Starting to clean up unused language packs.
[2021-09-09 17:04:05.078] [sharedprocess] [info] Downloaded extension: ms-python.vscode-pylance /home/rahu/.config/Code/CachedExtensionVSIXs/ms-python.vscode-pylance-2021.9.1
[2021-09-09 17:04:07.274] [sharedprocess] [info] Installing extension: esbenp.prettier-vscode
[2021-09-09 17:04:13.239] [sharedprocess] [info] Downloaded extension: esbenp.prettier-vscode /home/rahu/.config/Code/CachedExtensionVSIXs/esbenp.prettier-vscode-8.1.0
[2021-09-09 17:04:18.064] [sharedprocess] [info] Extracted extension to /home/rahu/.vscode/extensions/.b4f2d80b-161e-40c0-a7e1-e4b8ff424b0d: esbenp.prettier-vscode
[2021-09-09 17:04:18.395] [sharedprocess] [info] Renamed to /home/rahu/.vscode/extensions/esbenp.prettier-vscode-8.1.0
[2021-09-09 17:04:18.397] [sharedprocess] [info] Extracting completed. esbenp.prettier-vscode
[2021-09-09 17:04:18.492] [sharedprocess] [info] Extension installed successfully: esbenp.prettier-vscode
[2021-09-09 17:04:46.249] [sharedprocess] [info] Extracted extension to /home/rahu/.vscode/extensions/.e8475e52-8dcc-47b9-b5cd-1fabd0baa2ec: ms-python.vscode-pylance
[2021-09-09 17:04:47.390] [sharedprocess] [info] Renamed to /home/rahu/.vscode/extensions/ms-python.vscode-pylance-2021.9.1
[2021-09-09 17:04:47.406] [sharedprocess] [info] Extracting completed. ms-python.vscode-pylance
[2021-09-09 17:04:47.604] [sharedprocess] [info] Extension installed successfully: ms-python.vscode-pylance
[2021-09-09 17:07:35.101] [sharedprocess] [info] Installing extension: pkief.material-icon-theme
[2021-09-09 17:07:39.703] [sharedprocess] [info] Downloaded extension: pkief.material-icon-theme /home/rahu/.config/Code/CachedExtensionVSIXs/pkief.material-icon-theme-4.10.0
[2021-09-09 17:07:42.879] [sharedprocess] [info] Extracted extension to /home/rahu/.vscode/extensions/.b8a20a1d-4d90-4207-80fe-c47557c177f6: pkief.material-icon-theme
[2021-09-09 17:07:42.920] [sharedprocess] [info] Renamed to /home/rahu/.vscode/extensions/pkief.material-icon-theme-4.10.0
[2021-09-09 17:07:42.924] [sharedprocess] [info] Extracting completed. pkief.material-icon-theme
[2021-09-09 17:07:42.975] [sharedprocess] [info] Extension installed successfully: pkief.material-icon-theme
