[2021-08-20 16:29:21.949] [sharedprocess] [warning] No ptyHost heartbeat after 6 seconds
[2021-08-20 16:29:25.994] [sharedprocess] [info] Deleted from disk golang.go /home/rahu/.vscode/extensions/golang.go-0.25.0
[2021-08-20 16:29:26.036] [sharedprocess] [info] Deleted from disk vscodevim.vim /home/rahu/.vscode/extensions/vscodevim.vim-1.20.2
[2021-08-20 16:29:26.951] [sharedprocess] [error] No ptyHost heartbeat after 12 seconds
[2021-08-20 16:29:28.020] [sharedprocess] [info] Deleted from disk kisstkondoros.vscode-gutter-preview /home/rahu/.vscode/extensions/kisstkondoros.vscode-gutter-preview-0.26.2
[2021-08-20 16:29:28.663] [sharedprocess] [info] Deleted from disk dbaeumer.vscode-eslint /home/rahu/.vscode/extensions/dbaeumer.vscode-eslint-2.1.16
[2021-08-20 16:29:30.006] [sharedprocess] [info] Deleted from disk yuenm18.ooxml-viewer /home/rahu/.vscode/extensions/yuenm18.ooxml-viewer-1.1.0
[2021-08-20 16:29:30.891] [sharedprocess] [info] Deleted from disk dart-code.flutter /home/rahu/.vscode/extensions/dart-code.flutter-3.20.0
[2021-08-20 16:29:31.092] [sharedprocess] [info] Deleted from disk dart-code.dart-code /home/rahu/.vscode/extensions/dart-code.dart-code-3.20.1
[2021-08-20 16:29:31.260] [sharedprocess] [info] Deleted from disk amazonwebservices.aws-toolkit-vscode /home/rahu/.vscode/extensions/amazonwebservices.aws-toolkit-vscode-1.25.0
[2021-08-20 16:29:31.290] [sharedprocess] [info] Deleted from disk ms-vscode.cpptools /home/rahu/.vscode/extensions/ms-vscode.cpptools-1.2.2
[2021-08-20 16:29:31.391] [sharedprocess] [info] Deleted from disk formulahendry.code-runner /home/rahu/.vscode/extensions/formulahendry.code-runner-0.11.2
[2021-08-20 16:29:31.408] [sharedprocess] [info] Deleted from disk ms-azuretools.vscode-docker /home/rahu/.vscode/extensions/ms-azuretools.vscode-docker-1.10.0
[2021-08-20 16:29:32.432] [sharedprocess] [info] Deleted from disk dedsec727.jekyll-run /home/rahu/.vscode/extensions/dedsec727.jekyll-run-1.5.0
[2021-08-20 16:29:32.503] [sharedprocess] [info] Deleted from disk ms-toolsai.jupyter /home/rahu/.vscode/extensions/ms-toolsai.jupyter-2021.2.576440691
[2021-08-20 16:29:33.196] [sharedprocess] [info] Deleted from disk ms-vscode.powershell /home/rahu/.vscode/extensions/ms-vscode.powershell-2021.2.2
[2021-08-20 16:29:33.819] [sharedprocess] [info] Installing extension: amazonwebservices.aws-toolkit-vscode
[2021-08-20 16:29:33.834] [sharedprocess] [info] Installing extension: ms-python.python
[2021-08-20 16:29:33.843] [sharedprocess] [info] Installing extension: ms-python.vscode-pylance
[2021-08-20 16:29:33.861] [sharedprocess] [info] Deleted from disk ms-vscode-remote.remote-containers /home/rahu/.vscode/extensions/ms-vscode-remote.remote-containers-0.155.1
[2021-08-20 16:29:34.093] [sharedprocess] [info] Deleted from disk ms-python.python /home/rahu/.vscode/extensions/ms-python.python-2021.2.633441544
[2021-08-20 16:29:46.096] [sharedprocess] [info] Downloaded extension: amazonwebservices.aws-toolkit-vscode /home/rahu/.config/Code/CachedExtensionVSIXs/amazonwebservices.aws-toolkit-vscode-1.29.0
[2021-08-20 16:29:49.145] [sharedprocess] [info] Extracted extension to /home/rahu/.vscode/extensions/.7165c54d-0626-4ad8-99d9-282e97f4b7d3: amazonwebservices.aws-toolkit-vscode
[2021-08-20 16:29:49.985] [sharedprocess] [info] Renamed to /home/rahu/.vscode/extensions/amazonwebservices.aws-toolkit-vscode-1.29.0
[2021-08-20 16:29:49.997] [sharedprocess] [info] Installation completed. amazonwebservices.aws-toolkit-vscode
[2021-08-20 16:29:51.880] [sharedprocess] [info] Extensions installed successfully: amazonwebservices.aws-toolkit-vscode
[2021-08-20 16:29:51.882] [sharedprocess] [info] Downloaded extension: ms-python.vscode-pylance /home/rahu/.config/Code/CachedExtensionVSIXs/ms-python.vscode-pylance-2021.8.2
[2021-08-20 16:29:51.883] [sharedprocess] [info] Downloaded extension: ms-python.python /home/rahu/.config/Code/CachedExtensionVSIXs/ms-python.python-2021.8.1147840270
[2021-08-20 16:29:55.972] [sharedprocess] [info] Starting to clean up unused language packs.
[2021-08-20 16:30:06.737] [sharedprocess] [info] Extracted extension to /home/rahu/.vscode/extensions/.0f7565b3-aacb-44b4-a4ed-a961c7084d0f: ms-python.vscode-pylance
[2021-08-20 16:30:08.246] [sharedprocess] [info] Renamed to /home/rahu/.vscode/extensions/ms-python.vscode-pylance-2021.8.2
[2021-08-20 16:30:08.250] [sharedprocess] [info] Installation completed. ms-python.vscode-pylance
[2021-08-20 16:30:12.656] [sharedprocess] [info] Extensions installed successfully: ms-python.vscode-pylance
[2021-08-20 16:30:12.712] [sharedprocess] [info] Extracted extension to /home/rahu/.vscode/extensions/.9cbbd156-c172-4331-a9dd-f4ec02836c26: ms-python.python
[2021-08-20 16:30:13.054] [sharedprocess] [info] Renamed to /home/rahu/.vscode/extensions/ms-python.python-2021.8.1147840270
[2021-08-20 16:30:13.170] [sharedprocess] [info] Installation completed. ms-python.python
[2021-08-20 16:30:13.680] [sharedprocess] [info] Extensions installed successfully: ms-python.python
[2021-08-20 16:48:56.568] [sharedprocess] [info] Installing extension: yzhang.markdown-all-in-one
[2021-08-20 16:49:03.327] [sharedprocess] [info] Downloaded extension: yzhang.markdown-all-in-one /home/rahu/.config/Code/CachedExtensionVSIXs/yzhang.markdown-all-in-one-3.4.0
[2021-08-20 16:49:03.497] [sharedprocess] [info] Installing extension: shd101wyy.markdown-preview-enhanced
[2021-08-20 16:49:07.122] [sharedprocess] [info] Extracted extension to /home/rahu/.vscode/extensions/.cfc6d4f6-86b8-4e2e-a0e9-4e232e323d93: yzhang.markdown-all-in-one
[2021-08-20 16:49:07.516] [sharedprocess] [info] Renamed to /home/rahu/.vscode/extensions/yzhang.markdown-all-in-one-3.4.0
[2021-08-20 16:49:07.520] [sharedprocess] [info] Installation completed. yzhang.markdown-all-in-one
[2021-08-20 16:49:07.626] [sharedprocess] [info] Extensions installed successfully: yzhang.markdown-all-in-one
[2021-08-20 16:49:16.395] [sharedprocess] [info] Downloaded extension: shd101wyy.markdown-preview-enhanced /home/rahu/.config/Code/CachedExtensionVSIXs/shd101wyy.markdown-preview-enhanced-0.5.22
[2021-08-20 16:49:31.092] [sharedprocess] [info] Extracted extension to /home/rahu/.vscode/extensions/.e317ee76-10e9-4cc1-a1b6-6a0d18f14783: shd101wyy.markdown-preview-enhanced
[2021-08-20 16:49:31.542] [sharedprocess] [info] Renamed to /home/rahu/.vscode/extensions/shd101wyy.markdown-preview-enhanced-0.5.22
[2021-08-20 16:49:31.546] [sharedprocess] [info] Installation completed. shd101wyy.markdown-preview-enhanced
[2021-08-20 16:49:31.604] [sharedprocess] [info] Extensions installed successfully: shd101wyy.markdown-preview-enhanced
