Validating found git in: git
Using git 2.25.1 from git
> git rev-parse --git-dir
Open repository: /home/rahu/NewLife
> git status -z -u
> git symbolic-ref --short HEAD
> git check-ignore -v -z --stdin
> git for-each-ref --format=%(refname)%00%(upstream:short)%00%(objectname)%00%(upstream:track) refs/heads/main refs/remotes/main
> git for-each-ref --sort -committerdate --format %(refname) %(objectname) %(*objectname)
> git remote --verbose
Warning: Failed to watch ref '/home/rahu/NewLife/.git/refs/remotes/origin/main', is most likely packed.
> git config --get commit.template
> git show --textconv :credit.html
> git ls-files --stage -- /home/rahu/NewLife/credit.html
> git cat-file -s 0371471d23ab7c78f2d789c63f47f510475f9fc6
> git check-ignore -v -z --stdin
> git show --textconv :whatsnew.html
> git ls-files --stage -- /home/rahu/NewLife/whatsnew.html
> git cat-file -s 8e9013d8834153e96fdeea1ca25169ad93450542
> git status -z -u
> git symbolic-ref --short HEAD
> git for-each-ref --format=%(refname)%00%(upstream:short)%00%(objectname)%00%(upstream:track) refs/heads/main refs/remotes/main
> git for-each-ref --sort -committerdate --format %(refname) %(objectname) %(*objectname)
> git remote --verbose
Warning: Failed to watch ref '/home/rahu/NewLife/.git/refs/remotes/origin/main', is most likely packed.
> git config --get commit.template
> git status -z -u
> git symbolic-ref --short HEAD
> git for-each-ref --format=%(refname)%00%(upstream:short)%00%(objectname)%00%(upstream:track) refs/heads/main refs/remotes/main
> git for-each-ref --sort -committerdate --format %(refname) %(objectname) %(*objectname)
> git remote --verbose
Warning: Failed to watch ref '/home/rahu/NewLife/.git/refs/remotes/origin/main', is most likely packed.
> git config --get commit.template
> git ls-files --stage -- /home/rahu/NewLife/whatsnew.html
> git cat-file -s 8e9013d8834153e96fdeea1ca25169ad93450542
> git show --textconv :whatsnew.html
> git status -z -u
> git symbolic-ref --short HEAD
> git for-each-ref --format=%(refname)%00%(upstream:short)%00%(objectname)%00%(upstream:track) refs/heads/main refs/remotes/main
> git for-each-ref --sort -committerdate --format %(refname) %(objectname) %(*objectname)
> git remote --verbose
Warning: Failed to watch ref '/home/rahu/NewLife/.git/refs/remotes/origin/main', is most likely packed.
> git config --get commit.template
> git status -z -u
> git symbolic-ref --short HEAD
> git for-each-ref --format=%(refname)%00%(upstream:short)%00%(objectname)%00%(upstream:track) refs/heads/main refs/remotes/main
> git for-each-ref --sort -committerdate --format %(refname) %(objectname) %(*objectname)
> git remote --verbose
Warning: Failed to watch ref '/home/rahu/NewLife/.git/refs/remotes/origin/main', is most likely packed.
> git config --get commit.template
> git ls-files --stage -- /home/rahu/NewLife/whatsnew.html
> git cat-file -s cb549d4ac15a61c3fd0fcfb4f7cc15e928d1975e
> git show --textconv :whatsnew.html
> git status -z -u
> git symbolic-ref --short HEAD
> git for-each-ref --format=%(refname)%00%(upstream:short)%00%(objectname)%00%(upstream:track) refs/heads/main refs/remotes/main
> git for-each-ref --sort -committerdate --format %(refname) %(objectname) %(*objectname)
> git remote --verbose
Warning: Failed to watch ref '/home/rahu/NewLife/.git/refs/remotes/origin/main', is most likely packed.
> git config --get commit.template
> git status -z -u
> git symbolic-ref --short HEAD
> git for-each-ref --format=%(refname)%00%(upstream:short)%00%(objectname)%00%(upstream:track) refs/heads/main refs/remotes/main
> git for-each-ref --sort -committerdate --format %(refname) %(objectname) %(*objectname)
> git remote --verbose
Warning: Failed to watch ref '/home/rahu/NewLife/.git/refs/remotes/origin/main', is most likely packed.
> git config --get commit.template
> git ls-files --stage -- /home/rahu/NewLife/whatsnew.html
> git cat-file -s cb549d4ac15a61c3fd0fcfb4f7cc15e928d1975e
> git show --textconv :whatsnew.html
> git status -z -u
> git symbolic-ref --short HEAD
> git for-each-ref --format=%(refname)%00%(upstream:short)%00%(objectname)%00%(upstream:track) refs/heads/main refs/remotes/main
> git for-each-ref --sort -committerdate --format %(refname) %(objectname) %(*objectname)
> git remote --verbose
Warning: Failed to watch ref '/home/rahu/NewLife/.git/refs/remotes/origin/main', is most likely packed.
> git config --get commit.template
> git config --local branch.main.github-pr-owner-number
> git status -z -u
> git symbolic-ref --short HEAD
> git for-each-ref --format=%(refname)%00%(upstream:short)%00%(objectname)%00%(upstream:track) refs/heads/main refs/remotes/main
> git for-each-ref --sort -committerdate --format %(refname) %(objectname) %(*objectname)
> git remote --verbose
> git config --get commit.template
> git config --local branch.main.github-pr-owner-number
> git status -z -u
> git symbolic-ref --short HEAD
> git for-each-ref --format=%(refname)%00%(upstream:short)%00%(objectname)%00%(upstream:track) refs/heads/main refs/remotes/main
> git for-each-ref --sort -committerdate --format %(refname) %(objectname) %(*objectname)
> git remote --verbose
> git config --get commit.template
> git config --local branch.main.github-pr-owner-number
> git status -z -u
> git symbolic-ref --short HEAD
> git for-each-ref --format=%(refname)%00%(upstream:short)%00%(objectname)%00%(upstream:track) refs/heads/main refs/remotes/main
> git for-each-ref --sort -committerdate --format %(refname) %(objectname) %(*objectname)
> git remote --verbose
> git config --get commit.template
> git status -z -u
> git symbolic-ref --short HEAD
> git for-each-ref --format=%(refname)%00%(upstream:short)%00%(objectname)%00%(upstream:track) refs/heads/main refs/remotes/main
> git for-each-ref --sort -committerdate --format %(refname) %(objectname) %(*objectname)
> git remote --verbose
> git config --get commit.template
> git status -z -u
> git symbolic-ref --short HEAD
> git for-each-ref --format=%(refname)%00%(upstream:short)%00%(objectname)%00%(upstream:track) refs/heads/main refs/remotes/main
> git for-each-ref --sort -committerdate --format %(refname) %(objectname) %(*objectname)
> git remote --verbose
> git config --get commit.template
> git config --local branch.main.github-pr-owner-number
> git show --textconv :robots.txt
> git ls-files --stage -- /home/rahu/NewLife/robots.txt
> git cat-file -s 22cc3c20c08475cbab52d202932693bf9c1c6237
> git show --textconv :ShoppingList.html
> git ls-files --stage -- /home/rahu/NewLife/ShoppingList.html
> git cat-file -s 9d3adc6ae01e337cb4fe380c79b0775d42b32c0a
> git show --textconv :SUNIL_C_last_on_NEt4
> git ls-files --stage -- /home/rahu/NewLife/SUNIL_C_last_on_NEt4
> git cat-file -s e69de29bb2d1d6434b8b29ae775ad8c2e48c5391
> git show --textconv :whatsnew.html
> git ls-files --stage -- /home/rahu/NewLife/whatsnew.html
> git cat-file -s 9e63f8b821af596899d938560fada565b35d968d
> git show --textconv :index.php
> git ls-files --stage -- /home/rahu/NewLife/index.php
> git cat-file -s 56372ffea3fceac52ea512730f39e10d34144489
> git show --textconv :keybase.txt
> git ls-files --stage -- /home/rahu/NewLife/keybase.txt
> git cat-file -s 013d6d632afaa517ee287ee8cb2f1cebd4570d4a
> git show --textconv :whatsnew.html
> git ls-files --stage -- /home/rahu/NewLife/whatsnew.html
> git cat-file -s 9e63f8b821af596899d938560fada565b35d968d
> git status -z -u
> git symbolic-ref --short HEAD
> git for-each-ref --format=%(refname)%00%(upstream:short)%00%(objectname)%00%(upstream:track) refs/heads/main refs/remotes/main
> git for-each-ref --sort -committerdate --format %(refname) %(objectname) %(*objectname)
> git remote --verbose
> git config --get commit.template
> git log --oneline --cherry main...main@{upstream} --
> git pull --tags origin main
> git ls-files --stage -- /home/rahu/NewLife/whatsnew.html
> git cat-file -s 9e63f8b821af596899d938560fada565b35d968d
> git show --textconv :whatsnew.html
From https://github.com/suchoudh/NewLife
 * branch            main       -> FETCH_HEAD
> git status -z -u
> git symbolic-ref --short HEAD
> git for-each-ref --format=%(refname)%00%(upstream:short)%00%(objectname)%00%(upstream:track) refs/heads/main refs/remotes/main
> git for-each-ref --sort -committerdate --format %(refname) %(objectname) %(*objectname)
> git remote --verbose
> git config --get commit.template
> git ls-files --stage -- /home/rahu/NewLife/whatsnew.html
> git cat-file -s 9e63f8b821af596899d938560fada565b35d968d
> git show --textconv :whatsnew.html
> git status -z -u
> git symbolic-ref --short HEAD
> git for-each-ref --format=%(refname)%00%(upstream:short)%00%(objectname)%00%(upstream:track) refs/heads/main refs/remotes/main
> git for-each-ref --sort -committerdate --format %(refname) %(objectname) %(*objectname)
> git remote --verbose
> git config --get commit.template
> git status -z -u
> git symbolic-ref --short HEAD
> git for-each-ref --format=%(refname)%00%(upstream:short)%00%(objectname)%00%(upstream:track) refs/heads/main refs/remotes/main
> git for-each-ref --sort -committerdate --format %(refname) %(objectname) %(*objectname)
> git remote --verbose
> git config --get commit.template
> git ls-files --stage -- /home/rahu/NewLife/whatsnew.html
> git cat-file -s 567f899efcb4990647aab2a7b47267f103b040ab
> git show --textconv :whatsnew.html
> git status -z -u
> git symbolic-ref --short HEAD
> git for-each-ref --format=%(refname)%00%(upstream:short)%00%(objectname)%00%(upstream:track) refs/heads/main refs/remotes/main
> git for-each-ref --sort -committerdate --format %(refname) %(objectname) %(*objectname)
> git remote --verbose
> git config --get commit.template
> git status -z -u
> git symbolic-ref --short HEAD
> git for-each-ref --format=%(refname)%00%(upstream:short)%00%(objectname)%00%(upstream:track) refs/heads/main refs/remotes/main
> git for-each-ref --sort -committerdate --format %(refname) %(objectname) %(*objectname)
> git remote --verbose
> git config --get commit.template
> git ls-files --stage -- /home/rahu/NewLife/whatsnew.html
> git config --local branch.main.github-pr-owner-number
> git cat-file -s 567f899efcb4990647aab2a7b47267f103b040ab
> git show --textconv :whatsnew.html
> git status -z -u
> git symbolic-ref --short HEAD
> git for-each-ref --format=%(refname)%00%(upstream:short)%00%(objectname)%00%(upstream:track) refs/heads/main refs/remotes/main
> git for-each-ref --sort -committerdate --format %(refname) %(objectname) %(*objectname)
> git remote --verbose
> git config --get commit.template
> git ls-files --stage -- /home/rahu/NewLife/whatsnew.html
> git cat-file -s 567f899efcb4990647aab2a7b47267f103b040ab
> git show --textconv :whatsnew.html
> git status -z -u
> git symbolic-ref --short HEAD
> git for-each-ref --format=%(refname)%00%(upstream:short)%00%(objectname)%00%(upstream:track) refs/heads/main refs/remotes/main
> git for-each-ref --sort -committerdate --format %(refname) %(objectname) %(*objectname)
> git remote --verbose
> git config --get commit.template
> git config --local branch.main.github-pr-owner-number
> git show --textconv :standard.html
> git ls-files --stage -- /home/rahu/NewLife/standard.html
> git cat-file -s fdd3348fbc548da2f549179cb12b7dcdda6d0f69
> git show --textconv :whatsnew.html
> git ls-files --stage -- /home/rahu/NewLife/whatsnew.html
> git cat-file -s 567f899efcb4990647aab2a7b47267f103b040ab
