[Info  - 12:17:33.813] Reading sessions from keychain...
[Info  - 12:17:33.814] Reading sessions from keychain...
[Info  - 12:17:33.852] Getting sessions for all scopes...
[Info  - 12:17:33.852] Getting sessions for all scopes...
[Info  - 12:17:33.858] Got 0 sessions for all scopes...
[Info  - 12:17:33.858] Got 0 sessions for all scopes...
[Info  - 12:20:54.732] Getting sessions for repo,workflow...
[Info  - 12:20:54.732] Got 0 sessions for repo,workflow...
[Info  - 12:21:05.225] Logging in for the following scopes: repo workflow
[Trace  - 12:26:26.242] Handling Uri...
[Info  - 12:26:31.213] Getting sessions for repo,workflow...
[Info  - 12:26:31.214] Got 0 sessions for repo,workflow...
[Info  - 12:26:33.680] Logging in for the following scopes: repo workflow
[Trace  - 12:27:22.770] Handling Uri...
[Info  - 12:27:22.770] Exchanging code for token...
[Info  - 12:27:23.957] Token exchange success!
[Info  - 12:27:23.958] Getting user info...
[Info  - 12:27:24.497] Got account info!
[Info  - 12:27:24.498] Storing 1 sessions...
[Info  - 12:27:25.834] Reading sessions from keychain...
[Info  - 12:27:25.835] Reading sessions from keychain...
[Info  - 12:27:25.837] Stored 1 sessions!
[Info  - 12:27:25.837] Login success!
[Info  - 12:27:25.860] Getting sessions for all scopes...
[Trace  - 12:27:25.874] Token acquired from secret storage.
[Info  - 12:27:25.874] Got stored sessions!
[Trace  - 12:27:25.875] Read the following session from the keychain with the following scopes: repo,workflow
[Info  - 12:27:25.875] Got 1 verified sessions.
[Info  - 12:27:25.875] Got 1 sessions for all scopes...
[Info  - 13:30:20.898] Getting sessions for read:user,user:email,repo...
[Info  - 13:30:20.925] Got 0 sessions for read:user,repo,user:email...
[Info  - 13:58:53.764] Getting sessions for repo,workflow...
[Info  - 13:58:53.817] Got 1 sessions for repo,workflow...
[Info  - 13:15:50.581] Getting sessions for repo,workflow...
[Info  - 13:15:50.597] Got 1 sessions for repo,workflow...
