[2022-10-18 21:10:45.233] [exthost] [info] extension host started
[2022-10-18 21:10:45.233] [exthost] [info] Skipping acquiring lock for /home/rahu/.config/Code/User/workspaceStorage/b70c54d4809def345bc385684d48a30f.
[2022-10-18 21:10:46.834] [exthost] [info] ExtensionService#_doActivateExtension vscode.microsoft-authentication {"startup":false,"extensionId":{"value":"vscode.microsoft-authentication","_lower":"vscode.microsoft-authentication"},"activationEvent":"onAuthenticationRequest:microsoft"}
[2022-10-18 21:10:46.835] [exthost] [info] ExtensionService#loadCommonJSModule file:///usr/share/code/resources/app/extensions/microsoft-authentication/dist/extension.js
[2022-10-18 21:10:48.717] [exthost] [info] ExtensionService#_doActivateExtension golang.go {"startup":false,"extensionId":{"value":"golang.go","_lower":"golang.go"},"activationEvent":"onWebviewPanel:welcomeGo"}
[2022-10-18 21:10:48.720] [exthost] [info] ExtensionService#loadCommonJSModule file:///home/rahu/.vscode/extensions/golang.go-0.33.1/dist/goMain.js
[2022-10-18 21:10:49.689] [exthost] [info] ExtensionService#_doActivateExtension vscode.debug-auto-launch {"startup":true,"extensionId":{"value":"vscode.debug-auto-launch","_lower":"vscode.debug-auto-launch"},"activationEvent":"*"}
[2022-10-18 21:10:49.689] [exthost] [info] ExtensionService#loadCommonJSModule file:///usr/share/code/resources/app/extensions/debug-auto-launch/dist/extension
[2022-10-18 21:10:50.156] [exthost] [info] ExtensionService#_doActivateExtension vscode.git {"startup":true,"extensionId":{"value":"vscode.github","_lower":"vscode.github"},"activationEvent":"*"}
[2022-10-18 21:10:50.157] [exthost] [info] ExtensionService#loadCommonJSModule file:///usr/share/code/resources/app/extensions/git/dist/main
[2022-10-18 21:10:50.830] [exthost] [info] ExtensionService#_doActivateExtension GitHub.vscode-pull-request-github {"startup":true,"extensionId":{"value":"GitHub.vscode-pull-request-github","_lower":"github.vscode-pull-request-github"},"activationEvent":"*"}
[2022-10-18 21:10:50.830] [exthost] [info] ExtensionService#loadCommonJSModule file:///home/rahu/.vscode/extensions/github.vscode-pull-request-github-0.29.2/dist/extension
[2022-10-18 21:10:51.288] [exthost] [info] ExtensionService#_doActivateExtension kisstkondoros.vscode-gutter-preview {"startup":true,"extensionId":{"value":"kisstkondoros.vscode-gutter-preview","_lower":"kisstkondoros.vscode-gutter-preview"},"activationEvent":"*"}
[2022-10-18 21:10:51.381] [exthost] [info] ExtensionService#loadCommonJSModule file:///home/rahu/.vscode/extensions/kisstkondoros.vscode-gutter-preview-0.29.0/dist/extension
[2022-10-18 21:10:51.853] [exthost] [info] ExtensionService#_doActivateExtension KnisterPeter.vscode-github {"startup":true,"extensionId":{"value":"KnisterPeter.vscode-github","_lower":"knisterpeter.vscode-github"},"activationEvent":"*"}
[2022-10-18 21:10:51.853] [exthost] [info] ExtensionService#loadCommonJSModule file:///home/rahu/.vscode/extensions/knisterpeter.vscode-github-0.30.7/out/src/main
[2022-10-18 21:11:03.947] [exthost] [info] ExtensionService#_doActivateExtension loskael.vscode-stocks-cn {"startup":true,"extensionId":{"value":"loskael.vscode-stocks-cn","_lower":"loskael.vscode-stocks-cn"},"activationEvent":"*"}
[2022-10-18 21:11:03.947] [exthost] [info] ExtensionService#loadCommonJSModule file:///home/rahu/.vscode/extensions/loskael.vscode-stocks-cn-0.1.5/out/src/extension
[2022-10-18 21:11:05.867] [exthost] [info] ExtensionService#_doActivateExtension prasadbobby.auto-rename-tag {"startup":true,"extensionId":{"value":"prasadbobby.auto-rename-tag","_lower":"prasadbobby.auto-rename-tag"},"activationEvent":"*"}
[2022-10-18 21:11:05.869] [exthost] [info] ExtensionService#loadCommonJSModule file:///home/rahu/.vscode/extensions/prasadbobby.auto-rename-tag-0.1.5/dist/extensionMain.js
[2022-10-18 21:11:13.067] [exthost] [info] ExtensionService#_doActivateExtension vscodevim.vim {"startup":true,"extensionId":{"value":"vscodevim.vim","_lower":"vscodevim.vim"},"activationEvent":"*"}
[2022-10-18 21:11:13.067] [exthost] [info] ExtensionService#loadCommonJSModule file:///home/rahu/.vscode/extensions/vscodevim.vim-1.23.1/out/extension
[2022-10-18 21:11:20.799] [exthost] [info] ExtensionService#_doActivateExtension Dart-Code.dart-code {"startup":true,"extensionId":{"value":"Dart-Code.dart-code","_lower":"dart-code.dart-code"},"activationEvent":"workspaceContainsTimeout:*/pubspec.yaml,*/*/pubspec.yaml,*.dart,*/*.dart,*/*/*.dart"}
[2022-10-18 21:11:20.859] [exthost] [info] ExtensionService#loadCommonJSModule file:///home/rahu/.vscode/extensions/dart-code.dart-code-3.27.2/out/dist/extension
[2022-10-18 21:11:22.027] [exthost] [info] ExtensionService#_doActivateExtension Dedsec727.jekyll-run {"startup":true,"extensionId":{"value":"Dedsec727.jekyll-run","_lower":"dedsec727.jekyll-run"},"activationEvent":"workspaceContainsTimeout:**/_config.yml"}
[2022-10-18 21:11:22.032] [exthost] [info] ExtensionService#loadCommonJSModule file:///home/rahu/.vscode/extensions/dedsec727.jekyll-run-1.7.0/out/extension.js
[2022-10-18 21:11:23.031] [exthost] [info] ExtensionService#_doActivateExtension vscode.emmet {"startup":false,"extensionId":{"value":"vscode.emmet","_lower":"vscode.emmet"},"activationEvent":"onStartupFinished"}
[2022-10-18 21:11:23.031] [exthost] [info] ExtensionService#loadCommonJSModule file:///usr/share/code/resources/app/extensions/emmet/dist/node/emmetNodeMain
[2022-10-18 21:11:26.345] [exthost] [info] ExtensionService#_doActivateExtension vscode.merge-conflict {"startup":false,"extensionId":{"value":"vscode.merge-conflict","_lower":"vscode.merge-conflict"},"activationEvent":"onStartupFinished"}
[2022-10-18 21:11:26.345] [exthost] [info] ExtensionService#loadCommonJSModule file:///usr/share/code/resources/app/extensions/merge-conflict/dist/mergeConflictMain
[2022-10-18 21:11:26.476] [exthost] [info] ExtensionService#_doActivateExtension amazonwebservices.aws-toolkit-vscode {"startup":false,"extensionId":{"value":"amazonwebservices.aws-toolkit-vscode","_lower":"amazonwebservices.aws-toolkit-vscode"},"activationEvent":"onStartupFinished"}
[2022-10-18 21:11:26.476] [exthost] [info] ExtensionService#loadCommonJSModule file:///home/rahu/.vscode/extensions/amazonwebservices.aws-toolkit-vscode-1.45.0/dist/src/main
[2022-10-18 21:11:43.158] [exthost] [info] ExtensionService#_doActivateExtension dbaeumer.vscode-eslint {"startup":false,"extensionId":{"value":"dbaeumer.vscode-eslint","_lower":"dbaeumer.vscode-eslint"},"activationEvent":"onStartupFinished"}
[2022-10-18 21:11:43.158] [exthost] [info] ExtensionService#loadCommonJSModule file:///home/rahu/.vscode/extensions/dbaeumer.vscode-eslint-2.2.1/client/out/extension
[2022-10-18 21:11:43.660] [exthost] [info] ExtensionService#_doActivateExtension esbenp.prettier-vscode {"startup":false,"extensionId":{"value":"esbenp.prettier-vscode","_lower":"esbenp.prettier-vscode"},"activationEvent":"onStartupFinished"}
[2022-10-18 21:11:43.660] [exthost] [info] ExtensionService#loadCommonJSModule file:///home/rahu/.vscode/extensions/esbenp.prettier-vscode-8.1.0/dist/extension
[2022-10-18 21:11:45.636] [exthost] [info] ExtensionService#_doActivateExtension formulahendry.code-runner {"startup":false,"extensionId":{"value":"formulahendry.code-runner","_lower":"formulahendry.code-runner"},"activationEvent":"onStartupFinished"}
[2022-10-18 21:11:45.636] [exthost] [info] ExtensionService#loadCommonJSModule file:///home/rahu/.vscode/extensions/formulahendry.code-runner-0.11.8/out/src/extension
[2022-10-18 21:11:46.281] [exthost] [info] ExtensionService#_doActivateExtension ms-vscode-remote.remote-containers {"startup":false,"extensionId":{"value":"ms-vscode-remote.remote-containers","_lower":"ms-vscode-remote.remote-containers"},"activationEvent":"onStartupFinished"}
[2022-10-18 21:11:46.281] [exthost] [info] ExtensionService#loadCommonJSModule file:///home/rahu/.vscode/extensions/ms-vscode-remote.remote-containers-0.191.1/dist/extension/extension
[2022-10-18 21:11:46.454] [exthost] [info] ExtensionService#_doActivateExtension PKief.material-icon-theme {"startup":false,"extensionId":{"value":"PKief.material-icon-theme","_lower":"pkief.material-icon-theme"},"activationEvent":"onStartupFinished"}
[2022-10-18 21:11:46.454] [exthost] [info] ExtensionService#loadCommonJSModule file:///home/rahu/.vscode/extensions/pkief.material-icon-theme-4.19.0/dist/extension
[2022-10-18 21:11:46.684] [exthost] [info] ExtensionService#_doActivateExtension ritwickdey.LiveServer {"startup":false,"extensionId":{"value":"ritwickdey.LiveServer","_lower":"ritwickdey.liveserver"},"activationEvent":"onStartupFinished"}
[2022-10-18 21:11:46.684] [exthost] [info] ExtensionService#loadCommonJSModule file:///home/rahu/.vscode/extensions/ritwickdey.liveserver-5.7.5/out/src/extension.js
[2022-10-18 21:12:00.085] [exthost] [info] ExtensionService#_doActivateExtension vscode.github-authentication {"startup":false,"extensionId":{"value":"vscode.github-authentication","_lower":"vscode.github-authentication"},"activationEvent":"onAuthenticationRequest:github"}
[2022-10-18 21:12:00.085] [exthost] [info] ExtensionService#loadCommonJSModule file:///usr/share/code/resources/app/extensions/github-authentication/dist/extension.js
[2022-10-18 21:12:03.094] [exthost] [info] ExtensionService#_doActivateExtension ms-vscode.js-debug {"startup":false,"extensionId":{"value":"ms-vscode.js-debug","_lower":"ms-vscode.js-debug"},"activationEvent":"onCommand:extension.js-debug.clearAutoAttachVariables"}
[2022-10-18 21:12:03.096] [exthost] [info] ExtensionService#loadCommonJSModule file:///usr/share/code/resources/app/extensions/ms-vscode.js-debug/src/extension.js
[2022-10-18 21:12:05.369] [exthost] [info] ExtensionService#_doActivateExtension vscode.github {"startup":false,"extensionId":{"value":"vscode.github","_lower":"vscode.github"},"activationEvent":"*"}
[2022-10-18 21:12:05.369] [exthost] [info] ExtensionService#loadCommonJSModule file:///usr/share/code/resources/app/extensions/github/dist/extension.js
[2022-10-18 21:13:25.602] [exthost] [info] extension host terminating: renderer closed the socket
[2022-10-18 21:13:26.702] [exthost] [info] exiting with code 0
