Validating found git in: git
Using git 2.25.1 from git
> git rev-parse --git-dir
Open repository: /home/rahu/NewLife
> git status -z -u
> git symbolic-ref --short HEAD
> git for-each-ref --format=%(refname)%00%(upstream:short)%00%(objectname)%00%(upstream:track) refs/heads/main refs/remotes/main
> git for-each-ref --sort -committerdate --format %(refname) %(objectname) %(*objectname)
> git remote --verbose
> git config --get commit.template
> git check-ignore -v -z --stdin
> git config --local branch.main.github-pr-owner-number
> git check-ignore -v -z --stdin
> git show --textconv :artwork.html
> git ls-files --stage -- /home/rahu/NewLife/artwork.html
> git cat-file -s da282c0c72cba361345d40364891eed7f5a1f956
> git show --textconv :career.html
> git ls-files --stage -- /home/rahu/NewLife/career.html
> git cat-file -s 70b7302faebc699ddb3b00cb623ed4f2110ef654
> git show --textconv :credit.html
> git ls-files --stage -- /home/rahu/NewLife/credit.html
> git cat-file -s 0371471d23ab7c78f2d789c63f47f510475f9fc6
> git show --textconv :career.html
> git ls-files --stage -- /home/rahu/NewLife/career.html
> git cat-file -s 70b7302faebc699ddb3b00cb623ed4f2110ef654
> git show --textconv :e.html
> git ls-files --stage -- /home/rahu/NewLife/e.html
> git cat-file -s a746b17a64e0bd6b2516b8c5697b8a83d2a6ffe0
> git show --textconv :FAQ.html
> git ls-files --stage -- /home/rahu/NewLife/FAQ.html
> git cat-file -s df6c486e862563247cbd92cc48917dd2a36b5612
> git show --textconv :i1.html
> git ls-files --stage -- /home/rahu/NewLife/i1.html
> git cat-file -s 8df161065c5236453719f5dce7e330aa623ae806
> git show --textconv :index_1.php
> git ls-files --stage -- /home/rahu/NewLife/index_1.php
> git cat-file -s aa4f46b61ac233c65d959abc6a1403234394f39f
> git show --textconv :index.html
> git ls-files --stage -- /home/rahu/NewLife/index.html
> git cat-file -s 8202fce1e1c197224dffa8300679e3cae59b92d6
> git show --textconv :index.php
> git ls-files --stage -- /home/rahu/NewLife/index.php
> git cat-file -s 56372ffea3fceac52ea512730f39e10d34144489
> git show --textconv :landscape3.html
> git ls-files --stage -- /home/rahu/NewLife/landscape3.html
> git cat-file -s fb7e4a01a5f099de2ff5eb34cb130e895f6d5c37
> git show --textconv :LearningCurve.html
> git ls-files --stage -- /home/rahu/NewLife/LearningCurve.html
> git cat-file -s e754e6edc6cc8aaf08d4f8baeb9a13df9bbd5068
> git show --textconv :link.html
> git ls-files --stage -- /home/rahu/NewLife/link.html
> git cat-file -s 9ae6831429ad9673f7fbec8482f2bfc1ff4c4756
> git show --textconv :mysheet.html
> git ls-files --stage -- /home/rahu/NewLife/mysheet.html
> git cat-file -s 0fa303b1c87226d15bad1d5f4dd867a991d9ae45
> git show --textconv :credit.html
> git ls-files --stage -- /home/rahu/NewLife/credit.html
> git cat-file -s 0371471d23ab7c78f2d789c63f47f510475f9fc6
> git show --textconv :delme_old_index.html
> git ls-files --stage -- /home/rahu/NewLife/delme_old_index.html
> git cat-file -s a110c3b773e059d47aa1f3ed9668f5d4211292e0
> git show --textconv :e.html
> git ls-files --stage -- /home/rahu/NewLife/e.html
> git cat-file -s a746b17a64e0bd6b2516b8c5697b8a83d2a6ffe0
> git show --textconv :FAQ.html
> git ls-files --stage -- /home/rahu/NewLife/FAQ.html
> git cat-file -s df6c486e862563247cbd92cc48917dd2a36b5612
> git show --textconv :i1.html
> git ls-files --stage -- /home/rahu/NewLife/i1.html
> git cat-file -s 8df161065c5236453719f5dce7e330aa623ae806
> git show --textconv :LearningCurve.html
> git ls-files --stage -- /home/rahu/NewLife/LearningCurve.html
> git cat-file -s e754e6edc6cc8aaf08d4f8baeb9a13df9bbd5068
> git show --textconv :link.html
> git ls-files --stage -- /home/rahu/NewLife/link.html
> git cat-file -s 9ae6831429ad9673f7fbec8482f2bfc1ff4c4756
> git show --textconv :mysheet.html
> git ls-files --stage -- /home/rahu/NewLife/mysheet.html
> git cat-file -s 0fa303b1c87226d15bad1d5f4dd867a991d9ae45
> git status -z -u
> git symbolic-ref --short HEAD
> git for-each-ref --format=%(refname)%00%(upstream:short)%00%(objectname)%00%(upstream:track) refs/heads/main refs/remotes/main
> git for-each-ref --sort -committerdate --format %(refname) %(objectname) %(*objectname)
> git remote --verbose
> git config --get commit.template
> git show --textconv :mytoons.html
> git ls-files --stage -- /home/rahu/NewLife/mytoons.html
> git cat-file -s 94dc9457b29b871544a58afcc7f39ee112687176
> git check-ignore -v -z --stdin
> git check-ignore -v -z --stdin
> git check-ignore -v -z --stdin
> git show --textconv :old nodel index.html
> git ls-files --stage -- /home/rahu/NewLife/old nodel index.html
> git cat-file -s c71591ea7cf4630728957f95096b916f0c20edb1
> git show --textconv :oracle9i_application_server.html
> git ls-files --stage -- /home/rahu/NewLife/oracle9i_application_server.html
> git cat-file -s e3104e1a3b62f334c67c00ee48e0cca56173d6ae
> git status -z -u
> git symbolic-ref --short HEAD
> git for-each-ref --format=%(refname)%00%(upstream:short)%00%(objectname)%00%(upstream:track) refs/heads/main refs/remotes/main
> git for-each-ref --sort -committerdate --format %(refname) %(objectname) %(*objectname)
> git remote --verbose
> git config --get commit.template
> git show --textconv :oracle11iEbusiness_Suite.html
> git ls-files --stage -- /home/rahu/NewLife/oracle11iEbusiness_Suite.html
> git cat-file -s 4f159df216f8c1e676d40246f05f82ac0622ef4d
> git show --textconv :orig15jan19_resume.html
> git ls-files --stage -- /home/rahu/NewLife/orig15jan19_resume.html
> git cat-file -s 1d2dc4c9018405bb742d9fda3cdff43ca5a89fbe
> git show --textconv :project_perl.html
> git ls-files --stage -- /home/rahu/NewLife/project_perl.html
> git cat-file -s fc423015998c74b2e1482ceb6eae2ad9449552d4
> git show --textconv :project.html
> git ls-files --stage -- /home/rahu/NewLife/project.html
> git cat-file -s bfdcdf4b441678a0704d4170fae6942bfd97a15a
> git show --textconv :readme.html
> git ls-files --stage -- /home/rahu/NewLife/readme.html
> git cat-file -s e702bc376d24627bc16ab42e8519f7b1c178ce7a
> git show --textconv :recognition.html
> git ls-files --stage -- /home/rahu/NewLife/recognition.html
> git cat-file -s f2ac5e864c6066a471a9596edd6c102f031f485e
> git status -z -u
> git symbolic-ref --short HEAD
> git for-each-ref --format=%(refname)%00%(upstream:short)%00%(objectname)%00%(upstream:track) refs/heads/main refs/remotes/main
> git for-each-ref --sort -committerdate --format %(refname) %(objectname) %(*objectname)
> git remote --verbose
> git config --get commit.template
> git show --textconv :resume.html
> git ls-files --stage -- /home/rahu/NewLife/resume.html
> git cat-file -s 02389b1476df93dd9dc9760ceeedc06eda6c3367
> git show --textconv :ShoppingList.html
> git ls-files --stage -- /home/rahu/NewLife/ShoppingList.html
> git cat-file -s 9d3adc6ae01e337cb4fe380c79b0775d42b32c0a
> git show --textconv :sitemap.html
> git ls-files --stage -- /home/rahu/NewLife/sitemap.html
> git cat-file -s 23f82e7021eb566448dfa4ef89b942fbcff934f5
> git show --textconv :standard.html
> git ls-files --stage -- /home/rahu/NewLife/standard.html
> git cat-file -s fdd3348fbc548da2f549179cb12b7dcdda6d0f69
> git show --textconv :sweetnothings.html
> git ls-files --stage -- /home/rahu/NewLife/sweetnothings.html
> git cat-file -s ba2958d38ddb0076d01191226c70f65675c23c12
> git show --textconv :ToDo.html
> git ls-files --stage -- /home/rahu/NewLife/ToDo.html
> git cat-file -s 9bfba25957de296bab672e8de4c4f1cb2c4dee4c
> git show --textconv :credit.html
> git ls-files --stage -- /home/rahu/NewLife/credit.html
> git cat-file -s 0371471d23ab7c78f2d789c63f47f510475f9fc6
> git status -z -u
> git symbolic-ref --short HEAD
> git for-each-ref --format=%(refname)%00%(upstream:short)%00%(objectname)%00%(upstream:track) refs/heads/main refs/remotes/main
> git for-each-ref --sort -committerdate --format %(refname) %(objectname) %(*objectname)
> git remote --verbose
> git config --get commit.template
> git status -z -u
> git symbolic-ref --short HEAD
> git for-each-ref --format=%(refname)%00%(upstream:short)%00%(objectname)%00%(upstream:track) refs/heads/main refs/remotes/main
> git for-each-ref --sort -committerdate --format %(refname) %(objectname) %(*objectname)
> git remote --verbose
> git ls-files --stage -- /home/rahu/NewLife/credit.html
> git config --get commit.template
> git cat-file -s 1e49040beec5b197c9deb72e15690bedb9e1900c
> git show --textconv :credit.html
> git status -z -u
> git symbolic-ref --short HEAD
> git for-each-ref --format=%(refname)%00%(upstream:short)%00%(objectname)%00%(upstream:track) refs/heads/main refs/remotes/main
> git ls-files --stage -- /home/rahu/NewLife/credit.html
> git for-each-ref --sort -committerdate --format %(refname) %(objectname) %(*objectname)
> git remote --verbose
> git cat-file -s 1e49040beec5b197c9deb72e15690bedb9e1900c
> git config --get commit.template
> git config --local branch.main.github-pr-owner-number
> git show --textconv :credit.html
> git status -z -u
> git symbolic-ref --short HEAD
> git for-each-ref --format=%(refname)%00%(upstream:short)%00%(objectname)%00%(upstream:track) refs/heads/main refs/remotes/main
> git ls-files --stage -- /home/rahu/NewLife/credit.html
> git for-each-ref --sort -committerdate --format %(refname) %(objectname) %(*objectname)
> git remote --verbose
> git cat-file -s 1e49040beec5b197c9deb72e15690bedb9e1900c
> git config --get commit.template
> git show --textconv :credit.html
> git config --local branch.main.github-pr-owner-number
> git show --textconv :standard.html
> git ls-files --stage -- /home/rahu/NewLife/standard.html
> git cat-file -s 25cf532c25602beae314ab34e4a576c2b4a0bcad
> git show --textconv :resume.html
> git ls-files --stage -- /home/rahu/NewLife/resume.html
> git cat-file -s 9e96384a677c1436c620dcb0f0087196b22d7af7
> git show --textconv :sweetnothings.html
> git ls-files --stage -- /home/rahu/NewLife/sweetnothings.html
> git cat-file -s 8251c6a945a3d0630f3fbc928d3429b6f7ddab44
> git show --textconv :resume.html
> git ls-files --stage -- /home/rahu/NewLife/resume.html
> git cat-file -s 9e96384a677c1436c620dcb0f0087196b22d7af7
> git show --textconv :credit.html
> git ls-files --stage -- /home/rahu/NewLife/credit.html
> git cat-file -s 1e49040beec5b197c9deb72e15690bedb9e1900c
> git show --textconv :ToDo.html
> git ls-files --stage -- /home/rahu/NewLife/ToDo.html
> git cat-file -s 81264389bb1bf89c434997e57bf7056911f46a50
> git show --textconv :credit.html
> git ls-files --stage -- /home/rahu/NewLife/credit.html
> git cat-file -s 1e49040beec5b197c9deb72e15690bedb9e1900c
> git show --textconv :FAQ.html
> git ls-files --stage -- /home/rahu/NewLife/FAQ.html
> git cat-file -s 8e4bb40e03baa5a097aec56c7044b3020706ef2e
> git show --textconv :career.html
> git ls-files --stage -- /home/rahu/NewLife/career.html
> git cat-file -s b4bfedde733a65dd96763ae531aae6dce1ccc672
> git show --textconv :artwork.html
> git ls-files --stage -- /home/rahu/NewLife/artwork.html
> git cat-file -s 4199debe24933abecebc873ea58e7ce9343272d9
