[22:25:16] [Info] こんにちは！ Booting Zettlr at Fri Dec 25 2020 22:25:15 GMT+0530 (India Standard Time).
[22:25:16] [Info] Performing environment check ...
[22:25:16] [Info] Environment check complete.
[22:25:16] [Info] Registering custom protocol safe-file
[22:25:16] [Info] [Citeproc Provider] There is no CSL library selected in the preferences. Nothing to do.
[22:25:17] [Info] Added DevTools extension:  Vue.js devtools
[22:25:18] [Info] Loaded all roots in 1.24 seconds
[22:26:25] [Info] Saving file 001DailyExpense.EoD.md...
[22:26:25] [Info] [WATCHDOG] Ignore event: change:/home/rahu/Dropbox/EverydayDo/3400_Routine/myData/001DailyExpense.EoD.md
[22:26:25] [Info] Updated modtime for fileDescriptor 001DailyExpense.EoD.md to 1608915385102
[22:26:25] [Info] File 001DailyExpense.EoD.md saved.
[22:26:52] [Info] Saving file 500RevisedAWSClass.yn.dijo.yn.md...
[22:26:52] [Info] [WATCHDOG] Ignore event: change:/home/rahu/Dropbox/EverydayDo/3400_Routine/myData/500RevisedAWSClass.yn.dijo.yn.md
[22:26:52] [Info] Updated modtime for fileDescriptor 500RevisedAWSClass.yn.dijo.yn.md to 1608915412646
[22:26:52] [Info] File 500RevisedAWSClass.yn.dijo.yn.md saved.
[22:27:18] [Info] Saving file 500RevisedAWSClass.yn.dijo.yn.md...
[22:27:18] [Info] [WATCHDOG] Ignore event: change:/home/rahu/Dropbox/EverydayDo/3400_Routine/myData/500RevisedAWSClass.yn.dijo.yn.md
[22:27:18] [Info] Updated modtime for fileDescriptor 500RevisedAWSClass.yn.dijo.yn.md to 1608915438674
[22:27:18] [Info] File 500RevisedAWSClass.yn.dijo.yn.md saved.
[22:27:30] [Info] Saving file 700GTD_WhatshouldbeMyContribution.BoD.md...
[22:27:30] [Info] [WATCHDOG] Ignore event: change:/home/rahu/Dropbox/EverydayDo/3400_Routine/myData/700GTD_WhatshouldbeMyContribution.BoD.md
[22:27:30] [Info] Updated modtime for fileDescriptor 700GTD_WhatshouldbeMyContribution.BoD.md to 1608915450155
[22:27:30] [Info] File 700GTD_WhatshouldbeMyContribution.BoD.md saved.
[22:27:40] [Info] Saving file 700GTD_WhatshouldbeMyContribution.BoD.md...
[22:27:40] [Info] [WATCHDOG] Ignore event: change:/home/rahu/Dropbox/EverydayDo/3400_Routine/myData/700GTD_WhatshouldbeMyContribution.BoD.md
[22:27:40] [Info] Updated modtime for fileDescriptor 700GTD_WhatshouldbeMyContribution.BoD.md to 1608915460687
[22:27:40] [Info] File 700GTD_WhatshouldbeMyContribution.BoD.md saved.
[22:27:55] [Info] Saving file 700GTD_WhatshouldbeMyContribution.BoD.md...
[22:27:55] [Info] [WATCHDOG] Ignore event: change:/home/rahu/Dropbox/EverydayDo/3400_Routine/myData/700GTD_WhatshouldbeMyContribution.BoD.md
[22:27:55] [Info] Updated modtime for fileDescriptor 700GTD_WhatshouldbeMyContribution.BoD.md to 1608915475511
[22:27:55] [Info] File 700GTD_WhatshouldbeMyContribution.BoD.md saved.
[22:28:14] [Info] Saving file 700GTD_WhatshouldbeMyContribution.BoD.md...
[22:28:14] [Info] [WATCHDOG] Ignore event: change:/home/rahu/Dropbox/EverydayDo/3400_Routine/myData/700GTD_WhatshouldbeMyContribution.BoD.md
[22:28:14] [Info] Updated modtime for fileDescriptor 700GTD_WhatshouldbeMyContribution.BoD.md to 1608915494027
[22:28:14] [Info] File 700GTD_WhatshouldbeMyContribution.BoD.md saved.
[22:28:29] [Info] Saving file 700GTD_WhatshouldbeMyContribution.BoD.md...
[22:28:29] [Info] [WATCHDOG] Ignore event: change:/home/rahu/Dropbox/EverydayDo/3400_Routine/myData/700GTD_WhatshouldbeMyContribution.BoD.md
[22:28:29] [Info] Updated modtime for fileDescriptor 700GTD_WhatshouldbeMyContribution.BoD.md to 1608915509843
[22:28:29] [Info] File 700GTD_WhatshouldbeMyContribution.BoD.md saved.
[22:28:45] [Info] Saving file 800Hygiene_Shaving.yn.dijo.yn.md...
[22:28:45] [Info] [WATCHDOG] Ignore event: change:/home/rahu/Dropbox/EverydayDo/3400_Routine/myData/800Hygiene_Shaving.yn.dijo.yn.md
[22:28:45] [Info] Updated modtime for fileDescriptor 800Hygiene_Shaving.yn.dijo.yn.md to 1608915525828
[22:28:45] [Info] File 800Hygiene_Shaving.yn.dijo.yn.md saved.
[22:29:02] [Info] Saving file 1200Family_MadeBedin10.yn.dijo.yn.md...
[22:29:02] [Info] [WATCHDOG] Ignore event: change:/home/rahu/Dropbox/EverydayDo/3400_Routine/myData/1200Family_MadeBedin10.yn.dijo.yn.md
[22:29:02] [Info] Updated modtime for fileDescriptor 1200Family_MadeBedin10.yn.dijo.yn.md to 1608915542544
[22:29:02] [Info] File 1200Family_MadeBedin10.yn.dijo.yn.md saved.
[22:29:20] [Info] Saving file 1200Family_WashFaceArtiDi.yn.dijo.yn.md...
[22:29:20] [Info] [WATCHDOG] Ignore event: change:/home/rahu/Dropbox/EverydayDo/3400_Routine/myData/1200Family_WashFaceArtiDi.yn.dijo.yn.md
[22:29:20] [Info] Updated modtime for fileDescriptor 1200Family_WashFaceArtiDi.yn.dijo.yn.md to 1608915560980
[22:29:21] [Info] File 1200Family_WashFaceArtiDi.yn.dijo.yn.md saved.
[22:29:52] [Info] Saving file 1200Family_WashFaceArtiDi.yn.dijo.yn.md...
[22:29:52] [Info] [WATCHDOG] Ignore event: change:/home/rahu/Dropbox/EverydayDo/3400_Routine/myData/1200Family_WashFaceArtiDi.yn.dijo.yn.md
[22:29:52] [Info] Updated modtime for fileDescriptor 1200Family_WashFaceArtiDi.yn.dijo.yn.md to 1608915592756
[22:29:52] [Info] File 1200Family_WashFaceArtiDi.yn.dijo.yn.md saved.
[22:29:58] [Info] Saving file 1200Family_WashFaceArtiDi.yn.dijo.yn.md...
[22:29:58] [Info] [WATCHDOG] Ignore event: change:/home/rahu/Dropbox/EverydayDo/3400_Routine/myData/1200Family_WashFaceArtiDi.yn.dijo.yn.md
[22:29:58] [Info] Updated modtime for fileDescriptor 1200Family_WashFaceArtiDi.yn.dijo.yn.md to 1608915598260
[22:29:58] [Info] File 1200Family_WashFaceArtiDi.yn.dijo.yn.md saved.
[22:30:10] [Info] Saving file 1300_ins_HowCouldIhavemadetodayBetter.EoD.md...
[22:30:10] [Info] [WATCHDOG] Ignore event: change:/home/rahu/Dropbox/EverydayDo/3400_Routine/myData/1300_ins_HowCouldIhavemadetodayBetter.EoD.md
[22:30:10] [Info] Updated modtime for fileDescriptor 1300_ins_HowCouldIhavemadetodayBetter.EoD.md to 1608915610269
[22:30:10] [Info] File 1300_ins_HowCouldIhavemadetodayBetter.EoD.md saved.
[22:30:16] [Info] Saving file 1300_ins_HowCouldIhavemadetodayBetter.EoD.md...
[22:30:16] [Info] [WATCHDOG] Ignore event: change:/home/rahu/Dropbox/EverydayDo/3400_Routine/myData/1300_ins_HowCouldIhavemadetodayBetter.EoD.md
[22:30:16] [Info] Updated modtime for fileDescriptor 1300_ins_HowCouldIhavemadetodayBetter.EoD.md to 1608915616733
[22:30:16] [Info] File 1300_ins_HowCouldIhavemadetodayBetter.EoD.md saved.
[22:30:47] [Info] Saving file 1300_inspi_AmazingThingsThatHappenedToday.EoD.md...
[22:30:47] [Info] [WATCHDOG] Ignore event: change:/home/rahu/Dropbox/EverydayDo/3400_Routine/myData/1300_inspi_AmazingThingsThatHappenedToday.EoD.md
[22:30:47] [Info] Updated modtime for fileDescriptor 1300_inspi_AmazingThingsThatHappenedToday.EoD.md to 1608915647925
[22:30:47] [Info] File 1300_inspi_AmazingThingsThatHappenedToday.EoD.md saved.
[22:30:52] [Info] Saving file 1300_inspi_AmazingThingsThatHappenedToday.EoD.md...
[22:30:52] [Info] [WATCHDOG] Ignore event: change:/home/rahu/Dropbox/EverydayDo/3400_Routine/myData/1300_inspi_AmazingThingsThatHappenedToday.EoD.md
[22:30:52] [Info] Updated modtime for fileDescriptor 1300_inspi_AmazingThingsThatHappenedToday.EoD.md to 1608915652321
[22:30:52] [Info] File 1300_inspi_AmazingThingsThatHappenedToday.EoD.md saved.
[22:31:00] [Info] Saving file 1800Weight_ThyroxineTaken.yn.dijo.yn.md...
[22:31:00] [Info] [WATCHDOG] Ignore event: change:/home/rahu/Dropbox/EverydayDo/3400_Routine/myData/1800Weight_ThyroxineTaken.yn.dijo.yn.md
[22:31:00] [Info] Updated modtime for fileDescriptor 1800Weight_ThyroxineTaken.yn.dijo.yn.md to 1608915660385
[22:31:00] [Info] File 1800Weight_ThyroxineTaken.yn.dijo.yn.md saved.
[22:31:14] [Info] Saving file 2200GetDressedAppropriately.yn.dijo.yn.md...
[22:31:14] [Info] [WATCHDOG] Ignore event: change:/home/rahu/Dropbox/EverydayDo/3400_Routine/myData/2200GetDressedAppropriately.yn.dijo.yn.md
[22:31:14] [Info] Updated modtime for fileDescriptor 2200GetDressedAppropriately.yn.dijo.yn.md to 1608915674829
[22:31:14] [Info] File 2200GetDressedAppropriately.yn.dijo.yn.md saved.
[22:31:34] [Info] Saving file 2400Ref_didPocket.yn.dijo.yn.md...
[22:31:34] [Info] [WATCHDOG] Ignore event: change:/home/rahu/Dropbox/EverydayDo/3400_Routine/myData/2400Ref_didPocket.yn.dijo.yn.md
[22:31:34] [Info] Updated modtime for fileDescriptor 2400Ref_didPocket.yn.dijo.yn.md to 1608915694518
[22:31:34] [Info] File 2400Ref_didPocket.yn.dijo.yn.md saved.
[22:31:43] [Info] Saving file 2400Ref_Print365.yn.dijo.yn.md...
[22:31:43] [Info] [WATCHDOG] Ignore event: change:/home/rahu/Dropbox/EverydayDo/3400_Routine/myData/2400Ref_Print365.yn.dijo.yn.md
[22:31:43] [Info] Updated modtime for fileDescriptor 2400Ref_Print365.yn.dijo.yn.md to 1608915703070
[22:31:43] [Info] File 2400Ref_Print365.yn.dijo.yn.md saved.
[22:31:52] [Info] Saving file 2400Ref_surfInternetNUM.dev.md...
[22:31:52] [Info] [WATCHDOG] Ignore event: change:/home/rahu/Dropbox/EverydayDo/3400_Routine/myData/2400Ref_surfInternetNUM.dev.md
[22:31:52] [Info] Updated modtime for fileDescriptor 2400Ref_surfInternetNUM.dev.md to 1608915712278
[22:31:52] [Info] File 2400Ref_surfInternetNUM.dev.md saved.
[22:31:57] [Info] Saving file 3400_BreaksTakenNUM.dev.md...
[22:31:57] [Info] [WATCHDOG] Ignore event: change:/home/rahu/Dropbox/EverydayDo/3400_Routine/myData/3400_BreaksTakenNUM.dev.md
[22:31:57] [Info] Updated modtime for fileDescriptor 3400_BreaksTakenNUM.dev.md to 1608915717374
[22:31:57] [Info] File 3400_BreaksTakenNUM.dev.md saved.
[22:32:01] [Info] Saving file 3400BreakFastTimeNUM.dev.md...
[22:32:01] [Info] [WATCHDOG] Ignore event: change:/home/rahu/Dropbox/EverydayDo/3400_Routine/myData/3400BreakFastTimeNUM.dev.md
[22:32:01] [Info] Updated modtime for fileDescriptor 3400BreakFastTimeNUM.dev.md to 1608915721778
[22:32:01] [Info] File 3400BreakFastTimeNUM.dev.md saved.
[22:32:06] [Info] Saving file 3400DinnerTimeNUM.dev.md...
[22:32:06] [Info] [WATCHDOG] Ignore event: change:/home/rahu/Dropbox/EverydayDo/3400_Routine/myData/3400DinnerTimeNUM.dev.md
[22:32:06] [Info] Updated modtime for fileDescriptor 3400DinnerTimeNUM.dev.md to 1608915726650
[22:32:06] [Info] File 3400DinnerTimeNUM.dev.md saved.
[22:32:19] [Info] Saving file 3400FinishOnTimeNUM.dev.md...
[22:32:19] [Info] [WATCHDOG] Ignore event: change:/home/rahu/Dropbox/EverydayDo/3400_Routine/myData/3400FinishOnTimeNUM.dev.md
[22:32:19] [Info] Updated modtime for fileDescriptor 3400FinishOnTimeNUM.dev.md to 1608915739654
[22:32:19] [Info] File 3400FinishOnTimeNUM.dev.md saved.
[22:32:33] [Info] Saving file 3400LunchTimeNUM.dev.md...
[22:32:33] [Info] [WATCHDOG] Ignore event: change:/home/rahu/Dropbox/EverydayDo/3400_Routine/myData/3400LunchTimeNUM.dev.md
[22:32:33] [Info] Updated modtime for fileDescriptor 3400LunchTimeNUM.dev.md to 1608915753394
[22:32:33] [Info] File 3400LunchTimeNUM.dev.md saved.
[22:32:39] [Info] Saving file 3400SleepingTimeNUM.dev.md...
[22:32:39] [Info] [WATCHDOG] Ignore event: change:/home/rahu/Dropbox/EverydayDo/3400_Routine/myData/3400SleepingTimeNUM.dev.md
[22:32:39] [Info] Updated modtime for fileDescriptor 3400SleepingTimeNUM.dev.md to 1608915759058
[22:32:39] [Info] File 3400SleepingTimeNUM.dev.md saved.
[22:32:43] [Info] Saving file 3400Start_the_Day_onTimeNUM.dev.md...
[22:32:43] [Info] [WATCHDOG] Ignore event: change:/home/rahu/Dropbox/EverydayDo/3400_Routine/myData/3400Start_the_Day_onTimeNUM.dev.md
[22:32:43] [Info] Updated modtime for fileDescriptor 3400Start_the_Day_onTimeNUM.dev.md to 1608915763642
[22:32:43] [Info] File 3400Start_the_Day_onTimeNUM.dev.md saved.
[22:32:54] [Info] Saving file AstroSignificance.EoD.md...
[22:32:54] [Info] [WATCHDOG] Ignore event: change:/home/rahu/Dropbox/EverydayDo/3400_Routine/myData/AstroSignificance.EoD.md
[22:32:54] [Info] Updated modtime for fileDescriptor AstroSignificance.EoD.md to 1608915774311
[22:32:54] [Info] File AstroSignificance.EoD.md saved.
[22:33:04] [Info] Saving file DidISeeSunSetNUM.EoD.md...
[22:33:04] [Info] [WATCHDOG] Ignore event: change:/home/rahu/Dropbox/EverydayDo/3400_Routine/myData/DidISeeSunSetNUM.EoD.md
[22:33:04] [Info] Updated modtime for fileDescriptor DidISeeSunSetNUM.EoD.md to 1608915784179
[22:33:04] [Info] File DidISeeSunSetNUM.EoD.md saved.
[22:33:17] [Info] Saving file diduBlog2day.yn.md...
[22:33:17] [Info] [WATCHDOG] Ignore event: change:/home/rahu/Dropbox/EverydayDo/3400_Routine/myData/diduBlog2day.yn.md
[22:33:17] [Info] Updated modtime for fileDescriptor diduBlog2day.yn.md to 1608915797447
[22:33:17] [Info] File diduBlog2day.yn.md saved.
[22:33:36] [Info] Saving file DiplomacyToday.EoD.md...
[22:33:36] [Info] [WATCHDOG] Ignore event: change:/home/rahu/Dropbox/EverydayDo/3400_Routine/myData/DiplomacyToday.EoD.md
[22:33:36] [Info] Updated modtime for fileDescriptor DiplomacyToday.EoD.md to 1608915816635
[22:33:36] [Info] File DiplomacyToday.EoD.md saved.
[22:33:50] [Info] Saving file GoodQuestionsToday.EoD.md...
[22:33:50] [Info] [WATCHDOG] Ignore event: change:/home/rahu/Dropbox/EverydayDo/3400_Routine/myData/GoodQuestionsToday.EoD.md
[22:33:50] [Info] Updated modtime for fileDescriptor GoodQuestionsToday.EoD.md to 1608915830875
[22:33:50] [Info] File GoodQuestionsToday.EoD.md saved.
[22:34:05] [Info] Saving file goUpstairs.yn.dijo.yn.md...
[22:34:05] [Info] [WATCHDOG] Ignore event: change:/home/rahu/Dropbox/EverydayDo/3400_Routine/myData/goUpstairs.yn.dijo.yn.md
[22:34:05] [Info] Updated modtime for fileDescriptor goUpstairs.yn.dijo.yn.md to 1608915845043
[22:34:05] [Info] File goUpstairs.yn.dijo.yn.md saved.
[22:34:14] [Info] Saving file Imp_Body_OfWork.EoD.md...
[22:34:14] [Info] [WATCHDOG] Ignore event: change:/home/rahu/Dropbox/EverydayDo/3400_Routine/myData/Imp_Body_OfWork.EoD.md
[22:34:14] [Info] Updated modtime for fileDescriptor Imp_Body_OfWork.EoD.md to 1608915854820
[22:34:14] [Info] File Imp_Body_OfWork.EoD.md saved.
[22:34:22] [Info] Saving file Imp500_CodewithHarryNUM.dev.md...
[22:34:22] [Info] [WATCHDOG] Ignore event: change:/home/rahu/Dropbox/EverydayDo/3400_Routine/myData/Imp500_CodewithHarryNUM.dev.md
[22:34:22] [Info] Updated modtime for fileDescriptor Imp500_CodewithHarryNUM.dev.md to 1608915862704
[22:34:22] [Info] File Imp500_CodewithHarryNUM.dev.md saved.
[22:34:44] [Info] Saving file Imp700GTD_DecideGoals4TheDay.BoD.md...
[22:34:44] [Info] [WATCHDOG] Ignore event: change:/home/rahu/Dropbox/EverydayDo/3400_Routine/myData/Imp700GTD_DecideGoals4TheDay.BoD.md
[22:34:44] [Info] Updated modtime for fileDescriptor Imp700GTD_DecideGoals4TheDay.BoD.md to 1608915884640
[22:34:44] [Info] File Imp700GTD_DecideGoals4TheDay.BoD.md saved.
[22:34:53] [Info] Saving file Imp700GTD_DecideGoals4TheDay.BoD.md...
[22:34:53] [Info] [WATCHDOG] Ignore event: change:/home/rahu/Dropbox/EverydayDo/3400_Routine/myData/Imp700GTD_DecideGoals4TheDay.BoD.md
[22:34:53] [Info] Updated modtime for fileDescriptor Imp700GTD_DecideGoals4TheDay.BoD.md to 1608915893248
[22:34:53] [Info] File Imp700GTD_DecideGoals4TheDay.BoD.md saved.
[22:35:08] [Info] Saving file Imp700GTD_DecideGoals4TheDay.BoD.md...
[22:35:08] [Info] [WATCHDOG] Ignore event: change:/home/rahu/Dropbox/EverydayDo/3400_Routine/myData/Imp700GTD_DecideGoals4TheDay.BoD.md
[22:35:08] [Info] Updated modtime for fileDescriptor Imp700GTD_DecideGoals4TheDay.BoD.md to 1608915908104
[22:35:08] [Info] File Imp700GTD_DecideGoals4TheDay.BoD.md saved.
[22:35:19] [Info] Saving file Imp700GTD_DecideGoals4TheDay.BoD.md...
[22:35:19] [Info] [WATCHDOG] Ignore event: change:/home/rahu/Dropbox/EverydayDo/3400_Routine/myData/Imp700GTD_DecideGoals4TheDay.BoD.md
[22:35:19] [Info] Updated modtime for fileDescriptor Imp700GTD_DecideGoals4TheDay.BoD.md to 1608915919080
[22:35:19] [Info] File Imp700GTD_DecideGoals4TheDay.BoD.md saved.
[22:35:28] [Info] Saving file Imp700GTD_DecideGoals4TheDay.BoD.md...
[22:35:28] [Info] [WATCHDOG] Ignore event: change:/home/rahu/Dropbox/EverydayDo/3400_Routine/myData/Imp700GTD_DecideGoals4TheDay.BoD.md
[22:35:28] [Info] Updated modtime for fileDescriptor Imp700GTD_DecideGoals4TheDay.BoD.md to 1608915928464
[22:35:28] [Info] File Imp700GTD_DecideGoals4TheDay.BoD.md saved.
[22:35:49] [Info] Saving file Imp700GTD_PeopleConnect2.BoD.md...
[22:35:49] [Info] [WATCHDOG] Ignore event: change:/home/rahu/Dropbox/EverydayDo/3400_Routine/myData/Imp700GTD_PeopleConnect2.BoD.md
[22:35:49] [Info] Updated modtime for fileDescriptor Imp700GTD_PeopleConnect2.BoD.md to 1608915949633
[22:35:49] [Info] File Imp700GTD_PeopleConnect2.BoD.md saved.
[22:36:02] [Info] Saving file Imp700GTD_WhatWouldMaketodayGreat.BoD.md...
[22:36:03] [Info] [WATCHDOG] Ignore event: change:/home/rahu/Dropbox/EverydayDo/3400_Routine/myData/Imp700GTD_WhatWouldMaketodayGreat.BoD.md
[22:36:03] [Info] Updated modtime for fileDescriptor Imp700GTD_WhatWouldMaketodayGreat.BoD.md to 1608915962993
[22:36:03] [Info] File Imp700GTD_WhatWouldMaketodayGreat.BoD.md saved.
[22:36:28] [Info] Saving file Imp800Hygiene_BathTimeNUM.dev.md...
[22:36:28] [Info] [WATCHDOG] Ignore event: change:/home/rahu/Dropbox/EverydayDo/3400_Routine/myData/Imp800Hygiene_BathTimeNUM.dev.md
[22:36:28] [Info] Updated modtime for fileDescriptor Imp800Hygiene_BathTimeNUM.dev.md to 1608915988105
[22:36:28] [Info] File Imp800Hygiene_BathTimeNUM.dev.md saved.
[22:36:33] [Info] Saving file Imp800Hygiene_BrushTime.yn.md...
[22:36:33] [Info] [WATCHDOG] Ignore event: change:/home/rahu/Dropbox/EverydayDo/3400_Routine/myData/Imp800Hygiene_BrushTime.yn.md
[22:36:33] [Info] Updated modtime for fileDescriptor Imp800Hygiene_BrushTime.yn.md to 1608915993869
[22:36:33] [Info] File Imp800Hygiene_BrushTime.yn.md saved.
[22:36:40] [Info] Saving file Imp1800Excercise.yn.md...
[22:36:40] [Info] [WATCHDOG] Ignore event: change:/home/rahu/Dropbox/EverydayDo/3400_Routine/myData/Imp1800Excercise.yn.md
[22:36:40] [Info] Updated modtime for fileDescriptor Imp1800Excercise.yn.md to 1608916000161
[22:36:40] [Info] File Imp1800Excercise.yn.md saved.
[22:36:45] [Info] Saving file Imp2250_jobSearchNUM.dev.md...
[22:36:45] [Info] [WATCHDOG] Ignore event: change:/home/rahu/Dropbox/EverydayDo/3400_Routine/myData/Imp2250_jobSearchNUM.dev.md
[22:36:45] [Info] Updated modtime for fileDescriptor Imp2250_jobSearchNUM.dev.md to 1608916005941
[22:36:45] [Info] File Imp2250_jobSearchNUM.dev.md saved.
[22:36:51] [Info] Saving file Imp3100GoodDeed4Day.EoD.md...
[22:36:51] [Info] [WATCHDOG] Ignore event: change:/home/rahu/Dropbox/EverydayDo/3400_Routine/myData/Imp3100GoodDeed4Day.EoD.md
[22:36:51] [Info] Updated modtime for fileDescriptor Imp3100GoodDeed4Day.EoD.md to 1608916011365
[22:36:51] [Info] File Imp3100GoodDeed4Day.EoD.md saved.
[22:36:57] [Info] Saving file Imp3100PoojaMorning.yn.md...
[22:36:57] [Info] [WATCHDOG] Ignore event: change:/home/rahu/Dropbox/EverydayDo/3400_Routine/myData/Imp3100PoojaMorning.yn.md
[22:36:57] [Info] Updated modtime for fileDescriptor Imp3100PoojaMorning.yn.md to 1608916017009
[22:36:57] [Info] File Imp3100PoojaMorning.yn.md saved.
[22:37:07] [Info] Saving file Imp3100GoodDeed4Day.EoD.md...
[22:37:07] [Info] [WATCHDOG] Ignore event: change:/home/rahu/Dropbox/EverydayDo/3400_Routine/myData/Imp3100GoodDeed4Day.EoD.md
[22:37:07] [Info] Updated modtime for fileDescriptor Imp3100GoodDeed4Day.EoD.md to 1608916027974
[22:37:07] [Info] File Imp3100GoodDeed4Day.EoD.md saved.
[22:37:18] [Info] Saving file Imp3100GoodDeed4Day.EoD.md...
[22:37:18] [Info] [WATCHDOG] Ignore event: change:/home/rahu/Dropbox/EverydayDo/3400_Routine/myData/Imp3100GoodDeed4Day.EoD.md
[22:37:18] [Info] Updated modtime for fileDescriptor Imp3100GoodDeed4Day.EoD.md to 1608916038974
[22:37:18] [Info] File Imp3100GoodDeed4Day.EoD.md saved.
[22:37:48] [Info] Saving file Imp3100GoodDeed4Day.EoD.md...
[22:37:48] [Info] [WATCHDOG] Ignore event: change:/home/rahu/Dropbox/EverydayDo/3400_Routine/myData/Imp3100GoodDeed4Day.EoD.md
[22:37:48] [Info] Updated modtime for fileDescriptor Imp3100GoodDeed4Day.EoD.md to 1608916068890
[22:37:48] [Info] File Imp3100GoodDeed4Day.EoD.md saved.
[22:38:04] [Info] Saving file ImpdiduGoOutToday.yn.md...
[22:38:04] [Info] [WATCHDOG] Ignore event: change:/home/rahu/Dropbox/EverydayDo/3400_Routine/myData/ImpdiduGoOutToday.yn.md
[22:38:04] [Info] Updated modtime for fileDescriptor ImpdiduGoOutToday.yn.md to 1608916084178
[22:38:04] [Info] File ImpdiduGoOutToday.yn.md saved.
[22:38:19] [Info] Saving file ImpTodaysIncome.EoD.md...
[22:38:19] [Info] [WATCHDOG] Ignore event: change:/home/rahu/Dropbox/EverydayDo/3400_Routine/myData/ImpTodaysIncome.EoD.md
[22:38:19] [Info] Updated modtime for fileDescriptor ImpTodaysIncome.EoD.md to 1608916099530
[22:38:19] [Info] File ImpTodaysIncome.EoD.md saved.
[22:38:37] [Info] Saving file ImpTodaysIncome.EoD.md...
[22:38:37] [Info] [WATCHDOG] Ignore event: change:/home/rahu/Dropbox/EverydayDo/3400_Routine/myData/ImpTodaysIncome.EoD.md
[22:38:37] [Info] Updated modtime for fileDescriptor ImpTodaysIncome.EoD.md to 1608916117471
[22:38:37] [Info] File ImpTodaysIncome.EoD.md saved.
[22:38:48] [Info] Saving file ImpTodaysIncome.EoD.md...
[22:38:48] [Info] [WATCHDOG] Ignore event: change:/home/rahu/Dropbox/EverydayDo/3400_Routine/myData/ImpTodaysIncome.EoD.md
[22:38:48] [Info] Updated modtime for fileDescriptor ImpTodaysIncome.EoD.md to 1608916128107
[22:38:48] [Info] File ImpTodaysIncome.EoD.md saved.
[22:39:00] [Info] Saving file ImpVisitLinks.yn.md...
[22:39:00] [Info] [WATCHDOG] Ignore event: change:/home/rahu/Dropbox/EverydayDo/3400_Routine/myData/ImpVisitLinks.yn.md
[22:39:00] [Info] Updated modtime for fileDescriptor ImpVisitLinks.yn.md to 1608916140267
[22:39:00] [Info] File ImpVisitLinks.yn.md saved.
[22:39:12] [Info] Saving file KhanAcademywithDhruva.yn.md...
[22:39:12] [Info] [WATCHDOG] Ignore event: change:/home/rahu/Dropbox/EverydayDo/3400_Routine/myData/KhanAcademywithDhruva.yn.md
[22:39:12] [Info] Updated modtime for fileDescriptor KhanAcademywithDhruva.yn.md to 1608916152963
[22:39:12] [Info] File KhanAcademywithDhruva.yn.md saved.
[22:39:22] [Info] Saving file Mustdoby.EoD.md...
[22:39:22] [Info] [WATCHDOG] Ignore event: change:/home/rahu/Dropbox/EverydayDo/3400_Routine/myData/Mustdoby.EoD.md
[22:39:22] [Info] Updated modtime for fileDescriptor Mustdoby.EoD.md to 1608916162183
[22:39:22] [Info] File Mustdoby.EoD.md saved.
[22:39:32] [Info] Saving file OreillyCompletion.EoD.md...
[22:39:32] [Info] [WATCHDOG] Ignore event: change:/home/rahu/Dropbox/EverydayDo/3400_Routine/myData/OreillyCompletion.EoD.md
[22:39:32] [Info] Updated modtime for fileDescriptor OreillyCompletion.EoD.md to 1608916172263
[22:39:32] [Info] File OreillyCompletion.EoD.md saved.
[22:39:41] [Info] Saving file QuotesWHichInspiredmeToday.EoD.md...
[22:39:41] [Info] [WATCHDOG] Ignore event: change:/home/rahu/Dropbox/EverydayDo/3400_Routine/myData/QuotesWHichInspiredmeToday.EoD.md
[22:39:41] [Info] Updated modtime for fileDescriptor QuotesWHichInspiredmeToday.EoD.md to 1608916181795
[22:39:41] [Info] File QuotesWHichInspiredmeToday.EoD.md saved.
[22:39:46] [Info] Saving file ToBuy.BoD.md...
[22:39:46] [Info] [WATCHDOG] Ignore event: change:/home/rahu/Dropbox/EverydayDo/3400_Routine/myData/ToBuy.BoD.md
[22:39:46] [Info] Updated modtime for fileDescriptor ToBuy.BoD.md to 1608916186927
[22:39:46] [Info] File ToBuy.BoD.md saved.
[22:40:08] [Info] Saving file What_U_earn_4SelfToday.EoD.md...
[22:40:08] [Info] [WATCHDOG] Ignore event: change:/home/rahu/Dropbox/EverydayDo/3400_Routine/myData/What_U_earn_4SelfToday.EoD.md
[22:40:08] [Info] Updated modtime for fileDescriptor What_U_earn_4SelfToday.EoD.md to 1608916208520
[22:40:08] [Info] File What_U_earn_4SelfToday.EoD.md saved.
[22:40:16] [Info] Saving file WhatalluAteYesterday.BoD.md...
[22:40:16] [Info] [WATCHDOG] Ignore event: change:/home/rahu/Dropbox/EverydayDo/3400_Routine/myData/WhatalluAteYesterday.BoD.md
[22:40:16] [Info] Updated modtime for fileDescriptor WhatalluAteYesterday.BoD.md to 1608916216748
[22:40:16] [Info] File WhatalluAteYesterday.BoD.md saved.
[22:40:31] [Info] Updated modtime for fileDescriptor WhatalluAteToday.BoD.md to 1608916216748
[22:40:31] [Info] [WATCHDOG] Ignore event: add:/home/rahu/Dropbox/EverydayDo/3400_Routine/myData/WhatalluAteToday.BoD.md
[22:40:31] [Info] [WATCHDOG] Ignore event: unlink:/home/rahu/Dropbox/EverydayDo/3400_Routine/myData/WhatalluAteYesterday.BoD.md
[22:40:44] [Info] Saving file WhatalluAteToday.BoD.md...
[22:40:44] [Info] [WATCHDOG] Ignore event: change:/home/rahu/Dropbox/EverydayDo/3400_Routine/myData/WhatalluAteToday.BoD.md
[22:40:44] [Info] Updated modtime for fileDescriptor WhatalluAteToday.BoD.md to 1608916244620
[22:40:44] [Info] File WhatalluAteToday.BoD.md saved.
[22:41:43] [Info] Saving file WhatalluAteToday.BoD.md...
[22:41:43] [Info] [WATCHDOG] Ignore event: change:/home/rahu/Dropbox/EverydayDo/3400_Routine/myData/WhatalluAteToday.BoD.md
[22:41:43] [Info] Updated modtime for fileDescriptor WhatalluAteToday.BoD.md to 1608916303785
[22:41:43] [Info] File WhatalluAteToday.BoD.md saved.
[22:42:13] [Info] Saving file WhatalluAteToday.BoD.md...
[22:42:13] [Info] [WATCHDOG] Ignore event: change:/home/rahu/Dropbox/EverydayDo/3400_Routine/myData/WhatalluAteToday.BoD.md
[22:42:13] [Info] Updated modtime for fileDescriptor WhatalluAteToday.BoD.md to 1608916333793
[22:42:13] [Info] File WhatalluAteToday.BoD.md saved.
[22:42:36] [Info] Saving file WhatalluAteToday.BoD.md...
[22:42:36] [Info] [WATCHDOG] Ignore event: change:/home/rahu/Dropbox/EverydayDo/3400_Routine/myData/WhatalluAteToday.BoD.md
[22:42:36] [Info] Updated modtime for fileDescriptor WhatalluAteToday.BoD.md to 1608916356917
[22:42:36] [Info] File WhatalluAteToday.BoD.md saved.
[22:42:59] [Info] Saving file WhatdidNOTwork_learnt_nxtTime.BoD.md...
[22:42:59] [Info] [WATCHDOG] Ignore event: change:/home/rahu/Dropbox/EverydayDo/3400_Routine/myData/WhatdidNOTwork_learnt_nxtTime.BoD.md
[22:42:59] [Info] Updated modtime for fileDescriptor WhatdidNOTwork_learnt_nxtTime.BoD.md to 1608916379249
[22:42:59] [Info] File WhatdidNOTwork_learnt_nxtTime.BoD.md saved.
[22:43:08] [Info] Saving file WhatdidNOTwork_learnt_nxtTime.BoD.md...
[22:43:08] [Info] [WATCHDOG] Ignore event: change:/home/rahu/Dropbox/EverydayDo/3400_Routine/myData/WhatdidNOTwork_learnt_nxtTime.BoD.md
[22:43:08] [Info] Updated modtime for fileDescriptor WhatdidNOTwork_learnt_nxtTime.BoD.md to 1608916388494
[22:43:08] [Info] File WhatdidNOTwork_learnt_nxtTime.BoD.md saved.
[22:50:49] [Info] さようなら！ Shutting down at Fri Dec 25 2020 22:50:49 GMT+0530 (India Standard Time)
[22:51:14] [Info] こんにちは！ Booting Zettlr at Fri Dec 25 2020 22:51:13 GMT+0530 (India Standard Time).
[22:51:14] [Info] Performing environment check ...
[22:51:14] [Info] Environment check complete.
[22:51:14] [Info] Registering custom protocol safe-file
[22:51:14] [Info] [Citeproc Provider] There is no CSL library selected in the preferences. Nothing to do.
[22:51:15] [Info] Added DevTools extension:  Vue.js devtools
[22:51:20] [Info] Loaded all roots in 4.715 seconds
[23:12:05] [Info] [WATCHDOG] Ignore event: add:/home/rahu/Homebox/EverydayDo/800_Hygiene/2020_12_25_23_12_04.md
[23:15:15] [Info] さようなら！ Shutting down at Fri Dec 25 2020 23:15:15 GMT+0530 (India Standard Time)
[23:15:40] [Info] こんにちは！ Booting Zettlr at Fri Dec 25 2020 23:15:40 GMT+0530 (India Standard Time).
[23:15:40] [Info] Performing environment check ...
[23:15:40] [Info] Environment check complete.
[23:15:40] [Info] Registering custom protocol safe-file
[23:15:40] [Info] [Citeproc Provider] There is no CSL library selected in the preferences. Nothing to do.
[23:15:41] [Info] Loaded all roots in 0.002 seconds
[23:15:41] [Info] Added DevTools extension:  Vue.js devtools
[23:20:33] [Info] [WATCHDOG] Ignore event: addDir:/home/rahu/Homebox/EverydayDo/FreeSoftwareNews
[23:20:40] [Info] [WATCHDOG] Ignore event: add:/home/rahu/Homebox/EverydayDo/FreeSoftwareNews/2020_12_25_23_20_39.md
[23:21:17] [Info] Saving file 2020_12_25_23_20_39.md...
[23:21:17] [Info] [WATCHDOG] Ignore event: change:/home/rahu/Homebox/EverydayDo/FreeSoftwareNews/2020_12_25_23_20_39.md
[23:21:17] [Info] Updated modtime for fileDescriptor 2020_12_25_23_20_39.md to 1608918677231
[23:21:17] [Info] File 2020_12_25_23_20_39.md saved.
[23:27:25] [Info] Saving file 1myProgress_1600_RoutineDRAMAL1.md...
[23:27:25] [Info] [WATCHDOG] Ignore event: change:/home/rahu/Homebox/RememberThese/1myProgress_1600_RoutineDRAMAL1.md
[23:27:25] [Info] Updated modtime for fileDescriptor 1myProgress_1600_RoutineDRAMAL1.md to 1608919045754
[23:27:25] [Info] File 1myProgress_1600_RoutineDRAMAL1.md saved.
[23:28:04] [Info] Saving file 2020_11_18_20_00_45.md...
[23:28:04] [Info] [WATCHDOG] Ignore event: change:/home/rahu/Homebox/RememberThese/2020_11_18_20_00_45.md
[23:28:04] [Info] Updated modtime for fileDescriptor 2020_11_18_20_00_45.md to 1608919084014
[23:28:04] [Info] File 2020_11_18_20_00_45.md saved.
[23:28:43] [Info] Updated modtime for fileDescriptor OnlineConf_BestRulesZOom.md to 1576313386000
[23:28:43] [Info] [WATCHDOG] Ignore event: add:/home/rahu/Homebox/RememberThese/OnlineConf_BestRulesZOom.md
[23:28:43] [Info] [WATCHDOG] Ignore event: unlink:/home/rahu/Homebox/RememberThese/ConferanceCallsRules.md
[23:28:58] [Info] Saving file ConvincingBoss2Sendu2Conf.md...
[23:28:58] [Info] [WATCHDOG] Ignore event: change:/home/rahu/Homebox/RememberThese/ConvincingBoss2Sendu2Conf.md
[23:28:58] [Info] Updated modtime for fileDescriptor ConvincingBoss2Sendu2Conf.md to 1608919138113
[23:28:58] [Info] File ConvincingBoss2Sendu2Conf.md saved.
[23:29:16] [Info] Saving file ConvincingBoss2Sendu2Conf.md...
[23:29:16] [Info] [WATCHDOG] Ignore event: change:/home/rahu/Homebox/RememberThese/ConvincingBoss2Sendu2Conf.md
[23:29:16] [Info] Updated modtime for fileDescriptor ConvincingBoss2Sendu2Conf.md to 1608919156793
[23:29:16] [Info] File ConvincingBoss2Sendu2Conf.md saved.
[23:31:57] [Info] Saving file OneDayBeforeExam.md...
[23:31:57] [Info] [WATCHDOG] Ignore event: change:/home/rahu/Homebox/Upskillin/2238_AWSCertification1/OneDayBeforeExam.md
[23:31:57] [Info] Updated modtime for fileDescriptor OneDayBeforeExam.md to 1608919317489
[23:31:57] [Info] File OneDayBeforeExam.md saved.
[23:32:04] [Info] Saving file OneWeekBeforeExam.md...
[23:32:04] [Info] [WATCHDOG] Ignore event: change:/home/rahu/Homebox/Upskillin/2238_AWSCertification1/OneWeekBeforeExam.md
[23:32:04] [Info] Updated modtime for fileDescriptor OneWeekBeforeExam.md to 1608919324285
[23:32:04] [Info] File OneWeekBeforeExam.md saved.
[23:32:43] [Error] Zettlr couldn't detect a LaTeX-distribution on this system. Please install LaTeX prior to exporting to PDF.
[23:33:11] [Info] さようなら！ Shutting down at Fri Dec 25 2020 23:33:11 GMT+0530 (India Standard Time)
