[20:57:15] [Info] こんにちは！ Booting Zettlr at Sat Dec 26 2020 20:57:14 GMT+0530 (India Standard Time).
[20:57:15] [Info] Performing environment check ...
[20:57:15] [Info] Environment check complete.
[20:57:15] [Info] Registering custom protocol safe-file
[20:57:15] [Info] [Citeproc Provider] There is no CSL library selected in the preferences. Nothing to do.
[20:57:15] [Info] Added DevTools extension:  Vue.js devtools
[20:57:23] [Info] Loaded all roots in 7.057 seconds
[21:11:41] [Info] Saving file 1_morningNotes_33_20190816-23_31_17_1.md...
[21:11:41] [Info] [WATCHDOG] Ignore event: change:/home/rahu/Homebox/EverydayDo/900_myMorningNotes/1_morningNotes_33_20190816-23_31_17_1.md
[21:11:41] [Info] Updated modtime for fileDescriptor 1_morningNotes_33_20190816-23_31_17_1.md to 1608997301257
[21:11:41] [Info] File 1_morningNotes_33_20190816-23_31_17_1.md saved.
[21:11:59] [Info] Saving file 1_morningNotes_33_20190816-23_31_17_1.md...
[21:11:59] [Info] [WATCHDOG] Ignore event: change:/home/rahu/Homebox/EverydayDo/900_myMorningNotes/1_morningNotes_33_20190816-23_31_17_1.md
[21:11:59] [Info] Updated modtime for fileDescriptor 1_morningNotes_33_20190816-23_31_17_1.md to 1608997319881
[21:11:59] [Info] File 1_morningNotes_33_20190816-23_31_17_1.md saved.
[21:14:03] [Info] Updated modtime for fileDescriptor delme_3Questions.md to 1591256394489
[21:14:03] [Info] [WATCHDOG] Ignore event: add:/home/rahu/Homebox/EverydayDo/900_myMorningNotes/delme_3Questions.md
[21:14:04] [Info] [WATCHDOG] Ignore event: unlink:/home/rahu/Homebox/EverydayDo/900_myMorningNotes/3Questions.md
[21:16:07] [Info] [WATCHDOG] Emitting event: add:/home/rahu/Homebox/RememberThese/airbnbSorry.md
[21:16:22] [Info] Updated modtime for fileDescriptor delmeairbnb_lettercovid.md to 1588757914000
[21:16:22] [Info] [WATCHDOG] Ignore event: add:/home/rahu/Homebox/EverydayDo/900_myMorningNotes/delmeairbnb_lettercovid.md
[21:16:22] [Info] [WATCHDOG] Ignore event: unlink:/home/rahu/Homebox/EverydayDo/900_myMorningNotes/airbnb_lettercovid.md
[21:51:29] [Info] Saving file 1_morningNotes_33_20190816-23_31_17_1.md...
[21:51:29] [Info] [WATCHDOG] Ignore event: change:/home/rahu/Homebox/EverydayDo/900_myMorningNotes/1_morningNotes_33_20190816-23_31_17_1.md
[21:51:29] [Info] Updated modtime for fileDescriptor 1_morningNotes_33_20190816-23_31_17_1.md to 1608999689509
[21:51:29] [Info] File 1_morningNotes_33_20190816-23_31_17_1.md saved.
[21:51:43] [Info] Saving file 1_morningNotes_33_20190816-23_31_17_1.md...
[21:51:43] [Info] [WATCHDOG] Ignore event: change:/home/rahu/Homebox/EverydayDo/900_myMorningNotes/1_morningNotes_33_20190816-23_31_17_1.md
[21:51:43] [Info] Updated modtime for fileDescriptor 1_morningNotes_33_20190816-23_31_17_1.md to 1608999703273
[21:51:43] [Info] File 1_morningNotes_33_20190816-23_31_17_1.md saved.
[21:51:53] [Info] Updated modtime for fileDescriptor readme_morningNotes.md to 1608999703273
[21:51:53] [Info] [WATCHDOG] Ignore event: add:/home/rahu/Homebox/EverydayDo/900_myMorningNotes/readme_morningNotes.md
[21:51:53] [Info] [WATCHDOG] Ignore event: unlink:/home/rahu/Homebox/EverydayDo/900_myMorningNotes/1_morningNotes_33_20190816-23_31_17_1.md
[21:54:23] [Info] Saving file 1myProgress_900_myMorningNotes1.md...
[21:54:23] [Info] [WATCHDOG] Ignore event: change:/home/rahu/Homebox/EverydayDo/900_myMorningNotes/1myProgress_900_myMorningNotes1.md
[21:54:23] [Info] Updated modtime for fileDescriptor 1myProgress_900_myMorningNotes1.md to 1608999863118
[21:54:23] [Info] File 1myProgress_900_myMorningNotes1.md saved.
[21:55:13] [Info] [WATCHDOG] Emitting event: unlinkDir:/home/rahu/Homebox/EverydayDo/FollowUpof/AartechBhopal
[21:55:13] [Info] [WATCHDOG] Emitting event: unlinkDir:/home/rahu/Homebox/EverydayDo/FollowUpof/AppointyBhopal
[21:55:13] [Info] [WATCHDOG] Emitting event: unlinkDir:/home/rahu/Homebox/EverydayDo/FollowUpof/CIS_Indore
[21:55:13] [Info] [WATCHDOG] Emitting event: unlinkDir:/home/rahu/Homebox/EverydayDo/FollowUpof/CompaniesInCyberPearlIndore
[21:55:13] [Info] [WATCHDOG] Emitting event: unlinkDir:/home/rahu/Homebox/EverydayDo/FollowUpof/EverestEngineering
[21:55:13] [Info] [WATCHDOG] Emitting event: unlinkDir:/home/rahu/Homebox/EverydayDo/FollowUpof/ImpetusIndore
[21:55:13] [Info] [WATCHDOG] Emitting event: unlinkDir:/home/rahu/Homebox/EverydayDo/FollowUpof/InfyIndore
[21:55:13] [Info] [WATCHDOG] Emitting event: unlinkDir:/home/rahu/Homebox/EverydayDo/FollowUpof/MinfyHyd
[21:55:13] [Info] [WATCHDOG] Emitting event: unlinkDir:/home/rahu/Homebox/EverydayDo/FollowUpof/NetlinkBhopal
[21:55:13] [Info] [WATCHDOG] Emitting event: unlinkDir:/home/rahu/Homebox/EverydayDo/FollowUpof/TCS Indore
[21:55:13] [Info] [WATCHDOG] Emitting event: unlink:/home/rahu/Homebox/EverydayDo/FollowUpof/TechPeople.md
[21:55:13] [Info] [WATCHDOG] Emitting event: unlinkDir:/home/rahu/Homebox/EverydayDo/FollowUpof
[21:56:37] [Info] Saving file 1myProgress_900_myMorningNotes1.md...
[21:56:37] [Info] [WATCHDOG] Ignore event: change:/home/rahu/Homebox/EverydayDo/900_myMorningNotes/1myProgress_900_myMorningNotes1.md
[21:56:37] [Info] Updated modtime for fileDescriptor 1myProgress_900_myMorningNotes1.md to 1608999997948
[21:56:37] [Info] File 1myProgress_900_myMorningNotes1.md saved.
[21:57:43] [Info] [WATCHDOG] Emitting event: add:/home/rahu/Homebox/RememberThese/AmazonLeadershipPrinciples.md
[21:57:55] [Info] Updated modtime for fileDescriptor delme14AmazonPrinciples.md to 1541346733000
[21:57:55] [Info] [WATCHDOG] Ignore event: add:/home/rahu/Homebox/EverydayDo/900_myMorningNotes/delme14AmazonPrinciples.md
[21:57:55] [Info] [WATCHDOG] Ignore event: unlink:/home/rahu/Homebox/EverydayDo/900_myMorningNotes/14AmazonPrinciples.md
[21:58:42] [Info] [WATCHDOG] Emitting event: add:/home/rahu/Homebox/RememberThese/68kk.md
[21:58:51] [Info] Updated modtime for fileDescriptor delme68kkNuggets.md to 1588151549000
[21:58:51] [Info] [WATCHDOG] Ignore event: add:/home/rahu/Homebox/EverydayDo/900_myMorningNotes/delme68kkNuggets.md
[21:58:51] [Info] [WATCHDOG] Ignore event: unlink:/home/rahu/Homebox/EverydayDo/900_myMorningNotes/68kkNuggets.md
[22:06:23] [Info] [WATCHDOG] Emitting event: add:/home/rahu/Homebox/EverydayDo/2100_GTD_Phone/Bhopal/AlkapuriFOlks.md
[22:16:07] [Error] Unknown command received: dir-open
[22:16:14] [Info] さようなら！ Shutting down at Sat Dec 26 2020 22:16:14 GMT+0530 (India Standard Time)
[22:55:00] [Info] こんにちは！ Booting Zettlr at Sat Dec 26 2020 22:55:00 GMT+0530 (India Standard Time).
[22:55:00] [Info] Performing environment check ...
[22:55:00] [Info] Environment check complete.
[22:55:00] [Info] Registering custom protocol safe-file
[22:55:00] [Info] [Citeproc Provider] There is no CSL library selected in the preferences. Nothing to do.
[22:55:00] [Info] Loaded all roots in 0.001 seconds
[22:55:00] [Info] Added DevTools extension:  Vue.js devtools
[22:55:20] [Info] さようなら！ Shutting down at Sat Dec 26 2020 22:55:20 GMT+0530 (India Standard Time)
