[15:45:22] [Info] こんにちは！ Booting Zettlr at Tue Jan 05 2021 15:45:21 GMT+0530 (India Standard Time).
[15:45:22] [Info] Performing environment check ...
[15:45:22] [Info] Environment check complete.
[15:45:22] [Info] Registering custom protocol safe-file
[15:45:22] [Info] [Citeproc Provider] There is no CSL library selected in the preferences. Nothing to do.
[15:45:23] [Info] Loaded all roots in 0.002 seconds
[15:45:23] [Info] Added DevTools extension:  Vue.js devtools
[16:24:58] [Error] Unknown command received: dir-open
[16:25:11] [Error] Unknown command received: dir-open
[16:26:17] [Info] Saving file readme1.md...
[16:26:17] [Info] [WATCHDOG] Ignore event: change:/home/rahu/Homebox/RememberThese/700_GTD/43F/2021/1/readme1.md
[16:26:17] [Info] Updated modtime for fileDescriptor readme1.md to 1609844177434
[16:26:17] [Info] File readme1.md saved.
[16:27:42] [Info] Saving file readme1.md...
[16:27:42] [Info] [WATCHDOG] Ignore event: change:/home/rahu/Homebox/RememberThese/700_GTD/43F/2021/1/readme1.md
[16:27:42] [Info] Updated modtime for fileDescriptor readme1.md to 1609844262290
[16:27:42] [Info] File readme1.md saved.
[16:27:58] [Info] Saving file readme1.md...
[16:27:58] [Info] [WATCHDOG] Ignore event: change:/home/rahu/Homebox/RememberThese/700_GTD/43F/2021/1/readme1.md
[16:27:58] [Info] Updated modtime for fileDescriptor readme1.md to 1609844278099
[16:27:58] [Info] File readme1.md saved.
[16:53:13] [Info] Saving file readme1.md...
[16:53:13] [Info] [WATCHDOG] Ignore event: change:/home/rahu/Homebox/RememberThese/700_GTD/43F/2021/1/readme1.md
[16:53:13] [Info] Updated modtime for fileDescriptor readme1.md to 1609845793705
[16:53:13] [Info] File readme1.md saved.
[17:01:55] [Info] Saving file readme1.md...
[17:01:55] [Info] [WATCHDOG] Ignore event: change:/home/rahu/Homebox/RememberThese/700_GTD/43F/2021/1/readme1.md
[17:01:55] [Info] Updated modtime for fileDescriptor readme1.md to 1609846315678
[17:01:55] [Info] File readme1.md saved.
[17:05:00] [Info] Saving file readme1.md...
[17:05:00] [Info] [WATCHDOG] Ignore event: change:/home/rahu/Homebox/RememberThese/700_GTD/43F/2021/1/readme1.md
[17:05:00] [Info] Updated modtime for fileDescriptor readme1.md to 1609846500076
[17:05:00] [Info] File readme1.md saved.
[17:14:06] [Info] Saving file readme1.md...
[17:14:06] [Info] [WATCHDOG] Ignore event: change:/home/rahu/Homebox/RememberThese/700_GTD/43F/2021/1/readme1.md
[17:14:06] [Info] Updated modtime for fileDescriptor readme1.md to 1609847046553
[17:14:06] [Info] File readme1.md saved.
[17:14:23] [Info] Saving file readme1.md...
[17:14:23] [Info] [WATCHDOG] Ignore event: change:/home/rahu/Homebox/RememberThese/700_GTD/43F/2021/1/readme1.md
[17:14:23] [Info] Updated modtime for fileDescriptor readme1.md to 1609847063766
[17:14:23] [Info] File readme1.md saved.
[17:15:06] [Info] Saving file readme1.md...
[17:15:06] [Info] [WATCHDOG] Ignore event: change:/home/rahu/Homebox/RememberThese/700_GTD/43F/2021/1/readme1.md
[17:15:06] [Info] Updated modtime for fileDescriptor readme1.md to 1609847106463
[17:15:06] [Info] File readme1.md saved.
[17:28:43] [Info] さようなら！ Shutting down at Tue Jan 05 2021 17:28:43 GMT+0530 (India Standard Time)
[17:28:54] [Info] こんにちは！ Booting Zettlr at Tue Jan 05 2021 17:28:53 GMT+0530 (India Standard Time).
[17:28:54] [Info] Performing environment check ...
[17:28:54] [Info] Environment check complete.
[17:28:54] [Info] Registering custom protocol safe-file
[17:28:54] [Info] [Citeproc Provider] There is no CSL library selected in the preferences. Nothing to do.
[17:28:54] [Info] Added DevTools extension:  Vue.js devtools
[17:28:54] [Info] Loaded all roots in 0.181 seconds
[17:30:18] [Info] [WATCHDOG] Ignore event: add:/home/rahu/Dropbox/TakeCareOf/this.Week/this.Day/2021_01_05_17_30_16.md
[17:30:59] [Info] Saving file README.md...
[17:30:59] [Info] [WATCHDOG] Ignore event: change:/home/rahu/Dropbox/TakeCareOf/this.Week/this.Day/book/README.md
[17:30:59] [Info] Updated modtime for fileDescriptor README.md to 1609848059512
[17:30:59] [Info] File README.md saved.
[17:35:13] [Info] さようなら！ Shutting down at Tue Jan 05 2021 17:35:13 GMT+0530 (India Standard Time)
