[19:25:06] [Info] こんにちは！ Booting Zettlr at Mon Mar 15 2021 19:25:05 GMT+0530 (India Standard Time).
[19:25:06] [Info] Performing environment check ...
[19:25:06] [Info] Environment check complete.
[19:25:06] [Info] Registering custom protocol safe-file
[19:25:06] [Info] [Citeproc Provider] There is no CSL library selected in the preferences. Nothing to do.
[19:25:06] [Info] Added DevTools extension:  Vue.js devtools
[19:25:06] [Info] Loaded all roots in 0.237 seconds
[19:26:05] [Info] さようなら！ Shutting down at Mon Mar 15 2021 19:26:05 GMT+0530 (India Standard Time)
[19:26:49] [Info] こんにちは！ Booting Zettlr at Mon Mar 15 2021 19:26:48 GMT+0530 (India Standard Time).
[19:26:49] [Info] Performing environment check ...
[19:26:49] [Info] Added DevTools extension:  Vue.js devtools
[19:26:49] [Info] Environment check complete.
[19:26:49] [Info] Registering custom protocol safe-file
[19:26:49] [Info] [Citeproc Provider] There is no CSL library selected in the preferences. Nothing to do.
[19:26:49] [Info] Loaded all roots in 0.099 seconds
[19:30:22] [Info] こんにちは！ Booting Zettlr at Mon Mar 15 2021 19:30:22 GMT+0530 (India Standard Time).
[19:30:22] [Info] Performing environment check ...
[19:30:22] [Info] Added DevTools extension:  Vue.js devtools
[19:30:22] [Info] Environment check complete.
[19:30:22] [Info] Registering custom protocol safe-file
[19:30:22] [Info] [Citeproc Provider] There is no CSL library selected in the preferences. Nothing to do.
[19:30:22] [Info] Loaded all roots in 0.107 seconds
[20:14:12] [Info] さようなら！ Shutting down at Mon Mar 15 2021 20:14:12 GMT+0530 (India Standard Time)
[20:15:12] [Info] こんにちは！ Booting Zettlr at Mon Mar 15 2021 20:15:10 GMT+0530 (India Standard Time).
[20:15:12] [Info] Performing environment check ...
[20:15:12] [Info] Environment check complete.
[20:15:12] [Info] Registering custom protocol safe-file
[20:15:12] [Info] [Citeproc Provider] There is no CSL library selected in the preferences. Nothing to do.
[20:15:12] [Info] Added DevTools extension:  Vue.js devtools
[20:15:13] [Info] Loaded all roots in 0.4 seconds
[20:17:27] [Info] さようなら！ Shutting down at Mon Mar 15 2021 20:17:27 GMT+0530 (India Standard Time)
[20:45:22] [Info] こんにちは！ Booting Zettlr at Mon Mar 15 2021 20:45:22 GMT+0530 (India Standard Time).
[20:45:22] [Info] Performing environment check ...
[20:45:22] [Info] Environment check complete.
[20:45:22] [Info] Registering custom protocol safe-file
[20:45:22] [Info] [Citeproc Provider] There is no CSL library selected in the preferences. Nothing to do.
[20:45:22] [Info] Added DevTools extension:  Vue.js devtools
[20:45:22] [Info] Loaded all roots in 0.29 seconds
[23:30:09] [Info] こんにちは！ Booting Zettlr at Mon Mar 15 2021 23:30:08 GMT+0530 (India Standard Time).
[23:30:09] [Info] Performing environment check ...
[23:30:09] [Info] Environment check complete.
[23:30:09] [Info] Registering custom protocol safe-file
[23:30:09] [Info] [Citeproc Provider] There is no CSL library selected in the preferences. Nothing to do.
[23:30:09] [Info] Added DevTools extension:  Vue.js devtools
[23:30:10] [Info] Loaded all roots in 0.32 seconds
[23:34:59] [Info] さようなら！ Shutting down at Mon Mar 15 2021 23:34:59 GMT+0530 (India Standard Time)
