[23:10:55] [Info] こんにちは！ Booting Zettlr at Sun Jan 10 2021 23:10:54 GMT+0530 (India Standard Time).
[23:10:55] [Info] Performing environment check ...
[23:10:55] [Info] Added DevTools extension:  Vue.js devtools
[23:10:55] [Info] Environment check complete.
[23:10:55] [Info] Registering custom protocol safe-file
[23:10:55] [Info] [Citeproc Provider] There is no CSL library selected in the preferences. Nothing to do.
[23:11:11] [Info] Loaded all roots in 15.686 seconds
[23:23:53] [Info] [WATCHDOG] Emitting event: change:/home/rahu/Homebox/QuantifiedSelf/3400_Routine/myData/0Excercise.yn.md
[23:23:53] [Info] [WATCHDOG] Emitting event: change:/home/rahu/Homebox/QuantifiedSelf/3400_Routine/myData/0GoodDeed4Day.EoD.md
[23:23:53] [Info] [WATCHDOG] Emitting event: change:/home/rahu/Homebox/QuantifiedSelf/3400_Routine/myData/1BreakFastTimeNUM.dev.md
[23:23:54] [Info] Chokidar has detected a change event for file 0Excercise.yn.md. Attempting to re-parse ...
[23:23:54] [Info] [WATCHDOG] Emitting event: change:/home/rahu/Homebox/QuantifiedSelf/3400_Routine/myData/1DidISeeSunSetNUM.EoD.md
[23:23:54] [Info] [WATCHDOG] Emitting event: change:/home/rahu/Homebox/QuantifiedSelf/3400_Routine/myData/1Hygiene_BrushTime.yn.md
[23:23:54] [Info] [WATCHDOG] Emitting event: change:/home/rahu/Homebox/QuantifiedSelf/3400_Routine/myData/1Mustdoby.EoD.md
[23:23:54] [Info] [WATCHDOG] Emitting event: change:/home/rahu/Homebox/QuantifiedSelf/3400_Routine/myData/2LunchTimeNUM.dev.md
[23:23:54] [Info] [WATCHDOG] Emitting event: change:/home/rahu/Homebox/QuantifiedSelf/3400_Routine/myData/2PoojaMorning.yn.md
[23:23:54] [Info] [WATCHDOG] Emitting event: change:/home/rahu/Homebox/QuantifiedSelf/3400_Routine/myData/2QuotesWHichInspiredmeToday.EoD.md
[23:23:54] [Info] [WATCHDOG] Emitting event: change:/home/rahu/Homebox/QuantifiedSelf/3400_Routine/myData/3DinnerTimeNUM.dev.md
[23:23:54] [Info] [WATCHDOG] Emitting event: change:/home/rahu/Homebox/QuantifiedSelf/3400_Routine/myData/3TomorrowPrePare_NextAction.EoD.md
[23:23:54] [Info] Chokidar has detected a change event for file 0GoodDeed4Day.EoD.md. Attempting to re-parse ...
[23:23:54] [Info] [WATCHDOG] Emitting event: change:/home/rahu/Homebox/QuantifiedSelf/3400_Routine/myData/3diduGoOutToday.yn.md
[23:23:54] [Info] [WATCHDOG] Emitting event: change:/home/rahu/Homebox/QuantifiedSelf/3400_Routine/myData/4GetDressedAppropriately.yn.md
[23:23:54] [Info] [WATCHDOG] Emitting event: change:/home/rahu/Homebox/QuantifiedSelf/3400_Routine/myData/4SleepingTimeNUM.dev.md
[23:23:54] [Info] [WATCHDOG] Emitting event: change:/home/rahu/Homebox/QuantifiedSelf/3400_Routine/myData/5Shaving.yn.dijo.yn.md
[23:23:54] [Info] [WATCHDOG] Emitting event: change:/home/rahu/Homebox/QuantifiedSelf/3400_Routine/myData/5jobSearchNUM.dev.md
[23:23:54] [Info] [WATCHDOG] Emitting event: change:/home/rahu/Homebox/QuantifiedSelf/3400_Routine/myData/6VisitLinks.yn.md
[23:23:54] [Info] [WATCHDOG] Emitting event: change:/home/rahu/Homebox/QuantifiedSelf/3400_Routine/myData/6surfInternetNUM.dev.md
[23:23:54] [Info] [WATCHDOG] Emitting event: change:/home/rahu/Homebox/QuantifiedSelf/3400_Routine/myData/7Hygiene_BathTimeNUM.dev.md
[23:23:54] [Info] [WATCHDOG] Emitting event: change:/home/rahu/Homebox/QuantifiedSelf/3400_Routine/myData/7MadeBedin10.yn.md
[23:23:54] [Info] [WATCHDOG] Emitting event: change:/home/rahu/Homebox/QuantifiedSelf/3400_Routine/myData/8BreaksTakenNUM.dev.md
[23:23:54] [Info] [WATCHDOG] Emitting event: change:/home/rahu/Homebox/QuantifiedSelf/3400_Routine/myData/8WashFaceArtiDi.yn.md
[23:23:54] [Info] [WATCHDOG] Emitting event: change:/home/rahu/Homebox/QuantifiedSelf/3400_Routine/myData/9FinishOnTimeNUM.dev.md
[23:23:54] [Info] [WATCHDOG] Emitting event: change:/home/rahu/Homebox/QuantifiedSelf/3400_Routine/myData/9RevisedAWSClass.yn.dijo.yn.md
[23:23:54] [Info] [WATCHDOG] Emitting event: change:/home/rahu/Homebox/QuantifiedSelf/3400_Routine/myData/Start_the_Day_onTimeNUM.dev.md
[23:23:54] [Info] [WATCHDOG] Emitting event: change:/home/rahu/Homebox/QuantifiedSelf/3400_Routine/myData/aBody_OfWork.EoD.md
[23:23:54] [Info] [WATCHDOG] Emitting event: change:/home/rahu/Homebox/QuantifiedSelf/3400_Routine/myData/aHowCouldIhavemadetodayBetter.EoD.md
[23:23:54] [Info] [WATCHDOG] Emitting event: change:/home/rahu/Homebox/QuantifiedSelf/3400_Routine/myData/adidPocket.yn.md
[23:23:54] [Info] [WATCHDOG] Emitting event: change:/home/rahu/Homebox/QuantifiedSelf/3400_Routine/myData/bAmazingThingsThatHappenedToday.EoD.md
[23:23:54] [Info] [WATCHDOG] Emitting event: change:/home/rahu/Homebox/QuantifiedSelf/3400_Routine/myData/bImpTodaysIncome.EoD.md
[23:23:54] [Info] Chokidar has detected a change event for file 1BreakFastTimeNUM.dev.md. Attempting to re-parse ...
[23:23:54] [Info] [WATCHDOG] Emitting event: change:/home/rahu/Homebox/QuantifiedSelf/3400_Routine/myData/bdiduBlog2day.yn.md
[23:23:54] [Info] [WATCHDOG] Emitting event: change:/home/rahu/Homebox/QuantifiedSelf/3400_Routine/myData/cAstroSignificance.EoD.md
[23:23:54] [Info] [WATCHDOG] Emitting event: change:/home/rahu/Homebox/QuantifiedSelf/3400_Routine/myData/cgoUpstairs.yn.md
[23:23:54] [Info] [WATCHDOG] Emitting event: change:/home/rahu/Homebox/QuantifiedSelf/3400_Routine/myData/dPrint365.yn.md
[23:23:54] [Info] [WATCHDOG] Emitting event: change:/home/rahu/Homebox/QuantifiedSelf/3400_Routine/myData/eSets_3Hr_Ninja.yn.md
[23:23:54] [Info] [WATCHDOG] Emitting event: change:/home/rahu/Homebox/QuantifiedSelf/3400_Routine/myData/fDiplomacyToday.EoD.md
[23:23:54] [Info] [WATCHDOG] Emitting event: change:/home/rahu/Homebox/QuantifiedSelf/3400_Routine/myData/fThyroxineTaken.yn.md
[23:23:54] [Info] [WATCHDOG] Emitting event: change:/home/rahu/Homebox/QuantifiedSelf/3400_Routine/myData/hGoodQuestionsToday.EoD.md
[23:23:54] [Info] [WATCHDOG] Emitting event: change:/home/rahu/Homebox/QuantifiedSelf/3400_Routine/myData/uWhat_U_earn_4SelfToday.EoD.md
[23:23:54] [Info] [WATCHDOG] Emitting event: change:/home/rahu/Homebox/QuantifiedSelf/3400_Routine/myData/yWhatalluAteToday.EoD.md
[23:23:54] [Info] [WATCHDOG] Emitting event: change:/home/rahu/Homebox/QuantifiedSelf/3400_Routine/myData/z001DailyExpense.EoD.md
[23:23:54] [Info] Chokidar has detected a change event for file 1DidISeeSunSetNUM.EoD.md. Attempting to re-parse ...
[23:23:54] [Info] Chokidar has detected a change event for file 1Hygiene_BrushTime.yn.md. Attempting to re-parse ...
[23:23:54] [Info] Chokidar has detected a change event for file 1Mustdoby.EoD.md. Attempting to re-parse ...
[23:23:54] [Info] Chokidar has detected a change event for file 2LunchTimeNUM.dev.md. Attempting to re-parse ...
[23:23:54] [Info] Chokidar has detected a change event for file 2PoojaMorning.yn.md. Attempting to re-parse ...
[23:23:54] [Info] Chokidar has detected a change event for file 2QuotesWHichInspiredmeToday.EoD.md. Attempting to re-parse ...
[23:23:54] [Info] Chokidar has detected a change event for file 3DinnerTimeNUM.dev.md. Attempting to re-parse ...
[23:23:54] [Info] Chokidar has detected a change event for file 3TomorrowPrePare_NextAction.EoD.md. Attempting to re-parse ...
[23:23:54] [Info] Chokidar has detected a change event for file 3diduGoOutToday.yn.md. Attempting to re-parse ...
[23:23:54] [Info] Chokidar has detected a change event for file 4GetDressedAppropriately.yn.md. Attempting to re-parse ...
[23:23:54] [Info] Chokidar has detected a change event for file 4SleepingTimeNUM.dev.md. Attempting to re-parse ...
[23:23:54] [Info] Chokidar has detected a change event for file 5Shaving.yn.dijo.yn.md. Attempting to re-parse ...
[23:23:54] [Info] Chokidar has detected a change event for file 5jobSearchNUM.dev.md. Attempting to re-parse ...
[23:23:54] [Info] Chokidar has detected a change event for file 6VisitLinks.yn.md. Attempting to re-parse ...
[23:23:55] [Info] Chokidar has detected a change event for file 6surfInternetNUM.dev.md. Attempting to re-parse ...
[23:23:55] [Info] Chokidar has detected a change event for file 7Hygiene_BathTimeNUM.dev.md. Attempting to re-parse ...
[23:23:55] [Info] Chokidar has detected a change event for file 7MadeBedin10.yn.md. Attempting to re-parse ...
[23:23:55] [Info] Chokidar has detected a change event for file 8BreaksTakenNUM.dev.md. Attempting to re-parse ...
[23:23:55] [Info] Chokidar has detected a change event for file 8WashFaceArtiDi.yn.md. Attempting to re-parse ...
[23:23:55] [Info] Chokidar has detected a change event for file 9FinishOnTimeNUM.dev.md. Attempting to re-parse ...
[23:23:55] [Info] Chokidar has detected a change event for file 9RevisedAWSClass.yn.dijo.yn.md. Attempting to re-parse ...
[23:23:55] [Info] Chokidar has detected a change event for file Start_the_Day_onTimeNUM.dev.md. Attempting to re-parse ...
[23:23:55] [Info] Chokidar has detected a change event for file aBody_OfWork.EoD.md. Attempting to re-parse ...
[23:23:55] [Info] Chokidar has detected a change event for file aHowCouldIhavemadetodayBetter.EoD.md. Attempting to re-parse ...
[23:23:55] [Info] Chokidar has detected a change event for file adidPocket.yn.md. Attempting to re-parse ...
[23:23:55] [Info] Chokidar has detected a change event for file bAmazingThingsThatHappenedToday.EoD.md. Attempting to re-parse ...
[23:23:55] [Info] Chokidar has detected a change event for file bImpTodaysIncome.EoD.md. Attempting to re-parse ...
[23:23:55] [Info] Chokidar has detected a change event for file bdiduBlog2day.yn.md. Attempting to re-parse ...
[23:23:55] [Info] Chokidar has detected a change event for file cAstroSignificance.EoD.md. Attempting to re-parse ...
[23:23:55] [Info] Chokidar has detected a change event for file cgoUpstairs.yn.md. Attempting to re-parse ...
[23:23:55] [Info] Chokidar has detected a change event for file dPrint365.yn.md. Attempting to re-parse ...
[23:23:55] [Info] Chokidar has detected a change event for file eSets_3Hr_Ninja.yn.md. Attempting to re-parse ...
[23:23:55] [Info] Chokidar has detected a change event for file fDiplomacyToday.EoD.md. Attempting to re-parse ...
[23:23:55] [Info] Chokidar has detected a change event for file fThyroxineTaken.yn.md. Attempting to re-parse ...
[23:23:55] [Info] Chokidar has detected a change event for file hGoodQuestionsToday.EoD.md. Attempting to re-parse ...
[23:23:55] [Info] Chokidar has detected a change event for file uWhat_U_earn_4SelfToday.EoD.md. Attempting to re-parse ...
[23:23:55] [Info] Chokidar has detected a change event for file yWhatalluAteToday.EoD.md. Attempting to re-parse ...
[23:23:55] [Info] Chokidar has detected a change event for file z001DailyExpense.EoD.md. Attempting to re-parse ...
[23:24:04] [Info] [WATCHDOG] Emitting event: add:/home/rahu/Homebox/PeopleAroundMe/2100_GTD_Phone/Onelife_Wiki/Baithak_Sanjeev.md
[23:26:03] [Info] Saving file readme01.md...
[23:26:03] [Info] [WATCHDOG] Ignore event: change:/home/rahu/Homebox/DailyDo/43F/2021/01/readme01.md
[23:26:03] [Info] Updated modtime for fileDescriptor readme01.md to 1610301363052
[23:26:03] [Info] File readme01.md saved.
[23:26:53] [Info] Saving file readme01.md...
[23:26:53] [Info] [WATCHDOG] Ignore event: change:/home/rahu/Homebox/DailyDo/43F/2021/01/readme01.md
[23:26:53] [Info] Updated modtime for fileDescriptor readme01.md to 1610301413416
[23:26:53] [Info] File readme01.md saved.
[23:28:04] [Info] Saving file readme01.md...
[23:28:04] [Info] [WATCHDOG] Ignore event: change:/home/rahu/Homebox/DailyDo/43F/2021/01/readme01.md
[23:28:04] [Info] Updated modtime for fileDescriptor readme01.md to 1610301484929
[23:28:04] [Info] File readme01.md saved.
[23:29:28] [Info] Saving file readme01.md...
[23:29:28] [Info] [WATCHDOG] Ignore event: change:/home/rahu/Homebox/DailyDo/43F/2021/01/readme01.md
[23:29:28] [Info] Updated modtime for fileDescriptor readme01.md to 1610301568414
[23:29:28] [Info] File readme01.md saved.
[23:30:19] [Info] Saving file readme01.md...
[23:30:19] [Info] [WATCHDOG] Ignore event: change:/home/rahu/Homebox/DailyDo/43F/2021/01/readme01.md
[23:30:19] [Info] Updated modtime for fileDescriptor readme01.md to 1610301619783
[23:30:19] [Info] File readme01.md saved.
[23:30:42] [Info] Saving file 2020_12_24_20_34_49.md...
[23:30:42] [Info] [WATCHDOG] Ignore event: change:/home/rahu/Homebox/DailyDo/43F/2021/01/Sat/2020_12_24_20_34_49.md
[23:30:42] [Info] Updated modtime for fileDescriptor 2020_12_24_20_34_49.md to 1610301642059
[23:30:42] [Info] File 2020_12_24_20_34_49.md saved.
[23:30:55] [Info] Saving file readmethisWeek.md...
[23:30:55] [Info] [WATCHDOG] Ignore event: change:/home/rahu/Homebox/DailyDo/43F/2021/01/Sat/readmethisWeek.md
[23:30:55] [Info] Updated modtime for fileDescriptor readmethisWeek.md to 1610301655851
[23:30:55] [Info] File readmethisWeek.md saved.
[23:31:55] [Info] Saving file 2250.md...
[23:31:55] [Info] [WATCHDOG] Ignore event: change:/home/rahu/Homebox/DailyDo/43F/2021/01/Sat/this.Day/2250.md
[23:31:55] [Info] Updated modtime for fileDescriptor 2250.md to 1610301715400
[23:31:55] [Info] File 2250.md saved.
[23:32:37] [Info] Saving file readme01.md...
[23:32:37] [Info] [WATCHDOG] Ignore event: change:/home/rahu/Homebox/DailyDo/43F/2021/01/readme01.md
[23:32:37] [Info] Updated modtime for fileDescriptor readme01.md to 1610301757024
[23:32:37] [Info] File readme01.md saved.
[23:32:45] [Info] Saving file readme01.md...
[23:32:45] [Info] [WATCHDOG] Ignore event: change:/home/rahu/Homebox/DailyDo/43F/2021/01/readme01.md
[23:32:45] [Info] Updated modtime for fileDescriptor readme01.md to 1610301765068
[23:32:45] [Info] File readme01.md saved.
[23:33:01] [Info] Saving file readme01.md...
[23:33:01] [Info] [WATCHDOG] Ignore event: change:/home/rahu/Homebox/DailyDo/43F/2021/01/readme01.md
[23:33:01] [Info] Updated modtime for fileDescriptor readme01.md to 1610301781081
[23:33:01] [Info] File readme01.md saved.
[23:34:46] [Info] Saving file readme01.md...
[23:34:46] [Info] [WATCHDOG] Ignore event: change:/home/rahu/Homebox/DailyDo/43F/2021/01/readme01.md
[23:34:46] [Info] Updated modtime for fileDescriptor readme01.md to 1610301886378
[23:34:46] [Info] File readme01.md saved.
[23:35:16] [Info] Saving file readmethisDay.md...
[23:35:16] [Info] [WATCHDOG] Ignore event: change:/home/rahu/Homebox/DailyDo/43F/2021/01/Sat/this.Day/readmethisDay.md
[23:35:16] [Info] Updated modtime for fileDescriptor readmethisDay.md to 1610301916554
[23:35:16] [Info] File readmethisDay.md saved.
[23:35:34] [Info] Saving file 2021_01_07_16_12_09.md...
[23:35:34] [Info] [WATCHDOG] Ignore event: change:/home/rahu/Homebox/DailyDo/43F/2021/01/Sat/this.Day/2021_01_07_16_12_09.md
[23:35:34] [Info] Updated modtime for fileDescriptor 2021_01_07_16_12_09.md to 1610301934202
[23:35:34] [Info] File 2021_01_07_16_12_09.md saved.
[23:36:22] [Info] Saving file readme01.md...
[23:36:22] [Info] [WATCHDOG] Ignore event: change:/home/rahu/Homebox/DailyDo/43F/2021/01/readme01.md
[23:36:22] [Info] Updated modtime for fileDescriptor readme01.md to 1610301982583
[23:36:22] [Info] File readme01.md saved.
[23:36:53] [Info] Saving file 2020_12_24_20_34_49.md...
[23:36:53] [Info] [WATCHDOG] Ignore event: change:/home/rahu/Homebox/DailyDo/43F/2021/01/Sun/2020_12_24_20_34_49.md
[23:36:53] [Info] Updated modtime for fileDescriptor 2020_12_24_20_34_49.md to 1610302013423
[23:36:53] [Info] File 2020_12_24_20_34_49.md saved.
[23:37:14] [Info] Saving file readmethisWeek.md...
[23:37:14] [Info] [WATCHDOG] Ignore event: change:/home/rahu/Homebox/DailyDo/43F/2021/01/Sun/readmethisWeek.md
[23:37:14] [Info] Updated modtime for fileDescriptor readmethisWeek.md to 1610302034992
[23:37:14] [Info] File readmethisWeek.md saved.
[23:37:42] [Info] Saving file readmethisDay.md...
[23:37:42] [Info] [WATCHDOG] Ignore event: change:/home/rahu/Homebox/DailyDo/43F/2021/01/Sun/this.Day/readmethisDay.md
[23:37:42] [Info] Updated modtime for fileDescriptor readmethisDay.md to 1610302062564
[23:37:42] [Info] File readmethisDay.md saved.
[23:37:52] [Info] Saving file readmethisDay.md...
[23:37:52] [Info] [WATCHDOG] Ignore event: change:/home/rahu/Homebox/DailyDo/43F/2021/01/Sun/this.Day/readmethisDay.md
[23:37:52] [Info] Updated modtime for fileDescriptor readmethisDay.md to 1610302072564
[23:37:52] [Info] File readmethisDay.md saved.
[23:38:11] [Info] Saving file readme01.md...
[23:38:11] [Info] [WATCHDOG] Ignore event: change:/home/rahu/Homebox/DailyDo/43F/2021/01/readme01.md
[23:38:11] [Info] Updated modtime for fileDescriptor readme01.md to 1610302091208
[23:38:11] [Info] File readme01.md saved.
[23:38:17] [Info] Saving file readmethisDay.md...
[23:38:17] [Info] [WATCHDOG] Ignore event: change:/home/rahu/Homebox/DailyDo/43F/2021/01/Sun/this.Day/readmethisDay.md
[23:38:17] [Info] Updated modtime for fileDescriptor readmethisDay.md to 1610302097148
[23:38:17] [Info] File readmethisDay.md saved.
[23:38:28] [Info] Saving file 2250.md...
[23:38:28] [Info] [WATCHDOG] Ignore event: change:/home/rahu/Homebox/DailyDo/43F/2021/01/Sun/this.Day/2250.md
[23:38:28] [Info] Updated modtime for fileDescriptor 2250.md to 1610302108048
[23:38:28] [Info] File 2250.md saved.
[23:38:45] [Info] Saving file readmethisWeek.md...
[23:38:45] [Info] [WATCHDOG] Ignore event: change:/home/rahu/Homebox/DailyDo/43F/2021/01/Sun/readmethisWeek.md
[23:38:45] [Info] Updated modtime for fileDescriptor readmethisWeek.md to 1610302125313
[23:38:45] [Info] File readmethisWeek.md saved.
[23:39:48] [Info] Saving file readmethisDay.md...
[23:39:48] [Info] [WATCHDOG] Ignore event: change:/home/rahu/Homebox/DailyDo/43F/2021/01/Thu/readmethisDay.md
[23:39:48] [Info] Updated modtime for fileDescriptor readmethisDay.md to 1610302188217
[23:39:48] [Info] File readmethisDay.md saved.
[23:39:58] [Info] Saving file 2021_01_07_16_12_09.md...
[23:39:58] [Info] [WATCHDOG] Ignore event: change:/home/rahu/Homebox/DailyDo/43F/2021/01/Thu/2021_01_07_16_12_09.md
[23:39:58] [Info] Updated modtime for fileDescriptor 2021_01_07_16_12_09.md to 1610302198241
[23:39:58] [Info] File 2021_01_07_16_12_09.md saved.
[23:41:00] [Info] Saving file readme01.md...
[23:41:00] [Info] [WATCHDOG] Ignore event: change:/home/rahu/Homebox/DailyDo/43F/2021/01/readme01.md
[23:41:00] [Info] Updated modtime for fileDescriptor readme01.md to 1610302260610
[23:41:00] [Info] File readme01.md saved.
[23:41:17] [Error] [Command] Could not close file: The file has the modified flag set.
[23:41:24] [Info] Saving file 2021_01_05_17_30_16.md...
[23:41:24] [Info] [WATCHDOG] Ignore event: change:/home/rahu/Homebox/DailyDo/43F/2021/01/Tue/2021_01_05_17_30_16.md
[23:41:24] [Info] Updated modtime for fileDescriptor 2021_01_05_17_30_16.md to 1610302284614
[23:41:24] [Info] File 2021_01_05_17_30_16.md saved.
[23:42:02] [Info] Saving file readme01.md...
[23:42:02] [Info] [WATCHDOG] Ignore event: change:/home/rahu/Homebox/DailyDo/43F/2021/01/readme01.md
[23:42:02] [Info] Updated modtime for fileDescriptor readme01.md to 1610302322159
[23:42:02] [Info] File readme01.md saved.
[23:42:47] [Info] Saving file readme01.md...
[23:42:47] [Info] [WATCHDOG] Ignore event: change:/home/rahu/Homebox/DailyDo/43F/2021/01/readme01.md
[23:42:47] [Info] Updated modtime for fileDescriptor readme01.md to 1610302367139
[23:42:47] [Info] File readme01.md saved.
[23:43:04] [Info] Saving file README.md...
[23:43:04] [Info] [WATCHDOG] Ignore event: change:/home/rahu/Homebox/DailyDo/43F/2021/01/Tue/book/README.md
[23:43:04] [Info] Updated modtime for fileDescriptor README.md to 1610302384840
[23:43:04] [Info] File README.md saved.
[23:43:16] [Info] Saving file README.md...
[23:43:16] [Info] [WATCHDOG] Ignore event: change:/home/rahu/Homebox/DailyDo/43F/2021/01/Tue/book/README.md
[23:43:16] [Info] Updated modtime for fileDescriptor README.md to 1610302396156
[23:43:16] [Info] File README.md saved.
[23:43:29] [Info] Saving file README.md...
[23:43:29] [Info] [WATCHDOG] Ignore event: change:/home/rahu/Homebox/DailyDo/43F/2021/01/Tue/book/README.md
[23:43:29] [Info] Updated modtime for fileDescriptor README.md to 1610302409816
[23:43:29] [Info] File README.md saved.
[23:43:42] [Info] Saving file README.md...
[23:43:42] [Info] [WATCHDOG] Ignore event: change:/home/rahu/Homebox/DailyDo/43F/2021/01/Tue/book/README.md
[23:43:42] [Info] Updated modtime for fileDescriptor README.md to 1610302422444
[23:43:42] [Info] File README.md saved.
[23:44:34] [Info] Saving file readmethisDay.md...
[23:44:34] [Info] [WATCHDOG] Ignore event: change:/home/rahu/Homebox/DailyDo/43F/2021/01/Tue/readmethisDay.md
[23:44:34] [Info] Updated modtime for fileDescriptor readmethisDay.md to 1610302474457
[23:44:34] [Info] File readmethisDay.md saved.
[23:44:50] [Info] Saving file 2021_01_05_17_30_16.md...
[23:44:50] [Info] [WATCHDOG] Ignore event: change:/home/rahu/Homebox/DailyDo/43F/2021/01/Wed/2021_01_05_17_30_16.md
[23:44:50] [Info] Updated modtime for fileDescriptor 2021_01_05_17_30_16.md to 1610302490161
[23:44:50] [Info] File 2021_01_05_17_30_16.md saved.
[23:45:48] [Info] Saving file readme01.md...
[23:45:48] [Info] [WATCHDOG] Ignore event: change:/home/rahu/Homebox/DailyDo/43F/2021/01/readme01.md
[23:45:48] [Info] Updated modtime for fileDescriptor readme01.md to 1610302548477
[23:45:48] [Info] File readme01.md saved.
[23:46:02] [Info] Saving file readme01.md...
[23:46:02] [Info] [WATCHDOG] Ignore event: change:/home/rahu/Homebox/DailyDo/43F/2021/01/readme01.md
[23:46:02] [Info] Updated modtime for fileDescriptor readme01.md to 1610302562270
[23:46:02] [Info] File readme01.md saved.
[23:46:25] [Info] Saving file readmethisDay.md...
[23:46:25] [Info] [WATCHDOG] Ignore event: change:/home/rahu/Homebox/DailyDo/43F/2021/01/Wed/readmethisDay.md
[23:46:25] [Info] Updated modtime for fileDescriptor readmethisDay.md to 1610302585854
[23:46:25] [Info] File readmethisDay.md saved.
[23:46:35] [Info] Saving file README.md...
[23:46:35] [Info] [WATCHDOG] Ignore event: change:/home/rahu/Homebox/DailyDo/43F/2021/01/Wed/book/README.md
[23:46:35] [Info] Updated modtime for fileDescriptor README.md to 1610302595602
[23:46:35] [Info] File README.md saved.
[23:47:47] [Info] Saving file readme01.md...
[23:47:47] [Info] [WATCHDOG] Ignore event: change:/home/rahu/Homebox/DailyDo/43F/2021/01/readme01.md
[23:47:47] [Info] Updated modtime for fileDescriptor readme01.md to 1610302667303
[23:47:47] [Info] File readme01.md saved.
[23:48:16] [Info] Saving file readme01.md...
[23:48:16] [Info] [WATCHDOG] Ignore event: change:/home/rahu/Homebox/DailyDo/43F/2021/01/readme01.md
[23:48:16] [Info] Updated modtime for fileDescriptor readme01.md to 1610302696135
[23:48:16] [Info] File readme01.md saved.
[23:48:38] [Info] Saving file readme01.md...
[23:48:38] [Info] [WATCHDOG] Ignore event: change:/home/rahu/Homebox/DailyDo/43F/2021/01/readme01.md
[23:48:38] [Info] Updated modtime for fileDescriptor readme01.md to 1610302718731
[23:48:38] [Info] File readme01.md saved.
[23:49:01] [Info] Saving file readme01.md...
[23:49:01] [Info] [WATCHDOG] Ignore event: change:/home/rahu/Homebox/DailyDo/43F/2021/01/readme01.md
[23:49:01] [Info] Updated modtime for fileDescriptor readme01.md to 1610302741864
[23:49:01] [Info] File readme01.md saved.
[23:49:17] [Info] Saving file readme01.md...
[23:49:17] [Info] [WATCHDOG] Ignore event: change:/home/rahu/Homebox/DailyDo/43F/2021/01/readme01.md
[23:49:17] [Info] Updated modtime for fileDescriptor readme01.md to 1610302757056
[23:49:17] [Info] File readme01.md saved.
[23:49:40] [Info] Saving file readme01.md...
[23:49:40] [Info] [WATCHDOG] Ignore event: change:/home/rahu/Homebox/DailyDo/43F/2021/01/readme01.md
[23:49:40] [Info] Updated modtime for fileDescriptor readme01.md to 1610302780732
[23:49:40] [Info] File readme01.md saved.
[23:49:53] [Info] Saving file readme01.md...
[23:49:53] [Info] [WATCHDOG] Ignore event: change:/home/rahu/Homebox/DailyDo/43F/2021/01/readme01.md
[23:49:53] [Info] Updated modtime for fileDescriptor readme01.md to 1610302793180
[23:49:53] [Info] File readme01.md saved.
[23:50:17] [Info] Saving file readme01.md...
[23:50:17] [Info] [WATCHDOG] Ignore event: change:/home/rahu/Homebox/DailyDo/43F/2021/01/readme01.md
[23:50:17] [Info] Updated modtime for fileDescriptor readme01.md to 1610302817281
[23:50:17] [Info] File readme01.md saved.
[23:50:47] [Info] Saving file readme01.md...
[23:50:47] [Info] [WATCHDOG] Ignore event: change:/home/rahu/Homebox/DailyDo/43F/2021/01/readme01.md
[23:50:47] [Info] Updated modtime for fileDescriptor readme01.md to 1610302847653
[23:50:47] [Info] File readme01.md saved.
[23:52:09] [Info] さようなら！ Shutting down at Sun Jan 10 2021 23:52:09 GMT+0530 (India Standard Time)
