[12:13:09] [Info] こんにちは！ Booting Zettlr at Sat Jan 23 2021 12:13:08 GMT+0530 (India Standard Time).
[12:13:09] [Info] Performing environment check ...
[12:13:09] [Info] Added DevTools extension:  Vue.js devtools
[12:13:09] [Info] Environment check complete.
[12:13:09] [Info] Registering custom protocol safe-file
[12:13:09] [Info] [Citeproc Provider] There is no CSL library selected in the preferences. Nothing to do.
[12:13:13] [Info] Loaded all roots in 2.656 seconds
[12:16:29] [Info] Saving file readmethisDay.md...
[12:16:29] [Info] [WATCHDOG] Ignore event: change:/home/rahu/Dropbox/myCloud/DailyDo/C_this.Week/this.Day/readmethisDay.md
[12:16:29] [Info] Updated modtime for fileDescriptor readmethisDay.md to 1611384389815
[12:16:30] [Info] File readmethisDay.md saved.
[14:13:02] [Info] さようなら！ Shutting down at Sat Jan 23 2021 14:13:02 GMT+0530 (India Standard Time)
[15:17:04] [Info] こんにちは！ Booting Zettlr at Sat Jan 23 2021 15:17:04 GMT+0530 (India Standard Time).
[15:17:04] [Info] Performing environment check ...
[15:17:04] [Info] Environment check complete.
[15:17:04] [Info] Registering custom protocol safe-file
[15:17:05] [Info] [Citeproc Provider] There is no CSL library selected in the preferences. Nothing to do.
[15:17:05] [Info] Added DevTools extension:  Vue.js devtools
[15:17:05] [Info] Loaded all roots in 0.566 seconds
[15:49:36] [Info] Saving file azaz.md...
[15:49:36] [Info] [WATCHDOG] Ignore event: change:/home/rahu/Homebox/WorkingWith/T-Labs/azaz.md
[15:49:36] [Info] Updated modtime for fileDescriptor azaz.md to 1611397176361
[15:49:36] [Info] File azaz.md saved.
[15:49:52] [Info] Saving file azaz.md...
[15:49:52] [Info] [WATCHDOG] Ignore event: change:/home/rahu/Homebox/WorkingWith/T-Labs/azaz.md
[15:49:52] [Info] Updated modtime for fileDescriptor azaz.md to 1611397192597
[15:49:52] [Info] File azaz.md saved.
[15:50:41] [Info] Saving file azaz.md...
[15:50:41] [Info] [WATCHDOG] Ignore event: change:/home/rahu/Homebox/WorkingWith/T-Labs/azaz.md
[15:50:41] [Info] Updated modtime for fileDescriptor azaz.md to 1611397241805
[15:50:41] [Info] File azaz.md saved.
[15:51:10] [Info] Saving file azaz.md...
[15:51:10] [Info] [WATCHDOG] Ignore event: change:/home/rahu/Homebox/WorkingWith/T-Labs/azaz.md
[15:51:10] [Info] Updated modtime for fileDescriptor azaz.md to 1611397270654
[15:51:10] [Info] File azaz.md saved.
[15:52:53] [Info] Saving file azaz.md...
[15:52:53] [Info] [WATCHDOG] Ignore event: change:/home/rahu/Homebox/WorkingWith/T-Labs/azaz.md
[15:52:53] [Info] Updated modtime for fileDescriptor azaz.md to 1611397373419
[15:52:53] [Info] File azaz.md saved.
[15:53:07] [Info] Saving file azaz.md...
[15:53:07] [Info] [WATCHDOG] Ignore event: change:/home/rahu/Homebox/WorkingWith/T-Labs/azaz.md
[15:53:07] [Info] Updated modtime for fileDescriptor azaz.md to 1611397387619
[15:53:07] [Info] File azaz.md saved.
[15:53:50] [Info] Saving file azaz.md...
[15:53:50] [Info] [WATCHDOG] Ignore event: change:/home/rahu/Homebox/WorkingWith/T-Labs/azaz.md
[15:53:50] [Info] Updated modtime for fileDescriptor azaz.md to 1611397430139
[15:53:50] [Info] File azaz.md saved.
[15:53:55] [Info] Saving file azaz.md...
[15:53:55] [Info] [WATCHDOG] Ignore event: change:/home/rahu/Homebox/WorkingWith/T-Labs/azaz.md
[15:53:55] [Info] Updated modtime for fileDescriptor azaz.md to 1611397435356
[15:53:55] [Info] File azaz.md saved.
[15:54:19] [Info] Saving file azaz.md...
[15:54:19] [Info] [WATCHDOG] Ignore event: change:/home/rahu/Homebox/WorkingWith/T-Labs/azaz.md
[15:54:19] [Info] Updated modtime for fileDescriptor azaz.md to 1611397459496
[15:54:19] [Info] File azaz.md saved.
[15:54:40] [Info] Saving file azaz.md...
[15:54:40] [Info] [WATCHDOG] Ignore event: change:/home/rahu/Homebox/WorkingWith/T-Labs/azaz.md
[15:54:40] [Info] Updated modtime for fileDescriptor azaz.md to 1611397480864
[15:54:40] [Info] File azaz.md saved.
[15:54:58] [Info] Saving file azaz.md...
[15:54:58] [Info] [WATCHDOG] Ignore event: change:/home/rahu/Homebox/WorkingWith/T-Labs/azaz.md
[15:54:58] [Info] Updated modtime for fileDescriptor azaz.md to 1611397498412
[15:54:58] [Info] File azaz.md saved.
[15:55:19] [Info] Saving file azaz.md...
[15:55:19] [Info] [WATCHDOG] Ignore event: change:/home/rahu/Homebox/WorkingWith/T-Labs/azaz.md
[15:55:19] [Info] Updated modtime for fileDescriptor azaz.md to 1611397519596
[15:55:19] [Info] File azaz.md saved.
[15:55:44] [Info] Saving file azaz.md...
[15:55:44] [Info] [WATCHDOG] Ignore event: change:/home/rahu/Homebox/WorkingWith/T-Labs/azaz.md
[15:55:44] [Info] Updated modtime for fileDescriptor azaz.md to 1611397544085
[15:55:44] [Info] File azaz.md saved.
[15:55:51] [Info] Saving file azaz.md...
[15:55:51] [Info] [WATCHDOG] Ignore event: change:/home/rahu/Homebox/WorkingWith/T-Labs/azaz.md
[15:55:51] [Info] Updated modtime for fileDescriptor azaz.md to 1611397551501
[15:55:51] [Info] File azaz.md saved.
[15:56:12] [Info] Saving file azaz.md...
[15:56:12] [Info] [WATCHDOG] Ignore event: change:/home/rahu/Homebox/WorkingWith/T-Labs/azaz.md
[15:56:12] [Info] Updated modtime for fileDescriptor azaz.md to 1611397572797
[15:56:12] [Info] File azaz.md saved.
[15:57:57] [Info] Saving file azaz.md...
[15:57:57] [Info] [WATCHDOG] Ignore event: change:/home/rahu/Homebox/WorkingWith/T-Labs/azaz.md
[15:57:57] [Info] Updated modtime for fileDescriptor azaz.md to 1611397677586
[15:57:57] [Info] File azaz.md saved.
[15:58:20] [Info] Saving file azaz.md...
[15:58:20] [Info] [WATCHDOG] Ignore event: change:/home/rahu/Homebox/WorkingWith/T-Labs/azaz.md
[15:58:20] [Info] Updated modtime for fileDescriptor azaz.md to 1611397700115
[15:58:20] [Info] File azaz.md saved.
[15:58:38] [Info] Saving file azaz.md...
[15:58:38] [Info] [WATCHDOG] Ignore event: change:/home/rahu/Homebox/WorkingWith/T-Labs/azaz.md
[15:58:38] [Info] Updated modtime for fileDescriptor azaz.md to 1611397718295
[15:58:38] [Info] File azaz.md saved.
[15:59:35] [Info] Saving file azaz.md...
[15:59:35] [Info] [WATCHDOG] Ignore event: change:/home/rahu/Homebox/WorkingWith/T-Labs/azaz.md
[15:59:35] [Info] Updated modtime for fileDescriptor azaz.md to 1611397775611
[15:59:35] [Info] File azaz.md saved.
[16:00:10] [Info] Saving file azaz.md...
[16:00:10] [Info] [WATCHDOG] Ignore event: change:/home/rahu/Homebox/WorkingWith/T-Labs/azaz.md
[16:00:10] [Info] Updated modtime for fileDescriptor azaz.md to 1611397810072
[16:00:10] [Info] File azaz.md saved.
[16:00:43] [Info] Saving file azaz.md...
[16:00:43] [Info] [WATCHDOG] Ignore event: change:/home/rahu/Homebox/WorkingWith/T-Labs/azaz.md
[16:00:43] [Info] Updated modtime for fileDescriptor azaz.md to 1611397843980
[16:00:44] [Info] File azaz.md saved.
[16:00:53] [Info] Saving file azaz.md...
[16:00:53] [Info] [WATCHDOG] Ignore event: change:/home/rahu/Homebox/WorkingWith/T-Labs/azaz.md
[16:00:53] [Info] Updated modtime for fileDescriptor azaz.md to 1611397853124
[16:00:53] [Info] File azaz.md saved.
[16:04:30] [Info] Saving file azaz.md...
[16:04:30] [Info] [WATCHDOG] Ignore event: change:/home/rahu/Homebox/WorkingWith/T-Labs/azaz.md
[16:04:30] [Info] Updated modtime for fileDescriptor azaz.md to 1611398070251
[16:04:30] [Info] File azaz.md saved.
[16:04:52] [Info] Saving file azaz.md...
[16:04:52] [Info] [WATCHDOG] Ignore event: change:/home/rahu/Homebox/WorkingWith/T-Labs/azaz.md
[16:04:52] [Info] Updated modtime for fileDescriptor azaz.md to 1611398092755
[16:04:52] [Info] File azaz.md saved.
[16:05:19] [Info] Saving file azaz.md...
[16:05:19] [Info] [WATCHDOG] Ignore event: change:/home/rahu/Homebox/WorkingWith/T-Labs/azaz.md
[16:05:19] [Info] Updated modtime for fileDescriptor azaz.md to 1611398119272
[16:05:19] [Info] File azaz.md saved.
[16:05:54] [Info] Saving file azaz.md...
[16:05:54] [Info] [WATCHDOG] Ignore event: change:/home/rahu/Homebox/WorkingWith/T-Labs/azaz.md
[16:05:54] [Info] Updated modtime for fileDescriptor azaz.md to 1611398154612
[16:05:54] [Info] File azaz.md saved.
[16:05:59] [Info] Saving file azaz.md...
[16:05:59] [Info] [WATCHDOG] Ignore event: change:/home/rahu/Homebox/WorkingWith/T-Labs/azaz.md
[16:05:59] [Info] Updated modtime for fileDescriptor azaz.md to 1611398159720
[16:05:59] [Info] File azaz.md saved.
[16:06:45] [Info] Saving file azaz.md...
[16:06:45] [Info] [WATCHDOG] Ignore event: change:/home/rahu/Homebox/WorkingWith/T-Labs/azaz.md
[16:06:45] [Info] Updated modtime for fileDescriptor azaz.md to 1611398205353
[16:06:45] [Info] File azaz.md saved.
[16:07:26] [Info] さようなら！ Shutting down at Sat Jan 23 2021 16:07:26 GMT+0530 (India Standard Time)
[16:12:47] [Info] こんにちは！ Booting Zettlr at Sat Jan 23 2021 16:12:46 GMT+0530 (India Standard Time).
[16:12:47] [Info] Performing environment check ...
[16:12:47] [Info] Environment check complete.
[16:12:47] [Info] Registering custom protocol safe-file
[16:12:47] [Info] [Citeproc Provider] There is no CSL library selected in the preferences. Nothing to do.
[16:12:47] [Info] Added DevTools extension:  Vue.js devtools
[16:12:47] [Info] Loaded all roots in 0.3 seconds
[16:21:18] [Info] さようなら！ Shutting down at Sat Jan 23 2021 16:21:18 GMT+0530 (India Standard Time)
[16:50:40] [Info] こんにちは！ Booting Zettlr at Sat Jan 23 2021 16:50:40 GMT+0530 (India Standard Time).
[16:50:40] [Info] Performing environment check ...
[16:50:40] [Info] Added DevTools extension:  Vue.js devtools
[16:50:40] [Info] Environment check complete.
[16:50:40] [Info] Registering custom protocol safe-file
[16:50:40] [Info] [Citeproc Provider] There is no CSL library selected in the preferences. Nothing to do.
[16:50:40] [Info] Loaded all roots in 0.146 seconds
[16:53:18] [Info] [WATCHDOG] Emitting event: add:/home/rahu/Dropbox/myCloud/DailyDo/C_this.Week/this.Day/tlab.md
[16:53:36] [Info] [WATCHDOG] Ignore event: add:/home/rahu/Dropbox/myCloud/DailyDo/C_this.Week/readme_tlabs.md
[16:53:36] [Info] [WATCHDOG] Ignore event: unlink:/home/rahu/Homebox/WorkingWith/T-Labs/readme_tlabs.md
[16:54:27] [Info] Saving file tlab.md...
[16:54:27] [Info] [WATCHDOG] Ignore event: change:/home/rahu/Dropbox/myCloud/DailyDo/C_this.Week/this.Day/tlab.md
[16:54:27] [Info] Updated modtime for fileDescriptor tlab.md to 1611401067898
[16:54:27] [Info] File tlab.md saved.
[16:55:19] [Info] Saving file readme_tlabs.md...
[16:55:19] [Info] [WATCHDOG] Ignore event: change:/home/rahu/Dropbox/myCloud/DailyDo/C_this.Week/readme_tlabs.md
[16:55:19] [Info] Updated modtime for fileDescriptor readme_tlabs.md to 1611401119886
[16:55:19] [Info] File readme_tlabs.md saved.
[16:56:56] [Info] Saving file readme_tlabs.md...
[16:56:56] [Info] [WATCHDOG] Ignore event: change:/home/rahu/Dropbox/myCloud/DailyDo/C_this.Week/readme_tlabs.md
[16:56:56] [Info] Updated modtime for fileDescriptor readme_tlabs.md to 1611401216079
[16:56:56] [Info] File readme_tlabs.md saved.
[17:02:48] [Info] Saving file readme_tlabs.md...
[17:02:48] [Info] [WATCHDOG] Ignore event: change:/home/rahu/Dropbox/myCloud/DailyDo/C_this.Week/readme_tlabs.md
[17:02:48] [Info] Updated modtime for fileDescriptor readme_tlabs.md to 1611401568590
[17:02:48] [Info] File readme_tlabs.md saved.
[17:03:04] [Info] Saving file readmethisDay.md...
[17:03:04] [Info] [WATCHDOG] Ignore event: change:/home/rahu/Dropbox/myCloud/DailyDo/C_this.Week/this.Day/readmethisDay.md
[17:03:04] [Info] Updated modtime for fileDescriptor readmethisDay.md to 1611401584594
[17:03:04] [Info] File readmethisDay.md saved.
[17:03:26] [Info] Saving file readmethisDay.md...
[17:03:26] [Info] [WATCHDOG] Ignore event: change:/home/rahu/Dropbox/myCloud/DailyDo/C_this.Week/this.Day/readmethisDay.md
[17:03:26] [Info] Updated modtime for fileDescriptor readmethisDay.md to 1611401606350
[17:03:26] [Info] File readmethisDay.md saved.
[17:03:41] [Info] Saving file readmethisDay.md...
[17:03:41] [Info] [WATCHDOG] Ignore event: change:/home/rahu/Dropbox/myCloud/DailyDo/C_this.Week/this.Day/readmethisDay.md
[17:03:41] [Info] Updated modtime for fileDescriptor readmethisDay.md to 1611401621695
[17:03:41] [Info] File readmethisDay.md saved.
[17:03:49] [Info] Saving file readmethisDay.md...
[17:03:49] [Info] [WATCHDOG] Ignore event: change:/home/rahu/Dropbox/myCloud/DailyDo/C_this.Week/this.Day/readmethisDay.md
[17:03:49] [Info] Updated modtime for fileDescriptor readmethisDay.md to 1611401629543
[17:03:49] [Info] File readmethisDay.md saved.
[17:04:55] [Info] Saving file readmethisDay.md...
[17:04:55] [Info] [WATCHDOG] Ignore event: change:/home/rahu/Dropbox/myCloud/DailyDo/C_this.Week/this.Day/readmethisDay.md
[17:04:55] [Info] Updated modtime for fileDescriptor readmethisDay.md to 1611401695575
[17:04:55] [Info] File readmethisDay.md saved.
[17:05:10] [Info] こんにちは！ Booting Zettlr at Sat Jan 23 2021 17:05:10 GMT+0530 (India Standard Time).
[17:05:10] [Info] Performing environment check ...
[17:05:10] [Info] Added DevTools extension:  Vue.js devtools
[17:05:10] [Info] Environment check complete.
[17:05:10] [Info] Registering custom protocol safe-file
[17:05:10] [Info] [Citeproc Provider] There is no CSL library selected in the preferences. Nothing to do.
[17:05:10] [Info] Loaded all roots in 0.077 seconds
[17:24:09] [Info] さようなら！ Shutting down at Sat Jan 23 2021 17:24:09 GMT+0530 (India Standard Time)
