[21:34:46] [Info] こんにちは！ Booting Zettlr at Sat Jul 17 2021 21:34:44 GMT+0530 (India Standard Time).
[21:34:46] [Info] Performing environment check ...
[21:34:46] [Info] [Application] Pandoc has been bundled with this release. Path: /tmp/.mount_Z.AppInqAAK9/resources/pandoc
[21:34:46] [Info] Environment check complete.
[21:34:46] [Info] Registering custom protocol safe-file
[21:34:47] [Info] [Citeproc Provider] There is no CSL library selected in the preferences. Nothing to do.
[21:34:48] [Info] [Application] The bundled pandoc executable is now in PATH. If you do not want to use the bundled pandoc, uncheck the corresponding setting and reboot the app.
[21:34:49] [Info] Added DevTools extension:  Vue.js devtools
[21:34:51] [Warning] [FSAL Directory] Path /home/rahu/Documents/Zettlr Tutorial/Pandoc and LaTeX Guide.md took 145ms to load.
[21:34:52] [Warning] [FSAL] Path /home/rahu/Documents/Zettlr Tutorial took 3300ms to load.
[21:34:53] [Warning] [FSAL Directory] Path /home/rahu/Dropbox/myCloud/1000DailyDo/C_this.Week/this.Day/0Core/_Certificates took 368ms to load.
[21:34:53] [Warning] [FSAL Directory] Path /home/rahu/Dropbox/myCloud/1000DailyDo/C_this.Week/this.Day/0Core took 901ms to load.
[21:34:53] [Warning] [FSAL Directory] Path /home/rahu/Dropbox/myCloud/1000DailyDo/C_this.Week/this.Day/0del/2Print/Assignment Guidelines for Lawsikho Courses for assignment portal.txt took 212ms to load.
[21:34:53] [Warning] [FSAL Directory] Path /home/rahu/Dropbox/myCloud/1000DailyDo/C_this.Week/this.Day/0del/2Print took 254ms to load.
[21:34:53] [Warning] [FSAL Directory] Path /home/rahu/Dropbox/myCloud/1000DailyDo/C_this.Week/this.Day/0del took 644ms to load.
[21:34:54] [Warning] [FSAL Directory] Path /home/rahu/Dropbox/myCloud/1000DailyDo/C_this.Week/this.Day/50kCourse took 261ms to load.
[21:34:54] [Warning] [FSAL Directory] Path /home/rahu/Dropbox/myCloud/1000DailyDo/C_this.Week/this.Day/HamExam/HamRadioExam/701HamRadioExam took 268ms to load.
[21:34:54] [Warning] [FSAL Directory] Path /home/rahu/Dropbox/myCloud/1000DailyDo/C_this.Week/this.Day/HamExam/HamRadioExam took 384ms to load.
[21:34:55] [Warning] [FSAL Directory] Path /home/rahu/Dropbox/myCloud/1000DailyDo/C_this.Week/this.Day/HamExam/readmeHAM.md took 192ms to load.
[21:34:55] [Warning] [FSAL Directory] Path /home/rahu/Dropbox/myCloud/1000DailyDo/C_this.Week/this.Day/HamExam took 835ms to load.
[21:34:55] [Warning] [FSAL Directory] Path /home/rahu/Dropbox/myCloud/1000DailyDo/C_this.Week/this.Day/LICyet2pay took 130ms to load.
[21:34:55] [Warning] [FSAL Directory] Path /home/rahu/Dropbox/myCloud/1000DailyDo/C_this.Week/this.Day/_lawsikho/_assignment took 152ms to load.
[21:34:55] [Warning] [FSAL Directory] Path /home/rahu/Dropbox/myCloud/1000DailyDo/C_this.Week/this.Day/_lawsikho took 195ms to load.
[21:34:55] [Warning] [FSAL Directory] Path /home/rahu/Dropbox/myCloud/1000DailyDo/C_this.Week/this.Day/jobSeach/MapIT took 170ms to load.
[21:34:55] [Warning] [FSAL Directory] Path /home/rahu/Dropbox/myCloud/1000DailyDo/C_this.Week/this.Day/jobSeach took 235ms to load.
[21:34:56] [Warning] [FSAL Directory] Path /home/rahu/Dropbox/myCloud/1000DailyDo/C_this.Week/this.Day/screenshots took 283ms to load.
[21:34:56] [Warning] [FSAL] Path /home/rahu/Dropbox/myCloud/1000DailyDo/C_this.Week/this.Day took 4242ms to load.
[21:34:57] [Warning] [FSAL Directory] Path /home/rahu/Homebox/1000DailyDo/1800_weight80KG took 188ms to load.
[21:34:57] [Warning] [FSAL Directory] Path /home/rahu/Homebox/1000DailyDo/3100_Pooja took 308ms to load.
[21:34:57] [Warning] [FSAL Directory] Path /home/rahu/Homebox/1000DailyDo/3600_Zettlr took 102ms to load.
[21:34:59] [Warning] [FSAL Directory] Path /home/rahu/Homebox/1000DailyDo/43F/2020/20 took 185ms to load.
[21:34:59] [Warning] [FSAL Directory] Path /home/rahu/Homebox/1000DailyDo/43F/2020/21 took 108ms to load.
[21:34:59] [Warning] [FSAL Directory] Path /home/rahu/Homebox/1000DailyDo/43F/2020/22 took 141ms to load.
[21:34:59] [Warning] [FSAL Directory] Path /home/rahu/Homebox/1000DailyDo/43F/2020/29 took 105ms to load.
[21:35:00] [Warning] [FSAL Directory] Path /home/rahu/Homebox/1000DailyDo/43F/2020/31 took 140ms to load.
[21:35:01] [Warning] [FSAL Directory] Path /home/rahu/Homebox/1000DailyDo/43F/2020/49/4Wed took 245ms to load.
[21:35:01] [Warning] [FSAL Directory] Path /home/rahu/Homebox/1000DailyDo/43F/2020/49/6Fri took 198ms to load.
[21:35:01] [Warning] [FSAL Directory] Path /home/rahu/Homebox/1000DailyDo/43F/2020/49 took 737ms to load.
[21:35:01] [Warning] [FSAL Directory] Path /home/rahu/Homebox/1000DailyDo/43F/2020/50/1Sun took 133ms to load.
[21:35:01] [Warning] [FSAL Directory] Path /home/rahu/Homebox/1000DailyDo/43F/2020/50 took 243ms to load.
[21:35:01] [Warning] [FSAL Directory] Path /home/rahu/Homebox/1000DailyDo/43F/2020/51/Fri/comic_monofont.md took 182ms to load.
[21:35:02] [Warning] [FSAL Directory] Path /home/rahu/Homebox/1000DailyDo/43F/2020/51/Fri took 233ms to load.
[21:35:02] [Warning] [FSAL Directory] Path /home/rahu/Homebox/1000DailyDo/43F/2020/51/Sat took 467ms to load.
[21:35:02] [Warning] [FSAL Directory] Path /home/rahu/Homebox/1000DailyDo/43F/2020/51 took 826ms to load.
[21:35:02] [Warning] [FSAL Directory] Path /home/rahu/Homebox/1000DailyDo/43F/2020/52 took 347ms to load.
[21:35:03] [Warning] [FSAL Directory] Path /home/rahu/Homebox/1000DailyDo/43F/2020/Q1Jan_Feb_Mar took 160ms to load.
[21:35:03] [Warning] [FSAL Directory] Path /home/rahu/Homebox/1000DailyDo/43F/2020 took 5063ms to load.
[21:35:03] [Warning] [FSAL Directory] Path /home/rahu/Homebox/1000DailyDo/43F/2021/01/Sun/this.Day took 120ms to load.
[21:35:03] [Warning] [FSAL Directory] Path /home/rahu/Homebox/1000DailyDo/43F/2021/01/Sun took 178ms to load.
[21:35:03] [Warning] [FSAL Directory] Path /home/rahu/Homebox/1000DailyDo/43F/2021/01/Wed/book took 305ms to load.
[21:35:03] [Warning] [FSAL Directory] Path /home/rahu/Homebox/1000DailyDo/43F/2021/01/Wed took 368ms to load.
[21:35:03] [Warning] [FSAL Directory] Path /home/rahu/Homebox/1000DailyDo/43F/2021/01 took 797ms to load.
[21:35:04] [Warning] [FSAL Directory] Path /home/rahu/Homebox/1000DailyDo/43F/2021/02/Fri/this.Day/LastWeek.md took 204ms to load.
[21:35:04] [Warning] [FSAL Directory] Path /home/rahu/Homebox/1000DailyDo/43F/2021/02/Fri/this.Day took 715ms to load.
[21:35:04] [Warning] [FSAL Directory] Path /home/rahu/Homebox/1000DailyDo/43F/2021/02/Fri took 822ms to load.
[21:35:05] [Warning] [FSAL Directory] Path /home/rahu/Homebox/1000DailyDo/43F/2021/02/Mon took 159ms to load.
[21:35:05] [Warning] [FSAL Directory] Path /home/rahu/Homebox/1000DailyDo/43F/2021/02/Sat/this.Day took 388ms to load.
[21:35:05] [Warning] [FSAL Directory] Path /home/rahu/Homebox/1000DailyDo/43F/2021/02/Sat took 391ms to load.
[21:35:05] [Warning] [FSAL Directory] Path /home/rahu/Homebox/1000DailyDo/43F/2021/02/Sun/this.Day took 187ms to load.
[21:35:05] [Warning] [FSAL Directory] Path /home/rahu/Homebox/1000DailyDo/43F/2021/02/Sun took 426ms to load.
[21:35:05] [Warning] [FSAL Directory] Path /home/rahu/Homebox/1000DailyDo/43F/2021/02/Thu took 122ms to load.
[21:35:05] [Warning] [FSAL Directory] Path /home/rahu/Homebox/1000DailyDo/43F/2021/02 took 1998ms to load.
[21:35:06] [Warning] [FSAL Directory] Path /home/rahu/Homebox/1000DailyDo/43F/2021/03/Fri took 168ms to load.
[21:35:06] [Warning] [FSAL Directory] Path /home/rahu/Homebox/1000DailyDo/43F/2021/03/Thu/this.Day took 102ms to load.
[21:35:06] [Warning] [FSAL Directory] Path /home/rahu/Homebox/1000DailyDo/43F/2021/03/Thu took 107ms to load.
[21:35:06] [Warning] [FSAL Directory] Path /home/rahu/Homebox/1000DailyDo/43F/2021/03/Tue/this.Day took 239ms to load.
[21:35:06] [Warning] [FSAL Directory] Path /home/rahu/Homebox/1000DailyDo/43F/2021/03/Tue took 287ms to load.
[21:35:06] [Warning] [FSAL Directory] Path /home/rahu/Homebox/1000DailyDo/43F/2021/03 took 632ms to load.
[21:35:06] [Warning] [FSAL Directory] Path /home/rahu/Homebox/1000DailyDo/43F/2021/04/Mon/this.Day took 137ms to load.
[21:35:06] [Warning] [FSAL Directory] Path /home/rahu/Homebox/1000DailyDo/43F/2021/04/Mon took 150ms to load.
[21:35:07] [Warning] [FSAL Directory] Path /home/rahu/Homebox/1000DailyDo/43F/2021/04/Sat/this.Day took 141ms to load.
[21:35:07] [Warning] [FSAL Directory] Path /home/rahu/Homebox/1000DailyDo/43F/2021/04/Sat took 332ms to load.
[21:35:07] [Warning] [FSAL Directory] Path /home/rahu/Homebox/1000DailyDo/43F/2021/04/Wed took 158ms to load.
[21:35:07] [Warning] [FSAL Directory] Path /home/rahu/Homebox/1000DailyDo/43F/2021/04 took 694ms to load.
[21:35:07] [Warning] [FSAL Directory] Path /home/rahu/Homebox/1000DailyDo/43F/2021/05/Fri took 170ms to load.
[21:35:07] [Warning] [FSAL Directory] Path /home/rahu/Homebox/1000DailyDo/43F/2021/05 took 172ms to load.
[21:35:07] [Warning] [FSAL Directory] Path /home/rahu/Homebox/1000DailyDo/43F/2021/06/Wed/this.Day took 298ms to load.
[21:35:07] [Warning] [FSAL Directory] Path /home/rahu/Homebox/1000DailyDo/43F/2021/06/Wed took 317ms to load.
[21:35:07] [Warning] [FSAL Directory] Path /home/rahu/Homebox/1000DailyDo/43F/2021/06 took 370ms to load.
[21:35:07] [Warning] [FSAL Directory] Path /home/rahu/Homebox/1000DailyDo/43F/2021/07/Sun/this.Day took 122ms to load.
[21:35:07] [Warning] [FSAL Directory] Path /home/rahu/Homebox/1000DailyDo/43F/2021/07/Sun took 132ms to load.
[21:35:07] [Warning] [FSAL Directory] Path /home/rahu/Homebox/1000DailyDo/43F/2021/07 took 146ms to load.
[21:35:08] [Warning] [FSAL Directory] Path /home/rahu/Homebox/1000DailyDo/43F/2021/1/1Sun took 209ms to load.
[21:35:08] [Warning] [FSAL Directory] Path /home/rahu/Homebox/1000DailyDo/43F/2021/1 took 501ms to load.
[21:35:08] [Warning] [FSAL Directory] Path /home/rahu/Homebox/1000DailyDo/43F/2021/10/Tue/this.Day took 215ms to load.
[21:35:08] [Warning] [FSAL Directory] Path /home/rahu/Homebox/1000DailyDo/43F/2021/10/Tue took 275ms to load.
[21:35:08] [Warning] [FSAL Directory] Path /home/rahu/Homebox/1000DailyDo/43F/2021/10 took 285ms to load.
[21:35:09] [Warning] [FSAL Directory] Path /home/rahu/Homebox/1000DailyDo/43F/2021/11/4Wed took 142ms to load.
[21:35:09] [Warning] [FSAL Directory] Path /home/rahu/Homebox/1000DailyDo/43F/2021/11/Fri/this.Day took 115ms to load.
[21:35:09] [Warning] [FSAL Directory] Path /home/rahu/Homebox/1000DailyDo/43F/2021/11/Fri took 118ms to load.
[21:35:09] [Warning] [FSAL Directory] Path /home/rahu/Homebox/1000DailyDo/43F/2021/11/Mon took 168ms to load.
[21:35:09] [Warning] [FSAL Directory] Path /home/rahu/Homebox/1000DailyDo/43F/2021/11/Wed/this.Day/2250.md took 226ms to load.
[21:35:09] [Warning] [FSAL Directory] Path /home/rahu/Homebox/1000DailyDo/43F/2021/11/Wed/this.Day took 240ms to load.
[21:35:09] [Warning] [FSAL Directory] Path /home/rahu/Homebox/1000DailyDo/43F/2021/11/Wed took 243ms to load.
[21:35:09] [Warning] [FSAL Directory] Path /home/rahu/Homebox/1000DailyDo/43F/2021/11 took 702ms to load.
[21:35:09] [Warning] [FSAL Directory] Path /home/rahu/Homebox/1000DailyDo/43F/2021/12/2Mon took 119ms to load.
[21:35:09] [Warning] [FSAL Directory] Path /home/rahu/Homebox/1000DailyDo/43F/2021/12/3Tue took 119ms to load.
[21:35:10] [Warning] [FSAL Directory] Path /home/rahu/Homebox/1000DailyDo/43F/2021/12/Thu/2020_12_24_20_34_49.md took 249ms to load.
[21:35:10] [Warning] [FSAL Directory] Path /home/rahu/Homebox/1000DailyDo/43F/2021/12/Thu/this.Day/0Core took 117ms to load.
[21:35:10] [Warning] [FSAL Directory] Path /home/rahu/Homebox/1000DailyDo/43F/2021/12/Thu/this.Day took 287ms to load.
[21:35:10] [Warning] [FSAL Directory] Path /home/rahu/Homebox/1000DailyDo/43F/2021/12/Thu took 615ms to load.
[21:35:10] [Warning] [FSAL Directory] Path /home/rahu/Homebox/1000DailyDo/43F/2021/12 took 878ms to load.
[21:35:10] [Warning] [FSAL Directory] Path /home/rahu/Homebox/1000DailyDo/43F/2021/13/Sat/this.Day took 147ms to load.
[21:35:10] [Warning] [FSAL Directory] Path /home/rahu/Homebox/1000DailyDo/43F/2021/13/Sat took 152ms to load.
[21:35:10] [Warning] [FSAL Directory] Path /home/rahu/Homebox/1000DailyDo/43F/2021/13/Tue took 106ms to load.
[21:35:11] [Warning] [FSAL Directory] Path /home/rahu/Homebox/1000DailyDo/43F/2021/13/Wed/this.Day/LICyet2pay took 184ms to load.
[21:35:11] [Warning] [FSAL Directory] Path /home/rahu/Homebox/1000DailyDo/43F/2021/13/Wed/this.Day took 229ms to load.
[21:35:11] [Warning] [FSAL Directory] Path /home/rahu/Homebox/1000DailyDo/43F/2021/13/Wed took 239ms to load.
[21:35:11] [Warning] [FSAL Directory] Path /home/rahu/Homebox/1000DailyDo/43F/2021/13 took 804ms to load.
[21:35:11] [Warning] [FSAL Directory] Path /home/rahu/Homebox/1000DailyDo/43F/2021/14/Fri/this.Day took 116ms to load.
[21:35:11] [Warning] [FSAL Directory] Path /home/rahu/Homebox/1000DailyDo/43F/2021/14/Fri took 121ms to load.
[21:35:11] [Warning] [FSAL Directory] Path /home/rahu/Homebox/1000DailyDo/43F/2021/14/Sun/this.Day took 109ms to load.
[21:35:11] [Warning] [FSAL Directory] Path /home/rahu/Homebox/1000DailyDo/43F/2021/14/Sun took 117ms to load.
[21:35:11] [Warning] [FSAL Directory] Path /home/rahu/Homebox/1000DailyDo/43F/2021/14/Tue/this.Day/HamExam/HamRadioExam/701HamRadioExam/callsigns.md took 128ms to load.
[21:35:11] [Warning] [FSAL Directory] Path /home/rahu/Homebox/1000DailyDo/43F/2021/14/Tue/this.Day/HamExam/HamRadioExam/701HamRadioExam took 142ms to load.
[21:35:11] [Warning] [FSAL Directory] Path /home/rahu/Homebox/1000DailyDo/43F/2021/14/Tue/this.Day/HamExam/HamRadioExam took 152ms to load.
[21:35:11] [Warning] [FSAL Directory] Path /home/rahu/Homebox/1000DailyDo/43F/2021/14/Tue/this.Day/HamExam took 192ms to load.
[21:35:12] [Warning] [FSAL Directory] Path /home/rahu/Homebox/1000DailyDo/43F/2021/14/Tue/this.Day/_old/2021_03_17_15_46_33.md took 287ms to load.
[21:35:12] [Warning] [FSAL Directory] Path /home/rahu/Homebox/1000DailyDo/43F/2021/14/Tue/this.Day/_old took 289ms to load.
[21:35:12] [Warning] [FSAL Directory] Path /home/rahu/Homebox/1000DailyDo/43F/2021/14/Tue/this.Day/screenshots/_old took 163ms to load.
[21:35:12] [Warning] [FSAL Directory] Path /home/rahu/Homebox/1000DailyDo/43F/2021/14/Tue/this.Day/screenshots took 218ms to load.
[21:35:12] [Warning] [FSAL Directory] Path /home/rahu/Homebox/1000DailyDo/43F/2021/14/Tue/this.Day took 721ms to load.
[21:35:12] [Warning] [FSAL Directory] Path /home/rahu/Homebox/1000DailyDo/43F/2021/14/Tue took 823ms to load.
[21:35:12] [Warning] [FSAL Directory] Path /home/rahu/Homebox/1000DailyDo/43F/2021/14/Wed/this.Day/HamExam/HamRadioExam/701HamRadioExam took 125ms to load.
[21:35:12] [Warning] [FSAL Directory] Path /home/rahu/Homebox/1000DailyDo/43F/2021/14/Wed/this.Day/HamExam/HamRadioExam took 127ms to load.
[21:35:12] [Warning] [FSAL Directory] Path /home/rahu/Homebox/1000DailyDo/43F/2021/14/Wed/this.Day/HamExam took 133ms to load.
[21:35:12] [Warning] [FSAL Directory] Path /home/rahu/Homebox/1000DailyDo/43F/2021/14/Wed/this.Day took 174ms to load.
[21:35:12] [Warning] [FSAL Directory] Path /home/rahu/Homebox/1000DailyDo/43F/2021/14/Wed took 178ms to load.
[21:35:12] [Warning] [FSAL Directory] Path /home/rahu/Homebox/1000DailyDo/43F/2021/14 took 1294ms to load.
[21:35:12] [Warning] [FSAL Directory] Path /home/rahu/Homebox/1000DailyDo/43F/2021/15/Mon/this.Day/HamExam/_Certificates took 177ms to load.
[21:35:12] [Warning] [FSAL Directory] Path /home/rahu/Homebox/1000DailyDo/43F/2021/15/Mon/this.Day/HamExam took 210ms to load.
[21:35:13] [Warning] [FSAL Directory] Path /home/rahu/Homebox/1000DailyDo/43F/2021/15/Mon/this.Day/readmethisDay.md took 212ms to load.
[21:35:13] [Warning] [FSAL Directory] Path /home/rahu/Homebox/1000DailyDo/43F/2021/15/Mon/this.Day/screenshots/_old took 232ms to load.
[21:35:13] [Warning] [FSAL Directory] Path /home/rahu/Homebox/1000DailyDo/43F/2021/15/Mon/this.Day/screenshots took 260ms to load.
[21:35:13] [Warning] [FSAL Directory] Path /home/rahu/Homebox/1000DailyDo/43F/2021/15/Mon/this.Day took 719ms to load.
[21:35:13] [Warning] [FSAL Directory] Path /home/rahu/Homebox/1000DailyDo/43F/2021/15/Mon took 721ms to load.
[21:35:13] [Warning] [FSAL Directory] Path /home/rahu/Homebox/1000DailyDo/43F/2021/15/Thu/this.Day/LICyet2pay took 191ms to load.
[21:35:17] [Warning] [FSAL Directory] Path /home/rahu/Homebox/1000DailyDo/43F/2021/15/Thu/this.Day/screenshots/_old/screenshot_20210315_204450.png took 3210ms to load.
[21:35:17] [Warning] [FSAL Directory] Path /home/rahu/Homebox/1000DailyDo/43F/2021/15/Thu/this.Day/screenshots/_old took 3282ms to load.
[21:35:17] [Warning] [FSAL Directory] Path /home/rahu/Homebox/1000DailyDo/43F/2021/15/Thu/this.Day/screenshots took 3400ms to load.
[21:35:17] [Warning] [FSAL Directory] Path /home/rahu/Homebox/1000DailyDo/43F/2021/15/Thu/this.Day took 3925ms to load.
[21:35:17] [Warning] [FSAL Directory] Path /home/rahu/Homebox/1000DailyDo/43F/2021/15/Thu took 4009ms to load.
[21:35:17] [Warning] [FSAL Directory] Path /home/rahu/Homebox/1000DailyDo/43F/2021/15/Tue/this.Day/screenshots/ExwC7XiVIAA66FM.png took 154ms to load.
[21:35:17] [Warning] [FSAL Directory] Path /home/rahu/Homebox/1000DailyDo/43F/2021/15/Tue/this.Day/screenshots/_old took 111ms to load.
[21:35:17] [Warning] [FSAL Directory] Path /home/rahu/Homebox/1000DailyDo/43F/2021/15/Tue/this.Day/screenshots took 336ms to load.
[21:35:17] [Warning] [FSAL Directory] Path /home/rahu/Homebox/1000DailyDo/43F/2021/15/Tue/this.Day took 407ms to load.
[21:35:17] [Warning] [FSAL Directory] Path /home/rahu/Homebox/1000DailyDo/43F/2021/15/Tue took 413ms to load.
[21:35:17] [Warning] [FSAL Directory] Path /home/rahu/Homebox/1000DailyDo/43F/2021/15 took 5310ms to load.
[21:35:18] [Warning] [FSAL Directory] Path /home/rahu/Homebox/1000DailyDo/43F/2021/16/Sat/this.Day took 108ms to load.
[21:35:18] [Warning] [FSAL Directory] Path /home/rahu/Homebox/1000DailyDo/43F/2021/16/Sat took 124ms to load.
[21:35:18] [Warning] [FSAL Directory] Path /home/rahu/Homebox/1000DailyDo/43F/2021/16/Thu/this.Day took 126ms to load.
[21:35:18] [Warning] [FSAL Directory] Path /home/rahu/Homebox/1000DailyDo/43F/2021/16/Thu took 128ms to load.
[21:35:18] [Warning] [FSAL Directory] Path /home/rahu/Homebox/1000DailyDo/43F/2021/16 took 350ms to load.
[21:35:18] [Warning] [FSAL Directory] Path /home/rahu/Homebox/1000DailyDo/43F/2021/17/Fri/this.Day/screenshots took 156ms to load.
[21:35:18] [Warning] [FSAL Directory] Path /home/rahu/Homebox/1000DailyDo/43F/2021/17/Fri/this.Day took 354ms to load.
[21:35:18] [Warning] [FSAL Directory] Path /home/rahu/Homebox/1000DailyDo/43F/2021/17/Fri took 357ms to load.
[21:35:18] [Warning] [FSAL Directory] Path /home/rahu/Homebox/1000DailyDo/43F/2021/17/Sun/this.Day/screenshots took 104ms to load.
[21:35:18] [Warning] [FSAL Directory] Path /home/rahu/Homebox/1000DailyDo/43F/2021/17/Sun/this.Day took 225ms to load.
[21:35:18] [Warning] [FSAL Directory] Path /home/rahu/Homebox/1000DailyDo/43F/2021/17/Sun took 266ms to load.
[21:35:18] [Warning] [FSAL Directory] Path /home/rahu/Homebox/1000DailyDo/43F/2021/17 took 688ms to load.
[21:35:19] [Warning] [FSAL Directory] Path /home/rahu/Homebox/1000DailyDo/43F/2021/18/Fri/this.Day took 128ms to load.
[21:35:19] [Warning] [FSAL Directory] Path /home/rahu/Homebox/1000DailyDo/43F/2021/18/Fri took 192ms to load.
[21:35:19] [Warning] [FSAL Directory] Path /home/rahu/Homebox/1000DailyDo/43F/2021/18/Wed/this.Day took 126ms to load.
[21:35:19] [Warning] [FSAL Directory] Path /home/rahu/Homebox/1000DailyDo/43F/2021/18/Wed took 140ms to load.
[21:35:19] [Warning] [FSAL Directory] Path /home/rahu/Homebox/1000DailyDo/43F/2021/18 took 360ms to load.
[21:35:19] [Warning] [FSAL Directory] Path /home/rahu/Homebox/1000DailyDo/43F/2021/19/Sat/this.Day took 286ms to load.
[21:35:19] [Warning] [FSAL Directory] Path /home/rahu/Homebox/1000DailyDo/43F/2021/19/Sat took 358ms to load.
[21:35:19] [Warning] [FSAL Directory] Path /home/rahu/Homebox/1000DailyDo/43F/2021/19 took 370ms to load.
[21:35:19] [Warning] [FSAL Directory] Path /home/rahu/Homebox/1000DailyDo/43F/2021/2 took 195ms to load.
[21:35:20] [Warning] [FSAL Directory] Path /home/rahu/Homebox/1000DailyDo/43F/2021/20/Sun/this.Day took 269ms to load.
[21:35:20] [Warning] [FSAL Directory] Path /home/rahu/Homebox/1000DailyDo/43F/2021/20/Sun took 276ms to load.
[21:35:20] [Warning] [FSAL Directory] Path /home/rahu/Homebox/1000DailyDo/43F/2021/20/Thu/this.Day took 127ms to load.
[21:35:20] [Warning] [FSAL Directory] Path /home/rahu/Homebox/1000DailyDo/43F/2021/20/Thu took 130ms to load.
[21:35:20] [Warning] [FSAL Directory] Path /home/rahu/Homebox/1000DailyDo/43F/2021/20 took 441ms to load.
[21:35:20] [Warning] [FSAL Directory] Path /home/rahu/Homebox/1000DailyDo/43F/2021/21/Mon/this.Day took 187ms to load.
[21:35:20] [Warning] [FSAL Directory] Path /home/rahu/Homebox/1000DailyDo/43F/2021/21/Mon took 189ms to load.
[21:35:20] [Warning] [FSAL Directory] Path /home/rahu/Homebox/1000DailyDo/43F/2021/21 took 199ms to load.
[21:35:20] [Warning] [FSAL Directory] Path /home/rahu/Homebox/1000DailyDo/43F/2021/22/Fri/this.Day/HamExam/HamRadioExam/701HamRadioExam/Sunils_progress took 115ms to load.
[21:35:20] [Warning] [FSAL Directory] Path /home/rahu/Homebox/1000DailyDo/43F/2021/22/Fri/this.Day/HamExam/HamRadioExam/701HamRadioExam took 123ms to load.
[21:35:20] [Warning] [FSAL Directory] Path /home/rahu/Homebox/1000DailyDo/43F/2021/22/Fri/this.Day/HamExam/HamRadioExam took 124ms to load.
[21:35:20] [Warning] [FSAL Directory] Path /home/rahu/Homebox/1000DailyDo/43F/2021/22/Fri/this.Day/HamExam took 156ms to load.
[21:35:20] [Warning] [FSAL Directory] Path /home/rahu/Homebox/1000DailyDo/43F/2021/22/Fri/this.Day took 415ms to load.
[21:35:20] [Warning] [FSAL Directory] Path /home/rahu/Homebox/1000DailyDo/43F/2021/22/Fri took 425ms to load.
[21:35:20] [Warning] [FSAL Directory] Path /home/rahu/Homebox/1000DailyDo/43F/2021/22 took 463ms to load.
[21:35:21] [Warning] [FSAL Directory] Path /home/rahu/Homebox/1000DailyDo/43F/2021/23/Fri/this.Day took 120ms to load.
[21:35:21] [Warning] [FSAL Directory] Path /home/rahu/Homebox/1000DailyDo/43F/2021/23/Fri took 123ms to load.
[21:35:21] [Warning] [FSAL Directory] Path /home/rahu/Homebox/1000DailyDo/43F/2021/23/Mon/this.Day took 112ms to load.
[21:35:21] [Warning] [FSAL Directory] Path /home/rahu/Homebox/1000DailyDo/43F/2021/23/Mon took 115ms to load.
[21:35:21] [Warning] [FSAL Directory] Path /home/rahu/Homebox/1000DailyDo/43F/2021/23 took 328ms to load.
[21:35:21] [Warning] [FSAL Directory] Path /home/rahu/Homebox/1000DailyDo/43F/2021/25/4Wed took 310ms to load.
[21:35:21] [Warning] [FSAL Directory] Path /home/rahu/Homebox/1000DailyDo/43F/2021/25 took 326ms to load.
[21:35:21] [Warning] [FSAL Directory] Path /home/rahu/Homebox/1000DailyDo/43F/2021/26/Tue/this.Day took 108ms to load.
[21:35:21] [Warning] [FSAL Directory] Path /home/rahu/Homebox/1000DailyDo/43F/2021/26/Tue took 111ms to load.
[21:35:21] [Warning] [FSAL Directory] Path /home/rahu/Homebox/1000DailyDo/43F/2021/26/Wed/this.Day took 128ms to load.
[21:35:21] [Warning] [FSAL Directory] Path /home/rahu/Homebox/1000DailyDo/43F/2021/26/Wed took 131ms to load.
[21:35:21] [Warning] [FSAL Directory] Path /home/rahu/Homebox/1000DailyDo/43F/2021/26 took 256ms to load.
[21:35:22] [Warning] [FSAL Directory] Path /home/rahu/Homebox/1000DailyDo/43F/2021/28/Wed/2020_12_24_20_34_49.md took 296ms to load.
[21:35:22] [Warning] [FSAL Directory] Path /home/rahu/Homebox/1000DailyDo/43F/2021/28/Wed/this.Day/screenshots took 137ms to load.
[21:35:22] [Warning] [FSAL Directory] Path /home/rahu/Homebox/1000DailyDo/43F/2021/28/Wed/this.Day took 496ms to load.
[21:35:22] [Warning] [FSAL Directory] Path /home/rahu/Homebox/1000DailyDo/43F/2021/28/Wed took 807ms to load.
[21:35:22] [Warning] [FSAL Directory] Path /home/rahu/Homebox/1000DailyDo/43F/2021/28 took 819ms to load.
[21:35:23] [Warning] [FSAL Directory] Path /home/rahu/Homebox/1000DailyDo/43F/2021 took 19947ms to load.
[21:35:23] [Warning] [FSAL Directory] Path /home/rahu/Homebox/1000DailyDo/43F took 25048ms to load.
[21:35:23] [Warning] [FSAL Directory] Path /home/rahu/Homebox/1000DailyDo/900_myMorningNotes took 155ms to load.
[21:35:23] [Warning] [FSAL Directory] Path /home/rahu/Homebox/1000DailyDo/_image took 225ms to load.
[21:35:23] [Warning] [FSAL Directory] Path /home/rahu/Homebox/1000DailyDo took 27139ms to load.
[21:35:23] [Warning] [FSAL Directory] Path /home/rahu/Homebox/10Delegated2_GTD took 176ms to load.
[21:35:24] [Warning] [FSAL Directory] Path /home/rahu/Homebox/1100Responsible4/1112_DhruvaEducation took 213ms to load.
[21:35:24] [Warning] [FSAL Directory] Path /home/rahu/Homebox/1100Responsible4/1200_MyFamily took 167ms to load.
[21:35:24] [Warning] [FSAL Directory] Path /home/rahu/Homebox/1100Responsible4 took 679ms to load.
[21:35:24] [Warning] [FSAL Directory] Path /home/rahu/Homebox/1200InterfaceWith/27BlueOceanTech took 250ms to load.
[21:35:25] [Warning] [FSAL Directory] Path /home/rahu/Homebox/1200InterfaceWith/InternationalGovBody took 101ms to load.
[21:35:25] [Warning] [FSAL Directory] Path /home/rahu/Homebox/1200InterfaceWith/lawSikho/Calibre_LawSikho took 324ms to load.
[21:35:25] [Warning] [FSAL Directory] Path /home/rahu/Homebox/1200InterfaceWith/lawSikho took 397ms to load.
[21:35:25] [Warning] [FSAL Directory] Path /home/rahu/Homebox/1200InterfaceWith took 990ms to load.
[21:35:25] [Warning] [FSAL Directory] Path /home/rahu/Homebox/1300HelpThoseIn took 138ms to load.
[21:35:25] [Warning] [FSAL Directory] Path /home/rahu/Homebox/1400EnjoyBy/0DEL/anydesk-5.1.1-amd64 took 110ms to load.
[21:35:26] [Warning] [FSAL Directory] Path /home/rahu/Homebox/1400EnjoyBy/0DEL/backupDhruva8gb/Auto call record took 125ms to load.
[21:35:26] [Warning] [FSAL Directory] Path /home/rahu/Homebox/1400EnjoyBy/0DEL/backupDhruva8gb/Office2010 took 127ms to load.
[21:35:26] [Warning] [FSAL Directory] Path /home/rahu/Homebox/1400EnjoyBy/0DEL/backupDhruva8gb took 434ms to load.
[21:35:26] [Warning] [FSAL Directory] Path /home/rahu/Homebox/1400EnjoyBy/0DEL took 586ms to load.
[21:35:26] [Warning] [FSAL Directory] Path /home/rahu/Homebox/1400EnjoyBy/Music took 111ms to load.
[21:35:27] [Warning] [FSAL Directory] Path /home/rahu/Homebox/1400EnjoyBy/_image took 315ms to load.
[21:35:27] [Warning] [FSAL Directory] Path /home/rahu/Homebox/1400EnjoyBy took 1687ms to load.
[21:35:27] [Warning] [FSAL Directory] Path /home/rahu/Homebox/2100GoldenPastin took 193ms to load.
[21:35:28] [Warning] [FSAL Directory] Path /home/rahu/Homebox/2300RememberThese/100_admin took 273ms to load.
[21:35:28] [Warning] [FSAL Directory] Path /home/rahu/Homebox/2300RememberThese/1300_inspirationChart took 176ms to load.
[21:35:28] [Warning] [FSAL Directory] Path /home/rahu/Homebox/2300RememberThese took 574ms to load.
[21:35:28] [Warning] [FSAL Directory] Path /home/rahu/Homebox/2400QuantifiedSelf/3400_Routine/myData took 125ms to load.
[21:35:28] [Warning] [FSAL Directory] Path /home/rahu/Homebox/2400QuantifiedSelf/3400_Routine took 242ms to load.
[21:35:28] [Warning] [FSAL Directory] Path /home/rahu/Homebox/2400QuantifiedSelf took 279ms to load.
[21:35:29] [Warning] [FSAL Directory] Path /home/rahu/Homebox/36useExtFamily/2100_GTD_Phone/Ch_Contacts_preeti/Preeti_Contacts took 195ms to load.
[21:35:29] [Warning] [FSAL Directory] Path /home/rahu/Homebox/36useExtFamily/2100_GTD_Phone/Ch_Contacts_preeti took 324ms to load.
[21:35:29] [Warning] [FSAL Directory] Path /home/rahu/Homebox/36useExtFamily/2100_GTD_Phone/Onelife_Wiki/_SL took 103ms to load.
[21:35:29] [Warning] [FSAL Directory] Path /home/rahu/Homebox/36useExtFamily/2100_GTD_Phone/Onelife_Wiki took 255ms to load.
[21:35:29] [Warning] [FSAL Directory] Path /home/rahu/Homebox/36useExtFamily/2100_GTD_Phone took 801ms to load.
[21:35:29] [Warning] [FSAL Directory] Path /home/rahu/Homebox/36useExtFamily/_image took 152ms to load.
[21:35:29] [Warning] [FSAL Directory] Path /home/rahu/Homebox/36useExtFamily took 1035ms to load.
[21:35:30] [Warning] [FSAL Directory] Path /home/rahu/Homebox/4000How2 took 235ms to load.
[21:35:30] [Warning] [FSAL Directory] Path /home/rahu/Homebox/4100Whatis/AWS/11Jan2021/ChadSmith/aws-infrastructure-concepts-and-deployment took 140ms to load.
[21:35:30] [Warning] [FSAL Directory] Path /home/rahu/Homebox/4100Whatis/AWS/11Jan2021/ChadSmith took 198ms to load.
[21:35:30] [Warning] [FSAL Directory] Path /home/rahu/Homebox/4100Whatis/AWS/11Jan2021/Lambda/programming-aws-lambda-book took 291ms to load.
[21:35:30] [Warning] [FSAL Directory] Path /home/rahu/Homebox/4100Whatis/AWS/11Jan2021/Lambda took 422ms to load.
[21:35:31] [Warning] [FSAL Directory] Path /home/rahu/Homebox/4100Whatis/AWS/11Jan2021 took 773ms to load.
[21:35:31] [Warning] [FSAL Directory] Path /home/rahu/Homebox/4100Whatis/AWS/cantrill/aws-dev-associate/16-RDS took 104ms to load.
[21:35:31] [Warning] [FSAL Directory] Path /home/rahu/Homebox/4100Whatis/AWS/cantrill/aws-dev-associate took 403ms to load.
[21:35:32] [Warning] [FSAL Directory] Path /home/rahu/Homebox/4100Whatis/AWS/cantrill/aws-sa-associate-saac02 took 401ms to load.
[21:35:32] [Warning] [FSAL Directory] Path /home/rahu/Homebox/4100Whatis/AWS/cantrill/learn-cantrill-io-labs took 268ms to load.
[21:35:32] [Warning] [FSAL Directory] Path /home/rahu/Homebox/4100Whatis/AWS/cantrill/learn-cantrill-labs-1clickrepo took 127ms to load.
[21:35:32] [Warning] [FSAL Directory] Path /home/rahu/Homebox/4100Whatis/AWS/cantrill took 1570ms to load.
[21:35:32] [Warning] [FSAL Directory] Path /home/rahu/Homebox/4100Whatis/AWS took 2347ms to load.
[21:35:33] [Warning] [FSAL Directory] Path /home/rahu/Homebox/4100Whatis/DesignPattern/501_DesPatterns/Design-Patterns.git/objects took 294ms to load.
[21:35:33] [Warning] [FSAL Directory] Path /home/rahu/Homebox/4100Whatis/DesignPattern/501_DesPatterns/Design-Patterns.git took 328ms to load.
[21:35:33] [Warning] [FSAL Directory] Path /home/rahu/Homebox/4100Whatis/DesignPattern/501_DesPatterns took 410ms to load.
[21:35:33] [Warning] [FSAL Directory] Path /home/rahu/Homebox/4100Whatis/DesignPattern took 414ms to load.
[21:35:33] [Warning] [FSAL Directory] Path /home/rahu/Homebox/4100Whatis took 3067ms to load.
[21:35:33] [Warning] [FSAL Directory] Path /home/rahu/Homebox/70NextActionin_GTD/8Lpm/0Core took 237ms to load.
[21:35:34] [Warning] [FSAL Directory] Path /home/rahu/Homebox/70NextActionin_GTD/8Lpm/2250_Gagne2020/Nov2020 took 264ms to load.
[21:35:34] [Warning] [FSAL Directory] Path /home/rahu/Homebox/70NextActionin_GTD/8Lpm/2250_Gagne2020 took 538ms to load.
[21:35:34] [Warning] [FSAL Directory] Path /home/rahu/Homebox/70NextActionin_GTD/8Lpm/Rakuten took 148ms to load.
[21:35:34] [Warning] [FSAL Directory] Path /home/rahu/Homebox/70NextActionin_GTD/8Lpm took 1114ms to load.
[21:35:34] [Warning] [FSAL Directory] Path /home/rahu/Homebox/70NextActionin_GTD/MindValleyGuy.md took 202ms to load.
[21:35:34] [Warning] [FSAL Directory] Path /home/rahu/Homebox/70NextActionin_GTD/NxAArchive took 178ms to load.
[21:35:34] [Warning] [FSAL Directory] Path /home/rahu/Homebox/70NextActionin_GTD/_image took 159ms to load.
[21:35:34] [Warning] [FSAL Directory] Path /home/rahu/Homebox/70NextActionin_GTD took 1701ms to load.
[21:35:35] [Warning] [FSAL Directory] Path /home/rahu/Homebox/999MoneyFrom/006ReimburseMent/readme.md took 152ms to load.
[21:35:35] [Warning] [FSAL Directory] Path /home/rahu/Homebox/999MoneyFrom/006ReimburseMent took 200ms to load.
[21:35:35] [Warning] [FSAL Directory] Path /home/rahu/Homebox/999MoneyFrom/2200Parachute/2201ArtofSunil/ideas/Wallpapers/wallpapers/Landscapes took 135ms to load.
[21:35:35] [Warning] [FSAL Directory] Path /home/rahu/Homebox/999MoneyFrom/2200Parachute/2201ArtofSunil/ideas/Wallpapers/wallpapers took 387ms to load.
[21:35:35] [Warning] [FSAL Directory] Path /home/rahu/Homebox/999MoneyFrom/2200Parachute/2201ArtofSunil/ideas/Wallpapers took 422ms to load.
[21:35:35] [Warning] [FSAL Directory] Path /home/rahu/Homebox/999MoneyFrom/2200Parachute/2201ArtofSunil/ideas took 503ms to load.
[21:35:35] [Warning] [FSAL Directory] Path /home/rahu/Homebox/999MoneyFrom/2200Parachute/2201ArtofSunil took 541ms to load.
[21:35:36] [Warning] [FSAL Directory] Path /home/rahu/Homebox/999MoneyFrom/2200Parachute took 1057ms to load.
[21:35:36] [Warning] [FSAL Directory] Path /home/rahu/Homebox/999MoneyFrom/ReducingMoneyLeakages took 125ms to load.
[21:35:36] [Warning] [FSAL Directory] Path /home/rahu/Homebox/999MoneyFrom took 1797ms to load.
[21:35:36] [Warning] [FSAL] Path /home/rahu/Homebox took 40493ms to load.
[21:35:36] [Info] Loaded all roots in 48.058 seconds
[21:35:37] [Info] [Update Provider] Checking for application updates ...
[21:35:39] [Info] [Update Provider] No new update available. Current version is v1.8.9.
[21:36:40] [Warning] [R] [Main Window] The current opened file was not found in the list of open files during sync! (index.js:593)
[21:55:29] [Info] [WATCHDOG] Emitting event: addDir:/home/rahu/Dropbox/myCloud/1000DailyDo/C_this.Week/this.Day/_lawsikho/_assignment/smartcontractsinBTCvsETH
[21:55:31] [Info] [WATCHDOG] Emitting event: add:/home/rahu/Dropbox/myCloud/1000DailyDo/C_this.Week/this.Day/_lawsikho/_assignment/smartcontractsinBTCvsETH/sec19fall_das_prepub.pdf
[21:55:33] [Info] [WATCHDOG] Emitting event: change:/home/rahu/Dropbox/myCloud/1000DailyDo/C_this.Week/this.Day/_lawsikho/_assignment/smartcontractsinBTCvsETH/sec19fall_das_prepub.pdf
[21:55:33] [Info] [WATCHDOG] Emitting event: change:/home/rahu/Dropbox/myCloud/1000DailyDo/C_this.Week/this.Day/_lawsikho/_assignment/smartcontractsinBTCvsETH/sec19fall_das_prepub.pdf
[21:56:36] [Info] [WATCHDOG] Emitting event: add:/home/rahu/Dropbox/myCloud/1000DailyDo/C_this.Week/this.Day/_lawsikho/_assignment/smartcontractsinBTCvsETH/Bitcoin vs. Ethereum What's the Difference?.pdf
[21:56:36] [Info] [WATCHDOG] Emitting event: change:/home/rahu/Dropbox/myCloud/1000DailyDo/C_this.Week/this.Day/_lawsikho/_assignment/smartcontractsinBTCvsETH/Bitcoin vs. Ethereum What's the Difference?.pdf
[22:26:52] [Info] [WATCHDOG] Emitting event: add:/home/rahu/Dropbox/myCloud/1000DailyDo/C_this.Week/this.Day/screenshots/screenshot_20210717_222651.png
[22:35:45] [Info] [WATCHDOG] Emitting event: add:/home/rahu/Dropbox/myCloud/1000DailyDo/C_this.Week/this.Day/screenshots/screenshot_20210717_223544.png
[22:40:38] [Info] さようなら！ Shutting down at Sat Jul 17 2021 22:40:38 GMT+0530 (India Standard Time)
[22:40:39] [Info] Cleaned up FSAL cache: Removed 170 remnants.
[22:40:44] [Info] Shutdown almost complete. Application uptime was: 1 hours, 5 minutes, and 59.243 seconds.
