[21:40:06] [Info] こんにちは！　Booting Zettlr at Sun Apr 18 2021 21:40:05 GMT+0530 (India Standard Time).
[21:40:06] [Info] Electron reports ready state. Instantiating main process...
[21:40:11] [Info] Loaded all roots in 2.848 seconds
[21:41:12] [Info] [WATCHDOG] Ignore event: change:readme_3100Pooja.md
[21:41:43] [Info] [WATCHDOG] Ignore event: change:readme_3100Pooja.md
[21:41:58] [Info] [WATCHDOG] Ignore event: change:readme_3100Pooja.md
[21:42:20] [Info] [WATCHDOG] Ignore event: change:readme_3100Pooja.md
[21:42:29] [Info] [WATCHDOG] Ignore event: change:readme_3100Pooja.md
[21:44:12] [Info] [WATCHDOG] Ignore event: change:readme_3100Pooja.md
[21:45:48] [Info] [WATCHDOG] Ignore event: change:readme_3100Pooja.md
[21:45:59] [Info] [WATCHDOG] Ignore event: change:readme_3100Pooja.md
[21:46:20] [Info] [WATCHDOG] Ignore event: change:readme_3100Pooja.md
[21:47:02] [Info] [WATCHDOG] Ignore event: change:readme_3100Pooja.md
[21:47:16] [Info] [WATCHDOG] Ignore event: change:readme_3100Pooja.md
[21:47:49] [Info] [WATCHDOG] Ignore event: change:readme_3100Pooja.md
[21:48:04] [Info] [WATCHDOG] Ignore event: change:readme_3100Pooja.md
[21:48:56] [Info] [WATCHDOG] Ignore event: change:readme_3100Pooja.md
[21:49:03] [Info] [WATCHDOG] Ignore event: change:readme_3100Pooja.md
[21:49:13] [Info] [WATCHDOG] Ignore event: change:readme_3100Pooja.md
[21:49:34] [Info] [WATCHDOG] Ignore event: change:readme_3100Pooja.md
[21:50:09] [Info] [WATCHDOG] Ignore event: change:readme_3100Pooja.md
[21:50:18] [Info] [WATCHDOG] Ignore event: change:readme_3100Pooja.md
[21:50:39] [Info] [WATCHDOG] Ignore event: change:readme_3100Pooja.md
[21:51:26] [Info] [WATCHDOG] Ignore event: change:readme_3100Pooja.md
[21:51:40] [Info] [WATCHDOG] Ignore event: change:readme_3100Pooja.md
[21:52:01] [Info] [WATCHDOG] Ignore event: change:readme_3100Pooja.md
[21:52:12] [Info] [WATCHDOG] Ignore event: change:readme_3100Pooja.md
[21:52:22] [Info] [WATCHDOG] Ignore event: change:readme_3100Pooja.md
[21:52:28] [Info] [WATCHDOG] Ignore event: change:readme_3100Pooja.md
[21:52:52] [Info] [WATCHDOG] Ignore event: change:readme_3100Pooja.md
[21:53:13] [Info] [WATCHDOG] Ignore event: change:readme_3100Pooja.md
[21:53:26] [Info] [WATCHDOG] Ignore event: change:readme_3100Pooja.md
[21:53:34] [Info] [WATCHDOG] Ignore event: change:readme_3100Pooja.md
[21:53:50] [Info] [WATCHDOG] Ignore event: change:readme_3100Pooja.md
[21:54:02] [Info] [WATCHDOG] Ignore event: change:readme_3100Pooja.md
[21:54:38] [Info] [WATCHDOG] Ignore event: change:readme_3100Pooja.md
[21:55:37] [Info] [WATCHDOG] Ignore event: change:readme_3100Pooja.md
[21:55:48] [Info] [WATCHDOG] Ignore event: change:readme_3100Pooja.md
[21:56:13] [Info] [WATCHDOG] Ignore event: change:readme_3100Pooja.md
[21:57:31] [Info] [WATCHDOG] Ignore event: change:readme_3100Pooja.md
[21:58:41] [Info] [WATCHDOG] Ignore event: change:readme_3100Pooja.md
[21:58:52] [Info] [WATCHDOG] Ignore event: change:readme_3100Pooja.md
[21:59:29] [Info] [WATCHDOG] Ignore event: change:readme_3100Pooja.md
[21:59:46] [Info] [WATCHDOG] Ignore event: change:readme_3100Pooja.md
[22:00:03] [Info] [WATCHDOG] Ignore event: change:readme_3100Pooja.md
[22:00:11] [Info] [WATCHDOG] Ignore event: change:readme_3100Pooja.md
[22:01:19] [Info] [WATCHDOG] Ignore event: change:readme_3100Pooja.md
[22:02:33] [Info] [WATCHDOG] Ignore event: change:readme_3100Pooja.md
[22:02:56] [Info] [WATCHDOG] Ignore event: change:readme_3100Pooja.md
[22:03:05] [Info] [WATCHDOG] Ignore event: change:readme_3100Pooja.md
[22:03:33] [Info] Cleaned up FSAL cache: Removed 1 remnants.
