[18:52:41] [Info] こんにちは！　Booting Zettlr at Fri Mar 26 2021 18:52:39 GMT+0530 (India Standard Time).
[18:52:41] [Info] Electron reports ready state. Instantiating main process...
[18:52:42] [Info] Migrating from 1.8.1 to 1.7.1!
[18:52:43] [Info] Clearing the FSAL cache ...
[18:52:45] [Info] Cache cleared!
[18:52:46] [Info] Loaded all roots in 2.234 seconds
[18:55:14] [Info] [WATCHDOG] Ignore event: change:readme_Routine.md
[18:57:49] [Info] [WATCHDOG] Ignore event: change:readme_Routine.md
[18:58:05] [Info] [WATCHDOG] Ignore event: change:readme_Routine.md
[18:58:23] [Info] [WATCHDOG] Ignore event: change:readme_Routine.md
[18:58:47] [Info] [WATCHDOG] Ignore event: change:readme_Routine.md
[18:59:57] [Info] [WATCHDOG] Ignore event: change:readme_Routine.md
[19:00:31] [Info] [WATCHDOG] Ignore event: change:readme_Routine.md
[19:01:07] [Info] [WATCHDOG] Ignore event: change:readme_Routine.md
[19:01:59] [Info] [WATCHDOG] Ignore event: change:readme_Routine.md
[19:02:13] [Info] [WATCHDOG] Ignore event: change:readme_Routine.md
[19:02:28] [Info] [WATCHDOG] Ignore event: change:readme_Routine.md
[19:02:42] [Info] [WATCHDOG] Ignore event: change:readme_Routine.md
[19:03:10] [Info] [WATCHDOG] Ignore event: change:readme_Routine.md
[19:04:31] [Info] [WATCHDOG] Ignore event: change:readme_Routine.md
[19:04:56] [Info] [WATCHDOG] Ignore event: change:readme_Routine.md
[19:06:29] [Info] [WATCHDOG] Ignore event: change:readme_Routine.md
[19:06:54] [Info] [WATCHDOG] Ignore event: change:readme_Routine.md
[19:07:15] [Info] [WATCHDOG] Ignore event: change:readme_Routine.md
[19:09:23] [Info] [WATCHDOG] Ignore event: change:readme_Routine.md
[19:09:55] [Info] [WATCHDOG] Ignore event: change:readme_Routine.md
[19:10:21] [Info] [WATCHDOG] Ignore event: change:readme_Routine.md
[19:10:34] [Info] [WATCHDOG] Ignore event: change:readme_Routine.md
[19:11:21] [Info] [WATCHDOG] Ignore event: change:readme_Routine.md
[19:12:09] [Info] [WATCHDOG] Ignore event: change:readme_Routine.md
[19:12:34] [Info] [WATCHDOG] Ignore event: change:readme_Routine.md
[19:17:21] [Info] [WATCHDOG] Ignore event: change:readme_Routine.md
[19:18:01] [Info] [WATCHDOG] Ignore event: change:readme_Routine.md
[19:18:39] [Info] [WATCHDOG] Ignore event: change:readme_Routine.md
[19:20:02] [Info] [WATCHDOG] Ignore event: change:readme_Routine.md
[19:20:12] [Info] [WATCHDOG] Ignore event: change:readme_Routine.md
[19:20:25] [Info] [WATCHDOG] Ignore event: change:readme_Routine.md
[19:21:03] [Info] [WATCHDOG] Ignore event: change:readme_Routine.md
[19:22:40] [Info] [WATCHDOG] Ignore event: change:readme_Routine.md
[19:23:08] [Info] [WATCHDOG] Ignore event: change:readme_Routine.md
[19:23:44] [Info] [WATCHDOG] Ignore event: change:readme_Routine.md
[19:24:00] [Info] [WATCHDOG] Ignore event: change:readme_Routine.md
[19:24:40] [Info] [WATCHDOG] Ignore event: change:readme_Routine.md
[19:25:16] [Info] [WATCHDOG] Ignore event: change:readme_Routine.md
[19:26:00] [Info] [WATCHDOG] Ignore event: change:readme_Routine.md
[19:28:27] [Info] [WATCHDOG] Ignore event: change:readme_Routine.md
[19:29:55] [Info] [WATCHDOG] Ignore event: change:readme_Routine.md
[19:30:18] [Info] [WATCHDOG] Ignore event: change:readme_Routine.md
[19:31:08] [Info] [WATCHDOG] Ignore event: change:readme_Routine.md
[19:31:27] [Info] [WATCHDOG] Ignore event: change:readme_Routine.md
[19:32:28] [Info] [WATCHDOG] Ignore event: change:readme_Routine.md
[19:38:18] [Info] [WATCHDOG] Ignore event: change:readme_Routine.md
[19:38:42] [Info] [WATCHDOG] Ignore event: change:readme_Routine.md
[19:38:52] [Info] [WATCHDOG] Ignore event: change:readme_Routine.md
[19:39:37] [Info] [WATCHDOG] Ignore event: change:readme_Routine.md
[19:39:52] [Info] [WATCHDOG] Ignore event: change:readme_Routine.md
[19:40:19] [Info] [WATCHDOG] Ignore event: change:readme_Routine.md
[19:43:38] [Info] [WATCHDOG] Ignore event: change:readme_Routine.md
[19:44:30] [Info] [WATCHDOG] Ignore event: change:readme_Routine.md
[19:46:44] [Info] [WATCHDOG] Ignore event: change:readme_Routine.md
[19:47:17] [Info] [WATCHDOG] Ignore event: change:readme_Routine.md
[19:48:13] [Info] [WATCHDOG] Ignore event: change:readme_Routine.md
[19:48:23] [Info] [WATCHDOG] Ignore event: change:readme_Routine.md
[19:49:04] [Info] [WATCHDOG] Ignore event: change:readme_Routine.md
[19:49:42] [Info] [WATCHDOG] Ignore event: change:readme_Routine.md
[19:50:27] [Info] [WATCHDOG] Ignore event: change:readme_Routine.md
[19:53:08] [Info] [WATCHDOG] Ignore event: change:readme_Routine.md
[19:53:47] [Info] [WATCHDOG] Ignore event: change:readme_Routine.md
[19:54:20] [Info] [WATCHDOG] Ignore event: change:readme_Routine.md
[19:56:55] [Info] [WATCHDOG] Ignore event: change:readme_Routine.md
[19:57:39] [Info] [WATCHDOG] Ignore event: change:readme_Routine.md
[19:57:52] [Info] [WATCHDOG] Ignore event: change:readme_Routine.md
[19:58:22] [Info] [WATCHDOG] Ignore event: change:readme_Routine.md
[19:58:51] [Info] [WATCHDOG] Ignore event: change:readme_Routine.md
[19:59:02] [Info] [WATCHDOG] Ignore event: change:readme_Routine.md
[19:59:37] [Info] [WATCHDOG] Ignore event: change:readme_Routine.md
[20:03:31] [Info] [WATCHDOG] Ignore event: change:readme_Routine.md
[20:05:31] [Info] [WATCHDOG] Ignore event: change:readme_Routine.md
[20:05:55] [Info] [WATCHDOG] Ignore event: change:readme_Routine.md
[20:06:13] [Info] [WATCHDOG] Ignore event: change:readme_Routine.md
[20:07:03] [Info] [WATCHDOG] Ignore event: change:readme_Routine.md
