[00:04:12] [Info] Saving file readmethisDay.md...
[00:04:12] [Info] [WATCHDOG] Ignore event: change:/home/rahu/Homebox/DailyDo/43F/2021/02/Fri/this.Day/readmethisDay.md
[00:04:12] [Info] Updated modtime for fileDescriptor readmethisDay.md to 1610908452465
[00:04:12] [Info] File readmethisDay.md saved.
[00:09:42] [Info] Saving file ThisWeek.md...
[00:09:42] [Info] [WATCHDOG] Ignore event: change:/home/rahu/Homebox/DailyDo/43F/2021/02/Mon/this.Day/ThisWeek.md
[00:09:42] [Info] Updated modtime for fileDescriptor ThisWeek.md to 1610908782363
[00:09:42] [Info] File ThisWeek.md saved.
[00:11:33] [Info] Saving file Week02.md...
[00:11:33] [Info] [WATCHDOG] Ignore event: change:/home/rahu/Homebox/DailyDo/43F/2021/02/Week02.md
[00:11:33] [Info] Updated modtime for fileDescriptor Week02.md to 1610908893187
[00:11:33] [Info] File Week02.md saved.
[00:11:38] [Info] Saving file Week02.md...
[00:11:38] [Info] [WATCHDOG] Ignore event: change:/home/rahu/Homebox/DailyDo/43F/2021/02/Week02.md
[00:11:38] [Info] Updated modtime for fileDescriptor Week02.md to 1610908898943
[00:11:38] [Info] File Week02.md saved.
[00:13:03] [Info] Saving file Week02.md...
[00:13:03] [Info] [WATCHDOG] Ignore event: change:/home/rahu/Homebox/DailyDo/43F/2021/02/Week02.md
[00:13:03] [Info] Updated modtime for fileDescriptor Week02.md to 1610908983879
[00:13:03] [Info] File Week02.md saved.
[00:13:17] [Info] Saving file Week02.md...
[00:13:17] [Info] [WATCHDOG] Ignore event: change:/home/rahu/Homebox/DailyDo/43F/2021/02/Week02.md
[00:13:17] [Info] Updated modtime for fileDescriptor Week02.md to 1610908997019
[00:13:17] [Info] File Week02.md saved.
[00:13:25] [Info] Saving file Week02.md...
[00:13:25] [Info] [WATCHDOG] Ignore event: change:/home/rahu/Homebox/DailyDo/43F/2021/02/Week02.md
[00:13:25] [Info] Updated modtime for fileDescriptor Week02.md to 1610909005492
[00:13:26] [Info] File Week02.md saved.
[00:14:35] [Info] Saving file Week02.md...
[00:14:35] [Info] [WATCHDOG] Ignore event: change:/home/rahu/Homebox/DailyDo/43F/2021/02/Week02.md
[00:14:35] [Info] Updated modtime for fileDescriptor Week02.md to 1610909075940
[00:14:35] [Info] File Week02.md saved.
[00:22:15] [Info] Saving file readmethisDay (rahu's conflicted copy 2021-01-15).md...
[00:22:15] [Info] [WATCHDOG] Ignore event: change:/home/rahu/Homebox/DailyDo/43F/2021/02/Sat/this.Day/readmethisDay (rahu's conflicted copy 2021-01-15).md
[00:22:15] [Info] Updated modtime for fileDescriptor readmethisDay (rahu's conflicted copy 2021-01-15).md to 1610909535123
[00:22:15] [Info] File readmethisDay (rahu's conflicted copy 2021-01-15).md saved.
[00:23:00] [Info] Saving file Week02.md...
[00:23:00] [Info] [WATCHDOG] Ignore event: change:/home/rahu/Homebox/DailyDo/43F/2021/02/Week02.md
[00:23:00] [Info] Updated modtime for fileDescriptor Week02.md to 1610909580075
[00:23:00] [Info] File Week02.md saved.
[00:33:30] [Info] Saving file Week02.md...
[00:33:30] [Info] [WATCHDOG] Ignore event: change:/home/rahu/Homebox/DailyDo/43F/2021/02/Week02.md
[00:33:30] [Info] Updated modtime for fileDescriptor Week02.md to 1610910210969
[00:33:30] [Info] File Week02.md saved.
[00:47:33] [Info] Saving file Week02.md...
[00:47:33] [Info] [WATCHDOG] Ignore event: change:/home/rahu/Homebox/DailyDo/43F/2021/02/Week02.md
[00:47:33] [Info] Updated modtime for fileDescriptor Week02.md to 1610911053392
[00:47:33] [Info] File Week02.md saved.
[00:51:46] [Info] Saving file ThisWeek.md...
[00:51:46] [Info] [WATCHDOG] Ignore event: change:/home/rahu/Homebox/DailyDo/43F/2021/02/Sun/this.Day/ThisWeek.md
[00:51:46] [Info] Updated modtime for fileDescriptor ThisWeek.md to 1610911306402
[00:51:46] [Info] File ThisWeek.md saved.
[00:51:51] [Info] Saving file LastWeek.md...
[00:51:51] [Info] [WATCHDOG] Ignore event: change:/home/rahu/Homebox/DailyDo/43F/2021/02/Sun/this.Day/LastWeek.md
[00:51:51] [Info] Updated modtime for fileDescriptor LastWeek.md to 1610911311570
[00:51:51] [Info] File LastWeek.md saved.
[00:51:55] [Info] Saving file Week01.md...
[00:51:55] [Info] [WATCHDOG] Ignore event: change:/home/rahu/Homebox/DailyDo/43F/2021/02/Sun/Week01.md
[00:51:55] [Info] Updated modtime for fileDescriptor Week01.md to 1610911315614
[00:51:55] [Info] File Week01.md saved.
[00:52:40] [Info] Saving file ThisWeek.md...
[00:52:40] [Info] [WATCHDOG] Ignore event: change:/home/rahu/Homebox/DailyDo/43F/2021/02/Sun/this.Day/ThisWeek.md
[00:52:40] [Info] Updated modtime for fileDescriptor ThisWeek.md to 1610911360379
[00:52:40] [Info] File ThisWeek.md saved.
[00:52:56] [Info] Saving file LastWeek.md...
[00:52:56] [Info] [WATCHDOG] Ignore event: change:/home/rahu/Homebox/DailyDo/43F/2021/02/Sun/this.Day/LastWeek.md
[00:52:56] [Info] Updated modtime for fileDescriptor LastWeek.md to 1610911376163
[00:52:56] [Info] File LastWeek.md saved.
[00:53:12] [Info] Saving file Week01.md...
[00:53:12] [Info] [WATCHDOG] Ignore event: change:/home/rahu/Homebox/DailyDo/43F/2021/02/Thu/Week01.md
[00:53:12] [Info] Updated modtime for fileDescriptor Week01.md to 1610911392171
[00:53:12] [Info] File Week01.md saved.
[00:53:18] [Info] Saving file Week01.md...
[00:53:18] [Info] [WATCHDOG] Ignore event: change:/home/rahu/Homebox/DailyDo/43F/2021/02/Thu/Week01.md
[00:53:18] [Info] Updated modtime for fileDescriptor Week01.md to 1610911398395
[00:53:18] [Info] File Week01.md saved.
[00:53:35] [Info] Saving file LastWeek.md...
[00:53:35] [Info] [WATCHDOG] Ignore event: change:/home/rahu/Homebox/DailyDo/43F/2021/02/Thu/this.Day/LastWeek.md
[00:53:35] [Info] Updated modtime for fileDescriptor LastWeek.md to 1610911415299
[00:53:35] [Info] File LastWeek.md saved.
[00:53:41] [Info] Saving file LastWeek.md...
[00:53:41] [Info] [WATCHDOG] Ignore event: change:/home/rahu/Homebox/DailyDo/43F/2021/02/Thu/this.Day/LastWeek.md
[00:53:41] [Info] Updated modtime for fileDescriptor LastWeek.md to 1610911421287
[00:53:41] [Info] File LastWeek.md saved.
[00:53:49] [Info] Saving file ThisWeek.md...
[00:53:49] [Info] [WATCHDOG] Ignore event: change:/home/rahu/Homebox/DailyDo/43F/2021/02/Thu/this.Day/ThisWeek.md
[00:53:49] [Info] Updated modtime for fileDescriptor ThisWeek.md to 1610911429336
[00:53:49] [Info] File ThisWeek.md saved.
[00:53:55] [Info] Saving file ThisWeek.md...
[00:53:55] [Info] [WATCHDOG] Ignore event: change:/home/rahu/Homebox/DailyDo/43F/2021/02/Thu/this.Day/ThisWeek.md
[00:53:55] [Info] Updated modtime for fileDescriptor ThisWeek.md to 1610911435488
[00:53:55] [Info] File ThisWeek.md saved.
[00:55:07] [Info] Saving file Week02.md...
[00:55:07] [Info] [WATCHDOG] Ignore event: change:/home/rahu/Homebox/DailyDo/43F/2021/02/Week02.md
[00:55:07] [Info] Updated modtime for fileDescriptor Week02.md to 1610911507484
[00:55:07] [Info] File Week02.md saved.
[00:56:14] [Info] Saving file ThisWeek.md...
[00:56:14] [Info] [WATCHDOG] Ignore event: change:/home/rahu/Homebox/DailyDo/43F/2021/02/Sat/this.Day/ThisWeek.md
[00:56:14] [Info] Updated modtime for fileDescriptor ThisWeek.md to 1610911574229
[00:56:14] [Info] File ThisWeek.md saved.
[00:56:26] [Info] Saving file Week01.md...
[00:56:26] [Info] [WATCHDOG] Ignore event: change:/home/rahu/Homebox/DailyDo/43F/2021/02/Sun/Week01.md
[00:56:26] [Info] Updated modtime for fileDescriptor Week01.md to 1610911586457
[00:56:26] [Info] File Week01.md saved.
[00:56:35] [Info] Saving file LastWeek.md...
[00:56:35] [Info] [WATCHDOG] Ignore event: change:/home/rahu/Homebox/DailyDo/43F/2021/02/Sat/this.Day/LastWeek.md
[00:56:35] [Info] Updated modtime for fileDescriptor LastWeek.md to 1610911595557
[00:56:35] [Info] File LastWeek.md saved.
[00:57:01] [Info] Saving file Week01.md...
[00:57:01] [Info] [WATCHDOG] Ignore event: change:/home/rahu/Homebox/DailyDo/43F/2021/02/Wed/Week01.md
[00:57:01] [Info] Updated modtime for fileDescriptor Week01.md to 1610911621805
[00:57:01] [Info] File Week01.md saved.
[00:57:18] [Info] [WATCHDOG] Ignore event: add:/home/rahu/Homebox/DailyDo/43F/2021/02/2021_01_18_00_57_14.md
[00:57:24] [Info] Updated modtime for fileDescriptor AllTags.md to 1610911638237
[00:57:24] [Info] [WATCHDOG] Ignore event: add:/home/rahu/Homebox/DailyDo/43F/2021/02/AllTags.md
[00:57:25] [Info] [WATCHDOG] Ignore event: unlink:/home/rahu/Homebox/DailyDo/43F/2021/02/2021_01_18_00_57_14.md
[00:57:59] [Info] Saving file AllTags.md...
[00:57:59] [Info] [WATCHDOG] Ignore event: change:/home/rahu/Homebox/DailyDo/43F/2021/02/AllTags.md
[00:57:59] [Info] Updated modtime for fileDescriptor AllTags.md to 1610911679922
[00:57:59] [Info] File AllTags.md saved.
[00:58:07] [Info] Saving file AllTags.md...
[00:58:07] [Info] [WATCHDOG] Ignore event: change:/home/rahu/Homebox/DailyDo/43F/2021/02/AllTags.md
[00:58:07] [Info] Updated modtime for fileDescriptor AllTags.md to 1610911687406
[00:58:07] [Info] File AllTags.md saved.
[00:59:16] [Info] Saving file AllTags.md...
[00:59:16] [Info] [WATCHDOG] Ignore event: change:/home/rahu/Homebox/DailyDo/43F/2021/02/AllTags.md
[00:59:16] [Info] Updated modtime for fileDescriptor AllTags.md to 1610911756043
[00:59:16] [Info] File AllTags.md saved.
[00:59:22] [Info] Saving file AllTags.md...
[00:59:22] [Info] [WATCHDOG] Ignore event: change:/home/rahu/Homebox/DailyDo/43F/2021/02/AllTags.md
[00:59:22] [Info] Updated modtime for fileDescriptor AllTags.md to 1610911762771
[00:59:22] [Info] File AllTags.md saved.
[01:00:29] [Info] Saving file AllTags.md...
[01:00:29] [Info] [WATCHDOG] Ignore event: change:/home/rahu/Homebox/DailyDo/43F/2021/02/AllTags.md
[01:00:29] [Info] Updated modtime for fileDescriptor AllTags.md to 1610911829155
[01:00:29] [Info] File AllTags.md saved.
[01:00:42] [Info] Saving file Week02.md...
[01:00:42] [Info] [WATCHDOG] Ignore event: change:/home/rahu/Homebox/DailyDo/43F/2021/02/Week02.md
[01:00:42] [Info] Updated modtime for fileDescriptor Week02.md to 1610911842227
[01:00:42] [Info] File Week02.md saved.
[01:01:04] [Info] Saving file Week01.md...
[01:01:04] [Info] [WATCHDOG] Ignore event: change:/home/rahu/Homebox/DailyDo/43F/2021/02/Fri/Week01.md
[01:01:04] [Info] Updated modtime for fileDescriptor Week01.md to 1610911864840
[01:01:04] [Info] File Week01.md saved.
[01:02:18] [Info] Saving file Week02.md...
[01:02:18] [Info] [WATCHDOG] Ignore event: change:/home/rahu/Homebox/DailyDo/43F/2021/02/Week02.md
[01:02:18] [Info] Updated modtime for fileDescriptor Week02.md to 1610911938440
[01:02:18] [Info] File Week02.md saved.
[01:02:31] [Info] Saving file Week02.md...
[01:02:31] [Info] [WATCHDOG] Ignore event: change:/home/rahu/Homebox/DailyDo/43F/2021/02/Week02.md
[01:02:31] [Info] Updated modtime for fileDescriptor Week02.md to 1610911951720
[01:02:31] [Info] File Week02.md saved.
[01:02:56] [Info] Saving file Week02.md...
[01:02:56] [Info] [WATCHDOG] Ignore event: change:/home/rahu/Homebox/DailyDo/43F/2021/02/Week02.md
[01:02:56] [Info] Updated modtime for fileDescriptor Week02.md to 1610911976429
[01:02:56] [Info] File Week02.md saved.
[01:03:02] [Info] Saving file Week02.md...
[01:03:02] [Info] [WATCHDOG] Ignore event: change:/home/rahu/Homebox/DailyDo/43F/2021/02/Week02.md
[01:03:02] [Info] Updated modtime for fileDescriptor Week02.md to 1610911982717
[01:03:02] [Info] File Week02.md saved.
[01:03:25] [Info] Saving file Week02.md...
[01:03:25] [Info] [WATCHDOG] Ignore event: change:/home/rahu/Homebox/DailyDo/43F/2021/02/Week02.md
[01:03:25] [Info] Updated modtime for fileDescriptor Week02.md to 1610912005281
[01:03:25] [Info] File Week02.md saved.
[01:03:32] [Info] Saving file Week02.md...
[01:03:32] [Info] [WATCHDOG] Ignore event: change:/home/rahu/Homebox/DailyDo/43F/2021/02/Week02.md
[01:03:32] [Info] Updated modtime for fileDescriptor Week02.md to 1610912012325
[01:03:32] [Info] File Week02.md saved.
[01:03:38] [Info] Saving file Week02.md...
[01:03:38] [Info] [WATCHDOG] Ignore event: change:/home/rahu/Homebox/DailyDo/43F/2021/02/Week02.md
[01:03:38] [Info] Updated modtime for fileDescriptor Week02.md to 1610912018365
[01:03:38] [Info] File Week02.md saved.
[01:04:23] [Info] Saving file Week02.md...
[01:04:23] [Info] [WATCHDOG] Ignore event: change:/home/rahu/Homebox/DailyDo/43F/2021/02/Week02.md
[01:04:23] [Info] Updated modtime for fileDescriptor Week02.md to 1610912063597
[01:04:23] [Info] File Week02.md saved.
[01:04:47] [Info] Saving file Week02.md...
[01:04:47] [Info] [WATCHDOG] Ignore event: change:/home/rahu/Homebox/DailyDo/43F/2021/02/Week02.md
[01:04:47] [Info] Updated modtime for fileDescriptor Week02.md to 1610912087598
[01:04:47] [Info] File Week02.md saved.
[01:05:01] [Info] Saving file Week02.md...
[01:05:01] [Info] [WATCHDOG] Ignore event: change:/home/rahu/Homebox/DailyDo/43F/2021/02/Week02.md
[01:05:01] [Info] Updated modtime for fileDescriptor Week02.md to 1610912101282
[01:05:01] [Info] File Week02.md saved.
[01:05:20] [Info] Saving file Week02.md...
[01:05:20] [Info] [WATCHDOG] Ignore event: change:/home/rahu/Homebox/DailyDo/43F/2021/02/Week02.md
[01:05:20] [Info] Updated modtime for fileDescriptor Week02.md to 1610912120746
[01:05:20] [Info] File Week02.md saved.
[01:05:31] [Info] Saving file Week02.md...
[01:05:31] [Info] [WATCHDOG] Ignore event: change:/home/rahu/Homebox/DailyDo/43F/2021/02/Week02.md
[01:05:31] [Info] Updated modtime for fileDescriptor Week02.md to 1610912131346
[01:05:31] [Info] File Week02.md saved.
[01:05:39] [Info] Saving file Week02.md...
[01:05:39] [Info] [WATCHDOG] Ignore event: change:/home/rahu/Homebox/DailyDo/43F/2021/02/Week02.md
[01:05:39] [Info] Updated modtime for fileDescriptor Week02.md to 1610912139178
[01:05:39] [Info] File Week02.md saved.
[01:05:57] [Info] Saving file Week02.md...
[01:05:57] [Info] [WATCHDOG] Ignore event: change:/home/rahu/Homebox/DailyDo/43F/2021/02/Week02.md
[01:05:57] [Info] Updated modtime for fileDescriptor Week02.md to 1610912157386
[01:05:57] [Info] File Week02.md saved.
[01:06:07] [Info] Saving file Week02.md...
[01:06:07] [Info] [WATCHDOG] Ignore event: change:/home/rahu/Homebox/DailyDo/43F/2021/02/Week02.md
[01:06:07] [Info] Updated modtime for fileDescriptor Week02.md to 1610912167462
[01:06:07] [Info] File Week02.md saved.
[01:06:16] [Info] Saving file Week02.md...
[01:06:16] [Info] [WATCHDOG] Ignore event: change:/home/rahu/Homebox/DailyDo/43F/2021/02/Week02.md
[01:06:16] [Info] Updated modtime for fileDescriptor Week02.md to 1610912176291
[01:06:16] [Info] File Week02.md saved.
[01:07:01] [Info] Saving file Week02.md...
[01:07:01] [Info] [WATCHDOG] Ignore event: change:/home/rahu/Homebox/DailyDo/43F/2021/02/Week02.md
[01:07:01] [Info] Updated modtime for fileDescriptor Week02.md to 1610912221899
[01:07:01] [Info] File Week02.md saved.
[01:07:18] [Info] Saving file Week02.md...
[01:07:18] [Info] [WATCHDOG] Ignore event: change:/home/rahu/Homebox/DailyDo/43F/2021/02/Week02.md
[01:07:18] [Info] Updated modtime for fileDescriptor Week02.md to 1610912238047
[01:07:18] [Info] File Week02.md saved.
[01:07:54] [Info] Saving file Week02.md...
[01:07:54] [Info] [WATCHDOG] Ignore event: change:/home/rahu/Homebox/DailyDo/43F/2021/02/Week02.md
[01:07:54] [Info] Updated modtime for fileDescriptor Week02.md to 1610912274144
[01:07:54] [Info] File Week02.md saved.
[01:08:04] [Info] Saving file Week02.md...
[01:08:04] [Info] [WATCHDOG] Ignore event: change:/home/rahu/Homebox/DailyDo/43F/2021/02/Week02.md
[01:08:04] [Info] Updated modtime for fileDescriptor Week02.md to 1610912284088
[01:08:04] [Info] File Week02.md saved.
[01:08:44] [Info] Saving file Week02.md...
[01:08:44] [Info] [WATCHDOG] Ignore event: change:/home/rahu/Homebox/DailyDo/43F/2021/02/Week02.md
[01:08:44] [Info] Updated modtime for fileDescriptor Week02.md to 1610912324088
[01:08:44] [Info] File Week02.md saved.
[01:09:56] [Info] Saving file Week02.md...
[01:09:56] [Info] [WATCHDOG] Ignore event: change:/home/rahu/Homebox/DailyDo/43F/2021/02/Week02.md
[01:09:56] [Info] Updated modtime for fileDescriptor Week02.md to 1610912396101
[01:09:56] [Info] File Week02.md saved.
[01:10:12] [Info] Saving file Week02.md...
[01:10:12] [Info] [WATCHDOG] Ignore event: change:/home/rahu/Homebox/DailyDo/43F/2021/02/Week02.md
[01:10:12] [Info] Updated modtime for fileDescriptor Week02.md to 1610912412433
[01:10:12] [Info] File Week02.md saved.
[01:10:27] [Info] Saving file Week02.md...
[01:10:27] [Info] [WATCHDOG] Ignore event: change:/home/rahu/Homebox/DailyDo/43F/2021/02/Week02.md
[01:10:27] [Info] Updated modtime for fileDescriptor Week02.md to 1610912427821
[01:10:27] [Info] File Week02.md saved.
[01:10:47] [Info] Saving file Week02.md...
[01:10:47] [Info] [WATCHDOG] Ignore event: change:/home/rahu/Homebox/DailyDo/43F/2021/02/Week02.md
[01:10:47] [Info] Updated modtime for fileDescriptor Week02.md to 1610912447153
[01:10:47] [Info] File Week02.md saved.
[01:11:00] [Info] Saving file Week02.md...
[01:11:00] [Info] [WATCHDOG] Ignore event: change:/home/rahu/Homebox/DailyDo/43F/2021/02/Week02.md
[01:11:00] [Info] Updated modtime for fileDescriptor Week02.md to 1610912460733
[01:11:00] [Info] File Week02.md saved.
[01:11:20] [Info] Saving file Week02.md...
[01:11:20] [Info] [WATCHDOG] Ignore event: change:/home/rahu/Homebox/DailyDo/43F/2021/02/Week02.md
[01:11:20] [Info] Updated modtime for fileDescriptor Week02.md to 1610912480426
[01:11:20] [Info] File Week02.md saved.
[01:11:36] [Info] Saving file Week02.md...
[01:11:36] [Info] [WATCHDOG] Ignore event: change:/home/rahu/Homebox/DailyDo/43F/2021/02/Week02.md
[01:11:36] [Info] Updated modtime for fileDescriptor Week02.md to 1610912496522
[01:11:36] [Info] File Week02.md saved.
[01:12:55] [Info] Saving file Week02.md...
[01:12:55] [Info] [WATCHDOG] Ignore event: change:/home/rahu/Homebox/DailyDo/43F/2021/02/Week02.md
[01:12:55] [Info] Updated modtime for fileDescriptor Week02.md to 1610912575974
[01:12:55] [Info] File Week02.md saved.
[01:15:12] [Info] Saving file Week02.md...
[01:15:12] [Info] [WATCHDOG] Ignore event: change:/home/rahu/Homebox/DailyDo/43F/2021/02/Week02.md
[01:15:12] [Info] Updated modtime for fileDescriptor Week02.md to 1610912712472
[01:15:12] [Info] File Week02.md saved.
[01:16:26] [Info] Saving file Week02.md...
[01:16:26] [Info] [WATCHDOG] Ignore event: change:/home/rahu/Homebox/DailyDo/43F/2021/02/Week02.md
[01:16:26] [Info] Updated modtime for fileDescriptor Week02.md to 1610912786541
[01:16:26] [Info] File Week02.md saved.
[01:17:41] [Info] Saving file Week02.md...
[01:17:41] [Info] [WATCHDOG] Ignore event: change:/home/rahu/Homebox/DailyDo/43F/2021/02/Week02.md
[01:17:41] [Info] Updated modtime for fileDescriptor Week02.md to 1610912861595
[01:17:41] [Info] File Week02.md saved.
[01:17:55] [Info] Saving file LastWeek.md...
[01:17:55] [Info] [WATCHDOG] Ignore event: change:/home/rahu/Homebox/DailyDo/43F/2021/02/Fri/this.Day/LastWeek.md
[01:17:55] [Info] Updated modtime for fileDescriptor LastWeek.md to 1610912875408
[01:17:55] [Info] File LastWeek.md saved.
[01:18:07] [Info] Saving file ThisWeek.md...
[01:18:07] [Info] [WATCHDOG] Ignore event: change:/home/rahu/Homebox/DailyDo/43F/2021/02/Fri/this.Day/ThisWeek.md
[01:18:07] [Info] Updated modtime for fileDescriptor ThisWeek.md to 1610912887364
[01:18:07] [Info] File ThisWeek.md saved.
[01:18:21] [Info] Saving file Week01.md...
[01:18:21] [Info] [WATCHDOG] Ignore event: change:/home/rahu/Homebox/DailyDo/43F/2021/02/Mon/Week01.md
[01:18:21] [Info] Updated modtime for fileDescriptor Week01.md to 1610912901900
[01:18:21] [Info] File Week01.md saved.
[01:18:37] [Info] Saving file LastWeek.md...
[01:18:37] [Info] [WATCHDOG] Ignore event: change:/home/rahu/Homebox/DailyDo/43F/2021/02/Mon/this.Day/LastWeek.md
[01:18:37] [Info] Updated modtime for fileDescriptor LastWeek.md to 1610912917189
[01:18:37] [Info] File LastWeek.md saved.
[01:18:50] [Info] Saving file LastWeek.md...
[01:18:50] [Info] [WATCHDOG] Ignore event: change:/home/rahu/Homebox/DailyDo/43F/2021/02/Wed/this.Day/LastWeek.md
[01:18:50] [Info] Updated modtime for fileDescriptor LastWeek.md to 1610912930469
[01:18:50] [Info] File LastWeek.md saved.
[01:20:05] [Info] Saving file ThisWeek.md...
[01:20:05] [Info] [WATCHDOG] Ignore event: change:/home/rahu/Homebox/DailyDo/43F/2021/02/Wed/this.Day/ThisWeek.md
[01:20:05] [Info] Updated modtime for fileDescriptor ThisWeek.md to 1610913005355
[01:20:05] [Info] File ThisWeek.md saved.
[01:20:17] [Info] Saving file ThisWeek.md...
[01:20:17] [Info] [WATCHDOG] Ignore event: change:/home/rahu/Homebox/DailyDo/43F/2021/02/Mon/this.Day/ThisWeek.md
[01:20:17] [Info] Updated modtime for fileDescriptor ThisWeek.md to 1610913017991
[01:20:17] [Info] File ThisWeek.md saved.
[01:20:27] [Info] Saving file Week01.md...
[01:20:27] [Info] [WATCHDOG] Ignore event: change:/home/rahu/Homebox/DailyDo/43F/2021/02/Sat/Week01.md
[01:20:27] [Info] Updated modtime for fileDescriptor Week01.md to 1610913027483
[01:20:27] [Info] File Week01.md saved.
[01:21:41] [Info] Saving file Week02.md...
[01:21:41] [Info] [WATCHDOG] Ignore event: change:/home/rahu/Homebox/DailyDo/43F/2021/02/Week02.md
[01:21:41] [Info] Updated modtime for fileDescriptor Week02.md to 1610913101189
[01:21:41] [Info] File Week02.md saved.
[01:21:46] [Info] Saving file Week02.md...
[01:21:46] [Info] [WATCHDOG] Ignore event: change:/home/rahu/Homebox/DailyDo/43F/2021/02/Week02.md
[01:21:46] [Info] Updated modtime for fileDescriptor Week02.md to 1610913106669
[01:21:46] [Info] File Week02.md saved.
[01:21:53] [Info] Saving file Week02.md...
[01:21:53] [Info] [WATCHDOG] Ignore event: change:/home/rahu/Homebox/DailyDo/43F/2021/02/Week02.md
[01:21:53] [Info] Updated modtime for fileDescriptor Week02.md to 1610913113481
[01:21:53] [Info] File Week02.md saved.
[01:22:39] [Info] Saving file Week02.md...
[01:22:39] [Info] [WATCHDOG] Ignore event: change:/home/rahu/Homebox/DailyDo/43F/2021/02/Week02.md
[01:22:39] [Info] Updated modtime for fileDescriptor Week02.md to 1610913159266
[01:22:39] [Info] File Week02.md saved.
[01:24:17] [Info] Saving file Week02.md...
[01:24:17] [Info] [WATCHDOG] Ignore event: change:/home/rahu/Homebox/DailyDo/43F/2021/02/Week02.md
[01:24:17] [Info] Updated modtime for fileDescriptor Week02.md to 1610913257440
[01:24:17] [Info] File Week02.md saved.
[01:24:31] [Info] Saving file Week02.md...
[01:24:31] [Info] [WATCHDOG] Ignore event: change:/home/rahu/Homebox/DailyDo/43F/2021/02/Week02.md
[01:24:31] [Info] Updated modtime for fileDescriptor Week02.md to 1610913271280
[01:24:31] [Info] File Week02.md saved.
[01:24:40] [Info] Saving file Week02.md...
[01:24:40] [Info] [WATCHDOG] Ignore event: change:/home/rahu/Homebox/DailyDo/43F/2021/02/Week02.md
[01:24:40] [Info] Updated modtime for fileDescriptor Week02.md to 1610913280552
[01:24:40] [Info] File Week02.md saved.
[01:24:51] [Info] Saving file Week02.md...
[01:24:51] [Info] [WATCHDOG] Ignore event: change:/home/rahu/Homebox/DailyDo/43F/2021/02/Week02.md
[01:24:51] [Info] Updated modtime for fileDescriptor Week02.md to 1610913291372
[01:24:51] [Info] File Week02.md saved.
[01:25:15] [Info] さようなら！ Shutting down at Mon Jan 18 2021 01:25:15 GMT+0530 (India Standard Time)
[19:56:46] [Info] こんにちは！ Booting Zettlr at Mon Jan 18 2021 19:56:45 GMT+0530 (India Standard Time).
[19:56:46] [Info] Performing environment check ...
[19:56:46] [Info] Environment check complete.
[19:56:46] [Info] Registering custom protocol safe-file
[19:56:46] [Info] [Citeproc Provider] There is no CSL library selected in the preferences. Nothing to do.
[19:56:46] [Info] Added DevTools extension:  Vue.js devtools
[19:56:48] [Info] Loaded all roots in 1.644 seconds
[20:30:20] [Info] Saving file Lovee.md...
[20:30:20] [Info] [WATCHDOG] Ignore event: change:/home/rahu/Homebox/WorkingWith/BlueOcean/Lovee.md
[20:30:20] [Info] Updated modtime for fileDescriptor Lovee.md to 1610982020736
[20:30:20] [Info] File Lovee.md saved.
[20:31:09] [Info] Saving file Lovee.md...
[20:31:09] [Info] [WATCHDOG] Ignore event: change:/home/rahu/Homebox/WorkingWith/BlueOcean/Lovee.md
[20:31:09] [Info] Updated modtime for fileDescriptor Lovee.md to 1610982069049
[20:31:09] [Info] File Lovee.md saved.
[20:31:54] [Info] Saving file Lovee.md...
[20:31:54] [Info] [WATCHDOG] Ignore event: change:/home/rahu/Homebox/WorkingWith/BlueOcean/Lovee.md
[20:31:54] [Info] Updated modtime for fileDescriptor Lovee.md to 1610982114769
[20:31:54] [Info] File Lovee.md saved.
[20:34:05] [Info] Saving file Lovee.md...
[20:34:05] [Info] [WATCHDOG] Ignore event: change:/home/rahu/Homebox/WorkingWith/BlueOcean/Lovee.md
[20:34:05] [Info] Updated modtime for fileDescriptor Lovee.md to 1610982245271
[20:34:05] [Info] File Lovee.md saved.
[20:35:19] [Info] Saving file readMeBoT.md...
[20:35:19] [Info] [WATCHDOG] Ignore event: change:/home/rahu/Homebox/WorkingWith/BlueOcean/readMeBoT.md
[20:35:19] [Info] Updated modtime for fileDescriptor readMeBoT.md to 1610982319616
[20:35:19] [Info] File readMeBoT.md saved.
[20:35:27] [Info] Saving file readMeBoT.md...
[20:35:27] [Info] [WATCHDOG] Ignore event: change:/home/rahu/Homebox/WorkingWith/BlueOcean/readMeBoT.md
[20:35:27] [Info] Updated modtime for fileDescriptor readMeBoT.md to 1610982327672
[20:35:27] [Info] File readMeBoT.md saved.
[20:35:41] [Info] Saving file readMeBoT.md...
[20:35:41] [Info] [WATCHDOG] Ignore event: change:/home/rahu/Homebox/WorkingWith/BlueOcean/readMeBoT.md
[20:35:41] [Info] Updated modtime for fileDescriptor readMeBoT.md to 1610982341513
[20:35:41] [Info] File readMeBoT.md saved.
[20:36:22] [Info] Saving file readMeBoT.md...
[20:36:22] [Info] [WATCHDOG] Ignore event: change:/home/rahu/Homebox/WorkingWith/BlueOcean/readMeBoT.md
[20:36:22] [Info] Updated modtime for fileDescriptor readMeBoT.md to 1610982382789
[20:36:22] [Info] File readMeBoT.md saved.
[21:09:52] [Info] Saving file readMeBoT.md...
[21:09:52] [Info] [WATCHDOG] Ignore event: change:/home/rahu/Homebox/WorkingWith/BlueOcean/readMeBoT.md
[21:09:52] [Info] Updated modtime for fileDescriptor readMeBoT.md to 1610984392935
[21:09:52] [Info] File readMeBoT.md saved.
[21:10:06] [Info] Saving file readMeBoT.md...
[21:10:06] [Info] [WATCHDOG] Ignore event: change:/home/rahu/Homebox/WorkingWith/BlueOcean/readMeBoT.md
[21:10:06] [Info] Updated modtime for fileDescriptor readMeBoT.md to 1610984406983
[21:10:06] [Info] File readMeBoT.md saved.
[21:10:26] [Info] [WATCHDOG] Ignore event: add:/home/rahu/Homebox/WorkingWith/BlueOcean/MPTFS.md
[21:11:08] [Info] Saving file readmethisDay.md...
[21:11:08] [Info] [WATCHDOG] Ignore event: change:/home/rahu/Dropbox/myCloud/DailyDo/C_this.Week/this.Day/readmethisDay.md
[21:11:08] [Info] Updated modtime for fileDescriptor readmethisDay.md to 1610984468764
[21:11:08] [Info] File readmethisDay.md saved.
[21:13:42] [Info] Saving file MPTFS.md...
[21:13:42] [Info] [WATCHDOG] Ignore event: change:/home/rahu/Homebox/WorkingWith/BlueOcean/MPTFS.md
[21:13:42] [Info] Updated modtime for fileDescriptor MPTFS.md to 1610984622486
[21:13:42] [Info] File MPTFS.md saved.
[21:14:07] [Info] Saving file MPTFS.md...
[21:14:07] [Info] [WATCHDOG] Ignore event: change:/home/rahu/Homebox/WorkingWith/BlueOcean/MPTFS.md
[21:14:07] [Info] Updated modtime for fileDescriptor MPTFS.md to 1610984647554
[21:14:07] [Info] File MPTFS.md saved.
[21:14:41] [Info] Saving file MPTFS.md...
[21:14:41] [Info] [WATCHDOG] Ignore event: change:/home/rahu/Homebox/WorkingWith/BlueOcean/MPTFS.md
[21:14:41] [Info] Updated modtime for fileDescriptor MPTFS.md to 1610984681651
[21:14:41] [Info] File MPTFS.md saved.
[21:14:53] [Info] Saving file MPTFS.md...
[21:14:53] [Info] [WATCHDOG] Ignore event: change:/home/rahu/Homebox/WorkingWith/BlueOcean/MPTFS.md
[21:14:53] [Info] Updated modtime for fileDescriptor MPTFS.md to 1610984693887
[21:14:53] [Info] File MPTFS.md saved.
[21:15:05] [Info] Saving file MPTFS.md...
[21:15:05] [Info] [WATCHDOG] Ignore event: change:/home/rahu/Homebox/WorkingWith/BlueOcean/MPTFS.md
[21:15:05] [Info] Updated modtime for fileDescriptor MPTFS.md to 1610984705943
[21:15:05] [Info] File MPTFS.md saved.
[21:15:27] [Info] Saving file MPTFS.md...
[21:15:27] [Info] [WATCHDOG] Ignore event: change:/home/rahu/Homebox/WorkingWith/BlueOcean/MPTFS.md
[21:15:27] [Info] Updated modtime for fileDescriptor MPTFS.md to 1610984727223
[21:15:27] [Info] File MPTFS.md saved.
[21:16:09] [Info] Saving file MPTFS.md...
[21:16:09] [Info] [WATCHDOG] Ignore event: change:/home/rahu/Homebox/WorkingWith/BlueOcean/MPTFS.md
[21:16:09] [Info] Updated modtime for fileDescriptor MPTFS.md to 1610984769496
[21:16:09] [Info] File MPTFS.md saved.
[21:18:52] [Info] [WATCHDOG] Ignore event: unlinkDir:/home/rahu/Homebox/RememberThese/1500_GapsInUnderstanding/Sunils_progress
[21:18:52] [Info] [WATCHDOG] Ignore event: addDir:/home/rahu/Homebox/RememberThese/1500_GapsInUnderstanding/RemovingGapsJourney
[21:18:57] [Info] [WATCHDOG] Ignore event: add:/home/rahu/Homebox/RememberThese/1500_GapsInUnderstanding/RemovingGapsJourney/2021_01_18_21_18_56.md
[21:20:16] [Info] Saving file 2021_01_18_21_18_56.md...
[21:20:16] [Info] [WATCHDOG] Ignore event: change:/home/rahu/Homebox/RememberThese/1500_GapsInUnderstanding/RemovingGapsJourney/2021_01_18_21_18_56.md
[21:20:16] [Info] Updated modtime for fileDescriptor 2021_01_18_21_18_56.md to 1610985016832
[21:20:16] [Info] File 2021_01_18_21_18_56.md saved.
[21:20:48] [Info] Saving file 2021_01_18_21_18_56.md...
[21:20:48] [Info] [WATCHDOG] Ignore event: change:/home/rahu/Homebox/RememberThese/1500_GapsInUnderstanding/RemovingGapsJourney/2021_01_18_21_18_56.md
[21:20:48] [Info] Updated modtime for fileDescriptor 2021_01_18_21_18_56.md to 1610985048692
[21:20:48] [Info] File 2021_01_18_21_18_56.md saved.
[21:21:08] [Info] Saving file 2021_01_18_21_18_56.md...
[21:21:08] [Info] [WATCHDOG] Ignore event: change:/home/rahu/Homebox/RememberThese/1500_GapsInUnderstanding/RemovingGapsJourney/2021_01_18_21_18_56.md
[21:21:08] [Info] Updated modtime for fileDescriptor 2021_01_18_21_18_56.md to 1610985068772
[21:21:08] [Info] File 2021_01_18_21_18_56.md saved.
[21:22:19] [Info] Saving file 1myProgress_1500_GapsInUnderstanding1.md...
[21:22:19] [Info] [WATCHDOG] Ignore event: change:/home/rahu/Homebox/RememberThese/1500_GapsInUnderstanding/1myProgress_1500_GapsInUnderstanding1.md
[21:22:19] [Info] Updated modtime for fileDescriptor 1myProgress_1500_GapsInUnderstanding1.md to 1610985139400
[21:22:19] [Info] File 1myProgress_1500_GapsInUnderstanding1.md saved.
[21:23:15] [Info] Saving file 1myProgress_1500_GapsInUnderstanding1.md...
[21:23:15] [Info] [WATCHDOG] Ignore event: change:/home/rahu/Homebox/RememberThese/1500_GapsInUnderstanding/1myProgress_1500_GapsInUnderstanding1.md
[21:23:15] [Info] Updated modtime for fileDescriptor 1myProgress_1500_GapsInUnderstanding1.md to 1610985195984
[21:23:15] [Info] File 1myProgress_1500_GapsInUnderstanding1.md saved.
[21:23:34] [Info] Saving file AsIKnowMyself.md...
[21:23:34] [Info] [WATCHDOG] Ignore event: change:/home/rahu/Homebox/RememberThese/1500_GapsInUnderstanding/AsIKnowMyself.md
[21:23:34] [Info] Updated modtime for fileDescriptor AsIKnowMyself.md to 1610985214052
[21:23:34] [Info] File AsIKnowMyself.md saved.
[21:23:56] [Info] Saving file AsIKnowMyself.md...
[21:23:56] [Info] [WATCHDOG] Ignore event: change:/home/rahu/Homebox/RememberThese/1500_GapsInUnderstanding/AsIKnowMyself.md
[21:23:56] [Info] Updated modtime for fileDescriptor AsIKnowMyself.md to 1610985236636
[21:23:56] [Info] File AsIKnowMyself.md saved.
[21:24:01] [Info] Saving file AsIKnowMyself.md...
[21:24:01] [Info] [WATCHDOG] Ignore event: change:/home/rahu/Homebox/RememberThese/1500_GapsInUnderstanding/AsIKnowMyself.md
[21:24:01] [Info] Updated modtime for fileDescriptor AsIKnowMyself.md to 1610985241712
[21:24:01] [Info] File AsIKnowMyself.md saved.
[21:24:16] [Info] Saving file AsIKnowMyself.md...
[21:24:16] [Info] [WATCHDOG] Ignore event: change:/home/rahu/Homebox/RememberThese/1500_GapsInUnderstanding/AsIKnowMyself.md
[21:24:16] [Info] Updated modtime for fileDescriptor AsIKnowMyself.md to 1610985256380
[21:24:16] [Info] File AsIKnowMyself.md saved.
[21:24:32] [Info] Saving file AsIKnowMyself.md...
[21:24:32] [Info] [WATCHDOG] Ignore event: change:/home/rahu/Homebox/RememberThese/1500_GapsInUnderstanding/AsIKnowMyself.md
[21:24:32] [Info] Updated modtime for fileDescriptor AsIKnowMyself.md to 1610985272240
[21:24:32] [Info] File AsIKnowMyself.md saved.
[21:25:13] [Info] Saving file AsIKnowMyself.md...
[21:25:13] [Info] [WATCHDOG] Ignore event: change:/home/rahu/Homebox/RememberThese/1500_GapsInUnderstanding/AsIKnowMyself.md
[21:25:13] [Info] Updated modtime for fileDescriptor AsIKnowMyself.md to 1610985313553
[21:25:13] [Info] File AsIKnowMyself.md saved.
[21:26:09] [Info] Saving file EffectofNoJobsince2018.md...
[21:26:09] [Info] [WATCHDOG] Ignore event: change:/home/rahu/Homebox/RememberThese/1500_GapsInUnderstanding/EffectofNoJobsince2018.md
[21:26:09] [Info] Updated modtime for fileDescriptor EffectofNoJobsince2018.md to 1610985369549
[21:26:09] [Info] File EffectofNoJobsince2018.md saved.
[21:26:24] [Info] Saving file EffectofNoJobsince2018.md...
[21:26:24] [Info] [WATCHDOG] Ignore event: change:/home/rahu/Homebox/RememberThese/1500_GapsInUnderstanding/EffectofNoJobsince2018.md
[21:26:24] [Info] Updated modtime for fileDescriptor EffectofNoJobsince2018.md to 1610985384745
[21:26:24] [Info] File EffectofNoJobsince2018.md saved.
[21:26:50] [Info] Saving file EffectofNoJobsince2018.md...
[21:26:50] [Info] [WATCHDOG] Ignore event: change:/home/rahu/Homebox/RememberThese/1500_GapsInUnderstanding/EffectofNoJobsince2018.md
[21:26:50] [Info] Updated modtime for fileDescriptor EffectofNoJobsince2018.md to 1610985410353
[21:26:50] [Info] File EffectofNoJobsince2018.md saved.
[21:27:35] [Info] Saving file readme.md...
[21:27:35] [Info] [WATCHDOG] Ignore event: change:/home/rahu/Homebox/RememberThese/1500_GapsInUnderstanding/readme.md
[21:27:35] [Info] Updated modtime for fileDescriptor readme.md to 1610985455521
[21:27:35] [Info] File readme.md saved.
[21:28:05] [Info] Saving file AsIKnowMyself.md...
[21:28:05] [Info] [WATCHDOG] Ignore event: change:/home/rahu/Homebox/RememberThese/1500_GapsInUnderstanding/AsIKnowMyself.md
[21:28:05] [Info] Updated modtime for fileDescriptor AsIKnowMyself.md to 1610985485381
[21:28:05] [Info] File AsIKnowMyself.md saved.
[21:28:45] [Info] Saving file knowingYourself.md...
[21:28:45] [Info] [WATCHDOG] Ignore event: change:/home/rahu/Homebox/RememberThese/1500_GapsInUnderstanding/knowingYourself.md
[21:28:45] [Info] Updated modtime for fileDescriptor knowingYourself.md to 1610985525042
[21:28:45] [Info] File knowingYourself.md saved.
[21:29:05] [Info] Saving file knowingYourself.md...
[21:29:05] [Info] [WATCHDOG] Ignore event: change:/home/rahu/Homebox/RememberThese/1500_GapsInUnderstanding/knowingYourself.md
[21:29:05] [Info] Updated modtime for fileDescriptor knowingYourself.md to 1610985545918
[21:29:05] [Info] File knowingYourself.md saved.
[21:29:43] [Info] Saving file AsIKnowMyself.md...
[21:29:43] [Info] [WATCHDOG] Ignore event: change:/home/rahu/Homebox/RememberThese/1500_GapsInUnderstanding/AsIKnowMyself.md
[21:29:43] [Info] Updated modtime for fileDescriptor AsIKnowMyself.md to 1610985583762
[21:29:43] [Info] File AsIKnowMyself.md saved.
[21:30:55] [Info] Saving file AsIKnowMyself.md...
[21:30:55] [Info] [WATCHDOG] Ignore event: change:/home/rahu/Homebox/RememberThese/1500_GapsInUnderstanding/AsIKnowMyself.md
[21:30:55] [Info] Updated modtime for fileDescriptor AsIKnowMyself.md to 1610985655542
[21:30:55] [Info] File AsIKnowMyself.md saved.
[21:32:08] [Info] Saving file AsIKnowMyself.md...
[21:32:08] [Info] [WATCHDOG] Ignore event: change:/home/rahu/Homebox/RememberThese/1500_GapsInUnderstanding/AsIKnowMyself.md
[21:32:08] [Info] Updated modtime for fileDescriptor AsIKnowMyself.md to 1610985728915
[21:32:08] [Info] File AsIKnowMyself.md saved.
[21:32:34] [Info] Saving file AsIKnowMyself.md...
[21:32:34] [Info] [WATCHDOG] Ignore event: change:/home/rahu/Homebox/RememberThese/1500_GapsInUnderstanding/AsIKnowMyself.md
[21:32:34] [Info] Updated modtime for fileDescriptor AsIKnowMyself.md to 1610985754559
[21:32:34] [Info] File AsIKnowMyself.md saved.
[21:33:26] [Info] Saving file AsIKnowMyself.md...
[21:33:26] [Info] [WATCHDOG] Ignore event: change:/home/rahu/Homebox/RememberThese/1500_GapsInUnderstanding/AsIKnowMyself.md
[21:33:26] [Info] Updated modtime for fileDescriptor AsIKnowMyself.md to 1610985806911
[21:33:26] [Info] File AsIKnowMyself.md saved.
[21:34:00] [Info] Saving file AsIKnowMyself.md...
[21:34:00] [Info] [WATCHDOG] Ignore event: change:/home/rahu/Homebox/RememberThese/1500_GapsInUnderstanding/AsIKnowMyself.md
[21:34:00] [Info] Updated modtime for fileDescriptor AsIKnowMyself.md to 1610985840440
[21:34:00] [Info] File AsIKnowMyself.md saved.
[21:34:06] [Info] Saving file 1myProgress_1500_GapsInUnderstanding1.md...
[21:34:06] [Info] [WATCHDOG] Ignore event: change:/home/rahu/Homebox/RememberThese/1500_GapsInUnderstanding/1myProgress_1500_GapsInUnderstanding1.md
[21:34:06] [Info] Updated modtime for fileDescriptor 1myProgress_1500_GapsInUnderstanding1.md to 1610985846840
[21:34:06] [Info] File 1myProgress_1500_GapsInUnderstanding1.md saved.
[21:34:31] [Info] Saving file 1myProgress_1500_GapsInUnderstanding1.md...
[21:34:31] [Info] [WATCHDOG] Ignore event: change:/home/rahu/Homebox/RememberThese/1500_GapsInUnderstanding/1myProgress_1500_GapsInUnderstanding1.md
[21:34:31] [Info] Updated modtime for fileDescriptor 1myProgress_1500_GapsInUnderstanding1.md to 1610985871880
[21:34:31] [Info] File 1myProgress_1500_GapsInUnderstanding1.md saved.
[21:34:39] [Info] Saving file 1myProgress_1500_GapsInUnderstanding1.md...
[21:34:39] [Info] [WATCHDOG] Ignore event: change:/home/rahu/Homebox/RememberThese/1500_GapsInUnderstanding/1myProgress_1500_GapsInUnderstanding1.md
[21:34:39] [Info] Updated modtime for fileDescriptor 1myProgress_1500_GapsInUnderstanding1.md to 1610985879764
[21:34:39] [Info] File 1myProgress_1500_GapsInUnderstanding1.md saved.
[21:35:01] [Info] Saving file 1myProgress_1500_GapsInUnderstanding1.md...
[21:35:01] [Info] [WATCHDOG] Ignore event: change:/home/rahu/Homebox/RememberThese/1500_GapsInUnderstanding/1myProgress_1500_GapsInUnderstanding1.md
[21:35:01] [Info] Updated modtime for fileDescriptor 1myProgress_1500_GapsInUnderstanding1.md to 1610985901900
[21:35:01] [Info] File 1myProgress_1500_GapsInUnderstanding1.md saved.
[21:35:21] [Info] Saving file AsIKnowMyself.md...
[21:35:21] [Info] [WATCHDOG] Ignore event: change:/home/rahu/Homebox/RememberThese/1500_GapsInUnderstanding/AsIKnowMyself.md
[21:35:21] [Info] Updated modtime for fileDescriptor AsIKnowMyself.md to 1610985921792
[21:35:21] [Info] File AsIKnowMyself.md saved.
[21:35:33] [Info] Saving file 1myProgress_1500_GapsInUnderstanding1.md...
[21:35:33] [Info] [WATCHDOG] Ignore event: change:/home/rahu/Homebox/RememberThese/1500_GapsInUnderstanding/1myProgress_1500_GapsInUnderstanding1.md
[21:35:33] [Info] Updated modtime for fileDescriptor 1myProgress_1500_GapsInUnderstanding1.md to 1610985933937
[21:35:33] [Info] File 1myProgress_1500_GapsInUnderstanding1.md saved.
[21:37:16] [Info] Saving file 1myProgress_1500_GapsInUnderstanding1.md...
[21:37:16] [Info] [WATCHDOG] Ignore event: change:/home/rahu/Homebox/RememberThese/1500_GapsInUnderstanding/1myProgress_1500_GapsInUnderstanding1.md
[21:37:16] [Info] Updated modtime for fileDescriptor 1myProgress_1500_GapsInUnderstanding1.md to 1610986036677
[21:37:16] [Info] File 1myProgress_1500_GapsInUnderstanding1.md saved.
[21:37:39] [Info] Saving file 1myProgress_1500_GapsInUnderstanding1.md...
[21:37:39] [Info] [WATCHDOG] Ignore event: change:/home/rahu/Homebox/RememberThese/1500_GapsInUnderstanding/1myProgress_1500_GapsInUnderstanding1.md
[21:37:39] [Info] Updated modtime for fileDescriptor 1myProgress_1500_GapsInUnderstanding1.md to 1610986059634
[21:37:39] [Info] File 1myProgress_1500_GapsInUnderstanding1.md saved.
[21:37:50] [Info] Saving file 1myProgress_1500_GapsInUnderstanding1.md...
[21:37:50] [Info] [WATCHDOG] Ignore event: change:/home/rahu/Homebox/RememberThese/1500_GapsInUnderstanding/1myProgress_1500_GapsInUnderstanding1.md
[21:37:50] [Info] Updated modtime for fileDescriptor 1myProgress_1500_GapsInUnderstanding1.md to 1610986070046
[21:37:50] [Info] File 1myProgress_1500_GapsInUnderstanding1.md saved.
[21:38:13] [Info] Saving file 1myProgress_1500_GapsInUnderstanding1.md...
[21:38:13] [Info] [WATCHDOG] Ignore event: change:/home/rahu/Homebox/RememberThese/1500_GapsInUnderstanding/1myProgress_1500_GapsInUnderstanding1.md
[21:38:13] [Info] Updated modtime for fileDescriptor 1myProgress_1500_GapsInUnderstanding1.md to 1610986093258
[21:38:13] [Info] File 1myProgress_1500_GapsInUnderstanding1.md saved.
[21:38:30] [Info] Saving file 1myProgress_1500_GapsInUnderstanding1.md...
[21:38:30] [Info] [WATCHDOG] Ignore event: change:/home/rahu/Homebox/RememberThese/1500_GapsInUnderstanding/1myProgress_1500_GapsInUnderstanding1.md
[21:38:30] [Info] Updated modtime for fileDescriptor 1myProgress_1500_GapsInUnderstanding1.md to 1610986110314
[21:38:30] [Info] File 1myProgress_1500_GapsInUnderstanding1.md saved.
[21:39:07] [Info] Saving file 1myProgress_1500_GapsInUnderstanding1.md...
[21:39:07] [Info] [WATCHDOG] Ignore event: change:/home/rahu/Homebox/RememberThese/1500_GapsInUnderstanding/1myProgress_1500_GapsInUnderstanding1.md
[21:39:07] [Info] Updated modtime for fileDescriptor 1myProgress_1500_GapsInUnderstanding1.md to 1610986147307
[21:39:07] [Info] File 1myProgress_1500_GapsInUnderstanding1.md saved.
[21:39:23] [Info] Saving file 1myProgress_1500_GapsInUnderstanding1.md...
[21:39:23] [Info] [WATCHDOG] Ignore event: change:/home/rahu/Homebox/RememberThese/1500_GapsInUnderstanding/1myProgress_1500_GapsInUnderstanding1.md
[21:39:23] [Info] Updated modtime for fileDescriptor 1myProgress_1500_GapsInUnderstanding1.md to 1610986163899
[21:39:23] [Info] File 1myProgress_1500_GapsInUnderstanding1.md saved.
[21:39:58] [Info] Saving file knowingYourself.md...
[21:39:58] [Info] [WATCHDOG] Ignore event: change:/home/rahu/Homebox/RememberThese/1500_GapsInUnderstanding/knowingYourself.md
[21:39:58] [Info] Updated modtime for fileDescriptor knowingYourself.md to 1610986198827
[21:39:58] [Info] File knowingYourself.md saved.
[21:42:42] [Info] Saving file AsIKnowMyself.md...
[21:42:42] [Info] [WATCHDOG] Ignore event: change:/home/rahu/Homebox/RememberThese/1500_GapsInUnderstanding/AsIKnowMyself.md
[21:42:42] [Info] Updated modtime for fileDescriptor AsIKnowMyself.md to 1610986362073
[21:42:42] [Info] File AsIKnowMyself.md saved.
[21:44:06] [Info] Saving file 1myProgress_1500_GapsInUnderstanding1.md...
[21:44:06] [Info] [WATCHDOG] Ignore event: change:/home/rahu/Homebox/RememberThese/1500_GapsInUnderstanding/1myProgress_1500_GapsInUnderstanding1.md
[21:44:06] [Info] Updated modtime for fileDescriptor 1myProgress_1500_GapsInUnderstanding1.md to 1610986446261
[21:44:06] [Info] File 1myProgress_1500_GapsInUnderstanding1.md saved.
[21:44:20] [Info] Saving file 1myProgress_1500_GapsInUnderstanding1.md...
[21:44:20] [Info] [WATCHDOG] Ignore event: change:/home/rahu/Homebox/RememberThese/1500_GapsInUnderstanding/1myProgress_1500_GapsInUnderstanding1.md
[21:44:20] [Info] Updated modtime for fileDescriptor 1myProgress_1500_GapsInUnderstanding1.md to 1610986460454
[21:44:20] [Info] File 1myProgress_1500_GapsInUnderstanding1.md saved.
[21:44:57] [Info] Saving file 1myProgress_1500_GapsInUnderstanding1.md...
[21:44:57] [Info] [WATCHDOG] Ignore event: change:/home/rahu/Homebox/RememberThese/1500_GapsInUnderstanding/1myProgress_1500_GapsInUnderstanding1.md
[21:44:57] [Info] Updated modtime for fileDescriptor 1myProgress_1500_GapsInUnderstanding1.md to 1610986497398
[21:44:57] [Info] File 1myProgress_1500_GapsInUnderstanding1.md saved.
[21:45:04] [Info] Saving file 1myProgress_1500_GapsInUnderstanding1.md...
[21:45:04] [Info] [WATCHDOG] Ignore event: change:/home/rahu/Homebox/RememberThese/1500_GapsInUnderstanding/1myProgress_1500_GapsInUnderstanding1.md
[21:45:04] [Info] Updated modtime for fileDescriptor 1myProgress_1500_GapsInUnderstanding1.md to 1610986504594
[21:45:04] [Info] File 1myProgress_1500_GapsInUnderstanding1.md saved.
[21:45:19] [Info] Saving file 1myProgress_1500_GapsInUnderstanding1.md...
[21:45:19] [Info] [WATCHDOG] Ignore event: change:/home/rahu/Homebox/RememberThese/1500_GapsInUnderstanding/1myProgress_1500_GapsInUnderstanding1.md
[21:45:19] [Info] Updated modtime for fileDescriptor 1myProgress_1500_GapsInUnderstanding1.md to 1610986519730
[21:45:19] [Info] File 1myProgress_1500_GapsInUnderstanding1.md saved.
[21:46:28] [Info] Removed file knowingYourself.md.
[21:46:28] [Info] [WATCHDOG] Ignore event: unlink:/home/rahu/Homebox/RememberThese/1500_GapsInUnderstanding/knowingYourself.md
[21:46:56] [Info] Saving file readme.md...
[21:46:56] [Info] [WATCHDOG] Ignore event: change:/home/rahu/Homebox/RememberThese/1500_GapsInUnderstanding/readme.md
[21:46:56] [Info] Updated modtime for fileDescriptor readme.md to 1610986616119
[21:46:56] [Info] File readme.md saved.
[21:47:01] [Info] Saving file readme.md...
[21:47:01] [Info] [WATCHDOG] Ignore event: change:/home/rahu/Homebox/RememberThese/1500_GapsInUnderstanding/readme.md
[21:47:01] [Info] Updated modtime for fileDescriptor readme.md to 1610986621555
[21:47:01] [Info] File readme.md saved.
[21:47:56] [Info] Saving file readme.md...
[21:47:56] [Info] [WATCHDOG] Ignore event: change:/home/rahu/Homebox/RememberThese/1500_GapsInUnderstanding/readme.md
[21:47:56] [Info] Updated modtime for fileDescriptor readme.md to 1610986676416
[21:47:56] [Info] File readme.md saved.
[21:48:32] [Info] Saving file readme.md...
[21:48:32] [Info] [WATCHDOG] Ignore event: change:/home/rahu/Homebox/RememberThese/1500_GapsInUnderstanding/readme.md
[21:48:32] [Info] Updated modtime for fileDescriptor readme.md to 1610986712328
[21:48:32] [Info] File readme.md saved.
[21:49:17] [Info] Saving file TakingCommentsPersonally.md...
[21:49:17] [Info] [WATCHDOG] Ignore event: change:/home/rahu/Homebox/RememberThese/1500_GapsInUnderstanding/TakingCommentsPersonally.md
[21:49:17] [Info] Updated modtime for fileDescriptor TakingCommentsPersonally.md to 1610986757289
[21:49:17] [Info] File TakingCommentsPersonally.md saved.
[21:49:55] [Info] Saving file TakingCommentsPersonally.md...
[21:49:55] [Info] [WATCHDOG] Ignore event: change:/home/rahu/Homebox/RememberThese/1500_GapsInUnderstanding/TakingCommentsPersonally.md
[21:49:55] [Info] Updated modtime for fileDescriptor TakingCommentsPersonally.md to 1610986795081
[21:49:55] [Info] File TakingCommentsPersonally.md saved.
[21:50:03] [Info] Saving file AsIKnowMyself.md...
[21:50:03] [Info] [WATCHDOG] Ignore event: change:/home/rahu/Homebox/RememberThese/1500_GapsInUnderstanding/AsIKnowMyself.md
[21:50:03] [Info] Updated modtime for fileDescriptor AsIKnowMyself.md to 1610986803201
[21:50:03] [Info] File AsIKnowMyself.md saved.
[21:50:21] [Info] Saving file TakingCommentsPersonally.md...
[21:50:21] [Info] [WATCHDOG] Ignore event: change:/home/rahu/Homebox/RememberThese/1500_GapsInUnderstanding/TakingCommentsPersonally.md
[21:50:21] [Info] Updated modtime for fileDescriptor TakingCommentsPersonally.md to 1610986821781
[21:50:21] [Info] File TakingCommentsPersonally.md saved.
[21:50:28] [Info] Saving file TakingCommentsPersonally.md...
[21:50:28] [Info] [WATCHDOG] Ignore event: change:/home/rahu/Homebox/RememberThese/1500_GapsInUnderstanding/TakingCommentsPersonally.md
[21:50:28] [Info] Updated modtime for fileDescriptor TakingCommentsPersonally.md to 1610986828845
[21:50:28] [Info] File TakingCommentsPersonally.md saved.
[21:50:37] [Info] Updated modtime for fileDescriptor GapsInProjectMgmt.md to 1610986828845
[21:50:37] [Info] [WATCHDOG] Ignore event: add:/home/rahu/Homebox/RememberThese/1500_GapsInUnderstanding/GapsInProjectMgmt.md
[21:50:37] [Info] [WATCHDOG] Ignore event: unlink:/home/rahu/Homebox/RememberThese/1500_GapsInUnderstanding/TakingCommentsPersonally.md
[21:50:53] [Info] Updated modtime for fileDescriptor PostRetirementPlan.md to 1558683073000
[21:50:53] [Info] [WATCHDOG] Ignore event: add:/home/rahu/Homebox/RememberThese/1500_GapsInUnderstanding/PostRetirementPlan.md
[21:50:53] [Info] [WATCHDOG] Ignore event: unlink:/home/rahu/Homebox/RememberThese/1500_GapsInUnderstanding/law2know.md
[21:51:00] [Info] Saving file PostRetirementPlan.md...
[21:51:00] [Info] [WATCHDOG] Ignore event: change:/home/rahu/Homebox/RememberThese/1500_GapsInUnderstanding/PostRetirementPlan.md
[21:51:00] [Info] Updated modtime for fileDescriptor PostRetirementPlan.md to 1610986860714
[21:51:00] [Info] File PostRetirementPlan.md saved.
[21:51:27] [Info] Saving file WorkingwithBosses.md...
[21:51:27] [Info] [WATCHDOG] Ignore event: change:/home/rahu/Homebox/RememberThese/1500_GapsInUnderstanding/WorkingwithBosses.md
[21:51:27] [Info] Updated modtime for fileDescriptor WorkingwithBosses.md to 1610986887674
[21:51:27] [Info] File WorkingwithBosses.md saved.
[21:51:50] [Info] Saving file WorkingwithBosses.md...
[21:51:50] [Info] [WATCHDOG] Ignore event: change:/home/rahu/Homebox/RememberThese/1500_GapsInUnderstanding/WorkingwithBosses.md
[21:51:50] [Info] Updated modtime for fileDescriptor WorkingwithBosses.md to 1610986910922
[21:51:50] [Info] File WorkingwithBosses.md saved.
[21:53:06] [Info] Saving file WorkingwithBosses.md...
[21:53:06] [Info] [WATCHDOG] Ignore event: change:/home/rahu/Homebox/RememberThese/1500_GapsInUnderstanding/WorkingwithBosses.md
[21:53:06] [Info] Updated modtime for fileDescriptor WorkingwithBosses.md to 1610986986504
[21:53:06] [Info] File WorkingwithBosses.md saved.
[21:54:05] [Info] Saving file WorkingwithBosses.md...
[21:54:05] [Info] [WATCHDOG] Ignore event: change:/home/rahu/Homebox/RememberThese/1500_GapsInUnderstanding/WorkingwithBosses.md
[21:54:05] [Info] Updated modtime for fileDescriptor WorkingwithBosses.md to 1610987045923
[21:54:05] [Info] File WorkingwithBosses.md saved.
[21:54:49] [Info] Saving file WorkingwithBosses.md...
[21:54:49] [Info] [WATCHDOG] Ignore event: change:/home/rahu/Homebox/RememberThese/1500_GapsInUnderstanding/WorkingwithBosses.md
[21:54:49] [Info] Updated modtime for fileDescriptor WorkingwithBosses.md to 1610987089718
[21:54:49] [Info] File WorkingwithBosses.md saved.
[21:55:07] [Info] Saving file WorkingwithBosses.md...
[21:55:07] [Info] [WATCHDOG] Ignore event: change:/home/rahu/Homebox/RememberThese/1500_GapsInUnderstanding/WorkingwithBosses.md
[21:55:07] [Info] Updated modtime for fileDescriptor WorkingwithBosses.md to 1610987107342
[21:55:07] [Info] File WorkingwithBosses.md saved.
[21:55:17] [Info] Saving file WorkingwithBosses.md...
[21:55:17] [Info] [WATCHDOG] Ignore event: change:/home/rahu/Homebox/RememberThese/1500_GapsInUnderstanding/WorkingwithBosses.md
[21:55:17] [Info] Updated modtime for fileDescriptor WorkingwithBosses.md to 1610987117733
[21:55:17] [Info] File WorkingwithBosses.md saved.
[21:55:33] [Info] Saving file WorkingwithBosses.md...
[21:55:33] [Info] [WATCHDOG] Ignore event: change:/home/rahu/Homebox/RememberThese/1500_GapsInUnderstanding/WorkingwithBosses.md
[21:55:33] [Info] Updated modtime for fileDescriptor WorkingwithBosses.md to 1610987133325
[21:55:33] [Info] File WorkingwithBosses.md saved.
[21:55:50] [Info] Saving file WorkingwithBosses.md...
[21:55:50] [Info] [WATCHDOG] Ignore event: change:/home/rahu/Homebox/RememberThese/1500_GapsInUnderstanding/WorkingwithBosses.md
[21:55:50] [Info] Updated modtime for fileDescriptor WorkingwithBosses.md to 1610987150385
[21:55:50] [Info] File WorkingwithBosses.md saved.
[21:56:04] [Info] Saving file WorkingwithBosses.md...
[21:56:04] [Info] [WATCHDOG] Ignore event: change:/home/rahu/Homebox/RememberThese/1500_GapsInUnderstanding/WorkingwithBosses.md
[21:56:04] [Info] Updated modtime for fileDescriptor WorkingwithBosses.md to 1610987164865
[21:56:04] [Info] File WorkingwithBosses.md saved.
[21:56:43] [Info] Saving file WorkingwithBosses.md...
[21:56:43] [Info] [WATCHDOG] Ignore event: change:/home/rahu/Homebox/RememberThese/1500_GapsInUnderstanding/WorkingwithBosses.md
[21:56:43] [Info] Updated modtime for fileDescriptor WorkingwithBosses.md to 1610987203012
[21:56:43] [Info] File WorkingwithBosses.md saved.
[21:57:15] [Info] Saving file BioInformatics.md...
[21:57:15] [Info] [WATCHDOG] Ignore event: change:/home/rahu/Homebox/RememberThese/1500_GapsInUnderstanding/BioInformatics.md
[21:57:15] [Info] Updated modtime for fileDescriptor BioInformatics.md to 1610987235392
[21:57:15] [Info] File BioInformatics.md saved.
[21:57:31] [Info] Saving file EffectofNoJobsince2018.md...
[21:57:31] [Info] [WATCHDOG] Ignore event: change:/home/rahu/Homebox/RememberThese/1500_GapsInUnderstanding/EffectofNoJobsince2018.md
[21:57:31] [Info] Updated modtime for fileDescriptor EffectofNoJobsince2018.md to 1610987251379
[21:57:31] [Info] File EffectofNoJobsince2018.md saved.
[21:57:43] [Info] Saving file EffectofNoJobsince2018.md...
[21:57:43] [Info] [WATCHDOG] Ignore event: change:/home/rahu/Homebox/RememberThese/1500_GapsInUnderstanding/EffectofNoJobsince2018.md
[21:57:43] [Info] Updated modtime for fileDescriptor EffectofNoJobsince2018.md to 1610987263667
[21:57:43] [Info] File EffectofNoJobsince2018.md saved.
[21:57:57] [Info] Saving file EffectofNoJobsince2018.md...
[21:57:57] [Info] [WATCHDOG] Ignore event: change:/home/rahu/Homebox/RememberThese/1500_GapsInUnderstanding/EffectofNoJobsince2018.md
[21:57:57] [Info] Updated modtime for fileDescriptor EffectofNoJobsince2018.md to 1610987277735
[21:57:57] [Info] File EffectofNoJobsince2018.md saved.
[21:59:03] [Info] Saving file EffectofNoJobsince2018.md...
[21:59:03] [Info] [WATCHDOG] Ignore event: change:/home/rahu/Homebox/RememberThese/1500_GapsInUnderstanding/EffectofNoJobsince2018.md
[21:59:03] [Info] Updated modtime for fileDescriptor EffectofNoJobsince2018.md to 1610987343139
[21:59:03] [Info] File EffectofNoJobsince2018.md saved.
[21:59:27] [Info] Saving file EffectofNoJobsince2018.md...
[21:59:27] [Info] [WATCHDOG] Ignore event: change:/home/rahu/Homebox/RememberThese/1500_GapsInUnderstanding/EffectofNoJobsince2018.md
[21:59:27] [Info] Updated modtime for fileDescriptor EffectofNoJobsince2018.md to 1610987367050
[21:59:27] [Info] File EffectofNoJobsince2018.md saved.
[22:00:08] [Info] Saving file EffectofNoJobsince2018.md...
[22:00:08] [Info] [WATCHDOG] Ignore event: change:/home/rahu/Homebox/RememberThese/1500_GapsInUnderstanding/EffectofNoJobsince2018.md
[22:00:08] [Info] Updated modtime for fileDescriptor EffectofNoJobsince2018.md to 1610987408426
[22:00:08] [Info] File EffectofNoJobsince2018.md saved.
[23:11:05] [Info] さようなら！ Shutting down at Mon Jan 18 2021 23:11:05 GMT+0530 (India Standard Time)
