[13:27:23] [Info] こんにちは！ Booting Zettlr at Mon Jan 25 2021 13:27:23 GMT+0530 (India Standard Time).
[13:27:23] [Info] Performing environment check ...
[13:27:23] [Info] Environment check complete.
[13:27:23] [Info] Registering custom protocol safe-file
[13:27:23] [Info] [Citeproc Provider] There is no CSL library selected in the preferences. Nothing to do.
[13:27:24] [Info] Added DevTools extension:  Vue.js devtools
[13:27:26] [Info] Loaded all roots in 2.155 seconds
[13:55:20] [Info] Saving file readmethisDay.md...
[13:55:20] [Info] [WATCHDOG] Ignore event: change:/home/rahu/Dropbox/myCloud/DailyDo/C_this.Week/this.Day/readmethisDay.md
[13:55:20] [Info] Updated modtime for fileDescriptor readmethisDay.md to 1611563120431
[13:55:20] [Info] File readmethisDay.md saved.
[13:55:35] [Info] Saving file readmethisDay.md...
[13:55:35] [Info] [WATCHDOG] Ignore event: change:/home/rahu/Dropbox/myCloud/DailyDo/C_this.Week/this.Day/readmethisDay.md
[13:55:35] [Info] Updated modtime for fileDescriptor readmethisDay.md to 1611563135731
[13:55:35] [Info] File readmethisDay.md saved.
[13:56:32] [Info] Saving file readmethisDay.md...
[13:56:32] [Info] [WATCHDOG] Ignore event: change:/home/rahu/Dropbox/myCloud/DailyDo/C_this.Week/this.Day/readmethisDay.md
[13:56:32] [Info] Updated modtime for fileDescriptor readmethisDay.md to 1611563192008
[13:56:32] [Info] File readmethisDay.md saved.
[13:56:32] [Info] [WATCHDOG] Ignore event: add:/home/rahu/0del/ss/myWeb/_yatin1/2021_01_25_13_56_31.md
[13:56:45] [Info] Saving file 2021_01_25_13_56_31.md...
[13:56:45] [Info] [WATCHDOG] Ignore event: change:/home/rahu/0del/ss/myWeb/_yatin1/2021_01_25_13_56_31.md
[13:56:45] [Info] Updated modtime for fileDescriptor 2021_01_25_13_56_31.md to 1611563205876
[13:56:45] [Info] File 2021_01_25_13_56_31.md saved.
[13:56:59] [Info] Saving file 2021_01_25_13_56_31.md...
[13:56:59] [Info] [WATCHDOG] Ignore event: change:/home/rahu/0del/ss/myWeb/_yatin1/2021_01_25_13_56_31.md
[13:56:59] [Info] Updated modtime for fileDescriptor 2021_01_25_13_56_31.md to 1611563219180
[13:56:59] [Info] File 2021_01_25_13_56_31.md saved.
[13:57:10] [Info] Saving file 2021_01_25_13_56_31.md...
[13:57:10] [Info] [WATCHDOG] Ignore event: change:/home/rahu/0del/ss/myWeb/_yatin1/2021_01_25_13_56_31.md
[13:57:10] [Info] Updated modtime for fileDescriptor 2021_01_25_13_56_31.md to 1611563230084
[13:57:10] [Info] File 2021_01_25_13_56_31.md saved.
[13:57:16] [Info] Saving file 2021_01_25_13_56_31.md...
[13:57:16] [Info] [WATCHDOG] Ignore event: change:/home/rahu/0del/ss/myWeb/_yatin1/2021_01_25_13_56_31.md
[13:57:16] [Info] Updated modtime for fileDescriptor 2021_01_25_13_56_31.md to 1611563236032
[13:57:16] [Info] File 2021_01_25_13_56_31.md saved.
[13:57:54] [Info] [WATCHDOG] Ignore event: add:/home/rahu/Homebox/Whatis/AWS/cantrill/aws-dev-associate/04-AWSFundamentals/02_my_first_s3_bucket/2021_01_25_13_57_53.md
[13:58:09] [Info] Saving file 2021_01_25_13_57_53.md...
[13:58:09] [Info] [WATCHDOG] Ignore event: change:/home/rahu/Homebox/Whatis/AWS/cantrill/aws-dev-associate/04-AWSFundamentals/02_my_first_s3_bucket/2021_01_25_13_57_53.md
[13:58:09] [Info] Updated modtime for fileDescriptor 2021_01_25_13_57_53.md to 1611563289437
[13:58:09] [Info] File 2021_01_25_13_57_53.md saved.
[13:58:23] [Info] Saving file 2021_01_25_13_57_53.md...
[13:58:24] [Info] [WATCHDOG] Ignore event: change:/home/rahu/Homebox/Whatis/AWS/cantrill/aws-dev-associate/04-AWSFundamentals/02_my_first_s3_bucket/2021_01_25_13_57_53.md
[13:58:24] [Info] Updated modtime for fileDescriptor 2021_01_25_13_57_53.md to 1611563303993
[13:58:24] [Info] File 2021_01_25_13_57_53.md saved.
[13:59:52] [Info] [WATCHDOG] Ignore event: add:/home/rahu/Dropbox/myCloud/DailyDo/C_this.Week/Week03.md
[14:00:01] [Info] Saving file Week02.md...
[14:00:01] [Info] [WATCHDOG] Ignore event: change:/home/rahu/Dropbox/myCloud/DailyDo/C_this.Week/Week02.md
[14:00:01] [Info] Updated modtime for fileDescriptor Week02.md to 1611563401186
[14:00:01] [Info] File Week02.md saved.
[14:01:11] [Info] Saving file readme_tlabs.md...
[14:01:11] [Info] [WATCHDOG] Ignore event: change:/home/rahu/Dropbox/myCloud/DailyDo/C_this.Week/readme_tlabs.md
[14:01:11] [Info] Updated modtime for fileDescriptor readme_tlabs.md to 1611563471059
[14:01:11] [Info] File readme_tlabs.md saved.
[14:01:50] [Info] Saving file readme_tlabs.md...
[14:01:50] [Info] [WATCHDOG] Ignore event: change:/home/rahu/Dropbox/myCloud/DailyDo/C_this.Week/readme_tlabs.md
[14:01:50] [Info] Updated modtime for fileDescriptor readme_tlabs.md to 1611563510820
[14:01:50] [Info] File readme_tlabs.md saved.
[14:02:45] [Info] [WATCHDOG] Ignore event: add:/home/rahu/Dropbox/myCloud/DailyDo/C_this.Week/Jan2021.md
[14:03:34] [Info] Saving file Jan2021.md...
[14:03:34] [Info] [WATCHDOG] Ignore event: change:/home/rahu/Dropbox/myCloud/DailyDo/C_this.Week/Jan2021.md
[14:03:34] [Info] Updated modtime for fileDescriptor Jan2021.md to 1611563614561
[14:03:34] [Info] File Jan2021.md saved.
[14:04:53] [Info] Saving file Jan2021.md...
[14:04:53] [Info] [WATCHDOG] Ignore event: change:/home/rahu/Dropbox/myCloud/DailyDo/C_this.Week/Jan2021.md
[14:04:53] [Info] Updated modtime for fileDescriptor Jan2021.md to 1611563693722
[14:04:53] [Info] File Jan2021.md saved.
[14:06:46] [Info] Saving file Week03.md...
[14:06:46] [Info] [WATCHDOG] Ignore event: change:/home/rahu/Dropbox/myCloud/DailyDo/C_this.Week/Week03.md
[14:06:46] [Info] Updated modtime for fileDescriptor Week03.md to 1611563806536
[14:06:46] [Info] File Week03.md saved.
[14:08:04] [Info] Saving file Week02.md...
[14:08:04] [Info] [WATCHDOG] Ignore event: change:/home/rahu/Dropbox/myCloud/DailyDo/C_this.Week/Week02.md
[14:08:04] [Info] Updated modtime for fileDescriptor Week02.md to 1611563884657
[14:08:04] [Info] File Week02.md saved.
[14:08:40] [Info] Saving file Week02.md...
[14:08:40] [Info] [WATCHDOG] Ignore event: change:/home/rahu/Dropbox/myCloud/DailyDo/C_this.Week/this.Day/Week02.md
[14:08:40] [Info] Updated modtime for fileDescriptor Week02.md to 1611563920177
[14:08:40] [Info] File Week02.md saved.
[14:09:31] [Info] Saving file Week03.md...
[14:09:31] [Info] [WATCHDOG] Ignore event: change:/home/rahu/Dropbox/myCloud/DailyDo/C_this.Week/Week03.md
[14:09:31] [Info] Updated modtime for fileDescriptor Week03.md to 1611563971538
[14:09:31] [Info] File Week03.md saved.
[14:09:39] [Info] Saving file Week03.md...
[14:09:39] [Info] [WATCHDOG] Ignore event: change:/home/rahu/Dropbox/myCloud/DailyDo/C_this.Week/Week03.md
[14:09:39] [Info] Updated modtime for fileDescriptor Week03.md to 1611563979410
[14:09:39] [Info] File Week03.md saved.
[14:09:53] [Info] Saving file Week03.md...
[14:09:53] [Info] [WATCHDOG] Ignore event: change:/home/rahu/Dropbox/myCloud/DailyDo/C_this.Week/Week03.md
[14:09:53] [Info] Updated modtime for fileDescriptor Week03.md to 1611563993558
[14:09:53] [Info] File Week03.md saved.
[14:10:13] [Info] Saving file Week03.md...
[14:10:13] [Info] [WATCHDOG] Ignore event: change:/home/rahu/Dropbox/myCloud/DailyDo/C_this.Week/Week03.md
[14:10:13] [Info] Updated modtime for fileDescriptor Week03.md to 1611564013882
[14:10:13] [Info] File Week03.md saved.
[14:11:25] [Info] Saving file Week03.md...
[14:11:25] [Info] [WATCHDOG] Ignore event: change:/home/rahu/Dropbox/myCloud/DailyDo/C_this.Week/Week03.md
[14:11:25] [Info] Updated modtime for fileDescriptor Week03.md to 1611564085707
[14:11:25] [Info] File Week03.md saved.
[14:11:42] [Info] Saving file Week03.md...
[14:11:42] [Info] [WATCHDOG] Ignore event: change:/home/rahu/Dropbox/myCloud/DailyDo/C_this.Week/Week03.md
[14:11:42] [Info] Updated modtime for fileDescriptor Week03.md to 1611564102260
[14:11:42] [Info] File Week03.md saved.
[14:12:36] [Info] Saving file Week03.md...
[14:12:36] [Info] [WATCHDOG] Ignore event: change:/home/rahu/Dropbox/myCloud/DailyDo/C_this.Week/Week03.md
[14:12:36] [Info] Updated modtime for fileDescriptor Week03.md to 1611564156840
[14:12:36] [Info] File Week03.md saved.
[14:13:00] [Info] Saving file Week03.md...
[14:13:00] [Info] [WATCHDOG] Ignore event: change:/home/rahu/Dropbox/myCloud/DailyDo/C_this.Week/Week03.md
[14:13:00] [Info] Updated modtime for fileDescriptor Week03.md to 1611564180200
[14:13:00] [Info] File Week03.md saved.
[15:57:20] [Info] Saving file Week03.md...
[15:57:20] [Info] Updated modtime for fileDescriptor Week03.md to 1611570440338
[15:57:20] [Info] File Week03.md saved.
[15:57:20] [Info] [WATCHDOG] Ignore event: change:/home/rahu/Dropbox/myCloud/DailyDo/C_this.Week/Week03.md
[15:57:31] [Info] Saving file Week03.md...
[15:57:31] [Info] [WATCHDOG] Ignore event: change:/home/rahu/Dropbox/myCloud/DailyDo/C_this.Week/Week03.md
[15:57:31] [Info] Updated modtime for fileDescriptor Week03.md to 1611570451526
[15:57:31] [Info] File Week03.md saved.
[15:57:57] [Info] Saving file Week03.md...
[15:57:57] [Info] [WATCHDOG] Ignore event: change:/home/rahu/Dropbox/myCloud/DailyDo/C_this.Week/Week03.md
[15:57:57] [Info] Updated modtime for fileDescriptor Week03.md to 1611570477738
[15:57:57] [Info] File Week03.md saved.
[15:58:08] [Info] Saving file Week03.md...
[15:58:08] [Info] [WATCHDOG] Ignore event: change:/home/rahu/Dropbox/myCloud/DailyDo/C_this.Week/Week03.md
[15:58:08] [Info] Updated modtime for fileDescriptor Week03.md to 1611570488425
[15:58:08] [Info] File Week03.md saved.
[17:53:39] [Info] [WATCHDOG] Emitting event: add:/home/rahu/Dropbox/myCloud/DailyDo/C_this.Week/IMG-20210123-WA0010.jpg
[17:53:40] [Info] [WATCHDOG] Emitting event: add:/home/rahu/Dropbox/myCloud/DailyDo/C_this.Week/IMG-20210123-WA0015.jpg
[17:53:40] [Info] [WATCHDOG] Emitting event: add:/home/rahu/Dropbox/myCloud/DailyDo/C_this.Week/IMG-20210123-WA0026.jpg
[17:53:41] [Info] [WATCHDOG] Emitting event: add:/home/rahu/Dropbox/myCloud/DailyDo/C_this.Week/this.Day/IMG-20210120-WA0020.jpg
[17:53:43] [Info] [WATCHDOG] Emitting event: add:/home/rahu/Dropbox/myCloud/DailyDo/C_this.Week/IMG-20210123-WA0000.jpg
[17:53:43] [Info] [WATCHDOG] Emitting event: add:/home/rahu/Dropbox/myCloud/DailyDo/C_this.Week/IMG-20210123-WA0002.jpg
[17:53:43] [Info] [WATCHDOG] Emitting event: add:/home/rahu/Dropbox/myCloud/DailyDo/C_this.Week/IMG-20210123-WA0004.jpg
[17:53:43] [Info] [WATCHDOG] Emitting event: add:/home/rahu/Dropbox/myCloud/DailyDo/C_this.Week/IMG-20210123-WA0005.jpg
[17:53:43] [Info] [WATCHDOG] Emitting event: add:/home/rahu/Dropbox/myCloud/DailyDo/C_this.Week/IMG-20210123-WA0006.jpg
[17:53:43] [Info] [WATCHDOG] Emitting event: add:/home/rahu/Dropbox/myCloud/DailyDo/C_this.Week/IMG-20210123-WA0007.jpg
[17:53:43] [Info] [WATCHDOG] Emitting event: add:/home/rahu/Dropbox/myCloud/DailyDo/C_this.Week/IMG-20210123-WA0008.jpg
[17:53:43] [Info] [WATCHDOG] Emitting event: add:/home/rahu/Dropbox/myCloud/DailyDo/C_this.Week/IMG-20210123-WA0009.jpg
[17:53:43] [Info] [WATCHDOG] Emitting event: add:/home/rahu/Dropbox/myCloud/DailyDo/C_this.Week/IMG-20210123-WA0011.jpg
[17:53:43] [Info] [WATCHDOG] Emitting event: add:/home/rahu/Dropbox/myCloud/DailyDo/C_this.Week/IMG-20210123-WA0012.jpg
[17:53:43] [Info] [WATCHDOG] Emitting event: add:/home/rahu/Dropbox/myCloud/DailyDo/C_this.Week/IMG-20210123-WA0013.jpg
[17:53:43] [Info] [WATCHDOG] Emitting event: add:/home/rahu/Dropbox/myCloud/DailyDo/C_this.Week/IMG-20210123-WA0014.jpg
[17:53:43] [Info] [WATCHDOG] Emitting event: add:/home/rahu/Dropbox/myCloud/DailyDo/C_this.Week/IMG-20210123-WA0016.jpg
[17:53:43] [Info] [WATCHDOG] Emitting event: add:/home/rahu/Dropbox/myCloud/DailyDo/C_this.Week/IMG-20210123-WA0017.jpg
[17:53:43] [Info] [WATCHDOG] Emitting event: add:/home/rahu/Dropbox/myCloud/DailyDo/C_this.Week/IMG-20210123-WA0018.jpg
[17:53:43] [Info] [WATCHDOG] Emitting event: add:/home/rahu/Dropbox/myCloud/DailyDo/C_this.Week/IMG-20210123-WA0019.jpg
[17:53:43] [Info] [WATCHDOG] Emitting event: add:/home/rahu/Dropbox/myCloud/DailyDo/C_this.Week/IMG-20210123-WA0020.jpg
[17:53:43] [Info] [WATCHDOG] Emitting event: add:/home/rahu/Dropbox/myCloud/DailyDo/C_this.Week/IMG-20210123-WA0021.jpg
[17:53:43] [Info] [WATCHDOG] Emitting event: add:/home/rahu/Dropbox/myCloud/DailyDo/C_this.Week/IMG-20210123-WA0022.jpg
[17:53:43] [Info] [WATCHDOG] Emitting event: add:/home/rahu/Dropbox/myCloud/DailyDo/C_this.Week/IMG-20210123-WA0023.jpg
[17:53:43] [Info] [WATCHDOG] Emitting event: add:/home/rahu/Dropbox/myCloud/DailyDo/C_this.Week/IMG-20210123-WA0024.jpg
[17:53:43] [Info] [WATCHDOG] Emitting event: add:/home/rahu/Dropbox/myCloud/DailyDo/C_this.Week/IMG-20210123-WA0025.jpg
[17:53:43] [Info] [WATCHDOG] Emitting event: add:/home/rahu/Dropbox/myCloud/DailyDo/C_this.Week/IMG-20210123-WA0027.jpg
[17:53:43] [Info] [WATCHDOG] Emitting event: add:/home/rahu/Dropbox/myCloud/DailyDo/C_this.Week/IMG-20210123-WA0028.jpg
[17:53:43] [Info] [WATCHDOG] Emitting event: add:/home/rahu/Dropbox/myCloud/DailyDo/C_this.Week/Screenshot_2021-01-25-12-39-55-15.jpg
[17:53:44] [Info] [WATCHDOG] Emitting event: add:/home/rahu/Dropbox/myCloud/DailyDo/C_this.Week/this.Day/IMG-20210120-WA0019.jpg
[17:53:44] [Info] [WATCHDOG] Emitting event: add:/home/rahu/Dropbox/myCloud/DailyDo/C_this.Week/this.Day/IMG20210120115122.jpg
[17:53:44] [Info] [WATCHDOG] Emitting event: add:/home/rahu/Dropbox/myCloud/DailyDo/C_this.Week/this.Day/IMG20210121123816.jpg
[17:53:44] [Info] [WATCHDOG] Emitting event: add:/home/rahu/Dropbox/myCloud/DailyDo/C_this.Week/this.Day/IMG20210121124102.jpg
[17:53:44] [Info] [WATCHDOG] Emitting event: add:/home/rahu/Dropbox/myCloud/DailyDo/C_this.Week/this.Day/Photo 28-12-20, 3 26 12 AM.png
[17:53:45] [Info] [WATCHDOG] Emitting event: add:/home/rahu/Dropbox/myCloud/DailyDo/C_this.Week/IMG-20210123-WA0003.jpg
[17:53:50] [Info] [WATCHDOG] Emitting event: add:/home/rahu/Dropbox/myCloud/DailyDo/C_this.Week/this.Day/IMG20210120115217.jpg
[22:11:43] [Info] さようなら！ Shutting down at Mon Jan 25 2021 22:11:43 GMT+0530 (India Standard Time)
