[15:37:51] [Info] こんにちは！ Booting Zettlr at Thu Jan 07 2021 15:37:51 GMT+0530 (India Standard Time).
[15:37:51] [Info] Performing environment check ...
[15:37:51] [Info] Environment check complete.
[15:37:51] [Info] Registering custom protocol safe-file
[15:37:51] [Info] [Citeproc Provider] There is no CSL library selected in the preferences. Nothing to do.
[15:37:52] [Info] Added DevTools extension:  Vue.js devtools
[15:37:52] [Info] Loaded all roots in 0.201 seconds
[15:44:33] [Info] Saving file ProjectInfo.md...
[15:44:33] [Info] [WATCHDOG] Ignore event: change:/home/rahu/Dropbox/EarnBy/2200Parachute/2251Gagne2021/ProjectInfo.md
[15:44:33] [Info] Updated modtime for fileDescriptor ProjectInfo.md to 1610014473136
[15:44:33] [Info] File ProjectInfo.md saved.
[15:44:40] [Info] Saving file ProjectInfo.md...
[15:44:40] [Info] [WATCHDOG] Ignore event: change:/home/rahu/Dropbox/EarnBy/2200Parachute/2251Gagne2021/ProjectInfo.md
[15:44:40] [Info] Updated modtime for fileDescriptor ProjectInfo.md to 1610014480716
[15:44:40] [Info] File ProjectInfo.md saved.
[15:45:16] [Info] こんにちは！ Booting Zettlr at Thu Jan 07 2021 15:45:16 GMT+0530 (India Standard Time).
[15:45:16] [Info] Performing environment check ...
[15:45:16] [Info] Added DevTools extension:  Vue.js devtools
[15:45:16] [Info] Environment check complete.
[15:45:16] [Info] Registering custom protocol safe-file
[15:45:16] [Info] [Citeproc Provider] There is no CSL library selected in the preferences. Nothing to do.
[15:45:17] [Info] Loaded all roots in 0.053 seconds
[15:46:28] [Info] Saving file ProjectInfo.md...
[15:46:28] [Info] [WATCHDOG] Ignore event: change:/home/rahu/Dropbox/EarnBy/2200Parachute/2251Gagne2021/ProjectInfo.md
[15:46:28] [Info] Updated modtime for fileDescriptor ProjectInfo.md to 1610014588237
[15:46:28] [Info] File ProjectInfo.md saved.
[15:46:37] [Info] Saving file ProjectInfo.md...
[15:46:37] [Info] [WATCHDOG] Ignore event: change:/home/rahu/Dropbox/EarnBy/2200Parachute/2251Gagne2021/ProjectInfo.md
[15:46:37] [Info] Updated modtime for fileDescriptor ProjectInfo.md to 1610014597789
[15:46:37] [Info] File ProjectInfo.md saved.
[15:47:13] [Info] Saving file ProjectInfo.md...
[15:47:13] [Info] [WATCHDOG] Ignore event: change:/home/rahu/Dropbox/EarnBy/2200Parachute/2251Gagne2021/ProjectInfo.md
[15:47:13] [Info] Updated modtime for fileDescriptor ProjectInfo.md to 1610014633750
[15:47:13] [Info] File ProjectInfo.md saved.
[15:47:52] [Info] Saving file ProjectInfo.md...
[15:47:52] [Info] [WATCHDOG] Ignore event: change:/home/rahu/Dropbox/EarnBy/2200Parachute/2251Gagne2021/ProjectInfo.md
[15:47:52] [Info] Updated modtime for fileDescriptor ProjectInfo.md to 1610014672350
[15:47:52] [Info] File ProjectInfo.md saved.
[15:48:25] [Info] Saving file ProjectInfo.md...
[15:48:25] [Info] [WATCHDOG] Ignore event: change:/home/rahu/Dropbox/EarnBy/2200Parachute/2251Gagne2021/ProjectInfo.md
[15:48:25] [Info] Updated modtime for fileDescriptor ProjectInfo.md to 1610014705851
[15:48:25] [Info] File ProjectInfo.md saved.
[15:51:17] [Info] [WATCHDOG] Emitting event: add:/home/rahu/Dropbox/TakeCareOf/this.Week/this.Day/Staying-vs-leaving-consulting-1200x640-1024x546.jpg
[15:51:17] [Info] [WATCHDOG] Emitting event: change:/home/rahu/Dropbox/TakeCareOf/this.Week/this.Day/Staying-vs-leaving-consulting-1200x640-1024x546.jpg
[15:51:17] [Info] [WATCHDOG] Emitting event: change:/home/rahu/Dropbox/TakeCareOf/this.Week/this.Day/Staying-vs-leaving-consulting-1200x640-1024x546.jpg
[15:54:14] [Info] Saving file readmethisDay.md...
[15:54:15] [Info] [WATCHDOG] Ignore event: change:/home/rahu/Dropbox/TakeCareOf/this.Week/this.Day/readmethisDay.md
[15:54:15] [Info] Updated modtime for fileDescriptor readmethisDay.md to 1610015055447
[15:54:15] [Info] File readmethisDay.md saved.
[15:55:18] [Info] さようなら！ Shutting down at Thu Jan 07 2021 15:55:18 GMT+0530 (India Standard Time)
[15:55:23] [Info] こんにちは！ Booting Zettlr at Thu Jan 07 2021 15:55:23 GMT+0530 (India Standard Time).
[15:55:23] [Info] Performing environment check ...
[15:55:23] [Info] Added DevTools extension:  Vue.js devtools
[15:55:23] [Info] Environment check complete.
[15:55:23] [Info] Registering custom protocol safe-file
[15:55:23] [Info] [Citeproc Provider] There is no CSL library selected in the preferences. Nothing to do.
[15:55:23] [Info] Loaded all roots in 0.131 seconds
[15:56:15] [Info] Saving file ProjectInfo.md...
[15:56:15] [Info] [WATCHDOG] Ignore event: change:/home/rahu/Dropbox/EarnBy/2200Parachute/2251Gagne2021/ProjectInfo.md
[15:56:15] [Info] Updated modtime for fileDescriptor ProjectInfo.md to 1610015175436
[15:56:15] [Info] File ProjectInfo.md saved.
[15:57:47] [Info] Saving file ProjectInfo.md...
[15:57:53] [Info] [WATCHDOG] Ignore event: change:/home/rahu/Dropbox/EarnBy/2200Parachute/2251Gagne2021/ProjectInfo.md
[15:57:53] [Info] Updated modtime for fileDescriptor ProjectInfo.md to 1610015273265
[15:57:53] [Info] File ProjectInfo.md saved.
[15:58:07] [Info] Saving file ProjectInfo.md...
[15:58:07] [Info] [WATCHDOG] Ignore event: change:/home/rahu/Dropbox/EarnBy/2200Parachute/2251Gagne2021/ProjectInfo.md
[15:58:07] [Info] Updated modtime for fileDescriptor ProjectInfo.md to 1610015287766
[15:58:07] [Info] File ProjectInfo.md saved.
[15:59:00] [Info] Saving file readmethisDay.md...
[15:59:00] [Info] [WATCHDOG] Ignore event: change:/home/rahu/Dropbox/TakeCareOf/this.Week/this.Day/readmethisDay.md
[15:59:00] [Info] Updated modtime for fileDescriptor readmethisDay.md to 1610015340430
[15:59:00] [Info] File readmethisDay.md saved.
[16:12:10] [Info] [WATCHDOG] Ignore event: add:/home/rahu/Dropbox/TakeCareOf/this.Week/this.Day/2021_01_07_16_12_09.md
[16:12:38] [Info] Saving file readmethisDay.md...
[16:12:38] [Info] [WATCHDOG] Ignore event: change:/home/rahu/Dropbox/TakeCareOf/this.Week/this.Day/readmethisDay.md
[16:12:38] [Info] Updated modtime for fileDescriptor readmethisDay.md to 1610016158308
[16:12:38] [Info] File readmethisDay.md saved.
[16:12:53] [Info] Saving file readmethisDay.md...
[16:12:53] [Info] [WATCHDOG] Ignore event: change:/home/rahu/Dropbox/TakeCareOf/this.Week/this.Day/readmethisDay.md
[16:12:53] [Info] Updated modtime for fileDescriptor readmethisDay.md to 1610016173596
[16:12:53] [Info] File readmethisDay.md saved.
[16:12:57] [Info] Saving file readmethisDay.md...
[16:12:57] [Info] [WATCHDOG] Ignore event: change:/home/rahu/Dropbox/TakeCareOf/this.Week/this.Day/readmethisDay.md
[16:12:57] [Info] Updated modtime for fileDescriptor readmethisDay.md to 1610016177588
[16:12:57] [Info] File readmethisDay.md saved.
[17:28:19] [Info] [WATCHDOG] Emitting event: add:/home/rahu/Dropbox/TakeCareOf/this.Week/readmethisWeek.md
[17:28:32] [Info] [WATCHDOG] Emitting event: change:/home/rahu/Dropbox/TakeCareOf/this.Week/readmethisWeek.md
[17:28:32] [Info] Chokidar has detected a change event for file readmethisWeek.md. Attempting to re-parse ...
[17:58:38] [Info] [WATCHDOG] Emitting event: change:/home/rahu/Dropbox/TakeCareOf/this.Week/readmethisWeek.md
[17:58:38] [Info] Chokidar has detected a change event for file readmethisWeek.md. Attempting to re-parse ...
[21:08:10] [Info] こんにちは！ Booting Zettlr at Thu Jan 07 2021 21:08:09 GMT+0530 (India Standard Time).
[21:08:10] [Info] Performing environment check ...
[21:08:10] [Info] Environment check complete.
[21:08:10] [Info] Registering custom protocol safe-file
[21:08:10] [Info] [Citeproc Provider] There is no CSL library selected in the preferences. Nothing to do.
[21:08:10] [Info] Added DevTools extension:  Vue.js devtools
[21:08:11] [Info] Loaded all roots in 0.633 seconds
[23:27:43] [Info] さようなら！ Shutting down at Thu Jan 07 2021 23:27:43 GMT+0530 (India Standard Time)
