[Info  - 07:25:29.826] Reading sessions from keychain...
[Info  - 07:25:29.839] Reading sessions from keychain...
[Info  - 07:25:30.202] Getting sessions for all scopes...
[Trace  - 07:25:31.427] Token acquired from secret storage.
[Info  - 07:25:31.427] Got stored sessions!
[Info  - 07:25:31.428] Getting user info...
[Info  - 07:25:31.523] Getting sessions for read:user,user:email,repo...
[Info  - 07:25:31.532] Getting sessions for all scopes...
[Info  - 07:25:35.227] Got account info!
[Info  - 07:25:35.227] Verified session with the following scopes: repo,workflow
[Trace  - 07:25:35.227] Read the following session from the keychain with the following scopes: repo,workflow
[Info  - 07:25:35.227] Got 1 verified sessions.
[Info  - 07:25:35.227] Got 1 sessions for all scopes...
[Info  - 07:25:35.228] Got 0 sessions for read:user,repo,user:email...
[Info  - 07:25:35.228] Got 1 sessions for all scopes...
[Info  - 08:32:22.600] Getting sessions for all scopes...
[Info  - 08:32:22.600] Getting sessions for all scopes...
[Info  - 08:32:22.613] Got 1 sessions for all scopes...
[Info  - 08:32:22.614] Got 0 sessions for all scopes...
[Info  - 08:32:55.751] Getting sessions for read:user,user:email,repo...
[Info  - 08:32:55.752] Got 0 sessions for read:user,repo,user:email...
[Info  - 08:33:00.23] Logging in for the following scopes: read:user user:email repo
[Info  - 08:33:39.829] Getting sessions for all scopes...
[Info  - 08:33:39.829] Getting sessions for all scopes...
[Info  - 08:33:39.829] Got 1 sessions for all scopes...
[Info  - 08:33:39.829] Got 0 sessions for all scopes...
