[2021-05-14 12:07:15.686] [renderer1] [error] [File Watcher (node.js)] Error: ENOENT: no such file or directory, stat '/home/rahu/sarthak/taskwarrior/.vscode'
[2021-05-14 12:07:15.686] [renderer1] [warning] Workbench did not finish loading in 10 seconds, that might be a problem that should be reported.
[2021-05-14 12:07:33.194] [renderer1] [warning] UNRESPONSIVE extension host, 'amazonwebservices.aws-toolkit-vscode' took 76% of 8293.38ms, saved PROFILE here: '/tmp/exthost-a39238.cpuprofile' [{"id":"amazonwebservices.aws-toolkit-vscode","total":6304592,"percentage":76},{"id":"dbaeumer.vscode-eslint","total":67155,"percentage":1},{"id":"formulahendry.code-runner","total":762409,"percentage":9},{"id":"gc","total":53612,"percentage":1},{"id":"ms-vscode-remote.remote-containers","total":32688,"percentage":0},{"id":"program","total":416,"percentage":0},{"id":"self","total":1034056,"percentage":12},{"id":"vscode.git","total":35964,"percentage":0}]
[2021-05-14 12:07:42.278] [renderer1] [error] cannot open webview-panel:webview-panel/webview-7266a05b-480e-4224-959b-31a0e7ca30cb. Detail: Unable to resolve resource webview-panel:webview-panel/webview-7266a05b-480e-4224-959b-31a0e7ca30cb: Error: cannot open webview-panel:webview-panel/webview-7266a05b-480e-4224-959b-31a0e7ca30cb. Detail: Unable to resolve resource webview-panel:webview-panel/webview-7266a05b-480e-4224-959b-31a0e7ca30cb
    at file:///usr/share/code/resources/app/out/vs/workbench/workbench.desktop.main.js:6800:388
[2021-05-14 12:08:14.478] [renderer1] [error] Invalid response: undefined: Error: Invalid response: undefined
    at /home/rahu/.vscode/extensions/loskael.vscode-stocks-cn-0.1.5/out/src/extension.js:140:19
    at Generator.throw (<anonymous>)
    at rejected (/home/rahu/.vscode/extensions/loskael.vscode-stocks-cn-0.1.5/out/src/extension.js:5:65)
    at processTicksAndRejections (internal/process/task_queues.js:94:5)
[2021-05-14 12:09:14.199] [renderer1] [error] Invalid response: undefined: Error: Invalid response: undefined
    at /home/rahu/.vscode/extensions/loskael.vscode-stocks-cn-0.1.5/out/src/extension.js:140:19
    at Generator.throw (<anonymous>)
    at rejected (/home/rahu/.vscode/extensions/loskael.vscode-stocks-cn-0.1.5/out/src/extension.js:5:65)
    at processTicksAndRejections (internal/process/task_queues.js:94:5)
[2021-05-14 12:10:14.140] [renderer1] [error] Invalid response: undefined: Error: Invalid response: undefined
    at /home/rahu/.vscode/extensions/loskael.vscode-stocks-cn-0.1.5/out/src/extension.js:140:19
    at Generator.throw (<anonymous>)
    at rejected (/home/rahu/.vscode/extensions/loskael.vscode-stocks-cn-0.1.5/out/src/extension.js:5:65)
    at processTicksAndRejections (internal/process/task_queues.js:94:5)
[2021-05-14 12:11:18.195] [renderer1] [error] Invalid response: undefined: Error: Invalid response: undefined
    at /home/rahu/.vscode/extensions/loskael.vscode-stocks-cn-0.1.5/out/src/extension.js:140:19
    at Generator.throw (<anonymous>)
    at rejected (/home/rahu/.vscode/extensions/loskael.vscode-stocks-cn-0.1.5/out/src/extension.js:5:65)
    at processTicksAndRejections (internal/process/task_queues.js:94:5)
[2021-05-14 12:12:14.145] [renderer1] [error] Invalid response: undefined: Error: Invalid response: undefined
    at /home/rahu/.vscode/extensions/loskael.vscode-stocks-cn-0.1.5/out/src/extension.js:140:19
    at Generator.throw (<anonymous>)
    at rejected (/home/rahu/.vscode/extensions/loskael.vscode-stocks-cn-0.1.5/out/src/extension.js:5:65)
    at processTicksAndRejections (internal/process/task_queues.js:94:5)
[2021-05-14 12:13:14.404] [renderer1] [error] Invalid response: undefined: Error: Invalid response: undefined
    at /home/rahu/.vscode/extensions/loskael.vscode-stocks-cn-0.1.5/out/src/extension.js:140:19
    at Generator.throw (<anonymous>)
    at rejected (/home/rahu/.vscode/extensions/loskael.vscode-stocks-cn-0.1.5/out/src/extension.js:5:65)
    at processTicksAndRejections (internal/process/task_queues.js:94:5)
[2021-05-14 12:14:14.308] [renderer1] [error] Invalid response: undefined: Error: Invalid response: undefined
    at /home/rahu/.vscode/extensions/loskael.vscode-stocks-cn-0.1.5/out/src/extension.js:140:19
    at Generator.throw (<anonymous>)
    at rejected (/home/rahu/.vscode/extensions/loskael.vscode-stocks-cn-0.1.5/out/src/extension.js:5:65)
    at processTicksAndRejections (internal/process/task_queues.js:94:5)
[2021-05-14 12:15:14.129] [renderer1] [error] Invalid response: undefined: Error: Invalid response: undefined
    at /home/rahu/.vscode/extensions/loskael.vscode-stocks-cn-0.1.5/out/src/extension.js:140:19
    at Generator.throw (<anonymous>)
    at rejected (/home/rahu/.vscode/extensions/loskael.vscode-stocks-cn-0.1.5/out/src/extension.js:5:65)
    at processTicksAndRejections (internal/process/task_queues.js:94:5)
[2021-05-14 12:16:14.227] [renderer1] [error] Invalid response: undefined: Error: Invalid response: undefined
    at /home/rahu/.vscode/extensions/loskael.vscode-stocks-cn-0.1.5/out/src/extension.js:140:19
    at Generator.throw (<anonymous>)
    at rejected (/home/rahu/.vscode/extensions/loskael.vscode-stocks-cn-0.1.5/out/src/extension.js:5:65)
    at processTicksAndRejections (internal/process/task_queues.js:94:5)
[2021-05-14 12:17:14.513] [renderer1] [error] Invalid response: undefined: Error: Invalid response: undefined
    at /home/rahu/.vscode/extensions/loskael.vscode-stocks-cn-0.1.5/out/src/extension.js:140:19
    at Generator.throw (<anonymous>)
    at rejected (/home/rahu/.vscode/extensions/loskael.vscode-stocks-cn-0.1.5/out/src/extension.js:5:65)
    at processTicksAndRejections (internal/process/task_queues.js:94:5)
[2021-05-14 12:18:14.172] [renderer1] [error] Invalid response: undefined: Error: Invalid response: undefined
    at /home/rahu/.vscode/extensions/loskael.vscode-stocks-cn-0.1.5/out/src/extension.js:140:19
    at Generator.throw (<anonymous>)
    at rejected (/home/rahu/.vscode/extensions/loskael.vscode-stocks-cn-0.1.5/out/src/extension.js:5:65)
    at processTicksAndRejections (internal/process/task_queues.js:94:5)
[2021-05-14 12:19:14.171] [renderer1] [error] Invalid response: undefined: Error: Invalid response: undefined
    at /home/rahu/.vscode/extensions/loskael.vscode-stocks-cn-0.1.5/out/src/extension.js:140:19
    at Generator.throw (<anonymous>)
    at rejected (/home/rahu/.vscode/extensions/loskael.vscode-stocks-cn-0.1.5/out/src/extension.js:5:65)
    at processTicksAndRejections (internal/process/task_queues.js:94:5)
[2021-05-14 12:20:14.486] [renderer1] [error] Invalid response: undefined: Error: Invalid response: undefined
    at /home/rahu/.vscode/extensions/loskael.vscode-stocks-cn-0.1.5/out/src/extension.js:140:19
    at Generator.throw (<anonymous>)
    at rejected (/home/rahu/.vscode/extensions/loskael.vscode-stocks-cn-0.1.5/out/src/extension.js:5:65)
    at processTicksAndRejections (internal/process/task_queues.js:94:5)
[2021-05-14 12:21:14.287] [renderer1] [error] Invalid response: undefined: Error: Invalid response: undefined
    at /home/rahu/.vscode/extensions/loskael.vscode-stocks-cn-0.1.5/out/src/extension.js:140:19
    at Generator.throw (<anonymous>)
    at rejected (/home/rahu/.vscode/extensions/loskael.vscode-stocks-cn-0.1.5/out/src/extension.js:5:65)
    at processTicksAndRejections (internal/process/task_queues.js:94:5)
[2021-05-14 12:22:15.086] [renderer1] [error] Invalid response: undefined: Error: Invalid response: undefined
    at /home/rahu/.vscode/extensions/loskael.vscode-stocks-cn-0.1.5/out/src/extension.js:140:19
    at Generator.throw (<anonymous>)
    at rejected (/home/rahu/.vscode/extensions/loskael.vscode-stocks-cn-0.1.5/out/src/extension.js:5:65)
    at processTicksAndRejections (internal/process/task_queues.js:94:5)
[2021-05-14 12:23:14.171] [renderer1] [error] Invalid response: undefined: Error: Invalid response: undefined
    at /home/rahu/.vscode/extensions/loskael.vscode-stocks-cn-0.1.5/out/src/extension.js:140:19
    at Generator.throw (<anonymous>)
    at rejected (/home/rahu/.vscode/extensions/loskael.vscode-stocks-cn-0.1.5/out/src/extension.js:5:65)
    at processTicksAndRejections (internal/process/task_queues.js:94:5)
[2021-05-14 12:24:15.069] [renderer1] [error] Invalid response: undefined: Error: Invalid response: undefined
    at /home/rahu/.vscode/extensions/loskael.vscode-stocks-cn-0.1.5/out/src/extension.js:140:19
    at Generator.throw (<anonymous>)
    at rejected (/home/rahu/.vscode/extensions/loskael.vscode-stocks-cn-0.1.5/out/src/extension.js:5:65)
    at processTicksAndRejections (internal/process/task_queues.js:94:5)
[2021-05-14 12:25:14.143] [renderer1] [error] Invalid response: undefined: Error: Invalid response: undefined
    at /home/rahu/.vscode/extensions/loskael.vscode-stocks-cn-0.1.5/out/src/extension.js:140:19
    at Generator.throw (<anonymous>)
    at rejected (/home/rahu/.vscode/extensions/loskael.vscode-stocks-cn-0.1.5/out/src/extension.js:5:65)
    at processTicksAndRejections (internal/process/task_queues.js:94:5)
[2021-05-14 12:26:14.411] [renderer1] [error] Invalid response: undefined: Error: Invalid response: undefined
    at /home/rahu/.vscode/extensions/loskael.vscode-stocks-cn-0.1.5/out/src/extension.js:140:19
    at Generator.throw (<anonymous>)
    at rejected (/home/rahu/.vscode/extensions/loskael.vscode-stocks-cn-0.1.5/out/src/extension.js:5:65)
    at processTicksAndRejections (internal/process/task_queues.js:94:5)
[2021-05-14 12:27:14.232] [renderer1] [error] Invalid response: undefined: Error: Invalid response: undefined
    at /home/rahu/.vscode/extensions/loskael.vscode-stocks-cn-0.1.5/out/src/extension.js:140:19
    at Generator.throw (<anonymous>)
    at rejected (/home/rahu/.vscode/extensions/loskael.vscode-stocks-cn-0.1.5/out/src/extension.js:5:65)
    at processTicksAndRejections (internal/process/task_queues.js:94:5)
[2021-05-14 12:28:14.240] [renderer1] [error] Invalid response: undefined: Error: Invalid response: undefined
    at /home/rahu/.vscode/extensions/loskael.vscode-stocks-cn-0.1.5/out/src/extension.js:140:19
    at Generator.throw (<anonymous>)
    at rejected (/home/rahu/.vscode/extensions/loskael.vscode-stocks-cn-0.1.5/out/src/extension.js:5:65)
    at processTicksAndRejections (internal/process/task_queues.js:94:5)
[2021-05-14 12:29:14.439] [renderer1] [error] Invalid response: undefined: Error: Invalid response: undefined
    at /home/rahu/.vscode/extensions/loskael.vscode-stocks-cn-0.1.5/out/src/extension.js:140:19
    at Generator.throw (<anonymous>)
    at rejected (/home/rahu/.vscode/extensions/loskael.vscode-stocks-cn-0.1.5/out/src/extension.js:5:65)
    at processTicksAndRejections (internal/process/task_queues.js:94:5)
[2021-05-14 12:30:14.306] [renderer1] [error] Invalid response: undefined: Error: Invalid response: undefined
    at /home/rahu/.vscode/extensions/loskael.vscode-stocks-cn-0.1.5/out/src/extension.js:140:19
    at Generator.throw (<anonymous>)
    at rejected (/home/rahu/.vscode/extensions/loskael.vscode-stocks-cn-0.1.5/out/src/extension.js:5:65)
    at processTicksAndRejections (internal/process/task_queues.js:94:5)
[2021-05-14 12:31:14.130] [renderer1] [error] Invalid response: undefined: Error: Invalid response: undefined
    at /home/rahu/.vscode/extensions/loskael.vscode-stocks-cn-0.1.5/out/src/extension.js:140:19
    at Generator.throw (<anonymous>)
    at rejected (/home/rahu/.vscode/extensions/loskael.vscode-stocks-cn-0.1.5/out/src/extension.js:5:65)
    at processTicksAndRejections (internal/process/task_queues.js:94:5)
[2021-05-14 12:32:14.169] [renderer1] [error] Invalid response: undefined: Error: Invalid response: undefined
    at /home/rahu/.vscode/extensions/loskael.vscode-stocks-cn-0.1.5/out/src/extension.js:140:19
    at Generator.throw (<anonymous>)
    at rejected (/home/rahu/.vscode/extensions/loskael.vscode-stocks-cn-0.1.5/out/src/extension.js:5:65)
    at processTicksAndRejections (internal/process/task_queues.js:94:5)
[2021-05-14 12:33:14.265] [renderer1] [error] Invalid response: undefined: Error: Invalid response: undefined
    at /home/rahu/.vscode/extensions/loskael.vscode-stocks-cn-0.1.5/out/src/extension.js:140:19
    at Generator.throw (<anonymous>)
    at rejected (/home/rahu/.vscode/extensions/loskael.vscode-stocks-cn-0.1.5/out/src/extension.js:5:65)
    at processTicksAndRejections (internal/process/task_queues.js:94:5)
[2021-05-14 12:34:14.159] [renderer1] [error] Invalid response: undefined: Error: Invalid response: undefined
    at /home/rahu/.vscode/extensions/loskael.vscode-stocks-cn-0.1.5/out/src/extension.js:140:19
    at Generator.throw (<anonymous>)
    at rejected (/home/rahu/.vscode/extensions/loskael.vscode-stocks-cn-0.1.5/out/src/extension.js:5:65)
    at processTicksAndRejections (internal/process/task_queues.js:94:5)
[2021-05-14 12:35:14.252] [renderer1] [error] Invalid response: undefined: Error: Invalid response: undefined
    at /home/rahu/.vscode/extensions/loskael.vscode-stocks-cn-0.1.5/out/src/extension.js:140:19
    at Generator.throw (<anonymous>)
    at rejected (/home/rahu/.vscode/extensions/loskael.vscode-stocks-cn-0.1.5/out/src/extension.js:5:65)
    at processTicksAndRejections (internal/process/task_queues.js:94:5)
[2021-05-14 12:36:14.141] [renderer1] [error] Invalid response: undefined: Error: Invalid response: undefined
    at /home/rahu/.vscode/extensions/loskael.vscode-stocks-cn-0.1.5/out/src/extension.js:140:19
    at Generator.throw (<anonymous>)
    at rejected (/home/rahu/.vscode/extensions/loskael.vscode-stocks-cn-0.1.5/out/src/extension.js:5:65)
    at processTicksAndRejections (internal/process/task_queues.js:94:5)
[2021-05-14 12:37:14.170] [renderer1] [error] Invalid response: undefined: Error: Invalid response: undefined
    at /home/rahu/.vscode/extensions/loskael.vscode-stocks-cn-0.1.5/out/src/extension.js:140:19
    at Generator.throw (<anonymous>)
    at rejected (/home/rahu/.vscode/extensions/loskael.vscode-stocks-cn-0.1.5/out/src/extension.js:5:65)
    at processTicksAndRejections (internal/process/task_queues.js:94:5)
[2021-05-14 12:38:14.227] [renderer1] [error] Invalid response: undefined: Error: Invalid response: undefined
    at /home/rahu/.vscode/extensions/loskael.vscode-stocks-cn-0.1.5/out/src/extension.js:140:19
    at Generator.throw (<anonymous>)
    at rejected (/home/rahu/.vscode/extensions/loskael.vscode-stocks-cn-0.1.5/out/src/extension.js:5:65)
    at processTicksAndRejections (internal/process/task_queues.js:94:5)
[2021-05-14 12:39:14.199] [renderer1] [error] Invalid response: undefined: Error: Invalid response: undefined
    at /home/rahu/.vscode/extensions/loskael.vscode-stocks-cn-0.1.5/out/src/extension.js:140:19
    at Generator.throw (<anonymous>)
    at rejected (/home/rahu/.vscode/extensions/loskael.vscode-stocks-cn-0.1.5/out/src/extension.js:5:65)
    at processTicksAndRejections (internal/process/task_queues.js:94:5)
[2021-05-14 12:40:14.111] [renderer1] [error] Invalid response: undefined: Error: Invalid response: undefined
    at /home/rahu/.vscode/extensions/loskael.vscode-stocks-cn-0.1.5/out/src/extension.js:140:19
    at Generator.throw (<anonymous>)
    at rejected (/home/rahu/.vscode/extensions/loskael.vscode-stocks-cn-0.1.5/out/src/extension.js:5:65)
    at processTicksAndRejections (internal/process/task_queues.js:94:5)
[2021-05-14 12:41:14.193] [renderer1] [error] Invalid response: undefined: Error: Invalid response: undefined
    at /home/rahu/.vscode/extensions/loskael.vscode-stocks-cn-0.1.5/out/src/extension.js:140:19
    at Generator.throw (<anonymous>)
    at rejected (/home/rahu/.vscode/extensions/loskael.vscode-stocks-cn-0.1.5/out/src/extension.js:5:65)
    at processTicksAndRejections (internal/process/task_queues.js:94:5)
[2021-05-14 12:42:14.128] [renderer1] [error] Invalid response: undefined: Error: Invalid response: undefined
    at /home/rahu/.vscode/extensions/loskael.vscode-stocks-cn-0.1.5/out/src/extension.js:140:19
    at Generator.throw (<anonymous>)
    at rejected (/home/rahu/.vscode/extensions/loskael.vscode-stocks-cn-0.1.5/out/src/extension.js:5:65)
    at processTicksAndRejections (internal/process/task_queues.js:94:5)
[2021-05-14 12:43:14.149] [renderer1] [error] Invalid response: undefined: Error: Invalid response: undefined
    at /home/rahu/.vscode/extensions/loskael.vscode-stocks-cn-0.1.5/out/src/extension.js:140:19
    at Generator.throw (<anonymous>)
    at rejected (/home/rahu/.vscode/extensions/loskael.vscode-stocks-cn-0.1.5/out/src/extension.js:5:65)
    at processTicksAndRejections (internal/process/task_queues.js:94:5)
[2021-05-14 12:44:14.375] [renderer1] [error] Invalid response: undefined: Error: Invalid response: undefined
    at /home/rahu/.vscode/extensions/loskael.vscode-stocks-cn-0.1.5/out/src/extension.js:140:19
    at Generator.throw (<anonymous>)
    at rejected (/home/rahu/.vscode/extensions/loskael.vscode-stocks-cn-0.1.5/out/src/extension.js:5:65)
    at processTicksAndRejections (internal/process/task_queues.js:94:5)
[2021-05-14 12:45:14.172] [renderer1] [error] Invalid response: undefined: Error: Invalid response: undefined
    at /home/rahu/.vscode/extensions/loskael.vscode-stocks-cn-0.1.5/out/src/extension.js:140:19
    at Generator.throw (<anonymous>)
    at rejected (/home/rahu/.vscode/extensions/loskael.vscode-stocks-cn-0.1.5/out/src/extension.js:5:65)
    at processTicksAndRejections (internal/process/task_queues.js:94:5)
[2021-05-14 12:46:14.146] [renderer1] [error] Invalid response: undefined: Error: Invalid response: undefined
    at /home/rahu/.vscode/extensions/loskael.vscode-stocks-cn-0.1.5/out/src/extension.js:140:19
    at Generator.throw (<anonymous>)
    at rejected (/home/rahu/.vscode/extensions/loskael.vscode-stocks-cn-0.1.5/out/src/extension.js:5:65)
    at processTicksAndRejections (internal/process/task_queues.js:94:5)
[2021-05-14 12:47:14.185] [renderer1] [error] Invalid response: undefined: Error: Invalid response: undefined
    at /home/rahu/.vscode/extensions/loskael.vscode-stocks-cn-0.1.5/out/src/extension.js:140:19
    at Generator.throw (<anonymous>)
    at rejected (/home/rahu/.vscode/extensions/loskael.vscode-stocks-cn-0.1.5/out/src/extension.js:5:65)
    at processTicksAndRejections (internal/process/task_queues.js:94:5)
[2021-05-14 12:48:14.171] [renderer1] [error] Invalid response: undefined: Error: Invalid response: undefined
    at /home/rahu/.vscode/extensions/loskael.vscode-stocks-cn-0.1.5/out/src/extension.js:140:19
    at Generator.throw (<anonymous>)
    at rejected (/home/rahu/.vscode/extensions/loskael.vscode-stocks-cn-0.1.5/out/src/extension.js:5:65)
    at processTicksAndRejections (internal/process/task_queues.js:94:5)
[2021-05-14 12:49:14.180] [renderer1] [error] Invalid response: undefined: Error: Invalid response: undefined
    at /home/rahu/.vscode/extensions/loskael.vscode-stocks-cn-0.1.5/out/src/extension.js:140:19
    at Generator.throw (<anonymous>)
    at rejected (/home/rahu/.vscode/extensions/loskael.vscode-stocks-cn-0.1.5/out/src/extension.js:5:65)
    at runMicrotasks (<anonymous>)
    at processTicksAndRejections (internal/process/task_queues.js:94:5)
[2021-05-14 12:50:14.455] [renderer1] [error] Invalid response: undefined: Error: Invalid response: undefined
    at /home/rahu/.vscode/extensions/loskael.vscode-stocks-cn-0.1.5/out/src/extension.js:140:19
    at Generator.throw (<anonymous>)
    at rejected (/home/rahu/.vscode/extensions/loskael.vscode-stocks-cn-0.1.5/out/src/extension.js:5:65)
    at runMicrotasks (<anonymous>)
    at processTicksAndRejections (internal/process/task_queues.js:94:5)
[2021-05-14 12:51:14.197] [renderer1] [error] Invalid response: undefined: Error: Invalid response: undefined
    at /home/rahu/.vscode/extensions/loskael.vscode-stocks-cn-0.1.5/out/src/extension.js:140:19
    at Generator.throw (<anonymous>)
    at rejected (/home/rahu/.vscode/extensions/loskael.vscode-stocks-cn-0.1.5/out/src/extension.js:5:65)
    at runMicrotasks (<anonymous>)
    at processTicksAndRejections (internal/process/task_queues.js:94:5)
[2021-05-14 12:52:14.328] [renderer1] [error] Invalid response: undefined: Error: Invalid response: undefined
    at /home/rahu/.vscode/extensions/loskael.vscode-stocks-cn-0.1.5/out/src/extension.js:140:19
    at Generator.throw (<anonymous>)
    at rejected (/home/rahu/.vscode/extensions/loskael.vscode-stocks-cn-0.1.5/out/src/extension.js:5:65)
    at runMicrotasks (<anonymous>)
    at processTicksAndRejections (internal/process/task_queues.js:94:5)
[2021-05-14 12:53:14.170] [renderer1] [error] Invalid response: undefined: Error: Invalid response: undefined
    at /home/rahu/.vscode/extensions/loskael.vscode-stocks-cn-0.1.5/out/src/extension.js:140:19
    at Generator.throw (<anonymous>)
    at rejected (/home/rahu/.vscode/extensions/loskael.vscode-stocks-cn-0.1.5/out/src/extension.js:5:65)
    at runMicrotasks (<anonymous>)
    at processTicksAndRejections (internal/process/task_queues.js:94:5)
[2021-05-14 12:54:14.178] [renderer1] [error] Invalid response: undefined: Error: Invalid response: undefined
    at /home/rahu/.vscode/extensions/loskael.vscode-stocks-cn-0.1.5/out/src/extension.js:140:19
    at Generator.throw (<anonymous>)
    at rejected (/home/rahu/.vscode/extensions/loskael.vscode-stocks-cn-0.1.5/out/src/extension.js:5:65)
    at runMicrotasks (<anonymous>)
    at processTicksAndRejections (internal/process/task_queues.js:94:5)
[2021-05-14 12:55:15.257] [renderer1] [error] Invalid response: undefined: Error: Invalid response: undefined
    at /home/rahu/.vscode/extensions/loskael.vscode-stocks-cn-0.1.5/out/src/extension.js:140:19
    at Generator.throw (<anonymous>)
    at rejected (/home/rahu/.vscode/extensions/loskael.vscode-stocks-cn-0.1.5/out/src/extension.js:5:65)
    at runMicrotasks (<anonymous>)
    at processTicksAndRejections (internal/process/task_queues.js:94:5)
[2021-05-14 12:56:14.612] [renderer1] [error] Invalid response: undefined: Error: Invalid response: undefined
    at /home/rahu/.vscode/extensions/loskael.vscode-stocks-cn-0.1.5/out/src/extension.js:140:19
    at Generator.throw (<anonymous>)
    at rejected (/home/rahu/.vscode/extensions/loskael.vscode-stocks-cn-0.1.5/out/src/extension.js:5:65)
    at runMicrotasks (<anonymous>)
    at processTicksAndRejections (internal/process/task_queues.js:94:5)
[2021-05-14 12:57:14.601] [renderer1] [error] Invalid response: undefined: Error: Invalid response: undefined
    at /home/rahu/.vscode/extensions/loskael.vscode-stocks-cn-0.1.5/out/src/extension.js:140:19
    at Generator.throw (<anonymous>)
    at rejected (/home/rahu/.vscode/extensions/loskael.vscode-stocks-cn-0.1.5/out/src/extension.js:5:65)
    at runMicrotasks (<anonymous>)
    at processTicksAndRejections (internal/process/task_queues.js:94:5)
[2021-05-14 12:58:14.300] [renderer1] [error] Invalid response: undefined: Error: Invalid response: undefined
    at /home/rahu/.vscode/extensions/loskael.vscode-stocks-cn-0.1.5/out/src/extension.js:140:19
    at Generator.throw (<anonymous>)
    at rejected (/home/rahu/.vscode/extensions/loskael.vscode-stocks-cn-0.1.5/out/src/extension.js:5:65)
    at runMicrotasks (<anonymous>)
    at processTicksAndRejections (internal/process/task_queues.js:94:5)
[2021-05-14 12:59:14.313] [renderer1] [error] Invalid response: undefined: Error: Invalid response: undefined
    at /home/rahu/.vscode/extensions/loskael.vscode-stocks-cn-0.1.5/out/src/extension.js:140:19
    at Generator.throw (<anonymous>)
    at rejected (/home/rahu/.vscode/extensions/loskael.vscode-stocks-cn-0.1.5/out/src/extension.js:5:65)
    at runMicrotasks (<anonymous>)
    at processTicksAndRejections (internal/process/task_queues.js:94:5)
[2021-05-14 13:00:14.519] [renderer1] [error] Invalid response: undefined: Error: Invalid response: undefined
    at /home/rahu/.vscode/extensions/loskael.vscode-stocks-cn-0.1.5/out/src/extension.js:140:19
    at Generator.throw (<anonymous>)
    at rejected (/home/rahu/.vscode/extensions/loskael.vscode-stocks-cn-0.1.5/out/src/extension.js:5:65)
    at runMicrotasks (<anonymous>)
    at processTicksAndRejections (internal/process/task_queues.js:94:5)
[2021-05-14 13:01:14.426] [renderer1] [error] Invalid response: undefined: Error: Invalid response: undefined
    at /home/rahu/.vscode/extensions/loskael.vscode-stocks-cn-0.1.5/out/src/extension.js:140:19
    at Generator.throw (<anonymous>)
    at rejected (/home/rahu/.vscode/extensions/loskael.vscode-stocks-cn-0.1.5/out/src/extension.js:5:65)
    at runMicrotasks (<anonymous>)
    at processTicksAndRejections (internal/process/task_queues.js:94:5)
[2021-05-14 13:02:14.328] [renderer1] [error] Invalid response: undefined: Error: Invalid response: undefined
    at /home/rahu/.vscode/extensions/loskael.vscode-stocks-cn-0.1.5/out/src/extension.js:140:19
    at Generator.throw (<anonymous>)
    at rejected (/home/rahu/.vscode/extensions/loskael.vscode-stocks-cn-0.1.5/out/src/extension.js:5:65)
    at runMicrotasks (<anonymous>)
    at processTicksAndRejections (internal/process/task_queues.js:94:5)
[2021-05-14 13:03:14.642] [renderer1] [error] Invalid response: undefined: Error: Invalid response: undefined
    at /home/rahu/.vscode/extensions/loskael.vscode-stocks-cn-0.1.5/out/src/extension.js:140:19
    at Generator.throw (<anonymous>)
    at rejected (/home/rahu/.vscode/extensions/loskael.vscode-stocks-cn-0.1.5/out/src/extension.js:5:65)
    at runMicrotasks (<anonymous>)
    at processTicksAndRejections (internal/process/task_queues.js:94:5)
[2021-05-14 13:04:14.648] [renderer1] [error] Invalid response: undefined: Error: Invalid response: undefined
    at /home/rahu/.vscode/extensions/loskael.vscode-stocks-cn-0.1.5/out/src/extension.js:140:19
    at Generator.throw (<anonymous>)
    at rejected (/home/rahu/.vscode/extensions/loskael.vscode-stocks-cn-0.1.5/out/src/extension.js:5:65)
    at runMicrotasks (<anonymous>)
    at processTicksAndRejections (internal/process/task_queues.js:94:5)
[2021-05-14 13:05:17.115] [renderer1] [error] Invalid response: undefined: Error: Invalid response: undefined
    at /home/rahu/.vscode/extensions/loskael.vscode-stocks-cn-0.1.5/out/src/extension.js:140:19
    at Generator.throw (<anonymous>)
    at rejected (/home/rahu/.vscode/extensions/loskael.vscode-stocks-cn-0.1.5/out/src/extension.js:5:65)
    at runMicrotasks (<anonymous>)
    at processTicksAndRejections (internal/process/task_queues.js:94:5)
[2021-05-14 13:06:14.767] [renderer1] [error] Invalid response: undefined: Error: Invalid response: undefined
    at /home/rahu/.vscode/extensions/loskael.vscode-stocks-cn-0.1.5/out/src/extension.js:140:19
    at Generator.throw (<anonymous>)
    at rejected (/home/rahu/.vscode/extensions/loskael.vscode-stocks-cn-0.1.5/out/src/extension.js:5:65)
    at runMicrotasks (<anonymous>)
    at processTicksAndRejections (internal/process/task_queues.js:94:5)
[2021-05-14 13:07:14.671] [renderer1] [error] Invalid response: undefined: Error: Invalid response: undefined
    at /home/rahu/.vscode/extensions/loskael.vscode-stocks-cn-0.1.5/out/src/extension.js:140:19
    at Generator.throw (<anonymous>)
    at rejected (/home/rahu/.vscode/extensions/loskael.vscode-stocks-cn-0.1.5/out/src/extension.js:5:65)
    at runMicrotasks (<anonymous>)
    at processTicksAndRejections (internal/process/task_queues.js:94:5)
[2021-05-14 13:08:14.369] [renderer1] [error] Invalid response: undefined: Error: Invalid response: undefined
    at /home/rahu/.vscode/extensions/loskael.vscode-stocks-cn-0.1.5/out/src/extension.js:140:19
    at Generator.throw (<anonymous>)
    at rejected (/home/rahu/.vscode/extensions/loskael.vscode-stocks-cn-0.1.5/out/src/extension.js:5:65)
    at runMicrotasks (<anonymous>)
    at processTicksAndRejections (internal/process/task_queues.js:94:5)
[2021-05-14 13:09:14.583] [renderer1] [error] Invalid response: undefined: Error: Invalid response: undefined
    at /home/rahu/.vscode/extensions/loskael.vscode-stocks-cn-0.1.5/out/src/extension.js:140:19
    at Generator.throw (<anonymous>)
    at rejected (/home/rahu/.vscode/extensions/loskael.vscode-stocks-cn-0.1.5/out/src/extension.js:5:65)
    at runMicrotasks (<anonymous>)
    at processTicksAndRejections (internal/process/task_queues.js:94:5)
[2021-05-14 13:10:14.323] [renderer1] [error] Invalid response: undefined: Error: Invalid response: undefined
    at /home/rahu/.vscode/extensions/loskael.vscode-stocks-cn-0.1.5/out/src/extension.js:140:19
    at Generator.throw (<anonymous>)
    at rejected (/home/rahu/.vscode/extensions/loskael.vscode-stocks-cn-0.1.5/out/src/extension.js:5:65)
    at runMicrotasks (<anonymous>)
    at processTicksAndRejections (internal/process/task_queues.js:94:5)
[2021-05-14 13:11:16.396] [renderer1] [error] Invalid response: undefined: Error: Invalid response: undefined
    at /home/rahu/.vscode/extensions/loskael.vscode-stocks-cn-0.1.5/out/src/extension.js:140:19
    at Generator.throw (<anonymous>)
    at rejected (/home/rahu/.vscode/extensions/loskael.vscode-stocks-cn-0.1.5/out/src/extension.js:5:65)
    at runMicrotasks (<anonymous>)
    at processTicksAndRejections (internal/process/task_queues.js:94:5)
[2021-05-14 13:12:14.346] [renderer1] [error] Invalid response: undefined: Error: Invalid response: undefined
    at /home/rahu/.vscode/extensions/loskael.vscode-stocks-cn-0.1.5/out/src/extension.js:140:19
    at Generator.throw (<anonymous>)
    at rejected (/home/rahu/.vscode/extensions/loskael.vscode-stocks-cn-0.1.5/out/src/extension.js:5:65)
    at runMicrotasks (<anonymous>)
    at processTicksAndRejections (internal/process/task_queues.js:94:5)
[2021-05-14 13:13:15.260] [renderer1] [error] Invalid response: undefined: Error: Invalid response: undefined
    at /home/rahu/.vscode/extensions/loskael.vscode-stocks-cn-0.1.5/out/src/extension.js:140:19
    at Generator.throw (<anonymous>)
    at rejected (/home/rahu/.vscode/extensions/loskael.vscode-stocks-cn-0.1.5/out/src/extension.js:5:65)
    at runMicrotasks (<anonymous>)
    at processTicksAndRejections (internal/process/task_queues.js:94:5)
[2021-05-14 13:14:14.788] [renderer1] [error] Invalid response: undefined: Error: Invalid response: undefined
    at /home/rahu/.vscode/extensions/loskael.vscode-stocks-cn-0.1.5/out/src/extension.js:140:19
    at Generator.throw (<anonymous>)
    at rejected (/home/rahu/.vscode/extensions/loskael.vscode-stocks-cn-0.1.5/out/src/extension.js:5:65)
    at runMicrotasks (<anonymous>)
    at processTicksAndRejections (internal/process/task_queues.js:94:5)
[2021-05-14 13:15:14.562] [renderer1] [error] Invalid response: undefined: Error: Invalid response: undefined
    at /home/rahu/.vscode/extensions/loskael.vscode-stocks-cn-0.1.5/out/src/extension.js:140:19
    at Generator.throw (<anonymous>)
    at rejected (/home/rahu/.vscode/extensions/loskael.vscode-stocks-cn-0.1.5/out/src/extension.js:5:65)
    at runMicrotasks (<anonymous>)
    at processTicksAndRejections (internal/process/task_queues.js:94:5)
[2021-05-14 13:16:14.397] [renderer1] [error] Invalid response: undefined: Error: Invalid response: undefined
    at /home/rahu/.vscode/extensions/loskael.vscode-stocks-cn-0.1.5/out/src/extension.js:140:19
    at Generator.throw (<anonymous>)
    at rejected (/home/rahu/.vscode/extensions/loskael.vscode-stocks-cn-0.1.5/out/src/extension.js:5:65)
    at runMicrotasks (<anonymous>)
    at processTicksAndRejections (internal/process/task_queues.js:94:5)
[2021-05-14 13:17:14.586] [renderer1] [error] Invalid response: undefined: Error: Invalid response: undefined
    at /home/rahu/.vscode/extensions/loskael.vscode-stocks-cn-0.1.5/out/src/extension.js:140:19
    at Generator.throw (<anonymous>)
    at rejected (/home/rahu/.vscode/extensions/loskael.vscode-stocks-cn-0.1.5/out/src/extension.js:5:65)
    at runMicrotasks (<anonymous>)
    at processTicksAndRejections (internal/process/task_queues.js:94:5)
[2021-05-14 13:18:14.328] [renderer1] [error] Invalid response: undefined: Error: Invalid response: undefined
    at /home/rahu/.vscode/extensions/loskael.vscode-stocks-cn-0.1.5/out/src/extension.js:140:19
    at Generator.throw (<anonymous>)
    at rejected (/home/rahu/.vscode/extensions/loskael.vscode-stocks-cn-0.1.5/out/src/extension.js:5:65)
    at runMicrotasks (<anonymous>)
    at processTicksAndRejections (internal/process/task_queues.js:94:5)
[2021-05-14 13:19:14.435] [renderer1] [error] Invalid response: undefined: Error: Invalid response: undefined
    at /home/rahu/.vscode/extensions/loskael.vscode-stocks-cn-0.1.5/out/src/extension.js:140:19
    at Generator.throw (<anonymous>)
    at rejected (/home/rahu/.vscode/extensions/loskael.vscode-stocks-cn-0.1.5/out/src/extension.js:5:65)
    at runMicrotasks (<anonymous>)
    at processTicksAndRejections (internal/process/task_queues.js:94:5)
[2021-05-14 13:20:14.526] [renderer1] [error] Invalid response: undefined: Error: Invalid response: undefined
    at /home/rahu/.vscode/extensions/loskael.vscode-stocks-cn-0.1.5/out/src/extension.js:140:19
    at Generator.throw (<anonymous>)
    at rejected (/home/rahu/.vscode/extensions/loskael.vscode-stocks-cn-0.1.5/out/src/extension.js:5:65)
    at runMicrotasks (<anonymous>)
    at processTicksAndRejections (internal/process/task_queues.js:94:5)
[2021-05-14 13:21:14.443] [renderer1] [error] Invalid response: undefined: Error: Invalid response: undefined
    at /home/rahu/.vscode/extensions/loskael.vscode-stocks-cn-0.1.5/out/src/extension.js:140:19
    at Generator.throw (<anonymous>)
    at rejected (/home/rahu/.vscode/extensions/loskael.vscode-stocks-cn-0.1.5/out/src/extension.js:5:65)
    at runMicrotasks (<anonymous>)
    at processTicksAndRejections (internal/process/task_queues.js:94:5)
[2021-05-14 13:22:14.597] [renderer1] [error] Invalid response: undefined: Error: Invalid response: undefined
    at /home/rahu/.vscode/extensions/loskael.vscode-stocks-cn-0.1.5/out/src/extension.js:140:19
    at Generator.throw (<anonymous>)
    at rejected (/home/rahu/.vscode/extensions/loskael.vscode-stocks-cn-0.1.5/out/src/extension.js:5:65)
    at runMicrotasks (<anonymous>)
    at processTicksAndRejections (internal/process/task_queues.js:94:5)
[2021-05-14 13:23:14.435] [renderer1] [error] Invalid response: undefined: Error: Invalid response: undefined
    at /home/rahu/.vscode/extensions/loskael.vscode-stocks-cn-0.1.5/out/src/extension.js:140:19
    at Generator.throw (<anonymous>)
    at rejected (/home/rahu/.vscode/extensions/loskael.vscode-stocks-cn-0.1.5/out/src/extension.js:5:65)
    at runMicrotasks (<anonymous>)
    at processTicksAndRejections (internal/process/task_queues.js:94:5)
[2021-05-14 13:24:18.595] [renderer1] [error] Invalid response: undefined: Error: Invalid response: undefined
    at /home/rahu/.vscode/extensions/loskael.vscode-stocks-cn-0.1.5/out/src/extension.js:140:19
    at Generator.throw (<anonymous>)
    at rejected (/home/rahu/.vscode/extensions/loskael.vscode-stocks-cn-0.1.5/out/src/extension.js:5:65)
    at runMicrotasks (<anonymous>)
    at processTicksAndRejections (internal/process/task_queues.js:94:5)
[2021-05-14 13:25:14.541] [renderer1] [error] Invalid response: undefined: Error: Invalid response: undefined
    at /home/rahu/.vscode/extensions/loskael.vscode-stocks-cn-0.1.5/out/src/extension.js:140:19
    at Generator.throw (<anonymous>)
    at rejected (/home/rahu/.vscode/extensions/loskael.vscode-stocks-cn-0.1.5/out/src/extension.js:5:65)
    at runMicrotasks (<anonymous>)
    at processTicksAndRejections (internal/process/task_queues.js:94:5)
[2021-05-14 13:26:14.642] [renderer1] [error] Invalid response: undefined: Error: Invalid response: undefined
    at /home/rahu/.vscode/extensions/loskael.vscode-stocks-cn-0.1.5/out/src/extension.js:140:19
    at Generator.throw (<anonymous>)
    at rejected (/home/rahu/.vscode/extensions/loskael.vscode-stocks-cn-0.1.5/out/src/extension.js:5:65)
    at runMicrotasks (<anonymous>)
    at processTicksAndRejections (internal/process/task_queues.js:94:5)
[2021-05-14 13:27:36.275] [renderer1] [error] Invalid response: undefined: Error: Invalid response: undefined
    at /home/rahu/.vscode/extensions/loskael.vscode-stocks-cn-0.1.5/out/src/extension.js:140:19
    at Generator.throw (<anonymous>)
    at rejected (/home/rahu/.vscode/extensions/loskael.vscode-stocks-cn-0.1.5/out/src/extension.js:5:65)
    at runMicrotasks (<anonymous>)
    at processTicksAndRejections (internal/process/task_queues.js:94:5)
[2021-05-14 13:28:29.957] [renderer1] [error] Invalid response: undefined: Error: Invalid response: undefined
    at /home/rahu/.vscode/extensions/loskael.vscode-stocks-cn-0.1.5/out/src/extension.js:140:19
    at Generator.throw (<anonymous>)
    at rejected (/home/rahu/.vscode/extensions/loskael.vscode-stocks-cn-0.1.5/out/src/extension.js:5:65)
    at runMicrotasks (<anonymous>)
    at processTicksAndRejections (internal/process/task_queues.js:94:5)
[2021-05-14 13:29:29.830] [renderer1] [error] Invalid response: undefined: Error: Invalid response: undefined
    at /home/rahu/.vscode/extensions/loskael.vscode-stocks-cn-0.1.5/out/src/extension.js:140:19
    at Generator.throw (<anonymous>)
    at rejected (/home/rahu/.vscode/extensions/loskael.vscode-stocks-cn-0.1.5/out/src/extension.js:5:65)
    at runMicrotasks (<anonymous>)
    at processTicksAndRejections (internal/process/task_queues.js:94:5)
[2021-05-14 13:30:29.836] [renderer1] [error] Invalid response: undefined: Error: Invalid response: undefined
    at /home/rahu/.vscode/extensions/loskael.vscode-stocks-cn-0.1.5/out/src/extension.js:140:19
    at Generator.throw (<anonymous>)
    at rejected (/home/rahu/.vscode/extensions/loskael.vscode-stocks-cn-0.1.5/out/src/extension.js:5:65)
    at runMicrotasks (<anonymous>)
    at processTicksAndRejections (internal/process/task_queues.js:94:5)
[2021-05-14 13:31:29.743] [renderer1] [error] Invalid response: undefined: Error: Invalid response: undefined
    at /home/rahu/.vscode/extensions/loskael.vscode-stocks-cn-0.1.5/out/src/extension.js:140:19
    at Generator.throw (<anonymous>)
    at rejected (/home/rahu/.vscode/extensions/loskael.vscode-stocks-cn-0.1.5/out/src/extension.js:5:65)
    at runMicrotasks (<anonymous>)
    at processTicksAndRejections (internal/process/task_queues.js:94:5)
[2021-05-14 13:32:29.859] [renderer1] [error] Invalid response: undefined: Error: Invalid response: undefined
    at /home/rahu/.vscode/extensions/loskael.vscode-stocks-cn-0.1.5/out/src/extension.js:140:19
    at Generator.throw (<anonymous>)
    at rejected (/home/rahu/.vscode/extensions/loskael.vscode-stocks-cn-0.1.5/out/src/extension.js:5:65)
    at runMicrotasks (<anonymous>)
    at processTicksAndRejections (internal/process/task_queues.js:94:5)
[2021-05-14 13:33:30.252] [renderer1] [error] Invalid response: undefined: Error: Invalid response: undefined
    at /home/rahu/.vscode/extensions/loskael.vscode-stocks-cn-0.1.5/out/src/extension.js:140:19
    at Generator.throw (<anonymous>)
    at rejected (/home/rahu/.vscode/extensions/loskael.vscode-stocks-cn-0.1.5/out/src/extension.js:5:65)
    at runMicrotasks (<anonymous>)
    at processTicksAndRejections (internal/process/task_queues.js:94:5)
