[2021-03-18 18:05:31.594] [sharedprocess] [info] main {"machineId":"5798b655c0fa67a4c579a728601cf4b916f89fc6f98b92d12f1bdd3e01fc5a9c","windowId":2}
[2021-03-18 18:05:38.161] [sharedprocess] [info] Deleted from disk golang.go /home/rahu/.vscode/extensions/golang.go-0.20.0
[2021-03-18 18:05:39.523] [sharedprocess] [info] Deleted from disk formulahendry.code-runner /home/rahu/.vscode/extensions/formulahendry.code-runner-0.11.1
[2021-03-18 18:05:39.715] [sharedprocess] [info] Deleted from disk ms-vscode-remote.remote-containers /home/rahu/.vscode/extensions/ms-vscode-remote.remote-containers-0.154.1
[2021-03-18 18:05:44.155] [sharedprocess] [info] Installing extension: amazonwebservices.aws-toolkit-vscode
[2021-03-18 18:05:44.155] [sharedprocess] [info] Installing extension: dart-code.dart-code
[2021-03-18 18:05:44.156] [sharedprocess] [info] Installing extension: dart-code.flutter
[2021-03-18 18:05:44.156] [sharedprocess] [info] Installing extension: dbaeumer.vscode-eslint
[2021-03-18 18:05:44.156] [sharedprocess] [info] Installing extension: golang.go
[2021-03-18 18:05:44.157] [sharedprocess] [info] Installing extension: ms-azuretools.vscode-docker
[2021-03-18 18:05:44.157] [sharedprocess] [info] Installing extension: ms-python.python
[2021-03-18 18:05:44.158] [sharedprocess] [info] Installing extension: ms-toolsai.jupyter
[2021-03-18 18:05:44.158] [sharedprocess] [info] Installing extension: ms-vscode-remote.remote-containers
[2021-03-18 18:05:44.158] [sharedprocess] [info] Installing extension: ms-vscode.cpptools
[2021-03-18 18:05:44.158] [sharedprocess] [info] Installing extension: ms-vscode.powershell
[2021-03-18 18:05:44.158] [sharedprocess] [info] Installing extension: vscodevim.vim
[2021-03-18 18:05:44.159] [sharedprocess] [info] Installing extension: yuenm18.ooxml-viewer
[2021-03-18 18:05:49.737] [sharedprocess] [info] Downloaded extension: dbaeumer.vscode-eslint undefined
[2021-03-18 18:05:49.840] [sharedprocess] [info] Extracted extension to /home/rahu/.vscode/extensions/.dbaeumer.vscode-eslint-2.1.16: dbaeumer.vscode-eslint
[2021-03-18 18:05:49.840] [sharedprocess] [info] Renamed to /home/rahu/.vscode/extensions/dbaeumer.vscode-eslint-2.1.16
[2021-03-18 18:05:49.843] [sharedprocess] [info] Installation completed. dbaeumer.vscode-eslint
[2021-03-18 18:05:50.160] [sharedprocess] [info] Extensions installed successfully: dbaeumer.vscode-eslint
[2021-03-18 18:06:05.679] [sharedprocess] [info] Downloaded extension: golang.go undefined
[2021-03-18 18:06:05.779] [sharedprocess] [info] Downloaded extension: dart-code.flutter undefined
[2021-03-18 18:06:06.027] [sharedprocess] [info] Extracted extension to /home/rahu/.vscode/extensions/.golang.go-0.23.2: golang.go
[2021-03-18 18:06:06.028] [sharedprocess] [info] Renamed to /home/rahu/.vscode/extensions/golang.go-0.23.2
[2021-03-18 18:06:06.033] [sharedprocess] [info] Installation completed. golang.go
[2021-03-18 18:06:06.691] [sharedprocess] [info] Extracted extension to /home/rahu/.vscode/extensions/.dart-code.flutter-3.20.0: dart-code.flutter
[2021-03-18 18:06:06.691] [sharedprocess] [info] Renamed to /home/rahu/.vscode/extensions/dart-code.flutter-3.20.0
[2021-03-18 18:06:06.692] [sharedprocess] [info] Installation completed. dart-code.flutter
[2021-03-18 18:06:07.246] [sharedprocess] [info] Extensions installed successfully: golang.go
[2021-03-18 18:06:10.155] [sharedprocess] [info] Extensions installed successfully: dart-code.flutter
[2021-03-18 18:06:11.629] [sharedprocess] [info] Starting to clean up unused language packs.
[2021-03-18 18:06:22.829] [sharedprocess] [info] Downloaded extension: ms-vscode-remote.remote-containers undefined
[2021-03-18 18:06:24.534] [sharedprocess] [info] Extracted extension to /home/rahu/.vscode/extensions/.ms-vscode-remote.remote-containers-0.155.1: ms-vscode-remote.remote-containers
[2021-03-18 18:06:24.534] [sharedprocess] [info] Renamed to /home/rahu/.vscode/extensions/ms-vscode-remote.remote-containers-0.155.1
[2021-03-18 18:06:24.537] [sharedprocess] [info] Installation completed. ms-vscode-remote.remote-containers
[2021-03-18 18:06:24.700] [sharedprocess] [info] Extensions installed successfully: ms-vscode-remote.remote-containers
[2021-03-18 18:06:28.682] [sharedprocess] [info] Downloaded extension: ms-azuretools.vscode-docker undefined
[2021-03-18 18:06:29.396] [sharedprocess] [info] Extracted extension to /home/rahu/.vscode/extensions/.ms-azuretools.vscode-docker-1.10.0: ms-azuretools.vscode-docker
[2021-03-18 18:06:29.396] [sharedprocess] [info] Renamed to /home/rahu/.vscode/extensions/ms-azuretools.vscode-docker-1.10.0
[2021-03-18 18:06:29.403] [sharedprocess] [info] Installation completed. ms-azuretools.vscode-docker
[2021-03-18 18:06:29.659] [sharedprocess] [info] Downloaded extension: vscodevim.vim undefined
[2021-03-18 18:06:32.009] [sharedprocess] [info] Extensions installed successfully: ms-azuretools.vscode-docker
[2021-03-18 18:06:32.115] [sharedprocess] [info] Extracted extension to /home/rahu/.vscode/extensions/.vscodevim.vim-1.18.9: vscodevim.vim
[2021-03-18 18:06:32.115] [sharedprocess] [info] Renamed to /home/rahu/.vscode/extensions/vscodevim.vim-1.18.9
[2021-03-18 18:06:32.118] [sharedprocess] [info] Installation completed. vscodevim.vim
[2021-03-18 18:06:32.269] [sharedprocess] [info] Extensions installed successfully: vscodevim.vim
[2021-03-18 18:07:08.217] [sharedprocess] [info] Downloaded extension: yuenm18.ooxml-viewer undefined
[2021-03-18 18:07:08.568] [sharedprocess] [info] Extracted extension to /home/rahu/.vscode/extensions/.yuenm18.ooxml-viewer-1.1.0: yuenm18.ooxml-viewer
[2021-03-18 18:07:08.568] [sharedprocess] [info] Renamed to /home/rahu/.vscode/extensions/yuenm18.ooxml-viewer-1.1.0
[2021-03-18 18:07:08.569] [sharedprocess] [info] Installation completed. yuenm18.ooxml-viewer
[2021-03-18 18:07:08.907] [sharedprocess] [info] Extensions installed successfully: yuenm18.ooxml-viewer
[2021-03-18 18:07:49.117] [sharedprocess] [info] Downloaded extension: ms-vscode.cpptools undefined
[2021-03-18 18:07:50.310] [sharedprocess] [info] Extracted extension to /home/rahu/.vscode/extensions/.ms-vscode.cpptools-1.2.2: ms-vscode.cpptools
[2021-03-18 18:07:50.310] [sharedprocess] [info] Renamed to /home/rahu/.vscode/extensions/ms-vscode.cpptools-1.2.2
[2021-03-18 18:07:50.317] [sharedprocess] [info] Installation completed. ms-vscode.cpptools
[2021-03-18 18:07:51.016] [sharedprocess] [info] Extensions installed successfully: ms-vscode.cpptools
[2021-03-18 18:07:54.501] [sharedprocess] [info] Downloaded extension: dart-code.dart-code undefined
[2021-03-18 18:08:17.177] [sharedprocess] [info] Extracted extension to /home/rahu/.vscode/extensions/.dart-code.dart-code-3.20.1: dart-code.dart-code
[2021-03-18 18:08:17.178] [sharedprocess] [info] Renamed to /home/rahu/.vscode/extensions/dart-code.dart-code-3.20.1
[2021-03-18 18:08:17.186] [sharedprocess] [info] Installation completed. dart-code.dart-code
[2021-03-18 18:08:18.238] [sharedprocess] [info] Extensions installed successfully: dart-code.dart-code
[2021-03-18 18:08:46.125] [sharedprocess] [info] Downloaded extension: amazonwebservices.aws-toolkit-vscode undefined
[2021-03-18 18:08:48.713] [sharedprocess] [info] Extracted extension to /home/rahu/.vscode/extensions/.amazonwebservices.aws-toolkit-vscode-1.21.0: amazonwebservices.aws-toolkit-vscode
[2021-03-18 18:08:48.713] [sharedprocess] [info] Renamed to /home/rahu/.vscode/extensions/amazonwebservices.aws-toolkit-vscode-1.21.0
[2021-03-18 18:08:48.720] [sharedprocess] [info] Installation completed. amazonwebservices.aws-toolkit-vscode
[2021-03-18 18:08:49.270] [sharedprocess] [info] Extensions installed successfully: amazonwebservices.aws-toolkit-vscode
[2021-03-18 18:10:14.489] [sharedprocess] [info] Downloaded extension: ms-toolsai.jupyter undefined
[2021-03-18 18:10:16.299] [sharedprocess] [info] Extracted extension to /home/rahu/.vscode/extensions/.ms-toolsai.jupyter-2021.2.576440691: ms-toolsai.jupyter
[2021-03-18 18:10:16.299] [sharedprocess] [info] Renamed to /home/rahu/.vscode/extensions/ms-toolsai.jupyter-2021.2.576440691
[2021-03-18 18:10:16.305] [sharedprocess] [info] Installation completed. ms-toolsai.jupyter
[2021-03-18 18:10:16.382] [sharedprocess] [info] Extensions installed successfully: ms-toolsai.jupyter
[2021-03-18 18:10:35.575] [sharedprocess] [info] Downloaded extension: ms-python.python undefined
[2021-03-18 18:10:43.157] [sharedprocess] [info] Extracted extension to /home/rahu/.vscode/extensions/.ms-python.python-2021.2.633441544: ms-python.python
[2021-03-18 18:10:43.157] [sharedprocess] [info] Renamed to /home/rahu/.vscode/extensions/ms-python.python-2021.2.633441544
[2021-03-18 18:10:43.164] [sharedprocess] [info] Installation completed. ms-python.python
[2021-03-18 18:10:48.128] [sharedprocess] [info] Extensions installed successfully: ms-python.python
[2021-03-18 18:10:51.288] [sharedprocess] [info] Downloaded extension: ms-vscode.powershell undefined
[2021-03-18 18:10:58.139] [sharedprocess] [info] Extracted extension to /home/rahu/.vscode/extensions/.ms-vscode.powershell-2021.2.2: ms-vscode.powershell
[2021-03-18 18:10:58.139] [sharedprocess] [info] Renamed to /home/rahu/.vscode/extensions/ms-vscode.powershell-2021.2.2
[2021-03-18 18:10:58.141] [sharedprocess] [info] Installation completed. ms-vscode.powershell
[2021-03-18 18:11:09.786] [sharedprocess] [info] Extensions installed successfully: ms-vscode.powershell
