--------------------------------------------------------------------------------
[Aug 25, 2021, 12:15:11.6 AM:ERROR:bundle.cc(486)] Failed to delete creative ad notifications state
[Aug 25, 2021, 12:15:11.6 AM:ERROR:bundle.cc(498)] Failed to delete creative inline content ads state
[Aug 25, 2021, 12:15:11.6 AM:ERROR:bundle.cc(510)] Failed to delete creative new tab page ads state
[Aug 25, 2021, 12:15:11.7 AM:ERROR:bundle.cc(522)] Failed to delete creative promoted content ads state
[Aug 25, 2021, 12:15:11.7 AM:ERROR:bundle.cc(534)] Failed to delete campaigns state
[Aug 25, 2021, 12:15:11.7 AM:ERROR:bundle.cc(546)] Failed to delete segments state
[Aug 25, 2021, 12:15:11.7 AM:ERROR:bundle.cc(558)] Failed to delete creative ads state
[Aug 25, 2021, 12:15:11.7 AM:ERROR:bundle.cc(570)] Failed to delete dayparts state
[Aug 25, 2021, 12:15:11.7 AM:ERROR:bundle.cc(582)] Failed to delete geo targets state
[Aug 25, 2021, 12:15:11.7 AM:ERROR:bundle.cc(624)] Failed to save creative new tab page ads state
[Aug 25, 2021, 12:15:11.7 AM:ERROR:bundle.cc(650)] Failed to purge expired conversions
[Aug 25, 2021, 12:16:21.2 AM:ERROR:publisher.cc(774)] Publisher info not found
[Aug 25, 2021, 12:16:35.8 AM:ERROR:publisher.cc(774)] Publisher info not found
[Aug 25, 2021, 12:20:12.9 AM:ERROR:publisher.cc(774)] Publisher info not found
[Aug 25, 2021, 12:22:52.6 AM:ERROR:publisher.cc(774)] Publisher info not found
[Aug 25, 2021, 12:25:56.6 AM:ERROR:publisher.cc(774)] Publisher info not found
[Aug 25, 2021, 12:26:29.9 AM:ERROR:publisher.cc(774)] Publisher info not found
[Aug 25, 2021, 12:33:37.5 AM:ERROR:publisher.cc(774)] Publisher info not found
--------------------------------------------------------------------------------
[Sep 02, 2021, 4:58:45.6 PM:ERROR:creative_new_tab_page_ads_database_table.cc(434)] Failed to get creative new tab page ad
[Sep 02, 2021, 4:58:45.7 PM:ERROR:creative_new_tab_page_ads_database_table.cc(434)] Failed to get creative new tab page ad
[Sep 02, 2021, 4:58:46.1 PM:ERROR:creative_new_tab_page_ads_database_table.cc(434)] Failed to get creative new tab page ad
--------------------------------------------------------------------------------
[Sep 02, 2021, 8:06:50.3 PM:ERROR:creative_new_tab_page_ads_database_table.cc(434)] Failed to get creative new tab page ad
[Sep 02, 2021, 8:31:55.9 PM:ERROR:creative_new_tab_page_ads_database_table.cc(434)] Failed to get creative new tab page ad
--------------------------------------------------------------------------------
[Sep 03, 2021, 9:31:25.6 PM:ERROR:creative_new_tab_page_ads_database_table.cc(434)] Failed to get creative new tab page ad
[Sep 03, 2021, 9:36:15.1 PM:ERROR:publisher.cc(774)] Publisher info not found
[Sep 03, 2021, 9:36:15.1 PM:ERROR:publisher.cc(774)] Publisher info not found
[Sep 03, 2021, 9:40:45.6 PM:ERROR:publisher.cc(774)] Publisher info not found
[Sep 03, 2021, 9:40:45.6 PM:ERROR:publisher.cc(774)] Publisher info not found
--------------------------------------------------------------------------------
[Sep 03, 2021, 9:58:32.7 PM:ERROR:creative_new_tab_page_ads_database_table.cc(434)] Failed to get creative new tab page ad
[Sep 03, 2021, 9:59:18.7 PM:ERROR:publisher.cc(774)] Publisher info not found
[Sep 03, 2021, 10:11:19.9 PM:ERROR:publisher.cc(774)] Publisher info not found
[Sep 03, 2021, 10:11:19.9 PM:ERROR:publisher.cc(774)] Publisher info not found
[Sep 03, 2021, 10:37:37.9 PM:ERROR:creative_new_tab_page_ads_database_table.cc(434)] Failed to get creative new tab page ad
--------------------------------------------------------------------------------
[Sep 04, 2021, 4:51:22.1 PM:ERROR:creative_new_tab_page_ads_database_table.cc(434)] Failed to get creative new tab page ad
[Sep 04, 2021, 5:31:44.5 PM:ERROR:creative_new_tab_page_ads_database_table.cc(434)] Failed to get creative new tab page ad
[Sep 04, 2021, 6:25:27.3 PM:ERROR:creative_new_tab_page_ads_database_table.cc(434)] Failed to get creative new tab page ad
[Sep 04, 2021, 10:28:11.7 PM:ERROR:publisher.cc(774)] Publisher info not found
[Sep 04, 2021, 10:28:11.7 PM:ERROR:publisher.cc(774)] Publisher info not found
--------------------------------------------------------------------------------
[Sep 06, 2021, 10:30:51.9 AM:ERROR:creative_new_tab_page_ads_database_table.cc(434)] Failed to get creative new tab page ad
[Sep 06, 2021, 10:44:04.7 AM:ERROR:publisher.cc(774)] Publisher info not found
[Sep 06, 2021, 11:03:24.7 AM:ERROR:publisher.cc(774)] Publisher info not found
--------------------------------------------------------------------------------
[Sep 07, 2021, 1:41:38.2 PM:ERROR:creative_new_tab_page_ads_database_table.cc(434)] Failed to get creative new tab page ad
--------------------------------------------------------------------------------
[Sep 07, 2021, 4:25:04.9 PM:ERROR:creative_new_tab_page_ads_database_table.cc(434)] Failed to get creative new tab page ad
[Sep 07, 2021, 5:12:46.3 PM:ERROR:publisher.cc(774)] Publisher info not found
[Sep 07, 2021, 5:12:46.3 PM:ERROR:publisher.cc(774)] Publisher info not found
--------------------------------------------------------------------------------
[Sep 07, 2021, 9:56:59.2 PM:ERROR:creative_new_tab_page_ads_database_table.cc(434)] Failed to get creative new tab page ad
[Sep 07, 2021, 10:09:18.6 PM:ERROR:publisher.cc(774)] Publisher info not found
[Sep 07, 2021, 10:12:56.5 PM:ERROR:publisher.cc(774)] Publisher info not found
[Sep 07, 2021, 10:17:39.1 PM:ERROR:publisher.cc(774)] Publisher info not found
[Sep 07, 2021, 10:39:51.0 PM:ERROR:creative_new_tab_page_ads_database_table.cc(434)] Failed to get creative new tab page ad
--------------------------------------------------------------------------------
[Sep 08, 2021, 2:33:20.1 PM:ERROR:creative_new_tab_page_ads_database_table.cc(434)] Failed to get creative new tab page ad
[Sep 08, 2021, 3:26:58.2 PM:ERROR:publisher.cc(774)] Publisher info not found
[Sep 08, 2021, 3:26:58.2 PM:ERROR:publisher.cc(774)] Publisher info not found
[Sep 08, 2021, 3:50:47.7 PM:ERROR:creative_new_tab_page_ads_database_table.cc(434)] Failed to get creative new tab page ad
--------------------------------------------------------------------------------
[Sep 09, 2021, 4:51:16.4 PM:ERROR:creative_new_tab_page_ads_database_table.cc(434)] Failed to get creative new tab page ad
--------------------------------------------------------------------------------
[Sep 10, 2021, 5:28:29.6 PM:ERROR:creative_new_tab_page_ads_database_table.cc(434)] Failed to get creative new tab page ad
[Sep 10, 2021, 5:51:05.7 PM:ERROR:publisher.cc(774)] Publisher info not found
[Sep 10, 2021, 5:53:39.2 PM:ERROR:creative_new_tab_page_ads_database_table.cc(434)] Failed to get creative new tab page ad
[Sep 10, 2021, 6:08:19.0 PM:ERROR:publisher.cc(774)] Publisher info not found
[Sep 10, 2021, 7:04:53.0 PM:ERROR:publisher.cc(774)] Publisher info not found
[Sep 10, 2021, 7:09:31.7 PM:ERROR:creative_new_tab_page_ads_database_table.cc(434)] Failed to get creative new tab page ad
[Sep 10, 2021, 7:10:19.2 PM:ERROR:publisher.cc(774)] Publisher info not found
[Sep 10, 2021, 7:10:33.5 PM:ERROR:publisher.cc(774)] Publisher info not found
[Sep 10, 2021, 7:17:29.5 PM:ERROR:publisher.cc(774)] Publisher info not found
[Sep 10, 2021, 7:17:41.9 PM:ERROR:publisher.cc(774)] Publisher info not found
[Sep 10, 2021, 7:22:19.0 PM:ERROR:publisher.cc(774)] Publisher info not found
[Sep 10, 2021, 7:23:26.2 PM:ERROR:creative_new_tab_page_ads_database_table.cc(434)] Failed to get creative new tab page ad
[Sep 10, 2021, 7:32:24.8 PM:ERROR:publisher.cc(774)] Publisher info not found
[Sep 10, 2021, 7:32:35.6 PM:ERROR:publisher.cc(774)] Publisher info not found
[Sep 10, 2021, 7:32:40.9 PM:ERROR:publisher.cc(774)] Publisher info not found
[Sep 10, 2021, 7:33:44.8 PM:ERROR:publisher.cc(774)] Publisher info not found
[Sep 10, 2021, 7:45:13.3 PM:ERROR:publisher.cc(774)] Publisher info not found
[Sep 10, 2021, 7:45:17.3 PM:ERROR:publisher.cc(774)] Publisher info not found
[Sep 10, 2021, 7:46:49.6 PM:ERROR:publisher.cc(774)] Publisher info not found
[Sep 10, 2021, 7:47:38.9 PM:ERROR:publisher.cc(774)] Publisher info not found
[Sep 10, 2021, 8:03:37.9 PM:ERROR:publisher.cc(774)] Publisher info not found
[Sep 10, 2021, 8:17:28.4 PM:ERROR:publisher.cc(774)] Publisher info not found
--------------------------------------------------------------------------------
[Sep 11, 2021, 12:28:48.1 PM:ERROR:creative_new_tab_page_ads_database_table.cc(434)] Failed to get creative new tab page ad
[Sep 11, 2021, 12:41:53.4 PM:ERROR:publisher.cc(774)] Publisher info not found
[Sep 11, 2021, 12:44:54.9 PM:ERROR:publisher.cc(774)] Publisher info not found
[Sep 11, 2021, 12:49:48.6 PM:ERROR:publisher.cc(845)] Failed to retrieve publisher info while updating media duration
[Sep 11, 2021, 12:49:48.6 PM:ERROR:publisher.cc(845)] Failed to retrieve publisher info while updating media duration
[Sep 11, 2021, 12:49:48.6 PM:ERROR:publisher.cc(774)] Publisher info not found
[Sep 11, 2021, 12:54:38.3 PM:ERROR:publisher.cc(774)] Publisher info not found
[Sep 11, 2021, 12:59:19.9 PM:ERROR:publisher.cc(774)] Publisher info not found
[Sep 11, 2021, 1:02:35.1 PM:ERROR:publisher.cc(774)] Publisher info not found
[Sep 11, 2021, 1:02:50.3 PM:ERROR:publisher.cc(774)] Publisher info not found
[Sep 11, 2021, 1:03:01.9 PM:ERROR:publisher.cc(774)] Publisher info not found
[Sep 11, 2021, 1:16:52.1 PM:ERROR:creative_new_tab_page_ads_database_table.cc(434)] Failed to get creative new tab page ad
[Sep 11, 2021, 10:19:26.2 PM:ERROR:publisher.cc(774)] Publisher info not found
[Sep 11, 2021, 10:19:26.4 PM:ERROR:publisher.cc(774)] Publisher info not found
[Sep 11, 2021, 10:20:45.0 PM:ERROR:creative_new_tab_page_ads_database_table.cc(434)] Failed to get creative new tab page ad
[Sep 11, 2021, 10:23:43.4 PM:ERROR:publisher.cc(774)] Publisher info not found
[Sep 11, 2021, 10:41:41.8 PM:ERROR:publisher.cc(774)] Publisher info not found
--------------------------------------------------------------------------------
[Sep 12, 2021, 8:12:21.1 AM:ERROR:creative_new_tab_page_ads_database_table.cc(434)] Failed to get creative new tab page ad
--------------------------------------------------------------------------------
[Sep 12, 2021, 4:01:52.3 PM:ERROR:creative_new_tab_page_ads_database_table.cc(434)] Failed to get creative new tab page ad
--------------------------------------------------------------------------------
[Sep 12, 2021, 7:59:43.2 PM:ERROR:creative_new_tab_page_ads_database_table.cc(434)] Failed to get creative new tab page ad
[Sep 12, 2021, 10:18:22.9 PM:ERROR:creative_new_tab_page_ads_database_table.cc(434)] Failed to get creative new tab page ad
[Sep 12, 2021, 10:40:55.1 PM:ERROR:publisher.cc(774)] Publisher info not found
[Sep 12, 2021, 10:40:55.1 PM:ERROR:publisher.cc(774)] Publisher info not found
--------------------------------------------------------------------------------
[Sep 15, 2021, 9:32:48.1 AM:ERROR:refill_unblinded_tokens.cc(189)] Failed to get signed tokens
[Sep 15, 2021, 9:34:16.8 AM:ERROR:publisher.cc(774)] Publisher info not found
[Sep 15, 2021, 9:36:24.0 AM:ERROR:creative_new_tab_page_ads_database_table.cc(434)] Failed to get creative new tab page ad
[Sep 15, 2021, 10:11:14.3 AM:ERROR:publisher.cc(774)] Publisher info not found
[Sep 15, 2021, 10:38:33.7 AM:ERROR:publisher.cc(774)] Publisher info not found
[Sep 15, 2021, 11:03:25.4 AM:ERROR:publisher.cc(774)] Publisher info not found
--------------------------------------------------------------------------------
[Oct 11, 2021, 10:50:21.5 AM:ERROR:publisher.cc(774)] Publisher info not found
[Oct 11, 2021, 11:06:25.9 AM:ERROR:publisher.cc(774)] Publisher info not found
[Oct 11, 2021, 11:07:30.2 AM:ERROR:publisher.cc(774)] Publisher info not found
[Oct 11, 2021, 11:09:40.2 AM:ERROR:publisher.cc(774)] Publisher info not found
[Oct 11, 2021, 11:13:43.3 AM:ERROR:creative_new_tab_page_ads_database_table.cc(434)] Failed to get creative new tab page ad
[Oct 11, 2021, 11:14:52.2 AM:ERROR:publisher.cc(774)] Publisher info not found
[Oct 11, 2021, 11:15:58.2 AM:ERROR:publisher.cc(774)] Publisher info not found
[Oct 11, 2021, 11:21:57.0 AM:ERROR:publisher.cc(774)] Publisher info not found
[Oct 11, 2021, 11:21:57.0 AM:ERROR:publisher.cc(774)] Publisher info not found
[Oct 11, 2021, 1:41:26.6 PM:ERROR:creative_new_tab_page_ads_database_table.cc(434)] Failed to get creative new tab page ad
[Oct 11, 2021, 1:41:26.7 PM:ERROR:creative_new_tab_page_ads_database_table.cc(434)] Failed to get creative new tab page ad
--------------------------------------------------------------------------------
[Oct 11, 2021, 3:59:51.3 PM:ERROR:creative_new_tab_page_ads_database_table.cc(434)] Failed to get creative new tab page ad
[Oct 11, 2021, 4:30:23.6 PM:ERROR:publisher.cc(774)] Publisher info not found
--------------------------------------------------------------------------------
[Oct 19, 2021, 5:34:00.7 PM:ERROR:creative_new_tab_page_ads_database_table.cc(434)] Failed to get creative new tab page ad
--------------------------------------------------------------------------------
[Oct 20, 2021, 7:06:37.6 PM:ERROR:creative_new_tab_page_ads_database_table.cc(434)] Failed to get creative new tab page ad
--------------------------------------------------------------------------------
[Nov 04, 2021, 12:17:05.2 PM:ERROR:creative_new_tab_page_ads_database_table.cc(434)] Failed to get creative new tab page ad
[Nov 04, 2021, 1:01:01.3 PM:ERROR:creative_new_tab_page_ads_database_table.cc(434)] Failed to get creative new tab page ad
[Nov 04, 2021, 1:24:44.4 PM:ERROR:publisher.cc(774)] Publisher info not found
[Nov 04, 2021, 1:24:44.6 PM:ERROR:publisher.cc(774)] Publisher info not found
[Nov 04, 2021, 1:39:44.0 PM:ERROR:creative_new_tab_page_ads_database_table.cc(434)] Failed to get creative new tab page ad
--------------------------------------------------------------------------------
[Nov 04, 2021, 1:55:59.8 PM:ERROR:creative_new_tab_page_ads_database_table.cc(434)] Failed to get creative new tab page ad
--------------------------------------------------------------------------------
[Dec 12, 2021, 8:48:30.5 AM:ERROR:ad_rewards.cc(67)] Failed to reconcile ad rewards due to invalid wallet
[Dec 12, 2021, 8:48:31.9 AM:ERROR:redeem_unblinded_payment_tokens.cc(55)] Failed to redeem unblinded payment tokens due to invalid wallet
[Dec 12, 2021, 8:48:34.4 AM:ERROR:refill_unblinded_tokens.cc(76)] Failed to refill unblinded tokens due to an invalid wallet
--------------------------------------------------------------------------------
[Dec 16, 2021, 9:35:40.3 PM:ERROR:creative_new_tab_page_ads_database_table.cc(448)] Failed to get creative new tab page ad
[Dec 16, 2021, 10:35:33.6 PM:ERROR:creative_new_tab_page_ads_database_table.cc(448)] Failed to get creative new tab page ad
