Arijit Singh & Harshjeep	Yeh Jawaani Hai Deewani (2013)	Kabira @ IndiaMp3.Com	8	269	L	1549094950
trfd	SunilSelection	Baiyan Na Dharo (Dastak)		262	L	1549095359
trfd	SunilSelection	Baadalon_Ki_Gehraaee_LUCKY_ALI[2 luckyAli]		231	L	1549121319
02 DIL SE RE	SunilSelection	02 DIL SE RE		406	L	1549125838
04 JIYA JALE	SunilSelection	04 JIYA JALE		306	L	1549126239
02	SunilSelection	RANGEELA		334	L	1549126539
05 KHAMOSH RAAT	SunilSelection	05 KHAMOSH RAAT		377	L	1549126868
01 RANG DE	SunilSelection	01 RANG DE		424	L	1549127243
01 RANG DE	SunilSelection	01 RANG DE		424	L	1549164431
01 RANG DE	SunilSelection	01 RANG DE		424	L	1549260752
03 HAI RAMA	SunilSelection	03 HAI RAMA		407	L	1549438310
Dropbox	6_Music	04-DEVI_SUKTHAM-MANTRA_MANJUSHA.ogg		166	L	1549441327
Dropbox	6_Music	04-DEVI_SUKTHAM-MANTRA_MANJUSHA.ogg		166	L	1549441487
Dropbox	6_Music	04-DEVI_SUKTHAM-MANTRA_MANJUSHA.ogg		166	L	1549441648
Dropbox	6_Music	04-DEVI_SUKTHAM-MANTRA_MANJUSHA.ogg		166	L	1549441809
Dropbox	6_Music	04-DEVI_SUKTHAM-MANTRA_MANJUSHA.ogg		166	L	1549441970
Dropbox	6_Music	04-DEVI_SUKTHAM-MANTRA_MANJUSHA.ogg		166	L	1549442131
Dropbox	6_Music	04-DEVI_SUKTHAM-MANTRA_MANJUSHA.ogg		166	L	1549442293
Dropbox	6_Music	04-DEVI_SUKTHAM-MANTRA_MANJUSHA.ogg		166	L	1549442454
Dropbox	6_Music	04-DEVI_SUKTHAM-MANTRA_MANJUSHA.ogg		166	L	1549442615
Dropbox	6_Music	04-DEVI_SUKTHAM-MANTRA_MANJUSHA.ogg		166	L	1549442776
Dropbox	6_Music	04-DEVI_SUKTHAM-MANTRA_MANJUSHA.ogg		166	L	1549442937
Dropbox	6_Music	04-DEVI_SUKTHAM-MANTRA_MANJUSHA.ogg		166	L	1549443098
Dropbox	6_Music	04-DEVI_SUKTHAM-MANTRA_MANJUSHA.ogg		166	L	1549443259
Dropbox	6_Music	04-DEVI_SUKTHAM-MANTRA_MANJUSHA.ogg		166	L	1549443420
Dropbox	6_Music	04-DEVI_SUKTHAM-MANTRA_MANJUSHA.ogg		166	L	1549443581
Dropbox	6_Music	04-DEVI_SUKTHAM-MANTRA_MANJUSHA.ogg		166	L	1549443742
Dropbox	6_Music	04-DEVI_SUKTHAM-MANTRA_MANJUSHA.ogg		166	L	1549443903
Dropbox	6_Music	04-DEVI_SUKTHAM-MANTRA_MANJUSHA.ogg		166	L	1549444064
Dropbox	6_Music	04-DEVI_SUKTHAM-MANTRA_MANJUSHA.ogg		166	L	1549444178
Dropbox	6_Music	04-DEVI_SUKTHAM-MANTRA_MANJUSHA.ogg		166	L	1549444339
Dropbox	6_Music	04-DEVI_SUKTHAM-MANTRA_MANJUSHA.ogg		166	L	1549603872
Nikhil Paul George	Barfi!	Main Kya Karoon - www.Songs.PK	2	270	L	1549604053
Mika Singh, Amitabh Bhattacharya, Nakash, Pritam	Agent Vinod	Pungi - www.Songs.PK	2	250	L	1549604329
Mika Singh, Amitabh Bhattacharya, Nakash, Pritam	Agent Vinod	Pungi - www.Songs.PK	2	250	L	1549604591
Shail Hada	Guzaarish	Keh Na Saku - www.Songs.PK	7	227	L	1549604836
Usha Uthup, Kit Shangpliang & Pynsuklin Syiemiong	Rock On 2 SongsMp3.Net	07 Hoi Kiw _ Chalo Chalo SongsMp3.Net	7	243	L	1549606802
Shankar-Ehsaan-Loy, Farhan Akhtar, Siddharth Mahadevan 	Jaago (Rock On 2) - SongsMp3.Net	Jaago (Rock On 2) - SongsMp3.Net	1	341	L	1549607040
Shankar-Ehsaan-Loy, Farhan Akhtar, Siddharth Mahadevan 	Jaago (Rock On 2) - SongsMp3.Net	Jaago (Rock On 2) - SongsMp3.Net	1	341	L	1549607373
Farhan Akhtar	Rock On 2 SongsMp3.Net	04 Manzar Naya SongsMp3.Net	4	211	L	1549614819
Louis Armstrong	Armstrong Comes Alive (Extended)	It Ain't What You Do (It's the Way That You Do It)	23	178	L	1549615211
Billy Joel	The Ultimate Collection [Bonus Track] [Disc 1]	It's Still Rock And Roll To Me	3	177	L	1549615384
Sonu Nigam	Agneepath	Abhi Mujh Mein Kahin - www.Songs.PK	5	363	L	1549615556
trfd	BFF  Bhajan from Films	029 jyot se jyot jaga te chalo		212	L	1549615915
artist	title	Track 06	6	257	L	1549616123
Louis Armstrong	Armstrong Comes Alive (Extended)	Honeysuckle Rose	21	238	L	1549616375
artist	title	Track 01	1	152	L	1549616608
www.downloadming.com	Chori Chori (1956)	08 - Yeh Raat Bhigi Bhigi - www.downloadming.com		277	L	1549616756
trfd	SunilSelection	107 vaishnu janto tene kahiye		258	L	1549617027
artist	title	Track 02	2	268	L	1549617367
trfd	BFF  Bhajan from Films	002 itni shakti humko dena mata 		308	L	1549623288
trfd	BFF  Bhajan from Films	002 itni shakti humko dena mata 		308	L	1549623744
trfd	BFF  Bhajan from Films	002 itni shakti humko dena mata 		308	L	1549624572
trfd	BFF  Bhajan from Films	002 itni shakti humko dena mata 		308	L	1549624876
trfd	BFF  Bhajan from Films	002 itni shakti humko dena mata 		308	L	1549625441
Usha Uthup, Kit Shangpliang & Pynsuklin Syiemiong	Rock On 2 SongsMp3.Net	07 Hoi Kiw _ Chalo Chalo SongsMp3.Net	7	243	L	1549848525
Shankar-Ehsaan-Loy, Farhan Akhtar, Siddharth Mahadevan 	Jaago (Rock On 2) - SongsMp3.Net	Jaago (Rock On 2) - SongsMp3.Net	1	341	L	1549854573
Sunidhi Chauhan & Arijit Singh	Cocktail (2012)	Yaariyan (Reprise) - www.DJMaza.Com	8	313	L	1549854906
Usha Uthup, Kit Shangpliang & Pynsuklin Syiemiong	Rock On 2 SongsMp3.Net	07 Hoi Kiw _ Chalo Chalo SongsMp3.Net	7	243	L	1549855130
Usha Uthup, Kit Shangpliang & Pynsuklin Syiemiong	Rock On 2 SongsMp3.Net	07 Hoi Kiw _ Chalo Chalo SongsMp3.Net	7	243	L	1549855368
Usha Uthup, Kit Shangpliang & Pynsuklin Syiemiong	Rock On 2 SongsMp3.Net	07 Hoi Kiw _ Chalo Chalo SongsMp3.Net	7	243	L	1549884140
Usha Uthup, Kit Shangpliang & Pynsuklin Syiemiong	Rock On 2 SongsMp3.Net	07 Hoi Kiw _ Chalo Chalo SongsMp3.Net	7	243	L	1549949595
Usha Uthup, Kit Shangpliang & Pynsuklin Syiemiong	Rock On 2 SongsMp3.Net	07 Hoi Kiw _ Chalo Chalo SongsMp3.Net	7	243	L	1550300131
Farhan Akhtar	Rock On 2 SongsMp3.Net	04 Manzar Naya SongsMp3.Net	4	211	L	1550405373
Usha Uthup, Kit Shangpliang & Pynsuklin Syiemiong	Rock On 2 SongsMp3.Net	07 Hoi Kiw _ Chalo Chalo SongsMp3.Net	7	243	L	1550405578
Neeraj Shridhar & Kavita Seth	Cocktail (2012)	Tum Hi Ho Bandhu - www.DJMaza.Com	1	282	L	1550406032
Benny Dayal & Shalmali Kholgade	Cocktail (2012)	Daaru Desi - www.DJMaza.Com	2	269	L	1550406166
Benny Dayal & Shalmali Kholgade	Cocktail (2012)	Daaru Desi - www.DJMaza.Com	2	269	L	1550464761
Benny Dayal & Shalmali Kholgade	Cocktail (2012)	Daaru Desi - www.DJMaza.Com	2	269	L	1550465730
Mohan Kanan & Shilpa Rao	Cocktail (2012)	Yaariyaan - www.DJMaza.Com	3	377	L	1550465994
Masuma Anwar, Sahir Ali & Anupam Amod	Cocktail (2012)	Luttna (Saif Ul Malook) - www.DJMaza.Com	6	300	L	1550469362
Arif Lohar & Harshdeep Kaur	Cocktail (2012)	Jugni - www.DJMaza.Com	7	417	L	1550469658
Sunidhi Chauhan & Arijit Singh	Cocktail (2012)	Yaariyan (Reprise) - www.DJMaza.Com	8	313	L	1550470071
Dropbox	6_Music	04-DEVI_SUKTHAM-MANTRA_MANJUSHA.ogg		166	L	1550478130
Dropbox	6_Music	04-DEVI_SUKTHAM-MANTRA_MANJUSHA.ogg		166	L	1550491681
trfd	SunilSelection	050 shyam teri bansi 		380	L	1550493464
trfd	SunilSelection	07 -Switty Tera Pyaar Chaida		173	L	1550493668
trfd	SunilSelection	11 -  Tum Ho	11	318	L	1550494121
Mustafa Zahid	Blood Money	Jo Tere Sang - www.Songs.PK	4	306	L	1550494469
trfd	SunilSelection	Afreen Afreen		348	L	1550494700
Ali Haider	Mahi	Purani Jeans	10	306	L	1550495044
Phil Collins	Hits	Another Day In Paradise		321	L	1550495345
Phil Collins	Hits	Another Day In Paradise		321	L	1550558443
Phil Collins	Hits	Another Day In Paradise		321	L	1550662133
Phil Collins	Hits	Another Day In Paradise		321	L	1550783917
Phil Collins	Hits	Another Day In Paradise		321	L	1550826288
03	SunilSelection	BEEDI		350	L	1550842285
Beyonce [www.drdre.blogfa.com - Hey Baby Eminem Is The King Of Rap]	B ' Day [www.drdre.blogfa.com - Hey Baby Eminem Is The King Of Rap]	Irreplaceable [www.drdre.blogfa.com - Hey Baby Eminem Is The King Of Rap]	9	256	L	1550842631
trfd	SunilSelection	Bhool Gaya Sab Kuchh		301	L	1550842883
Chakradhaar (DjPunjab.CoM)	Chakradhaar (DjPunjab.CoM)	Bin Tere (DjPunjab.CoM)	1	251	L	1550843178
Apache Indian	SunilSelection	Boom Shak A Lak		228	L	1550843424
trfd	SunilSelection	CHANDNA_RATHAIN		333	L	1550843647
Arijit Singh, Sona Mohapatra	Hunterrr	Chori Chori	2	258	L	1550843975
trfd	SunilSelection	Chupke_Chupke_PANKAJUDHAS		372	L	1550844221
trfd	SunilSelection	CHURA_LIYA_HAI_DIL		432	L	1550844589
leann rimes	Coyote Ugly OST	cant fight the moonlight	1	215	L	1550845015
trfd	SunilSelection	Dekh Li Teri Khudai - Kinare Kinare		212	L	1550845226
trfd	SunilSelection	Dekha_Hai_Aise_Bhi_LUCKY_ALI[1 2]		238	L	1550845434
trfd	SunilSelection	Dekha_Hai_Aise_Bhi_LUCKY_ALI[1 2]		238	L	1550853481
trfd	SunilSelection	Dekha_Hai_Aise_Bhi_LUCKY_ALI[1 2]		238	L	1550994568
trfd	SunilSelection	Di Da Di		223	L	1550994705
029	SunilSelection	Dil Kya Kare		410	L	1550994923
artist	title	02 hum hai iss pal yaha	2	426	L	1550998838
artist	title	02 saanwariya saanwariya	2	317	L	1550999161
R.D.	PARICHAY	03.SA RE KE SA RE--Asha+Kishore	3	400	L	1550999474
artist	title	05 chilman uthigi nahin	5	520	L	1550999869
Kishore Kumar	Duets With Asha	Are Yaar Meri Tum Bhi Ho [Teen Devian]	7	321	L	1551148168
Dropbox	6_Music	04-DEVI_SUKTHAM-MANTRA_MANJUSHA.ogg		166	L	1551169331
Dropbox	6_Music	04-DEVI_SUKTHAM-MANTRA_MANJUSHA.ogg		166	L	1551169491
Dropbox	6_Music	04-DEVI_SUKTHAM-MANTRA_MANJUSHA.ogg		166	L	1551169652
Dropbox	6_Music	04-DEVI_SUKTHAM-MANTRA_MANJUSHA.ogg		166	L	1551169813
Dropbox	6_Music	04-DEVI_SUKTHAM-MANTRA_MANJUSHA.ogg		166	L	1551169975
Dropbox	6_Music	04-DEVI_SUKTHAM-MANTRA_MANJUSHA.ogg		166	L	1551259289
Dropbox	6_Music	04-DEVI_SUKTHAM-MANTRA_MANJUSHA.ogg		166	L	1551288336
Dropbox	6_Music	04-DEVI_SUKTHAM-MANTRA_MANJUSHA.ogg		166	L	1551340030
Dropbox	6_Music	04-DEVI_SUKTHAM-MANTRA_MANJUSHA.ogg		166	L	1551340117
Dropbox	6_Music	04-DEVI_SUKTHAM-MANTRA_MANJUSHA.ogg		166	L	1551340279
Dropbox	6_Music	04-DEVI_SUKTHAM-MANTRA_MANJUSHA.ogg		166	L	1551340440
Dropbox	6_Music	04-DEVI_SUKTHAM-MANTRA_MANJUSHA.ogg		166	L	1551340779
Dropbox	6_Music	04-DEVI_SUKTHAM-MANTRA_MANJUSHA.ogg		166	L	1551342126
Dropbox	6_Music	04-DEVI_SUKTHAM-MANTRA_MANJUSHA.ogg		166	L	1551342287
Dropbox	6_Music	04-DEVI_SUKTHAM-MANTRA_MANJUSHA.ogg		166	L	1551342448
Dropbox	6_Music	04-DEVI_SUKTHAM-MANTRA_MANJUSHA.ogg		166	L	1551342609
Dropbox	6_Music	04-DEVI_SUKTHAM-MANTRA_MANJUSHA.ogg		166	L	1551342770
Ram Sampath	Dehli Belly (2011)	Bhaag D.K. Bose, Aandhi Aayi - www.DJMaza.Com	1	241	L	1551342946
Mohit Chauhan	Rockstar (2011)	Phir Se Ud Chala - www.DJMaza.Com	1	271	L	1551343181
Akon	Ra.One (2011) [Single]	Chammak Challo	1	234	L	1551343448
Mohit Chauhan	Rockstar (2011)	Jo Bhi Main - www.DJMaza.Com	2	275	L	1551343670
Khushboo Raaj & Rekha Jha	Gangs Of Wasseypur (2012)	O Womaniya Live - www.DJMaza.Com	3	289	L	1551343941
artist	title	Track 05	5	242	L	1551344599
artist	title	Track 06	6	287	L	1551344837
artist	title	Track 07	7	259	L	1551345119
artist	title	Track 09	9	331	L	1551345373
artist	title	Track 13	13	236	L	1551345700
artist	title	Track 01	1	152	L	1551345932
artist	title	Track 02	2	205	L	1551346079
artist	title	Track 03	3	188	L	1551346279
artist	title	Track 04	4	215	L	1551346462
artist	title	Track 05	5	191	L	1551346672
artist	title	Track 06	6	237	L	1551346858
artist	title	Track 08	8	187	L	1551347090
artist	title	Track 11	11	212	L	1551347272
artist	title	Track 12	12	237	L	1551347479
artist	title	Track 01	1	318	L	1551347711
artist	title	Track 02	2	267	L	1551348024
artist	title	Track 03	3	297	L	1551348287
artist	title	Track 04	4	218	L	1551348579
artist	title	Track 05	5	427	L	1551348793
artist	title	Track 06	6	250	L	1551349215
artist	title	Track 07	7	182	L	1551349460
artist	title	Track 08	8	167	L	1551349637
artist	title	Track 09	9	278	L	1551349799
artist	title	Track 10	10	179	L	1551350073
artist	title	Track 11	11	308	L	1551350248
artist	title	Track 12	12	303	L	1551350550
artist	title	Track 14	14	308	L	1551350850
artist	title	Track 16	16	187	L	1551351152
artist	title	Track 18	18	202	L	1551351335
artist	title	Track 01	1	259	L	1551351532
artist	title	Track 02	2	346	L	1551351787
artist	title	Track 03	3	192	L	1551352129
artist	title	Track 04	4	370	L	1551352316
artist	title	Track 05	5	232	L	1551352682
artist	title	Track 06	6	268	L	1551352909
artist	title	Track 07	7	184	L	1551353172
artist	title	Track 08	8	224	L	1551353352
artist	title	Track 10	10	242	L	1551353572
artist	title	Track 11	11	287	L	1551353809
artist	title	Track 12	12	221	L	1551354091
artist	title	Track 13	13	160	L	1551354308
artist	title	Track 14	14	250	L	1551354463
artist	title	Track 16	16	285	L	1551354687
artist	title	Track 17	17	245	L	1551354968
artist	title	Track 01	1	269	L	1551355209
artist	title	Track 02	2	152	L	1551355475
artist	title	Track 03	3	277	L	1551368479
artist	title	Track 09	9	185	L	1551370847
artist	title	Track 10	10	224	L	1551371028
artist	title	Track 11	11	291	L	1551371248
artist	title	Track 12	12	488	L	1551371534
artist	title	Track 13	13	212	L	1551372019
artist	title	Track 14	14	282	L	1551372225
artist	title	Track 15	15	110	L	1551372503
artist	title	Track 16	16	156	L	1551372608
artist	title	Track 19	19	245	L	1551372759
artist	title	Track 01	1	544	L	1551373000
artist	title	Track 02	2	453	L	1551373539
artist	title	Track 07	7	518	L	1551373987
artist	title	Track 01	1	308	L	1551374501
artist	title	Track 02	2	364	L	1551374805
artist	title	Track 03	3	172	L	1551375165
artist	title	Track 04	4	238	L	1551375331
artist	title	Track 05	5	219	L	1551375564
artist	title	Track 06	6	201	L	1551375778
artist	title	Track 07	7	220	L	1551375974
artist	title	Track 08	8	289	L	1551376189
artist	title	Track 09	9	249	L	1551376473
artist	title	Track 10	10	242	L	1551376717
artist	title	Track 11	11	270	L	1551376954
artist	title	Track 12	12	230	L	1551377219
artist	title	Track 01	1	296	L	1551377445
artist	title	Track 03	3	244	L	1551377737
artist	title	Track 05	5	263	L	1551377976
artist	title	Track 06	6	250	L	1551378234
artist	title	Track 07	7	317	L	1551378479
artist	title	Track 08	8	232	L	1551378791
artist	title	Track 09	9	247	L	1551379018
artist	title	Track 10	10	280	L	1551379261
artist	title	Track 11	11	282	L	1551379535
artist	title	Track 12	12	284	L	1551379812
artist	title	Track 01	1	253	L	1551380092
artist	title	Track 02	2	275	L	1551380341
artist	title	Track 03	3	301	L	1551380611
artist	title	Track 04	4	183	L	1551380907
artist	title	Track 06	6	257	L	1551381085
artist	title	Track 07	7	252	L	1551381337
artist	title	Track 08	8	233	L	1551381584
artist	title	Track 09	9	236	L	1551381812
artist	title	Track 10	10	274	L	1551382043
artist	title	Track 11	11	231	L	1551382312
artist	title	Track 12	12	243	L	1551382538
artist	title	Track 01	1	224	L	1551382776
artist	title	Track 02	2	268	L	1551382996
artist	title	Track 03	3	262	L	1551383259
artist	title	Track 04	4	289	L	1551383516
artist	title	Track 05	5	218	L	1551383800
artist	title	Track 06	6	376	L	1551384014
artist	title	Track 09	9	275	L	1551384386
artist	title	Track 11	11	315	L	1551384657
artist	title	Track 12	12	231	L	1551384967
artist	title	Track 03	3	301	L	1551385194
artist	title	Track 06	6	348	L	1551385491
artist	title	Track 08	8	207	L	1551385834
artist	title	Track 09	9	302	L	1551386037
artist	title	Track 10	10	420	L	1551386334
artist	title	Track 01	1	259	L	1551386750
artist	title	Track 02	2	271	L	1551387004
artist	title	Track 03	3	295	L	1551387271
artist	title	Track 05	5	245	L	1551387562
artist	title	Track 06	6	270	L	1551387803
artist	title	Track 07	7	251	L	1551388068
artist	title	Track 08	8	235	L	1551388315
artist	title	Track 09	9	338	L	1551388545
artist	title	Track 10	10	256	L	1551388879
artist	title	Track 11	11	261	L	1551389130
artist	title	Track 12	12	207	L	1551389387
artist	title	Track 04	4	194	L	1551389589
artist	title	Track 05	5	198	L	1551389779
artist	title	Track 06	6	221	L	1551389972
artist	title	Track 07	7	201	L	1551390188
artist	title	Track 08	8	338	L	1551390385
artist	title	Track 09	9	133	L	1551390718
artist	title	Track 10	10	154	L	1551390847
artist	title	Track 11	11	209	L	1551390996
artist	title	Track 12	12	269	L	1551391201
artist	title	Track 13	13	244	L	1551391466
artist	title	Track 14	14	203	L	1551391705
artist	title	Track 15	15	250	L	1551391904
artist	title	Track 16	16	194	L	1551392150
artist	title	Track 02	2	317	L	1551392339
artist	title	Track 03	3	393	L	1551392651
artist	title	Track 04	4	332	L	1551393040
artist	title	Track 08	8	398	L	1551393367
artist	title	Track 09	9	380	L	1551393761
artist	title	Track 10	10	335	L	1551394137
artist	title	Track 11	11	398	L	1551394467
artist	title	Track 12	12	267	L	1551394861
artist	title	Track 13	13	350	L	1551395124
artist	title	Track 01	1	292	L	1551395469
artist	title	Track 02	2	457	L	1551395757
artist	title	Track 04	4	305	L	1551396209
artist	title	Track 05	5	303	L	1551396509
artist	title	Track 06	6	299	L	1551396807
artist	title	Track 07	7	321	L	1551397101
artist	title	Track 08	8	202	L	1551397417
artist	title	Track 09	9	245	L	1551397614
artist	title	Track 10	10	305	L	1551397854
artist	title	HAMNE DEKHI HAI UN AANKHON KI-KHAMOSHI	5	223	L	1551398154
artist	title	Abhi na jao chhod kar - Rafi & Asha in Dev Anand's HUM DONO	9	173	L	1551398373
artist	LOVE SONGS HINDI	NEELA AASMAN SO GAYA	10	307	L	1551398542
artist	title	UDEN JAB-2 JULFEN TERI-NAYA DAUR	14	288	L	1551398845
artist	title	YEH DIL AUR UNKI-PREM PRABAT	8	346	L	1551399129
artist	title	02 hum hai iss pal yaha	2	426	L	1551399470
artist	title	02 saanwariya saanwariya	2	317	L	1551399891
artist	title	05 chilman uthigi nahin	5	520	L	1551400204
artist	title	08 kahe ujadi mohi neend	8	264	L	1551400720
artist	title	08 pal pal hai bhari (flute)	8	218	L	1551400979
artist	title	Track 02	2	259	L	1551401193
artist	title	Track 03	3	281	L	1551401447
artist	title	Track 05	5	242	L	1551401724
artist	title	Track 06	6	287	L	1551401962
artist	title	Track 07	7	259	L	1551402244
artist	title	Track 09	9	331	L	1551402498
artist	title	Track 13	13	236	L	1551402825
artist	title	Track 01	1	152	L	1551403056
artist	title	Track 02	2	205	L	1551403204
Dropbox	6_Music	04-DEVI_SUKTHAM-MANTRA_MANJUSHA.ogg		166	L	1551428526
Dropbox	6_Music	04-DEVI_SUKTHAM-MANTRA_MANJUSHA.ogg		166	L	1551428687
Dropbox	6_Music	04-DEVI_SUKTHAM-MANTRA_MANJUSHA.ogg		166	L	1551428848
Dropbox	6_Music	04-DEVI_SUKTHAM-MANTRA_MANJUSHA.ogg		166	L	1551429009
Dropbox	6_Music	04-DEVI_SUKTHAM-MANTRA_MANJUSHA.ogg		166	L	1551429170
Dropbox	6_Music	04-DEVI_SUKTHAM-MANTRA_MANJUSHA.ogg		166	L	1551769269
Dropbox	6_Music	04-DEVI_SUKTHAM-MANTRA_MANJUSHA.ogg		166	L	1551769429
Dropbox	6_Music	04-DEVI_SUKTHAM-MANTRA_MANJUSHA.ogg		166	L	1551772226
Dropbox	6_Music	04-DEVI_SUKTHAM-MANTRA_MANJUSHA.ogg		166	L	1551806850
Dropbox	6_Music	04-DEVI_SUKTHAM-MANTRA_MANJUSHA.ogg		166	L	1551847162
Dropbox	6_Music	04-DEVI_SUKTHAM-MANTRA_MANJUSHA.ogg		166	L	1551870396
trfd	SunilSelection	i want to break free		256	L	1551870582
trfd	SunilSelection	i want to break free		256	L	1551870833
trfd	SunilSelection	i want to break free		256	L	1551871084
Neeraj Shridhar & Kavita Seth	Cocktail (2012)	Tum Hi Ho Bandhu - www.DJMaza.Com	1	282	L	1551880572
Benny Dayal & Shalmali Kholgade	Cocktail (2012)	Daaru Desi - www.DJMaza.Com	2	269	L	1551880848
Usha Uthup, Kit Shangpliang & Pynsuklin Syiemiong	Rock On 2 SongsMp3.Net	07 Hoi Kiw _ Chalo Chalo SongsMp3.Net	7	243	L	1551881218
Shankar-Ehsaan-Loy, Farhan Akhtar, Siddharth Mahadevan 	Jaago (Rock On 2) - SongsMp3.Net	Jaago (Rock On 2) - SongsMp3.Net	1	341	L	1551881457
Farhan Akhtar	Rock On 2 SongsMp3.Net	04 Manzar Naya SongsMp3.Net	4	211	L	1551882162
trfd	SunilSelection	03 AHISTA AHISTA = KABHI KISI KO MUKQMMAL		318	L	1551882518
trfd	SunilSelection	02 GHARAONDA = EK AKELA IS SHEHAR MEIN		276	L	1551882869
trfd	SunilSelection	03 CHITCHOR = AAJ SE PEHLE		306	L	1551883141
trfd	SunilSelection	05 -Jaa Chudail		197	L	1551883442
trfd	SunilSelection	11 -  Tum Ho	11	318	L	1551883636
trfd	SunilSelection	01 - Abhi Kuch Dino Se		285	L	1551883949
trfd	SunilSelection	01 - Amplifier		231	L	1551940801
trfd	SunilSelection	019 JAB PYAR KISI SE HOTA HAI = TITLE SONG		205	L	1551941027
trfd	SunilSelection	lucky_ali_-_o_sanam[1]		223	L	1551941228
trfd	SunilSelection	Mil_Jaan_Se_Kabhi_LUCKY_ALI[1 luckyAli]		237	L	1551941447
trfd	SunilSelection	050 shyam teri bansi 		380	L	1551941679
trfd	SunilSelection	21 DIL VIN PYAR VYAR		308	L	1551942054
trfd	SunilSelection	SACHMEREYAARHAI		412	L	1551942358
trfd	SunilSelection	001 sukh ke sab saathi 		361	L	1551942765
trfd	SunilSelection	10 CHOUDHVIN KA CHAND HO		244	L	1551943122
trfd	SunilSelection	I WANT IT THAT WAY		212	L	1551943361
Dropbox	6_Music	04-DEVI_SUKTHAM-MANTRA_MANJUSHA.ogg		166	L	1551946933
Dropbox	6_Music	04-DEVI_SUKTHAM-MANTRA_MANJUSHA.ogg		166	L	1551947093
Dropbox	6_Music	04-DEVI_SUKTHAM-MANTRA_MANJUSHA.ogg		166	L	1551947254
Dropbox	6_Music	04-DEVI_SUKTHAM-MANTRA_MANJUSHA.ogg		166	L	1551947415
Dropbox	6_Music	04-DEVI_SUKTHAM-MANTRA_MANJUSHA.ogg		166	L	1551947576
Dropbox	6_Music	04-DEVI_SUKTHAM-MANTRA_MANJUSHA.ogg		166	L	1551947737
Dropbox	6_Music	04-DEVI_SUKTHAM-MANTRA_MANJUSHA.ogg		166	L	1551947898
Dropbox	6_Music	04-DEVI_SUKTHAM-MANTRA_MANJUSHA.ogg		166	L	1551948059
Dropbox	6_Music	04-DEVI_SUKTHAM-MANTRA_MANJUSHA.ogg		166	L	1552021345
Dropbox	6_Music	04-DEVI_SUKTHAM-MANTRA_MANJUSHA.ogg		166	L	1552385833
Dropbox	6_Music	04-DEVI_SUKTHAM-MANTRA_MANJUSHA.ogg		166	L	1552393636
Dropbox	6_Music	04-DEVI_SUKTHAM-MANTRA_MANJUSHA.ogg		166	L	1552410893
Dropbox	6_Music	04-DEVI_SUKTHAM-MANTRA_MANJUSHA.ogg		166	L	1552453672
Dropbox	6_Music	04-DEVI_SUKTHAM-MANTRA_MANJUSHA.ogg		166	L	1552465324
Dropbox	6_Music	04-DEVI_SUKTHAM-MANTRA_MANJUSHA.ogg		166	L	1552503007
Dropbox	6_Music	04-DEVI_SUKTHAM-MANTRA_MANJUSHA.ogg		166	L	1552550398
Dropbox	6_Music	04-DEVI_SUKTHAM-MANTRA_MANJUSHA.ogg		166	L	1552551730
Dropbox	6_Music	04-DEVI_SUKTHAM-MANTRA_MANJUSHA.ogg		166	L	1552897328
01	SunilSelection	BHANVRE		372	L	1552904408
01 CHALE CHALO	SunilSelection	01 CHALE CHALO		400	L	1552904775
01 ISHQ BINA	SunilSelection	01 ISHQ BINA		468	L	1552905170
trfd	SunilSelection	05 -Jaa Chudail		197	L	1552907450
Ram Sampath	Dehli Belly (2011)	Bhaag D.K. Bose, Aandhi Aayi - www.DJMaza.Com	1	241	L	1552909401
Virsa	Virsa	Main Tenu Samjhawan		288	L	1552909661
Arijit Singh & Shreya Ghoshal	Humpty Sharma Ki Dulhania (2014)	Samjhawan - DJMaza.Info	2	269	L	1552909974
Arijit Singh & Shreya Ghoshal	Humpty Sharma Ki Dulhania (2014)	Samjhawan - DJMaza.Info	2	269	L	1552910239
Sukhwinder Singh, Alka Yagnik	Taal (1999)	Ramta Jogi 	6	376	L	1552912973
Dropbox	6_Music	04-DEVI_SUKTHAM-MANTRA_MANJUSHA.ogg		166	L	1552983733
Dropbox	6_Music	04-DEVI_SUKTHAM-MANTRA_MANJUSHA.ogg		166	L	1553061764
Shreya Ghoshal	Barfi!	Aashiyan - www.Songs.PK	5	236	L	1553061941
Arijit Singh	Barfi!	Saawali Si Raat - www.Songs.PK	6	308	L	1553062172
Swanand Kirkire	Barfi!	Ala Barfi! - www.Songs.PK	7	341	L	1553062475
Ram Sampath	Dehli Belly (2011)	Bhaag D.K. Bose, Aandhi Aayi - www.DJMaza.Com	1	241	L	1553062811
Mohit Chauhan	Rockstar (2011)	Phir Se Ud Chala - www.DJMaza.Com	1	271	L	1553063047
Akon	Ra.One (2011) [Single]	Chammak Challo	1	234	L	1553063314
Mohit Chauhan	Rockstar (2011)	Jo Bhi Main - www.DJMaza.Com	2	275	L	1553063537
Khushboo Raaj & Rekha Jha	Gangs Of Wasseypur (2012)	O Womaniya Live - www.DJMaza.Com	3	289	L	1553063808
A.R.Rahman, Javed Ali & Mohit Chauhan	Rockstar (2011)	Kun Faaya Ku - www.DJMaza.Com	4	473	L	1553064159
Sonu Nigam	Agneepath	Abhi Mujh Mein Kahin - www.Songs.PK	5	363	L	1553064628
Mohit Chauhan, Viviane, Tanvi, Suvi Suresh & Shalini	Rockstar (2011)	Haawa Haawa - www.DJMaza.Com	6	342	L	1553072421
Mohit Chauhan, Viviane, Tanvi, Suvi Suresh & Shalini	Rockstar (2011)	Haawa Haawa - www.DJMaza.Com	6	342	L	1553158146
trfd	BFF  Bhajan from Films	012 mujhe apni sharan main 		182	L	1553241967
trfd	BFF  Bhajan from Films	013 badi der bhai 		194	L	1553242144
trfd	BFF  Bhajan from Films	014 allah tero naam 		217	L	1553242334
trfd	BFF  Bhajan from Films	015 jyoti kalash chalke 		209	L	1553242546
trfd	BFF  Bhajan from Films	016 man ke khazanemain maya hi maya 		187	L	1553242751
Dropbox	6_Music	04-DEVI_SUKTHAM-MANTRA_MANJUSHA.ogg		166	L	1553242923
APO	Slow Food Music Classical	アストゥリアス「伝説」	5	280	L	1553489410
APO	Slow Food Music Classical	「そばに来て、アルフレード…」椿姫より	6	36	L	1553489686
APO	Slow Food Music Classical	「そばに来て、アルフレード…」椿姫より	6	36	L	1553489717
Dropbox	6_Music	04-DEVI_SUKTHAM-MANTRA_MANJUSHA.ogg		166	L	1553502122
Dropbox	6_Music	04-DEVI_SUKTHAM-MANTRA_MANJUSHA.ogg		166	L	1553847724
Dropbox	6_Music	04-DEVI_SUKTHAM-MANTRA_MANJUSHA.ogg		166	L	1554008669
Dropbox	6_Music	04-DEVI_SUKTHAM-MANTRA_MANJUSHA.ogg		166	L	1554008758
Dropbox	6_Music	04-DEVI_SUKTHAM-MANTRA_MANJUSHA.ogg		166	L	1554008915
Sukhwinder Singh, Alka Yagnik	Taal (1999)	Ramta Jogi 	6	376	L	1554010285
Sukhwinder Singh, Richa Sharma	Taal (1999)	Ni Main Samajhh Gayi 	8	278	L	1554010667
Sukhwinder Singh, Richa Sharma	Taal (1999)	Ni Main Samajhh Gayi 	8	278	L	1554012540
Sukhwinder Singh, Richa Sharma	Taal (1999)	Ni Main Samajhh Gayi 	8	278	L	1554130182
Ram Sampath	Dehli Belly (2011)	Bhaag D.K. Bose, Aandhi Aayi - www.DJMaza.Com	1	241	L	1554132834
trfd	BFF  Bhajan from Films	003 hum ko manki shakti dena 		267	L	1554133094
trfd	BFF  Bhajan from Films	002 itni shakti humko dena daata 		308	L	1554133363
trfd	BFF  Bhajan from Films	012 mujhe apni sharan main 		182	L	1554262043
trfd	BFF  Bhajan from Films	015 jyoti kalash chalke 		209	L	1554262582
trfd	BFF  Bhajan from Films	113 jheenee jheenee beeni beeni		353	L	1554262786
trfd	BFF  Bhajan from Films	102 jai ram rama ramanam shamanam		270	L	1554263135
trfd	BFF  Bhajan from Films	107 vaishnu janto tene kahiye		258	L	1554263400
trfd	BFF  Bhajan from Films	091 ram charan sukhdai		599	L	1554263654
trfd	BFF  Bhajan from Films	092 sumiran karle		512	L	1554264248
trfd	BFF  Bhajan from Films	093 maine lino govind		487	L	1554264757
trfd	BFF  Bhajan from Films	094 aaj saje hai mere ghar ke dware		356	L	1554265239
trfd	BFF  Bhajan from Films	097 jai ek danta he dya vanta		301	L	1554265561
trfd	BFF  Bhajan from Films	098 he riddi siddhi ke daata		314	L	1554265859
trfd	BFF  Bhajan from Films	100 aao re aao mil jhulkar gao		260	L	1554266274
trfd	BFF  Bhajan from Films	101 ganpati bappa gaon chale		344	L	1554266530
trfd	BFF  Bhajan from Films	102 jai ram rama ramanam shamanam		270	L	1554266869
Shreya Ghoshal	Barfi!	Aashiyan - www.Songs.PK	5	236	L	1554275990
Kishore	The Golden Collection	Zindagi Ka Safar [Safar]	13	240	L	1554296496
Kishore-Lata	Duets With Lata	Hum Dono Do Premi [Ajnabi]	1	308	L	1554296789
Kishor-Lata	Duets With Lata	Panna Ki Tamanna [Heera Panna]	15	358	L	1554297093
artist	LOVE SONGS HINDI	NEELA AASMAN SO GAYA	10	307	L	1554297447
Shaan	SunilSelection	tanha dil 	1	293	L	1554297750
artist	LOVE SONGS HINDI	NEELA AASMAN SO GAYA	10	307	L	1554387095
artist	LOVE SONGS HINDI	NEELA AASMAN SO GAYA	10	307	L	1554388345
Shaan	SunilSelection	tanha dil 	1	293	L	1554568228
Kishore	The Golden Collection	Jeevan Se Bhari [Safar]	12	269	L	1554569333
Kishore	The Golden Collection	Kuch Tu Log Kahenge [Amar Prem]	13	263	L	1554569597
Kishore	The Golden Collection	Zindagi ek Safar [Andaz]	4	264	L	1554569856
Kishore	The Golden Collection	Zindagi Ka Safar [Safar]	13	240	L	1554570115
Kishore	Duets With Asha	Are Yaar Meri Tum Bhi Ho [Teen Devian]	7	321	L	1554570350
Kishor	Duets With Asha	Le Jaenge Le Jaenge [Chor Machai Chor]	5	240	L	1554570667
Kishore-Lata	Duets With Lata	Hum Dono Do Premi [Ajnabi]	1	308	L	1554570903
Kishor-Lata	Duets With Lata	Panna Ki Tamanna [Heera Panna]	15	358	L	1554571206
artist	LOVE SONGS HINDI	NEELA AASMAN SO GAYA	10	307	L	1554571560
Shaan	SunilSelection	tanha dil 	1	293	L	1554571863
artist	title	YEH DIL AUR UNKI-PREM PRABAT	8	346	L	1554572152
Dropbox	6_Music	04-DEVI_SUKTHAM-MANTRA_MANJUSHA.ogg		166	L	1554711725
Dropbox	6_Music	04-DEVI_SUKTHAM-MANTRA_MANJUSHA.ogg		166	L	1554970931
Dropbox	6_Music	04-DEVI_SUKTHAM-MANTRA_MANJUSHA.ogg		166	L	1555140974
Dropbox	6_Music	04-DEVI_SUKTHAM-MANTRA_MANJUSHA.ogg		166	L	1555143726
05 CHANDA RE	SunilSelection	05 CHANDA RE		354	L	1555591569
05 KHAMOSH RAAT	SunilSelection	05 KHAMOSH RAAT		378	L	1555591919
05 SATRANGI RE	SunilSelection	05 SATRANGI RE		445	L	1555592292
Mukesh	Dharam Karam	Ek Din Bik Jayega		327	L	1555592934
Sukhwinder Singh, Richa Sharma	Taal (1999)	Ni Main Samajhh Gayi 	8	278	L	1555593256
Sukhwinder Singh, Alka Yagnik	Taal (1999)	Ramta Jogi 	6	376	L	1555593527
trfd	SunilSelection	Heavy Fuel		296	L	1555768605
Indian Ocean	Kandisa	Hille Le	4	315	L	1555768896
Usha Uthup, Kit Shangpliang & Pynsuklin Syiemiong	Rock On 2 SongsMp3.Net	07 Hoi Kiw _ Chalo Chalo SongsMp3.Net	7	243	L	1555769229
trfd	SunilSelection	HUM_BEWAFA_HARGIZ		339	L	1555769468
Gulam Ali	SunilSelection	Hungama kyun hai barpa		981	L	1555769805
trfd	SunilSelection	I WANT IT THAT WAY		212	L	1555779134
trfd	SunilSelection	i want to break free		256	L	1555867538
trfd	SunilSelection	i want to break free		256	L	1555917016
Dropbox	6_Music	04-DEVI_SUKTHAM-MANTRA_MANJUSHA.ogg		166	L	1555921323
Dropbox	6_Music	04-DEVI_SUKTHAM-MANTRA_MANJUSHA.ogg		166	L	1556014630
Louis Armstrong	Armstrong Comes Alive (Extended)	It Ain't What You Do (It's the Way That You Do It)	23	178	L	1556014799
Louis Armstrong	Armstrong Comes Alive (Extended)	When It's Sleepy Time Down South	1	212	L	1556014973
Louis Armstrong	Armstrong Comes Alive (Extended)	Royal Garden Blues	2	305	L	1556015180
Louis Armstrong	Armstrong Comes Alive (Extended)	Someday You'll Be Sorry	3	280	L	1556015465
Louis Armstrong	Armstrong Comes Alive (Extended)	Someday You'll Be Sorry	3	280	L	1556075047
Billy Joel	The Ultimate Collection [Disc 2]	A Matter Of Trust	11	250	L	1556075404
Billy Joel	The Ultimate Collection [Disc 2]	Modern Woman	12	230	L	1556075651
Billy Joel	The Ultimate Collection [Disc 2]	Modern Woman	12	230	L	1556075875
Billy Joel	The Ultimate Collection [Disc 2]	Baby Grand	13	244	L	1556076100
Billy Joel	The Ultimate Collection [Disc 2]	Baby Grand	13	244	L	1556076339
Billy Joel	The Ultimate Collection [Disc 2]	I Go To Extremes	14	261	L	1556076579
Billy Joel	The Ultimate Collection [Disc 2]	I Go To Extremes	14	261	L	1556076835
Billy Joel	The Ultimate Collection [Disc 2]	Leningrad	15	243	L	1556077092
Billy Joel	The Ultimate Collection [Disc 2]	Leningrad	15	243	L	1556077331
Billy Joel	The Ultimate Collection [Disc 2]	The Downeaster Alexa	16	223	L	1556077570
Billy Joel	The Ultimate Collection [Disc 2]	The Downeaster Alexa	16	223	L	1556077787
Billy Joel	The Ultimate Collection [Disc 2]	You're Only Human (Second Time)	17	288	L	1556078005
Billy Joel	The Ultimate Collection [Disc 2]	You're Only Human (Second Time)	17	288	L	1556078289
Billy Joel	The Ultimate Collection [Disc 2]	All About Soul (Remix)	18	359	L	1556078573
Billy Joel	Unknown Album	In The Middle Of The Night		245	L	1556078927
Billy Joel	The Ultimate Collection [Disc 2]	The River Of Dreams	3	247	L	1556079167
The Eagles	The Very Best Of The Eagles (Disc 1)	Desperado	4	213	L	1556079410
The Eagles	The Very Best Of The Eagles (Disc 1)	Tequila Sunrise	5	172	L	1556079618
Billy Joel	The Ultimate Collection [Disc 2]	We Didn't Start The Fire	5	288	L	1556079785
Billy Joel	The Ultimate Collection [Bonus Track] [Disc 1]	Everybody Loves You Now	6	191	L	1556080068
Billy Joel	The Ultimate Collection [Disc 2]	A Matter Of Trust	11	250	L	1556080254
The Eagles	The Very Best Of The Eagles (Disc 1)	Hotel California	17	390	L	1556080500
Chal Pichchur Banate Hain (DjPunjab.CoM)	Chal Pichchur Banate Hain (DjPunjab.CoM)	Baanwra Mann (DjPunjab.CoM)	1	271	L	1556080885
Chakradhaar (DjPunjab.CoM)	Chakradhaar (DjPunjab.CoM)	Bin Tere (DjPunjab.CoM)	1	251	L	1556081151
trfd	SunilSelection	Heavy Fuel		296	L	1556081397
Billy Joel	SunilSelection	In The Middle Of The Night		245	L	1556081687
Marc Anthony	Marc Anthony	You Sang To Me	4	349	L	1556081928
Dropbox	6_Music	04-DEVI_SUKTHAM-MANTRA_MANJUSHA.ogg		166	L	1556094126
trfd	SunilSelection	0AeDilENadan(RaziyaSultan)		341	L	1556197881
trfd	SunilSelection	0AeDilENadan(RaziyaSultan)		341	L	1556242578
trfd	SunilSelection	0AeDilENadan(RaziyaSultan)		341	L	1556297414
trfd	SunilSelection	0AeDilENadan(RaziyaSultan)		341	L	1556337231
trfd	SunilSelection	0AeDilENadan(RaziyaSultan)		341	L	1556530388
trfd	SunilSelection	0AeDilENadan(RaziyaSultan)		341	L	1556595789
Dropbox	6_Music	04-DEVI_SUKTHAM-MANTRA_MANJUSHA.ogg		166	L	1556612521
Dropbox	6_Music	04-DEVI_SUKTHAM-MANTRA_MANJUSHA.ogg		166	L	1556701735
ConcV	Concrete_Music	Ranjish hi sahi		577	L	1556708196
nn	 / 05] Vasudeva Krishna - Pandit Jasraj	Om Namo Bhagwate Vasudevaya	1	1519	L	1556713872
nn		Apne honto par sajana chahta		418	L	1556714573
nn		Aye husn e lala fam zara		466	L	1556714987
nn		Baat niklegi to door talak		224	L	1556715448
nn		Bazoo bund khul		508	L	1556715668
nn		Be sabab aaj aankh purnam hai		392	L	1556716171
nn		Be sabab aaj aankh purnam hai		392	L	1556762231
Mehdi Hassan	nn	Mehdi Hassan		845	L	1556776818
Mehdi Hassan	nn	Mehdi Hassan		398	L	1556777658
Dropbox	6_Music	04-DEVI_SUKTHAM-MANTRA_MANJUSHA.ogg		166	L	1556785322
nn	 / 05] Vasudeva Krishna - Pandit Jasraj	Braje Basantam	2	869	L	1556786610
nn	 / 05] Vasudeva Krishna - Pandit Jasraj	Gokul Mein Bajat	3	655	L	1556787513
nn		p Ae ri main kaise ghar.mp3		615	L	1556788171
nn		Andaaz apne dekhte hain		635	L	1556788782
nn		Andaaz apne dekhte hain		635	L	1556789567
nn		Apne honto par sajana chahta		418	L	1556790353
nn		Aye husn e lala fam zara		466	L	1556790766
nn		Aye husn e lala fam zara		466	L	1556902137
Pandit Jasraj	Shri Krishna Anurag Vol. 1	06 Shri Madhurashtakam	6	731	L	1556940811
Pandit Jasraj	Shri Krishna Anurag Vol. 1	07 Barha Peedam	7	229	L	1556941538
Pandit Jasraj	Shri Krishna Anurag Vol. 2	08 Bansi Vibhushit	8	491	L	1556941761
Pandit Jasraj	Shri Krishna Anurag Vol. 2	09 Shri Bhagwanmansa Puja	9	1079	L	1556942248
Pandit Jasraj	Shri Krishna Anurag Vol. 2	10 Shri Krishna Naman	10	208	L	1556943322
Pandit Jasraj	Shri Krishna Anurag Vol. 2	11 Kasturi Tilakam	11	266	L	1556943525
Pandit Jasraj	Shri Krishna Anurag Vol. 2	12 Shri Krishnashtakam-1 (Paramhamsa Swami Brahmanand)	12	989	L	1556943787
Pandit Jasraj	Shri Krishna Anurag Vol. 2	13 Shri Krishnashtakam-2 (Adi Shankaracharya)	13	548	L	1556944772
Pandit Jasraj	Shri Krishna Anurag Vol. 3	14 Hari nama mala Stotra	14	1190	L	1556945315
Pandit Jasraj	Shri Krishna Anurag Vol. 3	15 Gopala Niranjanam	15	604	L	1556946500
Pandit Jasraj	Shri Krishna Anurag Vol. 3	16 Vrindavan Stuti	16	437	L	1556947100
Pandit Jasraj	Shri Krishna Anurag Vol. 3	17 Shri Krishna Lahari Stotra	17	869	L	1556947533
Pandit Jasraj	Shri Krishna Anurag Vol. 3	18 Shri Krishna Leela	18	230	L	1556948397
Pandit Jasraj	Shri Krishna Anurag Vol. 3	19 Sharanagati Stuti	19	246	L	1556948622
Pt. Jasraj & Hariprasad Chaurasia	Timeless Taranas MP3	01 Raga Jog	1	841	L	1556948863
Pandit Jasraj	Shri Krishna Anurag Vol. 2	13 Shri Krishnashtakam-2 (Adi Shankaracharya)	13	548	L	1557049293
Pandit Jasraj	Shri Krishna Anurag Vol. 3	14 Hari nama mala Stotra	14	1190	L	1557049835
Pandit Jasraj	Shri Krishna Anurag Vol. 3	15 Gopala Niranjanam	15	604	L	1557051020
Pandit Jasraj	Shri Krishna Anurag Vol. 3	16 Vrindavan Stuti	16	437	L	1557051620
Pandit Jasraj	Shri Krishna Anurag Vol. 3	17 Shri Krishna Lahari Stotra	17	869	L	1557052052
Pandit Jasraj	Shri Krishna Anurag Vol. 3	18 Shri Krishna Leela	18	230	L	1557052917
Pandit Jasraj	Shri Krishna Anurag Vol. 3	19 Sharanagati Stuti	19	246	L	1557053142
Pt. Jasraj & Hariprasad Chaurasia	Timeless Taranas MP3	01 Raga Jog	1	841	L	1557053383
Pt. Jasraj & Hariprasad Chaurasia	Timeless Taranas MP3	01 Raga Jog	1	841	L	1557118490
Dropbox	6_Music	04-DEVI_SUKTHAM-MANTRA_MANJUSHA.ogg		166	L	1557130926
Mehdi Hassan	nn	Mehdi Hassan		665	L	1557146901
Mehdi Hassan	nn	Mehdi Hassan		665	L	1557191773
nn	 / 05] Vasudeva Krishna - Pandit Jasraj	Om Namo Bhagwate Vasudevaya	1	1519	L	1557192931
nn	 / 05] Vasudeva Krishna - Pandit Jasraj	Braje Basantam	2	869	L	1557194445
nn	 / 05] Vasudeva Krishna - Pandit Jasraj	Gokul Mein Bajat	3	655	L	1557195309
nn		Aaj jane ki zid karo		431	L	1557195960
nn		Aap ko dkh kar dkhta rah gaya		123	L	1557196386
nn		p Ae ri main kaise ghar.mp3		615	L	1557196505
nn		Andaaz apne dekhte hain		635	L	1557197116
nn		Apne chehre par sajana chahta huen		366	L	1557378385
nn		Apne chehre par sajana chahta huen		366	L	1557387003
Dropbox	6_Music	04-DEVI_SUKTHAM-MANTRA_MANJUSHA.ogg		166	L	1557390694
nn	 / 05] Vasudeva Krishna - Pandit Jasraj	Gokul Mein Bajat	3	655	L	1557390868
Pandit Jasraj	Shri Krishna Anurag Vol. 1	05 Mangalacharan	5	803	L	1557401618
Pandit Jasraj	Shri Krishna Anurag Vol. 1	05 Mangalacharan	5	803	L	1557459816
nn		Apne honto par sajana chahta		418	L	1557464168
nn		Aye husn e lala fam zara		466	L	1557464581
nn		Baat niklegi to door talak		224	L	1557465043
nn		Bazoo bund khul		508	L	1557465266
nn		Be sabab aaj aankh purnam hai		392	L	1557465587
nn		Behka hua aatish		578	L	1557465975
nn		Bhaharon ko chaman yaad aa gaya		626	L	1557466548
nn		Bin barish barsat		482	L	1557467171
nn		Bin barish barsat		482	L	1557467733
nn		Chand nikle kisi jaanib		477	L	1557468122
nn		Chupke chupke raat din		696	L	1557468595
nn		Dayar-e-dil ki raah main		516	L	1557469286
nn		Dekhna unka kankhiyon se		375	L	1557469797
nn		Dil dhadakne ka sabak		757	L	1557470168
nn		Dil jalane ki baat		456	L	1557470920
nn		Dost bankar bhi nahin		595	L	1557471371
nn		Ek to chehra aisa ho		452	L	1557471962
nn		Faasle aise bhi honge		622	L	1557472409
nn		Gulon ki baat karo		461	L	1557473027
nn		Har ek baat pe kahte		772	L	1557473483
nn		Hothon se choo lo tum		294	L	1557474250
nn		Hungama hai kyon barpa		981	L	1557474529
nn		Huzur aap ka bhi ehtaram karta		455	L	1557475506
nn		Ibn-e-marium hua		389	L	1557475929
nn		Ishq ki dastan hai pyarey		354	L	1557476314
Dropbox	6_Music	04-DEVI_SUKTHAM-MANTRA_MANJUSHA.ogg		166	L	1557476524
Pandit Jasraj	Shri Krishna Anurag Vol. 1	07 Barha Peedam	7	229	L	1557478048
Mehdi Hassan	nn	Mehdi Hassan		665	L	1557479605
Mehdi Hassan	nn	Mehdi Hassan		264	L	1557480265
Mehdi Hassan	nn	Mehdi Hassan		365	L	1557480524
Mehdi Hassan	nn	Mehdi Hassan		719	L	1557480884
Mehdi Hassan	nn	Mehdi Hassan		373	L	1557481599
Mehdi Hassan	nn	Mehdi Hassan		998	L	1557481968
Mehdi Hassan	nn	Mehdi Hassan		850	L	1557482957
nn	 / 05] Vasudeva Krishna - Pandit Jasraj	Braje Basantam	2	869	L	1557483875
nn	 / 05] Vasudeva Krishna - Pandit Jasraj	Gokul Mein Bajat	3	655	L	1557484740
Dropbox	6_Music	04-DEVI_SUKTHAM-MANTRA_MANJUSHA.ogg		166	L	1557562926
Pandit Jasraj	Shri Krishna Anurag Vol. 1	03 Shri Yamunashtakam	3	879	L	1557678041
Pandit Jasraj	Shri Krishna Anurag Vol. 1	04 Shri Krishna Dwadashnaam Stotra	4	367	L	1557678914
Pandit Jasraj	Shri Krishna Anurag Vol. 1	05 Mangalacharan	5	803	L	1557679277
Pandit Jasraj	Shri Krishna Anurag Vol. 1	06 Shri Madhurashtakam	6	731	L	1557680076
Pandit Jasraj	Shri Krishna Anurag Vol. 1	07 Barha Peedam	7	229	L	1557680803
Pandit Jasraj	Shri Krishna Anurag Vol. 2	08 Bansi Vibhushit	8	491	L	1557681027
Pandit Jasraj	Shri Krishna Anurag Vol. 2	09 Shri Bhagwanmansa Puja	9	1079	L	1557681513
Pandit Jasraj	Shri Krishna Anurag Vol. 2	10 Shri Krishna Naman	10	208	L	1557682588
Pandit Jasraj	Shri Krishna Anurag Vol. 2	11 Kasturi Tilakam	11	266	L	1557682790
nn	 / 05] Vasudeva Krishna - Pandit Jasraj	Om Namo Bhagwate Vasudevaya	1	1519	L	1557718447
Dropbox	6_Music	04-DEVI_SUKTHAM-MANTRA_MANJUSHA.ogg		166	L	1557735723
Dropbox	6_Music	04-DEVI_SUKTHAM-MANTRA_MANJUSHA.ogg		166	L	1557810072
01] Ustad Amjad Ali Khan (Sarod)	Sur-Siddhi	04] Bhajan In Raga Charukesi	4	833	L	1557811464
Dropbox	6_Music	04-DEVI_SUKTHAM-MANTRA_MANJUSHA.ogg		166	L	1557822125
Dropbox	6_Music	04-DEVI_SUKTHAM-MANTRA_MANJUSHA.ogg		166	L	1557994924
Dropbox	6_Music	04-DEVI_SUKTHAM-MANTRA_MANJUSHA.ogg		166	L	1558081325
01] Ustad Amjad Ali Khan (Sarod)	Classical Instrumental - Sarod	03] Drut Gat To Teentaal	3	745	L	1558322569
02] Pt. Nikhil Banerjee (Sitar)	Cd 1	04] Dhun - Baul (Folk Tune)	4	304	L	1558323229
02] Pt. Nikhil Banerjee (Sitar)	Cd 2	01] Raga Marwa 	1	1485	L	1558323529
02] Pt. Nikhil Banerjee (Sitar)	Cd 2	02] Raga Mishra Khamaj	2	1393	L	1558325010
01] Ustad Amjad Ali Khan (Sarod)	Golden Raaga Collection	01] Raga Haripriya Kanhar	1	2431	L	1558326096
Dropbox	6_Music	04-DEVI_SUKTHAM-MANTRA_MANJUSHA.ogg		166	L	1558340527
02] Pt. Nikhil Banerjee (Sitar)	Navratna The Great Masters	02] Alap, Jor	2	924	L	1558369740
02] Pt. Nikhil Banerjee (Sitar)	Navratna The Great Masters	03] Masitkhani Gat In Teental	3	2143	L	1558370660
02] Pt. Nikhil Banerjee (Sitar)	Navratna The Great Masters	04] Drut Gat In Teental	4	1281	L	1558372799
02] Pt. Nikhil Banerjee (Sitar)	Navratna The Great Masters	04] Drut Gat In Teental	4	1281	L	1558411515
02] Pt. Nikhil Banerjee (Sitar)	Navratna The Great Masters	04] Drut Gat In Teental	4	1281	L	1558415398
03] Ustad Vilayat Khan (Sitar)	01] Royal Touch On Sitar	02] Vilayat Khan Kanada	2	1555	L	1558417134
03] Ustad Vilayat Khan (Sitar)	02] Legend's Best	03] Raag Jogkauns - Drut Gats	3	704	L	1558417880
03] Ustad Vilayat Khan (Sitar)	03] The Best Of Vilayat Khan	01] Raga Bilaskhani Todi	1	1795	L	1558418580
03] Ustad Vilayat Khan (Sitar)	03] The Best Of Vilayat Khan	02] Raga Kedar Bhankar	2	1787	L	1558420371
Dropbox	6_Music	04-DEVI_SUKTHAM-MANTRA_MANJUSHA.ogg		166	L	1558426922
nn		Aye husn e lala fam zara		466	L	1558427154
nn		Baat niklegi to door talak		224	L	1558427614
nn		Ranjish hi sahi		577	L	1558428050
nn		Ibn-e-marium hua		389	L	1558428953
nn		Ibn-e-marium hua		389	L	1558430789
02] Pt. Nikhil Banerjee (Sitar)	Cd 1	04] Dhun - Baul (Folk Tune)	4	304	L	1558456488
02] Pt. Nikhil Banerjee (Sitar)	Cd 2	02] Raga Mishra Khamaj	2	1393	L	1558456788
02] Pt. Nikhil Banerjee (Sitar)	Cd 2	02] Raga Mishra Khamaj	2	1393	L	1558457487
02] Pt. Nikhil Banerjee (Sitar)	Cd 2	02] Raga Mishra Khamaj	2	1393	L	1558457796
02] Pt. Nikhil Banerjee (Sitar)	Cd 2	02] Raga Mishra Khamaj	2	1393	L	1558460130
02] Pt. Nikhil Banerjee (Sitar)	Cd 2	02] Raga Mishra Khamaj	2	1393	L	1558496636
02] Pt. Nikhil Banerjee (Sitar)	Cd 2	01] Raga Marwa 	1	1485	L	1558499687
Neil Diamond	The Essential Neil Diamond Disc 1	You Got To Me (Mono Version)	6	168	L	1558500816
Neil Diamond	The Essential Neil Diamond Disc 1	Song Sung Blue	11	193	L	1558500991
Neil Diamond	The Essential Neil Diamond Disc 1	Holly Holy	12	270	L	1558501179
Neil Diamond	The Essential Neil Diamond Disc 1	Solitary Man (Mono Version)	1	152	L	1558501445
trfd	BFF  Bhajan from Films	081 chadariya jhini re jhini		887	L	1558503648
trfd	BFF  Bhajan from Films	002 itni shakti humko dena daata 		308	L	1558506096
Dropbox	6_Music	04-DEVI_SUKTHAM-MANTRA_MANJUSHA.ogg		166	L	1558539953
Neil Diamond	The Essential Neil Diamond Disc 2	Forever In Blue Jeans	13	219	L	1558541120
Neil Diamond	The Essential Neil Diamond Disc 2	September Morn	14	232	L	1558541334
Neil Diamond	The Essential Neil Diamond Disc 2	I've Been This Way Before	15	228	L	1558541561
Neil Diamond	The Essential Neil Diamond Disc 2	Yesterday's Songs	16	171	L	1558541784
Neil Diamond	The Essential Neil Diamond Disc 2	Heartlight	17	266	L	1558541950
Neil Diamond	The Essential Neil Diamond Disc 2	Forever In Blue Jeans	13	219	L	1558542297
Neil Diamond	The Essential Neil Diamond Disc 1	Solitary Man (Mono Version)	1	152	L	1558542687
Neil Diamond	The Essential Neil Diamond Disc 1	Cherry, Cherry (Mono Version)	2	162	L	1558542954
Neil Diamond	The Essential Neil Diamond Disc 1	I Got The Feelin' (Oh No, No) (Mono Version)	3	133	L	1558543112
Neil Diamond	The Essential Neil Diamond Disc 1	Kentucky Woman (Mono Version)	4	146	L	1558550136
Neil Diamond	The Essential Neil Diamond Disc 1	Girl, You'll Be A Woman Soon (Mono Version)	5	175	L	1558550278
Neil Diamond	The Essential Neil Diamond Disc 1	You Got To Me (Mono Version)	6	168	L	1558550448
Neil Diamond	The Essential Neil Diamond Disc 1	Red, Red Wine (Mono Version)	7	161	L	1558550611
Neil Diamond	The Essential Neil Diamond Disc 1	Thank The Lord For The Night Time (Mono Version)	8	180	L	1558550768
Neil Diamond	The Essential Neil Diamond Disc 1	I'm A Believer (Mono Version)	9	163	L	1558550945
Neil Diamond	The Essential Neil Diamond Disc 1	Sweet Caroline	10	201	L	1558551103
Neil Diamond	The Essential Neil Diamond Disc 1	Song Sung Blue	11	193	L	1558551299
Neil Diamond	The Essential Neil Diamond Disc 1	Holly Holy	12	270	L	1558551489
Neil Diamond	The Essential Neil Diamond Disc 1	I Am...I Said	13	213	L	1558551755
Neil Diamond	The Essential Neil Diamond Disc 1	Cracklin' Rosie	14	179	L	1558551963
Neil Diamond	The Essential Neil Diamond Disc 1	Play Me (Live)	15	261	L	1558552139
Neil Diamond	The Essential Neil Diamond Disc 1	Morningside (Live)	16	325	L	1558552396
Neil Diamond	The Essential Neil Diamond Disc 1	Crunchy Granola Suite (Live)	17	245	L	1558552717
Neil Diamond	The Essential Neil Diamond Disc 1	Crunchy Granola Suite (Live)	17	245	L	1558584935
Shreya Ghoshal	Barfi!	Aashiyan - www.Songs.PK	5	236	L	1558585197
Arijit Singh	Barfi!	Saawali Si Raat 	6	308	L	1558585428
Swanand Kirkire	Barfi!	Ala Barfi! - www.Songs.PK	7	341	L	1558585731
Ram Sampath	Dehli Belly (2011)	Bhaag D.K. Bose, Aandhi Aayi - www.DJMaza.Com	1	241	L	1558586067
Mohit Chauhan	Rockstar (2011)	Phir Se Ud Chala - www.DJMaza.Com	1	271	L	1558586304
Akon	Ra.One (2011) [Single]	Chammak Challo	1	234	L	1558586571
Mohit Chauhan	Rockstar (2011)	Jo Bhi Main - www.DJMaza.Com	2	275	L	1558586793
Mohit Chauhan	Rockstar (2011)	Jo Bhi Main - www.DJMaza.Com	2	275	L	1558587174
Sonu Nigam	Agneepath	Abhi Mujh Mein Kahin - www.Songs.PK	5	363	L	1558587769
Mohit Chauhan, Viviane, Tanvi, Suvi Suresh & Shalini	Rockstar (2011)	Haawa Haawa - www.DJMaza.Com	6	342	L	1558588129
Mohit Chauhan & Alma Ferovic	Rockstar (2011)	Aur Ho - www.DJMaza.Com	7	335	L	1558588466
Neil Diamond	The Essential Neil Diamond Disc 1	Solitary Man (Mono Version)	1	152	L	1558592820
Neil Diamond	The Essential Neil Diamond Disc 1	Cherry, Cherry (Mono Version)	2	162	L	1558592963
Neil Diamond	The Essential Neil Diamond Disc 1	I Got The Feelin' (Oh No, No) (Mono Version)	3	133	L	1558593121
Neil Diamond	The Essential Neil Diamond Disc 1	Kentucky Woman (Mono Version)	4	146	L	1558593249
Neil Diamond	The Essential Neil Diamond Disc 1	Girl, You'll Be A Woman Soon (Mono Version)	5	175	L	1558593391
Neil Diamond	The Essential Neil Diamond Disc 1	You Got To Me (Mono Version)	6	168	L	1558593561
Neil Diamond	The Essential Neil Diamond Disc 1	Red, Red Wine (Mono Version)	7	161	L	1558593724
Neil Diamond	The Essential Neil Diamond Disc 1	Thank The Lord For The Night Time (Mono Version)	8	180	L	1558593881
Neil Diamond	The Essential Neil Diamond Disc 1	Red, Red Wine (Mono Version)	7	161	L	1558595482
Neil Diamond	The Essential Neil Diamond Disc 1	Thank The Lord For The Night Time (Mono Version)	8	180	L	1558595638
Neil Diamond	The Essential Neil Diamond Disc 1	I'm A Believer (Mono Version)	9	163	L	1558595814
Neil Diamond	The Essential Neil Diamond Disc 1	Sweet Caroline	10	201	L	1558595972
Neil Diamond	The Essential Neil Diamond Disc 1	Song Sung Blue	11	193	L	1558596169
Neil Diamond	The Essential Neil Diamond Disc 1	I Am...I Said	13	213	L	1558596540
Neil Diamond	The Essential Neil Diamond Disc 1	Cracklin' Rosie	14	179	L	1558596749
Dropbox	6_Music	04-DEVI_SUKTHAM-MANTRA_MANJUSHA.ogg		166	L	1558599728
Dropbox	6_Music	04-DEVI_SUKTHAM-MANTRA_MANJUSHA.ogg		166	L	1558599889
Dropbox	6_Music	04-DEVI_SUKTHAM-MANTRA_MANJUSHA.ogg		166	L	1558600050
Dropbox	6_Music	04-DEVI_SUKTHAM-MANTRA_MANJUSHA.ogg		166	L	1558600211
Louis Armstrong	Armstrong Comes Alive (Extended)	It Ain't What You Do (It's the Way That You Do It)	23	178	L	1558630273
Louis Armstrong	Armstrong Comes Alive (Extended)	It Ain't What You Do (It's the Way That You Do It)	23	178	L	1558630447
S D Burman	S D Burman	Wahan Kaun Hai Tera - Guide		282	L	1558630637
S D Burman	S D Burman	Safal Hogi Teri Aradhana - Aradhana		346	L	1558630913
S D Burman	S D Burman	Doli Mein Bithay Ke Kahar - Amar Prem		343	L	1558631254
trfd	SunilSelection5may19	SACHMEREYAARHAI		412	L	1558680623
trfd	SunilSelection5may19	Piya Basanti Re 		273	L	1558681028
Dropbox	6_Music	04-DEVI_SUKTHAM-MANTRA_MANJUSHA.ogg		166	L	1558772523
artist	title	02 saanwariya saanwariya	2	317	L	1558856718
artist	title	Track 11	11	282	L	1558856987
artist	title	Track 07	7	182	L	1558857264
artist	title	Track 16	16	187	L	1558857442
artist	title	Track 01	1	296	L	1558857624
artist	title	Track 01	1	544	L	1558857916
artist	title	Track 07	7	252	L	1558858455
artist	title	Track 01	1	224	L	1558858702
artist	title	Track 08	8	235	L	1558858922
artist	title	Track 11	11	291	L	1558859152
artist	title	Track 04	4	183	L	1558859438
03] Ustad Vilayat Khan (Sitar)	01] Royal Touch On Sitar	02] Vilayat Khan Kanada	2	1555	L	1558859626
03] Ustad Vilayat Khan (Sitar)	01] Royal Touch On Sitar	02] Vilayat Khan Kanada	2	1555	L	1558860314
03] Ustad Vilayat Khan (Sitar)	01] Royal Touch On Sitar	03] Punjabi Dhun (Taal Kaharwa)	3	417	L	1558861865
trfd	BFF  Bhajan from Films	036 ban wari re		211	L	1558891010
trfd	BFF  Bhajan from Films	092 sumiran karle		512	L	1558891216
trfd	BFF  Bhajan from Films	019 man tadpat hai hari darshan ko aaj		303	L	1558891724
trfd	BFF  Bhajan from Films	007 insaf ka mandir hai 		178	L	1558892022
trfd	BFF  Bhajan from Films	028 radhike tune bansi bajai		204	L	1558892196
trfd	BFF  Bhajan from Films	104 thumak chalat ramchandra		257	L	1558892395
trfd	BFF  Bhajan from Films	107 vaishnu janto tene kahiye		258	L	1558892647
trfd	BFF  Bhajan from Films	091 ram charan sukhdai		599	L	1558892901
trfd	BFF  Bhajan from Films	113 jheenee jheenee beeni beeni		353	L	1558893495
trfd	BFF  Bhajan from Films	084 itna to karna swami		214	L	1558893844
trfd	BFF  Bhajan from Films	109 na main dharmi na hi adharmi		384	L	1558894054
trfd	BFF  Bhajan from Films	109 na main dharmi na hi adharmi		384	L	1558926607
Dropbox	6_Music	04-DEVI_SUKTHAM-MANTRA_MANJUSHA.ogg		166	L	1558945326
Dropbox	6_Music	04-DEVI_SUKTHAM-MANTRA_MANJUSHA.ogg		166	L	1559031727
03 KUCH BHI NA SOCHO	SunilSelection5may19	03 KUCH BHI NA SOCHO		352	L	1559042631
Sukhwinder Singh, Alka Yagnik	Taal (1999)	Ramta Jogi 	6	376	L	1559043012
01] Ustad Amjad Ali Khan (Sarod)	Classical Instrumental - Sarod	02] Raga Bhageshwari - Vilambit Gat Set To Roopak Tala	2	1696	L	1559125525
01] Ustad Amjad Ali Khan (Sarod)	Classical Instrumental - Sarod	02] Raga Bhageshwari - Vilambit Gat Set To Roopak Tala	2	1696	L	1559125994
01] Ustad Amjad Ali Khan (Sarod)	Classical Instrumental - Sarod	02] Raga Bhageshwari - Vilambit Gat Set To Roopak Tala	2	1696	L	1559212810
Billy Joel	The Ultimate Collection [Disc 2]	Uptown Girl	1	196	L	1559214509
Billy Joel	The Ultimate Collection [Bonus Track] [Disc 1]	Just The Way You Are	1	290	L	1559214701
Billy Joel	The Ultimate Collection [Bonus Track] [Disc 1]	The Entertainer	7	220	L	1559214987
Papon	Barfi!	Kyon - www.Songs.PK	3	266	L	1559215203
www.downloadming.com	Chori Chori (1956)	02 - Jahan Main Jati Hun - www.downloadming.com		247	L	1559215463
Neil Diamond	The Essential Neil Diamond Disc 1	You Got To Me (Mono Version)	6	168	L	1559215705
Arijit Singh, Hamsika, Joi	Agent Vinod	Raabta (Siyaah Raatein) - www.Songs.PK	9	290	L	1559215869
Arijit Singh, Joy	Agent Vinod	Raabta - www.Songs.PK	3	244	L	1559216404
Arijit Singh, Joy	Agent Vinod	Raabta - www.Songs.PK	3	244	L	1559324097
Vishal Dadlani	Talaash	Jee Le Zaraa - www.Songs.PK	2	216	L	1559324391
Mika Singh, Amitabh Bhattacharya, Nakash, Pritam	Agent Vinod	Pungi - www.Songs.PK	2	250	L	1559324603
Nikhil Paul George	Barfi!	Main Kya Karoon - www.Songs.PK	2	270	L	1559324848
Virsa	Virsa	Main Tenu Samjhawan		288	L	1559325185
Virsa	Virsa	Mein Tenu Samjhawan UNPLUGGED		280	L	1559325467
trfd	SunilSelection5may19	aasman ke - ROCKFORD		377	L	1559325742
SunilSelection5may19	 Great Duets Vol 2	Hindi - Diwana hua badal	15	354	L	1559326112
leann rimes	Coyote Ugly OST	cant fight the moonlight	1	215	L	1559326461
trfd	SunilSelection5may19	i want to break free		256	L	1559326671
trfd	SunilSelection5may19	Love U To Wanna Me		192	L	1559326922
Madonna	Die Another Day Soundtrack	Die Another Day		212	L	1559327109
S D Burman	S D Burman	Mere Sajan Hai Us Paar - Bandini		199	L	1559327317
S D Burman	S D Burman	Safal Hogi Teri Aradhana - Aradhana		346	L	1559327511
Arijit Singh & Shreya Ghoshal	Humpty Sharma Ki Dulhania (2014)	Samjhawan - DJMaza.Info	2	269	L	1559327851
Dropbox	6_Music	04-DEVI_SUKTHAM-MANTRA_MANJUSHA.ogg		166	L	1559377329
Dropbox	6_Music	04-DEVI_SUKTHAM-MANTRA_MANJUSHA.ogg		166	L	1559377488
Dropbox	6_Music	04-DEVI_SUKTHAM-MANTRA_MANJUSHA.ogg		166	L	1559377650
Swanand Kirkire	Barfi!	Ala Barfi! - www.Songs.PK	7	341	L	1559377824
Ram Sampath	Dehli Belly (2011)	Bhaag D.K. Bose, Aandhi Aayi - www.DJMaza.Com	1	241	L	1559378161
Mohit Chauhan	Rockstar (2011)	Phir Se Ud Chala - www.DJMaza.Com	1	271	L	1559378397
Akon	Ra.One (2011) [Single]	Chammak Challo	1	234	L	1559378664
Mohit Chauhan	Rockstar (2011)	Jo Bhi Main - www.DJMaza.Com	2	275	L	1559378887
Khushboo Raaj & Rekha Jha	Gangs Of Wasseypur (2012)	O Womaniya Live - www.DJMaza.Com	3	289	L	1559379158
Harshdeep Kaur & Sapna Awasthi	Rockstar (2011)	Katiya Karun - www.DJMaza.Com	3	239	L	1559379442
A.R.Rahman, Javed Ali & Mohit Chauhan	Rockstar (2011)	Kun Faaya Ku - www.DJMaza.Com	4	473	L	1559379676
Sonu Nigam	Agneepath	Abhi Mujh Mein Kahin - www.Songs.PK	5	363	L	1559380144
Mohit Chauhan, Viviane, Tanvi, Suvi Suresh & Shalini	Rockstar (2011)	Haawa Haawa - www.DJMaza.Com	6	342	L	1559380503
Mohit Chauhan & Alma Ferovic	Rockstar (2011)	Aur Ho - www.DJMaza.Com	7	335	L	1559380840
Khushboo Raaj & Rekha Jha	Gangs Of Wasseypur (2012)	Womaniya - www.DJMaza.Com	11	322	L	1559381170
Himesh Reshammiya, Shreya Ghoshal & Rahat Fateh Ali Khan	Dangerous Ishhq	Naina Re (Remix) - www.Songs.PK	8	268	L	1559381488
Tulsi Kumar	Dangerous Ishhq	Tu Hi Rab Tu Hi Dua (Reprise) - www.Songs.PK	11	285	L	1559381751
Mika Singh, Amitabh Bhattacharya, Nakash, Pritam	Agent Vinod	Pungi - www.Songs.PK	2	250	L	1559382032
Arijit Singh, Joy	Agent Vinod	Raabta - www.Songs.PK	3	244	L	1559382277
Arijit Singh, Shreya Ghoshal, Hamsika	Agent Vinod	Raabta (Kehte Hain Khuda Ne) - www.Songs.PK	8	290	L	1559382516
Arijit Singh, Hamsika, Joi	Agent Vinod	Raabta (Siyaah Raatein) - www.Songs.PK	9	290	L	1559382802
Mohit Chauhan	Barfi!	Barfi! - www.Songs.PK	1	319	L	1559383087
Nikhil Paul George	Barfi!	Main Kya Karoon - www.Songs.PK	2	270	L	1559383401
Papon	Barfi!	Kyon - www.Songs.PK	3	266	L	1559383666
Arijit Singh	Barfi!	Phir Le Aya Dil (Reprise) - www.Songs.PK	4	305	L	1559383927
Mustafa Zahid	Blood Money	Jo Tere Sang 	4	306	L	1559384228
Alyssa Mendonca & Vishal Dadlani	Break Ke Baad	Adhoore 	1	263	L	1559384529
Shail Hada & Rakesh Pandit	Guzaarish	Tera Zikr 	3	299	L	1559384787
Sunidhi Chauhan & Shail Hada	Guzaarish	Udi 	6	202	L	1559385082
Shail Hada	Guzaarish	Keh Na Saku 	7	227	L	1559385279
Harshdeep Kaur	Guzaarish	Chaand Ki Katori - www.Songs.PK	8	325	L	1559385502
Vishal Dadlani, Sunidhi Chauhan	Ishaqzaade	Chokra Jawaan - www.Songs.PK	2	311	L	1559385822
Shreya Ghoshal, Neumann Pinto, Ajinkya Iyer	Ishaqzaade	Jhalla Wallah (Remix) - www.Songs.PK	7	240	L	1559386130
Vishal Dadlani	Talaash	Jee Le Zaraa - www.Songs.PK	2	216	L	1559386365
Vishal Dadlani	Talaash	Jee Le Zaraa (Remix) - www.Songs.PK	6	238	L	1559386577
Kamal Khan	Dirty Picture	Ishq Sufiyana (Male) - www.Songs.PK	2	327	L	1559386811
Sukanya Purkayastha	Vicky Donor	Pani Da Rang (Female) - www.Songs.PK	7	289	L	1559387133
Benny Dayal & Shefali Alvaris	Yeh Jawaani Hai Deewani (2013)	Badtameez Dil @ IndiaMp3.Com	1	260	L	1559387417
Vishal Dadlani & Shalmali Kholgade	Yeh Jawaani Hai Deewani (2013)	Balam Pichkari @ IndiaMp3.Com	2	296	L	1559387673
Arijit Singh & Sunidhi Chauhan	Yeh Jawaani Hai Deewani (2013)	Dilliwaali Girlfriend @ IndiaMp3.Com	5	260	L	1559387964
Mohit Chauhan	Yeh Jawaani Hai Deewani (2013)	Ilahi @ IndiaMp3.Com	3	212	L	1559388219
Arijit Singh & Harshjeep	Yeh Jawaani Hai Deewani (2013)	Kabira @ IndiaMp3.Com	8	269	L	1559388427
Wajid	Teri Meri Kahaani	 Mukhtasar @ IndiaMp3.Com	1	332	L	1559388692
Arijit Singh & Shreya Ghoshal	Humpty Sharma Ki Dulhania (2014)	Samjhawan - DJMaza.Info	2	269	L	1559389019
Arijit Singh & Shreya Ghoshal	Humpty Sharma Ki Dulhania (2014)	Samjhawan - DJMaza.Info	2	269	L	1559389284
Sunidhi Chauhan & Haji Springer	Rascals (2011)	Shake it Saiyyan - www.DJMaza.Com	4	204	L	1559389548
Arijit Singh	Best Of Arijit Singh	Tum Hi Ho	1	266	L	1559389745
Suman Sridhar	Talaash	Muskaanein Jhooti Hai - www.Songs.PK	1	199	L	1559390002
Vishal Dadlani	Talaash	Jee Le Zaraa - www.Songs.PK	2	216	L	1559390196
Sona Mohapatra & Ravindra Upadhyay	Talaash	Jiya Lage Na - www.Songs.PK	3	277	L	1559390408
Ram Sampath	Talaash	Hona Hai Kya - www.Songs.PK	4	283	L	1559390680
Ram Sampath	Talaash	Laakh Duniya Kahe - www.Songs.PK	5	364	L	1559390959
Vishal Dadlani	Talaash	Jee Le Zaraa (Remix) - www.Songs.PK	6	238	L	1559391318
Shreya Ghoshal	Barfi!	Aashiyan - www.Songs.PK	5	236	L	1559391552
Arijit Singh	Barfi!	Saawali Si Raat 	6	308	L	1559391783
Swanand Kirkire	Barfi!	Ala Barfi! - www.Songs.PK	7	341	L	1559392086
Ram Sampath	Dehli Belly (2011)	Bhaag D.K. Bose, Aandhi Aayi - www.DJMaza.Com	1	241	L	1559392423
Mohit Chauhan	Rockstar (2011)	Phir Se Ud Chala - www.DJMaza.Com	1	271	L	1559392659
Akon	Ra.One (2011) [Single]	Chammak Challo	1	234	L	1559392926
Mohit Chauhan	Rockstar (2011)	Jo Bhi Main - www.DJMaza.Com	2	275	L	1559393148
Khushboo Raaj & Rekha Jha	Gangs Of Wasseypur (2012)	O Womaniya Live - www.DJMaza.Com	3	289	L	1559393419
Harshdeep Kaur & Sapna Awasthi	Rockstar (2011)	Katiya Karun - www.DJMaza.Com	3	239	L	1559393703
A.R.Rahman, Javed Ali & Mohit Chauhan	Rockstar (2011)	Kun Faaya Ku - www.DJMaza.Com	4	473	L	1559393938
Sonu Nigam	Agneepath	Abhi Mujh Mein Kahin - www.Songs.PK	5	363	L	1559394406
Mohit Chauhan, Viviane, Tanvi, Suvi Suresh & Shalini	Rockstar (2011)	Haawa Haawa - www.DJMaza.Com	6	342	L	1559394765
Mohit Chauhan & Alma Ferovic	Rockstar (2011)	Aur Ho - www.DJMaza.Com	7	335	L	1559395102
Khushboo Raaj & Rekha Jha	Gangs Of Wasseypur (2012)	Womaniya - www.DJMaza.Com	11	322	L	1559395432
Himesh Reshammiya, Shreya Ghoshal & Rahat Fateh Ali Khan	Dangerous Ishhq	Naina Re (Remix) - www.Songs.PK	8	268	L	1559395749
Tulsi Kumar	Dangerous Ishhq	Tu Hi Rab Tu Hi Dua (Reprise) - www.Songs.PK	11	285	L	1559396013
Mika Singh, Amitabh Bhattacharya, Nakash, Pritam	Agent Vinod	Pungi - www.Songs.PK	2	250	L	1559396293
Arijit Singh, Joy	Agent Vinod	Raabta - www.Songs.PK	3	244	L	1559396539
Arijit Singh, Shreya Ghoshal, Hamsika	Agent Vinod	Raabta (Kehte Hain Khuda Ne) - www.Songs.PK	8	290	L	1559396778
Arijit Singh, Hamsika, Joi	Agent Vinod	Raabta (Siyaah Raatein) - www.Songs.PK	9	290	L	1559397063
Mohit Chauhan	Barfi!	Barfi! - www.Songs.PK	1	319	L	1559397349
Nikhil Paul George	Barfi!	Main Kya Karoon - www.Songs.PK	2	270	L	1559397663
Papon	Barfi!	Kyon - www.Songs.PK	3	266	L	1559397928
Arijit Singh	Barfi!	Phir Le Aya Dil (Reprise) - www.Songs.PK	4	305	L	1559398189
Mustafa Zahid	Blood Money	Jo Tere Sang 	4	306	L	1559398490
Alyssa Mendonca & Vishal Dadlani	Break Ke Baad	Adhoore 	1	263	L	1559398791
Shail Hada & Rakesh Pandit	Guzaarish	Tera Zikr 	3	299	L	1559399049
Sunidhi Chauhan & Shail Hada	Guzaarish	Udi 	6	202	L	1559399344
Shail Hada	Guzaarish	Keh Na Saku 	7	227	L	1559399541
Harshdeep Kaur	Guzaarish	Chaand Ki Katori - www.Songs.PK	8	325	L	1559539130
Benny Dayal & Shefali Alvaris	Yeh Jawaani Hai Deewani (2013)	Badtameez Dil @ IndiaMp3.Com	1	260	L	1559546504
Vishal Dadlani & Shalmali Kholgade	Yeh Jawaani Hai Deewani (2013)	Balam Pichkari @ IndiaMp3.Com	2	296	L	1559546759
Arijit Singh & Sunidhi Chauhan	Yeh Jawaani Hai Deewani (2013)	Dilliwaali Girlfriend @ IndiaMp3.Com	5	260	L	1559547050
Mohit Chauhan	Yeh Jawaani Hai Deewani (2013)	Ilahi @ IndiaMp3.Com	3	212	L	1559547305
Arijit Singh & Harshjeep	Yeh Jawaani Hai Deewani (2013)	Kabira @ IndiaMp3.Com	8	269	L	1559547513
Wajid	Teri Meri Kahaani	 Mukhtasar @ IndiaMp3.Com	1	332	L	1559547778
Arijit Singh & Shreya Ghoshal	Humpty Sharma Ki Dulhania (2014)	Samjhawan - DJMaza.Info	2	269	L	1559548106
Arijit Singh & Shreya Ghoshal	Humpty Sharma Ki Dulhania (2014)	Samjhawan - DJMaza.Info	2	269	L	1559548370
Sunidhi Chauhan & Haji Springer	Rascals (2011)	Shake it Saiyyan - www.DJMaza.Com	4	204	L	1559548634
Arijit Singh	Best Of Arijit Singh	Tum Hi Ho	1	266	L	1559548831
Suman Sridhar	Talaash	Muskaanein Jhooti Hai - www.Songs.PK	1	199	L	1559549088
Vishal Dadlani	Talaash	Jee Le Zaraa - www.Songs.PK	2	216	L	1559549282
Sona Mohapatra & Ravindra Upadhyay	Talaash	Jiya Lage Na - www.Songs.PK	3	277	L	1559549494
Ram Sampath	Talaash	Hona Hai Kya - www.Songs.PK	4	283	L	1559549766
Dropbox	6_Music	04-DEVI_SUKTHAM-MANTRA_MANJUSHA.ogg		166	L	1559550128
Dropbox	6_Music	04-DEVI_SUKTHAM-MANTRA_MANJUSHA.ogg		166	L	1559550289
Dropbox	6_Music	04-DEVI_SUKTHAM-MANTRA_MANJUSHA.ogg		166	L	1559550450
Dropbox	6_Music	04-DEVI_SUKTHAM-MANTRA_MANJUSHA.ogg		166	L	1559550611
Dropbox	6_Music	04-DEVI_SUKTHAM-MANTRA_MANJUSHA.ogg		166	L	1559550772
Dropbox	6_Music	04-DEVI_SUKTHAM-MANTRA_MANJUSHA.ogg		166	L	1559550933
Dropbox	6_Music	04-DEVI_SUKTHAM-MANTRA_MANJUSHA.ogg		166	L	1559551094
Dropbox	6_Music	04-DEVI_SUKTHAM-MANTRA_MANJUSHA.ogg		166	L	1559551255
Dropbox	6_Music	04-DEVI_SUKTHAM-MANTRA_MANJUSHA.ogg		166	L	1559551416
Dropbox	6_Music	04-DEVI_SUKTHAM-MANTRA_MANJUSHA.ogg		166	L	1559551577
Dropbox	6_Music	04-DEVI_SUKTHAM-MANTRA_MANJUSHA.ogg		166	L	1559551738
Dropbox	6_Music	04-DEVI_SUKTHAM-MANTRA_MANJUSHA.ogg		166	L	1559551900
Dropbox	6_Music	04-DEVI_SUKTHAM-MANTRA_MANJUSHA.ogg		166	L	1559552061
Dropbox	6_Music	04-DEVI_SUKTHAM-MANTRA_MANJUSHA.ogg		166	L	1559552222
Dropbox	6_Music	04-DEVI_SUKTHAM-MANTRA_MANJUSHA.ogg		166	L	1559552383
Dropbox	6_Music	04-DEVI_SUKTHAM-MANTRA_MANJUSHA.ogg		166	L	1559552544
Dropbox	6_Music	04-DEVI_SUKTHAM-MANTRA_MANJUSHA.ogg		166	L	1559552705
Dropbox	6_Music	04-DEVI_SUKTHAM-MANTRA_MANJUSHA.ogg		166	L	1559552866
Dropbox	6_Music	04-DEVI_SUKTHAM-MANTRA_MANJUSHA.ogg		166	L	1559553027
Dropbox	6_Music	04-DEVI_SUKTHAM-MANTRA_MANJUSHA.ogg		166	L	1559553188
Dropbox	6_Music	04-DEVI_SUKTHAM-MANTRA_MANJUSHA.ogg		166	L	1559553349
Dropbox	6_Music	04-DEVI_SUKTHAM-MANTRA_MANJUSHA.ogg		166	L	1559553510
Dropbox	6_Music	04-DEVI_SUKTHAM-MANTRA_MANJUSHA.ogg		166	L	1559553671
Neil Diamond	The Essential Neil Diamond Disc 1	Solitary Man (Mono Version)	1	152	L	1559560099
Neil Diamond	The Essential Neil Diamond Disc 1	Cherry, Cherry (Mono Version)	2	162	L	1559560247
Neil Diamond	The Essential Neil Diamond Disc 1	I Got The Feelin' (Oh No, No) (Mono Version)	3	133	L	1559560405
trfd	BFF  Bhajan from Films	001 sukh ke sab saathi 		361	L	1559614419
trfd	BFF  Bhajan from Films	002 itni shakti humko dena daata 		308	L	1559614775
trfd	BFF  Bhajan from Films	003 hum ko manki shakti dena 		267	L	1559615078
trfd	BFF  Bhajan from Films	004 om jai jagdish hare 		388	L	1559615341
trfd	BFF  Bhajan from Films	005 aye malik tere bande hum 		185	L	1559615724
trfd	BFF  Bhajan from Films	006 tu pyar ka sagar hai 		267	L	1559615904
trfd	BFF  Bhajan from Films	007 insaf ka mandir hai 		178	L	1559616166
trfd	BFF  Bhajan from Films	008 tumhi ho mata pita tumhi ho 		141	L	1559616340
trfd	BFF  Bhajan from Films	012 mujhe apni sharan main 		182	L	1559616476
trfd	BFF  Bhajan from Films	013 badi der bhai 		194	L	1559616654
trfd	BFF  Bhajan from Films	014 allah tero naam 		217	L	1559616844
trfd	BFF  Bhajan from Films	015 jyoti kalash chalke 		209	L	1559617056
trfd	BFF  Bhajan from Films	016 man ke khazanemain maya hi maya 		187	L	1559617261
trfd	BFF  Bhajan from Films	012 mujhe apni sharan main 		182	L	1559635684
Dropbox	6_Music	04-DEVI_SUKTHAM-MANTRA_MANJUSHA.ogg		166	L	1559636524
Dropbox	6_Music	04-DEVI_SUKTHAM-MANTRA_MANJUSHA.ogg		166	L	1559636684
nn		Jis tarah chahe karam		547	L	1559636871
nn		Karoon na yaad magar		388	L	1559637493
Louis Armstrong	Armstrong Comes Alive (Extended)	It Ain't What You Do (It's the Way That You Do It)	23	178	L	1559798449
Louis Armstrong	Armstrong Comes Alive (Extended)	It Ain't What You Do (It's the Way That You Do It)	23	178	L	1560071342
Louis Armstrong	Armstrong Comes Alive (Extended)	It Ain't What You Do (It's the Way That You Do It)	23	178	L	1561372912
01] Ustad Amjad Ali Khan (Sarod)	Classical Instrumental - Sarod	03] Drut Gat To Teentaal	3	745	L	1561373149
01] Ustad Amjad Ali Khan (Sarod)	Golden Raaga Collection	01] Raga Haripriya Kanhar	1	2431	L	1561373890
01] Ustad Amjad Ali Khan (Sarod)	Golden Raaga Collection	02] Raga Lalita Gauri	2	1157	L	1561376316
01] Ustad Amjad Ali Khan (Sarod)	Maestro's Choice Series One	01] Raga Kamalshree	1	1701	L	1561377469
01] Ustad Amjad Ali Khan (Sarod)	Maestro's Choice Series One	02] Raga Durga	2	1758	L	1561379306
01] Ustad Amjad Ali Khan (Sarod)	The Legend Of Sarod	03] Lalita Gauri	3	1032	L	1561379671
Dropbox	6_Music	04-DEVI_SUKTHAM-MANTRA_MANJUSHA.ogg		166	L	1561519939
Dropbox	6_Music	04-DEVI_SUKTHAM-MANTRA_MANJUSHA.ogg		166	L	1561520099
Dropbox	6_Music	04-DEVI_SUKTHAM-MANTRA_MANJUSHA.ogg		166	L	1561520260
Dropbox	6_Music	04-DEVI_SUKTHAM-MANTRA_MANJUSHA.ogg		166	L	1561520421
Dropbox	6_Music	04-DEVI_SUKTHAM-MANTRA_MANJUSHA.ogg		166	L	1561520583
Dropbox	6_Music	04-DEVI_SUKTHAM-MANTRA_MANJUSHA.ogg		166	L	1561520744
Dropbox	6_Music	04-DEVI_SUKTHAM-MANTRA_MANJUSHA.ogg		166	L	1561520905
Dropbox	6_Music	04-DEVI_SUKTHAM-MANTRA_MANJUSHA.ogg		166	L	1561521066
Dropbox	6_Music	04-DEVI_SUKTHAM-MANTRA_MANJUSHA.ogg		166	L	1561521227
Dropbox	6_Music	04-DEVI_SUKTHAM-MANTRA_MANJUSHA.ogg		166	L	1561521388
Dropbox	6_Music	04-DEVI_SUKTHAM-MANTRA_MANJUSHA.ogg		166	L	1561521549
Dropbox	6_Music	04-DEVI_SUKTHAM-MANTRA_MANJUSHA.ogg		166	L	1561521710
Dropbox	6_Music	04-DEVI_SUKTHAM-MANTRA_MANJUSHA.ogg		166	L	1561521871
Dropbox	6_Music	04-DEVI_SUKTHAM-MANTRA_MANJUSHA.ogg		166	L	1561522032
Dropbox	6_Music	04-DEVI_SUKTHAM-MANTRA_MANJUSHA.ogg		166	L	1561522193
Dropbox	6_Music	04-DEVI_SUKTHAM-MANTRA_MANJUSHA.ogg		166	L	1561522354
01] Ustad Amjad Ali Khan (Sarod)	Classical Instrumental - Sarod	02] Raga Bhageshwari - Vilambit Gat Set To Roopak Tala	2	1696	L	1561522565
Dropbox	6_Music	04-DEVI_SUKTHAM-MANTRA_MANJUSHA.ogg		166	L	1561537330
Neil Diamond	The Essential Neil Diamond Disc 1	You Got To Me (Mono Version)	6	168	L	1563181007
Neil Diamond	The Essential Neil Diamond Disc 1	Red, Red Wine (Mono Version)	7	161	L	1563181171
Neil Diamond	The Essential Neil Diamond Disc 1	Thank The Lord For The Night Time (Mono Version)	8	180	L	1563181327
Neil Diamond	The Essential Neil Diamond Disc 1	I'm A Believer (Mono Version)	9	163	L	1563181503
Neil Diamond	The Essential Neil Diamond Disc 1	Sweet Caroline	10	201	L	1563188041
Neil Diamond	The Essential Neil Diamond Disc 1	Song Sung Blue	11	193	L	1563188238
Farhan Akhtar	Rock On 2 SongsMp3.Net	04 Manzar Naya SongsMp3.Net	4	211	L	1563451473
Farhan Akhtar	Rock On 2 SongsMp3.Net	04 Manzar Naya SongsMp3.Net	4	211	L	1563451677
Farhan Akhtar	Rock On 2 SongsMp3.Net	04 Manzar Naya SongsMp3.Net	4	211	L	1563451882
Farhan Akhtar	Rock On 2 SongsMp3.Net	04 Manzar Naya SongsMp3.Net	4	211	L	1563452087
Farhan Akhtar	Rock On 2 SongsMp3.Net	04 Manzar Naya SongsMp3.Net	4	211	L	1563452292
Farhan Akhtar	Rock On 2 SongsMp3.Net	04 Manzar Naya SongsMp3.Net	4	211	L	1563452497
Farhan Akhtar	Rock On 2 SongsMp3.Net	04 Manzar Naya SongsMp3.Net	4	211	L	1563452701
Farhan Akhtar	Rock On 2 SongsMp3.Net	04 Manzar Naya SongsMp3.Net	4	211	L	1563452906
Farhan Akhtar	Rock On 2 SongsMp3.Net	04 Manzar Naya SongsMp3.Net	4	211	L	1563453111
Farhan Akhtar	Rock On 2 SongsMp3.Net	04 Manzar Naya SongsMp3.Net	4	211	L	1563453316
Farhan Akhtar	Rock On 2 SongsMp3.Net	04 Manzar Naya SongsMp3.Net	4	211	L	1563453521
Farhan Akhtar	Rock On 2 SongsMp3.Net	04 Manzar Naya SongsMp3.Net	4	211	L	1563453725
Farhan Akhtar	Rock On 2 SongsMp3.Net	04 Manzar Naya SongsMp3.Net	4	211	L	1563453930
Farhan Akhtar	Rock On 2 SongsMp3.Net	04 Manzar Naya SongsMp3.Net	4	211	L	1563454135
Farhan Akhtar	Rock On 2 SongsMp3.Net	04 Manzar Naya SongsMp3.Net	4	211	L	1563454340
Farhan Akhtar	Rock On 2 SongsMp3.Net	04 Manzar Naya SongsMp3.Net	4	211	L	1563454545
Usha Uthup, Kit Shangpliang & Pynsuklin Syiemiong	Rock On 2 SongsMp3.Net	07 Hoi Kiw _ Chalo Chalo SongsMp3.Net	7	243	L	1563457342
trfd	BFF  Bhajan from Films	110 dinanath ab baari tumhari		300	L	1563590491
trfd	BFF  Bhajan from Films	081 chadariya jhini re jhini		887	L	1563590786
trfd	BFF  Bhajan from Films	005 aye malik tere bande hum 		185	L	1563591669
trfd	BFF  Bhajan from Films	049 main to aarti utaroon re 		391	L	1563591849
trfd	BFF  Bhajan from Films	031 kanha kanha aan padi main		294	L	1563592235
trfd	BFF  Bhajan from Films	001 sukh ke sab saathi 		361	L	1563592525
trfd	BFF  Bhajan from Films	113 jheenee jheenee beeni beeni		353	L	1563592881
trfd	BFF  Bhajan from Films	023 darshan do ghanshyam		208	L	1563593230
trfd	BFF  Bhajan from Films	104 thumak chalat ramchandra		257	L	1563593433
trfd	BFF  Bhajan from Films	044 saanjh savere 		191	L	1563593686
trfd	BFF  Bhajan from Films	117 ab main nachon thakyo		403	L	1563593872
trfd	BFF  Bhajan from Films	054 satyam shivam sundaram 		375	L	1563593945
trfd	BFF  Bhajan from Films	095 bhakton ki toli masti main boli		305	L	1563594315
trfd	BFF  Bhajan from Films	086 ram ramaiya gaye ja		300	L	1563594559
trfd	BFF  Bhajan from Films	024 na main dhan chahoon 		238	L	1563594855
trfd	BFF  Bhajan from Films	111 saheliyan saajan ghar aayee		331	L	1563595089
trfd	BFF  Bhajan from Films	020 ghoonghat ke pat khol		201	L	1563595415
trfd	BFF  Bhajan from Films	048 u hi saagar tu hi kinara 		186	L	1563595612
trfd	BFF  Bhajan from Films	079 woh kaala ek bansuri wala		352	L	1563595793
trfd	BFF  Bhajan from Films	114 hari bin kun gati meri		322	L	1563596141
trfd	BFF  Bhajan from Films	043 ishwar allah tero naam		260	L	1563596311
trfd	BFF  Bhajan from Films	041 ramji ki nikli savari		320	L	1563596566
trfd	BFF  Bhajan from Films	046 kanha re kanha 		218	L	1563596882
trfd	BFF  Bhajan from Films	077 rang de chunariya		625	L	1563597095
trfd	BFF  Bhajan from Films	093 maine lino govind		487	L	1563597716
trfd	BFF  Bhajan from Films	055 chalo bulava aaya hai 		382	L	1563598199
trfd	BFF  Bhajan from Films	097 jai ek danta he dya vanta		301	L	1563598576
trfd	BFF  Bhajan from Films	028 radhike tune bansi bajai		204	L	1563598873
trfd	BFF  Bhajan from Films	076 aisi lagi lagan		480	L	1563599072
trfd	BFF  Bhajan from Films	107 vaishnu janto tene kahiye		258	L	1563599547
trfd	BFF  Bhajan from Films	026 jai raghunandan jai siya ram		199	L	1563599801
trfd	BFF  Bhajan from Films	012 mujhe apni sharan main 		182	L	1563599996
trfd	BFF  Bhajan from Films	074 o shankar mere kab honge darshan tere		351	L	1563600173
trfd	BFF  Bhajan from Films	052 yashomati maiya se bole 		187	L	1563600520
trfd	BFF  Bhajan from Films	038 jai jai ram raghurai		379	L	1563600702
trfd	BFF  Bhajan from Films	016 man ke khazanemain maya hi maya 		187	L	1563601077
trfd	BFF  Bhajan from Films	108 jai jagdish hare (aarti)		270	L	1563601260
trfd	BFF  Bhajan from Films	004 om jai jagdish hare 		388	L	1563601524
trfd	BFF  Bhajan from Films	080 jag main sundar hain do naam		380	L	1563601908
trfd	BFF  Bhajan from Films	053 kanha aan padi tere dware		294	L	1563602330
trfd	BFF  Bhajan from Films	035 ]badi der bhai		195	L	1563602620
trfd	BFF  Bhajan from Films	008 tumhi ho mata pita tumhi ho 		141	L	1563602810
trfd	BFF  Bhajan from Films	101 ganpati bappa gaon chale		344	L	1563602947
Billy Joel	The Ultimate Collection [Bonus Track] [Disc 1]	Movin' Out (Anthony's Song)	12	209	L	1563780515
Billy Joel	The Ultimate Collection [Disc 2]	Modern Woman	12	230	L	1563780719
Chakradhaar (DjPunjab.CoM)	Chakradhaar (DjPunjab.CoM)	Bin Tere (DjPunjab.CoM)	1	251	L	1563780945
Billy Joel	The Ultimate Collection [Disc 2]	Baby Grand	13	244	L	1563781190
Billy Joel	The Ultimate Collection [Bonus Track] [Disc 1]	It's Still Rock And Roll To Me	3	177	L	1563781429
Billy Joel	The Ultimate Collection [Bonus Track] [Disc 1]	She's Got Away	11	180	L	1563781602
Billy Joel	The Ultimate Collection [Bonus Track] [Disc 1]	My Life	2	283	L	1563781778
Billy Joel	The Ultimate Collection [Disc 2]	A Matter Of Trust	11	250	L	1563863836
Billy Joel	The Ultimate Collection [Bonus Track] [Disc 1]	Don't Ask Me Why	16	177	L	1563864143
Billy Joel	The Ultimate Collection [Bonus Track] [Disc 1]	Just The Way You Are	1	290	L	1563864316
Billy Joel	The Ultimate Collection [Disc 2]	This Is The Time	9	301	L	1563864607
Billy Joel	The Ultimate Collection [Disc 2]	Baby Grand	13	244	L	1563864900
Billy Joel	The Ultimate Collection [Bonus Track] [Disc 1]	She's Always A Woman	13	200	L	1563865138
Billy Joel	The Ultimate Collection [Disc 2]	Modern Woman	12	230	L	1563865333
Billy Joel	The Ultimate Collection [Bonus Track] [Disc 1]	The Entertainer	7	220	L	1563865559
Billy Joel	The Ultimate Collection [Bonus Track] [Disc 1]	Say Goodbye To Hollywood	10	278	L	1563865774
Billy Joel	The Ultimate Collection [Disc 2]	We Didn't Start The Fire	5	288	L	1563866057
Billy Joel	The Ultimate Collection [Disc 2]	Leningrad	15	243	L	1563866332
Billy Joel	The Ultimate Collection [Disc 2]	We Didn't Start The Fire	5	288	L	1563866570
Billy Joel	The Ultimate Collection [Bonus Track] [Disc 1]	New York State Of Mind	9	364	L	1563866854
Billy Joel	The Ultimate Collection [Disc 2]	Leningrad	15	243	L	1563867213
nn		Jhoom ke jab rindon ne pila di		460	L	1565189380
nn		Koplein phir phoot aayin		438	L	1565189657
nn		Mein nazar se pee raha hun		745	L	1565190091
nn		Sab qatl hoke tere		208	L	1565190831
nn		Har ek baat pe kahte		772	L	1565191035
nn		Dost bankar bhi nahin		595	L	1565191802
nn		Raah dekhenge		415	L	1565192392
nn		Ibn-e-marium hua		389	L	1565192804
nn		Andaaz apne dekhte hain		635	L	1565193188
nn		Meri nazar se na ho door		814	L	1565193819
nn		Apne chehre par sajana chahta huen		366	L	1565194629
nn		Bhaharon ko chaman yaad aa gaya		626	L	1565243431
nn		Apne honto par sajana chahta		418	L	1565243958
nn		Behka hua aatish		578	L	1565244371
nn		Sab kuch kaisa achha		321	L	1565244945
nn		Aye husn e lala fam zara		466	L	1565245261
nn		Sadama to hai mujhe bhi		246	L	1565245722
artist	title	Track 06	6	250	L	1565246132
artist	title	Track 11	11	287	L	1565246377
artist	title	Track 04	4	332	L	1565246659
artist	title	Track 10	10	179	L	1565246986
artist	title	Track 04	4	238	L	1565247161
artist	title	Track 01	1	152	L	1565247394
artist	title	Track 05	5	427	L	1565247542
artist	title	Track 09	9	133	L	1565247964
artist	title	Track 08	8	202	L	1565248092
artist	title	Track 12	12	207	L	1565248289
artist	title	Track 07	7	321	L	1565248492
artist	title	Track 07	7	518	L	1565248808
artist	title	Track 07	7	184	L	1565249322
artist	title	Track 05	5	218	L	1565249501
artist	title	Track 11	11	212	L	1565249715
artist	title	Track 09	9	249	L	1565249922
artist	title	Track 02	2	271	L	1565250166
artist	title	Track 12	12	284	L	1565250433
artist	title	Track 10	10	305	L	1565250712
artist	title	Track 02	2	453	L	1565251012
artist	title	Track 16	16	285	L	1565251460
artist	title	Track 06	6	237	L	1565251741
artist	title	Track 08	8	224	L	1565251973
artist	title	HAMNE DEKHI HAI UN AANKHON KI-KHAMOSHI	5	223	L	1565252193
Dropbox	6_Music	04-DEVI_SUKTHAM-MANTRA_MANJUSHA.ogg		166	L	1565252520
Dropbox	6_Music	04-DEVI_SUKTHAM-MANTRA_MANJUSHA.ogg		166	L	1565252681
Dropbox	6_Music	04-DEVI_SUKTHAM-MANTRA_MANJUSHA.ogg		166	L	1565252842
Dropbox	6_Music	04-DEVI_SUKTHAM-MANTRA_MANJUSHA.ogg		166	L	1565253003
Dropbox	6_Music	04-DEVI_SUKTHAM-MANTRA_MANJUSHA.ogg		166	L	1565253173
Dropbox	6_Music	04-DEVI_SUKTHAM-MANTRA_MANJUSHA.ogg		166	L	1565253334
Dropbox	6_Music	04-DEVI_SUKTHAM-MANTRA_MANJUSHA.ogg		166	L	1565253495
Dropbox	6_Music	04-DEVI_SUKTHAM-MANTRA_MANJUSHA.ogg		166	L	1565253656
Dropbox	6_Music	04-DEVI_SUKTHAM-MANTRA_MANJUSHA.ogg		166	L	1565253818
Dropbox	6_Music	04-DEVI_SUKTHAM-MANTRA_MANJUSHA.ogg		166	L	1565253979
Dropbox	6_Music	04-DEVI_SUKTHAM-MANTRA_MANJUSHA.ogg		166	L	1565254140
Dropbox	6_Music	04-DEVI_SUKTHAM-MANTRA_MANJUSHA.ogg		166	L	1565254301
Dropbox	6_Music	04-DEVI_SUKTHAM-MANTRA_MANJUSHA.ogg		166	L	1565254462
Dropbox	6_Music	04-DEVI_SUKTHAM-MANTRA_MANJUSHA.ogg		166	L	1565254623
Dropbox	6_Music	04-DEVI_SUKTHAM-MANTRA_MANJUSHA.ogg		166	L	1565254784
Dropbox	6_Music	04-DEVI_SUKTHAM-MANTRA_MANJUSHA.ogg		166	L	1565254945
Dropbox	6_Music	04-DEVI_SUKTHAM-MANTRA_MANJUSHA.ogg		166	L	1565255106
Dropbox	6_Music	04-DEVI_SUKTHAM-MANTRA_MANJUSHA.ogg		166	L	1565255267
Dropbox	6_Music	04-DEVI_SUKTHAM-MANTRA_MANJUSHA.ogg		166	L	1565255428
Dropbox	6_Music	04-DEVI_SUKTHAM-MANTRA_MANJUSHA.ogg		166	L	1565255589
Dropbox	6_Music	04-DEVI_SUKTHAM-MANTRA_MANJUSHA.ogg		166	L	1565255750
Dropbox	6_Music	04-DEVI_SUKTHAM-MANTRA_MANJUSHA.ogg		166	L	1565255911
Dropbox	6_Music	04-DEVI_SUKTHAM-MANTRA_MANJUSHA.ogg		166	L	1565256073
Dropbox	6_Music	04-DEVI_SUKTHAM-MANTRA_MANJUSHA.ogg		166	L	1565256234
Dropbox	6_Music	04-DEVI_SUKTHAM-MANTRA_MANJUSHA.ogg		166	L	1565256395
Dropbox	6_Music	04-DEVI_SUKTHAM-MANTRA_MANJUSHA.ogg		166	L	1565256556
Dropbox	6_Music	04-DEVI_SUKTHAM-MANTRA_MANJUSHA.ogg		166	L	1565256717
Dropbox	6_Music	04-DEVI_SUKTHAM-MANTRA_MANJUSHA.ogg		166	L	1565256878
Dropbox	6_Music	04-DEVI_SUKTHAM-MANTRA_MANJUSHA.ogg		166	L	1565257039
Dropbox	6_Music	04-DEVI_SUKTHAM-MANTRA_MANJUSHA.ogg		166	L	1565257200
Dropbox	6_Music	04-DEVI_SUKTHAM-MANTRA_MANJUSHA.ogg		166	L	1565257361
Dropbox	6_Music	04-DEVI_SUKTHAM-MANTRA_MANJUSHA.ogg		166	L	1565257522
Dropbox	6_Music	04-DEVI_SUKTHAM-MANTRA_MANJUSHA.ogg		166	L	1565257683
Dropbox	6_Music	04-DEVI_SUKTHAM-MANTRA_MANJUSHA.ogg		166	L	1565257844
Dropbox	6_Music	04-DEVI_SUKTHAM-MANTRA_MANJUSHA.ogg		166	L	1565258005
Dropbox	6_Music	04-DEVI_SUKTHAM-MANTRA_MANJUSHA.ogg		166	L	1565258166
Dropbox	6_Music	04-DEVI_SUKTHAM-MANTRA_MANJUSHA.ogg		166	L	1565258327
Dropbox	6_Music	04-DEVI_SUKTHAM-MANTRA_MANJUSHA.ogg		166	L	1565258489
Dropbox	6_Music	04-DEVI_SUKTHAM-MANTRA_MANJUSHA.ogg		166	L	1565258650
Dropbox	6_Music	04-DEVI_SUKTHAM-MANTRA_MANJUSHA.ogg		166	L	1565258811
Dropbox	6_Music	04-DEVI_SUKTHAM-MANTRA_MANJUSHA.ogg		166	L	1565258972
Dropbox	6_Music	04-DEVI_SUKTHAM-MANTRA_MANJUSHA.ogg		166	L	1565259133
Dropbox	6_Music	04-DEVI_SUKTHAM-MANTRA_MANJUSHA.ogg		166	L	1565259294
Dropbox	6_Music	04-DEVI_SUKTHAM-MANTRA_MANJUSHA.ogg		166	L	1565259455
Dropbox	6_Music	04-DEVI_SUKTHAM-MANTRA_MANJUSHA.ogg		166	L	1565259616
Dropbox	6_Music	04-DEVI_SUKTHAM-MANTRA_MANJUSHA.ogg		166	L	1565259777
Dropbox	6_Music	04-DEVI_SUKTHAM-MANTRA_MANJUSHA.ogg		166	L	1565259938
Dropbox	6_Music	04-DEVI_SUKTHAM-MANTRA_MANJUSHA.ogg		166	L	1565260099
Dropbox	6_Music	04-DEVI_SUKTHAM-MANTRA_MANJUSHA.ogg		166	L	1565260260
Dropbox	6_Music	04-DEVI_SUKTHAM-MANTRA_MANJUSHA.ogg		166	L	1565260421
Dropbox	6_Music	04-DEVI_SUKTHAM-MANTRA_MANJUSHA.ogg		166	L	1565260582
Dropbox	6_Music	04-DEVI_SUKTHAM-MANTRA_MANJUSHA.ogg		166	L	1565260744
Dropbox	6_Music	04-DEVI_SUKTHAM-MANTRA_MANJUSHA.ogg		166	L	1565260905
Dropbox	6_Music	04-DEVI_SUKTHAM-MANTRA_MANJUSHA.ogg		166	L	1565261066
Dropbox	6_Music	04-DEVI_SUKTHAM-MANTRA_MANJUSHA.ogg		166	L	1565261227
Dropbox	6_Music	04-DEVI_SUKTHAM-MANTRA_MANJUSHA.ogg		166	L	1565261388
Dropbox	6_Music	04-DEVI_SUKTHAM-MANTRA_MANJUSHA.ogg		166	L	1565261549
Dropbox	6_Music	04-DEVI_SUKTHAM-MANTRA_MANJUSHA.ogg		166	L	1565261710
Dropbox	6_Music	04-DEVI_SUKTHAM-MANTRA_MANJUSHA.ogg		166	L	1565261871
Dropbox	6_Music	04-DEVI_SUKTHAM-MANTRA_MANJUSHA.ogg		166	L	1565262032
Dropbox	6_Music	04-DEVI_SUKTHAM-MANTRA_MANJUSHA.ogg		166	L	1565262193
Dropbox	6_Music	04-DEVI_SUKTHAM-MANTRA_MANJUSHA.ogg		166	L	1565262354
Dropbox	6_Music	04-DEVI_SUKTHAM-MANTRA_MANJUSHA.ogg		166	L	1565262515
Dropbox	6_Music	04-DEVI_SUKTHAM-MANTRA_MANJUSHA.ogg		166	L	1565262676
Dropbox	6_Music	04-DEVI_SUKTHAM-MANTRA_MANJUSHA.ogg		166	L	1565262837
Dropbox	6_Music	04-DEVI_SUKTHAM-MANTRA_MANJUSHA.ogg		166	L	1565262999
Dropbox	6_Music	04-DEVI_SUKTHAM-MANTRA_MANJUSHA.ogg		166	L	1565263160
Dropbox	6_Music	04-DEVI_SUKTHAM-MANTRA_MANJUSHA.ogg		166	L	1565263321
Dropbox	6_Music	04-DEVI_SUKTHAM-MANTRA_MANJUSHA.ogg		166	L	1565263482
Dropbox	6_Music	04-DEVI_SUKTHAM-MANTRA_MANJUSHA.ogg		166	L	1565263643
Dropbox	6_Music	04-DEVI_SUKTHAM-MANTRA_MANJUSHA.ogg		166	L	1565263804
Dropbox	6_Music	04-DEVI_SUKTHAM-MANTRA_MANJUSHA.ogg		166	L	1565263965
Dropbox	6_Music	04-DEVI_SUKTHAM-MANTRA_MANJUSHA.ogg		166	L	1565264126
Dropbox	6_Music	04-DEVI_SUKTHAM-MANTRA_MANJUSHA.ogg		166	L	1565264287
Dropbox	6_Music	04-DEVI_SUKTHAM-MANTRA_MANJUSHA.ogg		166	L	1565264448
Dropbox	6_Music	04-DEVI_SUKTHAM-MANTRA_MANJUSHA.ogg		166	L	1565264609
Dropbox	6_Music	04-DEVI_SUKTHAM-MANTRA_MANJUSHA.ogg		166	L	1565264770
Dropbox	6_Music	04-DEVI_SUKTHAM-MANTRA_MANJUSHA.ogg		166	L	1565264931
Dropbox	6_Music	04-DEVI_SUKTHAM-MANTRA_MANJUSHA.ogg		166	L	1565265092
Dropbox	6_Music	04-DEVI_SUKTHAM-MANTRA_MANJUSHA.ogg		166	L	1565265253
Dropbox	6_Music	04-DEVI_SUKTHAM-MANTRA_MANJUSHA.ogg		166	L	1565265415
Dropbox	6_Music	04-DEVI_SUKTHAM-MANTRA_MANJUSHA.ogg		166	L	1565265576
Dropbox	6_Music	04-DEVI_SUKTHAM-MANTRA_MANJUSHA.ogg		166	L	1565265737
Dropbox	6_Music	04-DEVI_SUKTHAM-MANTRA_MANJUSHA.ogg		166	L	1565265898
Dropbox	6_Music	04-DEVI_SUKTHAM-MANTRA_MANJUSHA.ogg		166	L	1565266059
Dropbox	6_Music	04-DEVI_SUKTHAM-MANTRA_MANJUSHA.ogg		166	L	1565266220
Dropbox	6_Music	04-DEVI_SUKTHAM-MANTRA_MANJUSHA.ogg		166	L	1565266381
Dropbox	6_Music	04-DEVI_SUKTHAM-MANTRA_MANJUSHA.ogg		166	L	1565266542
Dropbox	6_Music	04-DEVI_SUKTHAM-MANTRA_MANJUSHA.ogg		166	L	1565266703
Dropbox	6_Music	04-DEVI_SUKTHAM-MANTRA_MANJUSHA.ogg		166	L	1565266864
Dropbox	6_Music	04-DEVI_SUKTHAM-MANTRA_MANJUSHA.ogg		166	L	1565267025
Dropbox	6_Music	04-DEVI_SUKTHAM-MANTRA_MANJUSHA.ogg		166	L	1565267186
Dropbox	6_Music	04-DEVI_SUKTHAM-MANTRA_MANJUSHA.ogg		166	L	1565267347
Dropbox	6_Music	04-DEVI_SUKTHAM-MANTRA_MANJUSHA.ogg		166	L	1565267508
Dropbox	6_Music	04-DEVI_SUKTHAM-MANTRA_MANJUSHA.ogg		166	L	1565267669
Dropbox	6_Music	04-DEVI_SUKTHAM-MANTRA_MANJUSHA.ogg		166	L	1565267831
Dropbox	6_Music	04-DEVI_SUKTHAM-MANTRA_MANJUSHA.ogg		166	L	1565267992
Dropbox	6_Music	04-DEVI_SUKTHAM-MANTRA_MANJUSHA.ogg		166	L	1565268153
Dropbox	6_Music	04-DEVI_SUKTHAM-MANTRA_MANJUSHA.ogg		166	L	1565268314
Dropbox	6_Music	04-DEVI_SUKTHAM-MANTRA_MANJUSHA.ogg		166	L	1565268475
Dropbox	6_Music	04-DEVI_SUKTHAM-MANTRA_MANJUSHA.ogg		166	L	1565268636
Dropbox	6_Music	04-DEVI_SUKTHAM-MANTRA_MANJUSHA.ogg		166	L	1565268797
Dropbox	6_Music	04-DEVI_SUKTHAM-MANTRA_MANJUSHA.ogg		166	L	1565268958
Dropbox	6_Music	04-DEVI_SUKTHAM-MANTRA_MANJUSHA.ogg		166	L	1565269119
Dropbox	6_Music	04-DEVI_SUKTHAM-MANTRA_MANJUSHA.ogg		166	L	1565269280
Dropbox	6_Music	04-DEVI_SUKTHAM-MANTRA_MANJUSHA.ogg		166	L	1565269441
Dropbox	6_Music	04-DEVI_SUKTHAM-MANTRA_MANJUSHA.ogg		166	L	1565269602
Dropbox	6_Music	04-DEVI_SUKTHAM-MANTRA_MANJUSHA.ogg		166	L	1565269763
Dropbox	6_Music	04-DEVI_SUKTHAM-MANTRA_MANJUSHA.ogg		166	L	1565269924
Dropbox	6_Music	04-DEVI_SUKTHAM-MANTRA_MANJUSHA.ogg		166	L	1565270086
Dropbox	6_Music	04-DEVI_SUKTHAM-MANTRA_MANJUSHA.ogg		166	L	1565270247
Dropbox	6_Music	04-DEVI_SUKTHAM-MANTRA_MANJUSHA.ogg		166	L	1565270408
Dropbox	6_Music	04-DEVI_SUKTHAM-MANTRA_MANJUSHA.ogg		166	L	1565270569
Dropbox	6_Music	04-DEVI_SUKTHAM-MANTRA_MANJUSHA.ogg		166	L	1565270730
Dropbox	6_Music	04-DEVI_SUKTHAM-MANTRA_MANJUSHA.ogg		166	L	1565270891
Dropbox	6_Music	04-DEVI_SUKTHAM-MANTRA_MANJUSHA.ogg		166	L	1565271052
Dropbox	6_Music	04-DEVI_SUKTHAM-MANTRA_MANJUSHA.ogg		166	L	1565271213
Dropbox	6_Music	04-DEVI_SUKTHAM-MANTRA_MANJUSHA.ogg		166	L	1565271374
Dropbox	6_Music	04-DEVI_SUKTHAM-MANTRA_MANJUSHA.ogg		166	L	1565271535
Dropbox	6_Music	04-DEVI_SUKTHAM-MANTRA_MANJUSHA.ogg		166	L	1565271696
Dropbox	6_Music	04-DEVI_SUKTHAM-MANTRA_MANJUSHA.ogg		166	L	1565271857
Dropbox	6_Music	04-DEVI_SUKTHAM-MANTRA_MANJUSHA.ogg		166	L	1565272018
Dropbox	6_Music	04-DEVI_SUKTHAM-MANTRA_MANJUSHA.ogg		166	L	1565272179
Dropbox	6_Music	04-DEVI_SUKTHAM-MANTRA_MANJUSHA.ogg		166	L	1565272341
Dropbox	6_Music	04-DEVI_SUKTHAM-MANTRA_MANJUSHA.ogg		166	L	1565272502
Dropbox	6_Music	04-DEVI_SUKTHAM-MANTRA_MANJUSHA.ogg		166	L	1565272663
Dropbox	6_Music	04-DEVI_SUKTHAM-MANTRA_MANJUSHA.ogg		166	L	1565272824
Dropbox	6_Music	04-DEVI_SUKTHAM-MANTRA_MANJUSHA.ogg		166	L	1565272985
Dropbox	6_Music	04-DEVI_SUKTHAM-MANTRA_MANJUSHA.ogg		166	L	1565273146
Dropbox	6_Music	04-DEVI_SUKTHAM-MANTRA_MANJUSHA.ogg		166	L	1565273307
Dropbox	6_Music	04-DEVI_SUKTHAM-MANTRA_MANJUSHA.ogg		166	L	1565273468
Dropbox	6_Music	04-DEVI_SUKTHAM-MANTRA_MANJUSHA.ogg		166	L	1565273629
Dropbox	6_Music	04-DEVI_SUKTHAM-MANTRA_MANJUSHA.ogg		166	L	1565273790
Dropbox	6_Music	04-DEVI_SUKTHAM-MANTRA_MANJUSHA.ogg		166	L	1565273951
Dropbox	6_Music	04-DEVI_SUKTHAM-MANTRA_MANJUSHA.ogg		166	L	1565274112
Dropbox	6_Music	04-DEVI_SUKTHAM-MANTRA_MANJUSHA.ogg		166	L	1565274273
Dropbox	6_Music	04-DEVI_SUKTHAM-MANTRA_MANJUSHA.ogg		166	L	1565274434
Dropbox	6_Music	04-DEVI_SUKTHAM-MANTRA_MANJUSHA.ogg		166	L	1565274596
Dropbox	6_Music	04-DEVI_SUKTHAM-MANTRA_MANJUSHA.ogg		166	L	1565274757
Dropbox	6_Music	04-DEVI_SUKTHAM-MANTRA_MANJUSHA.ogg		166	L	1565274918
Dropbox	6_Music	04-DEVI_SUKTHAM-MANTRA_MANJUSHA.ogg		166	L	1565275079
Dropbox	6_Music	04-DEVI_SUKTHAM-MANTRA_MANJUSHA.ogg		166	L	1565275240
Dropbox	6_Music	04-DEVI_SUKTHAM-MANTRA_MANJUSHA.ogg		166	L	1565275401
Dropbox	6_Music	04-DEVI_SUKTHAM-MANTRA_MANJUSHA.ogg		166	L	1565275562
Dropbox	6_Music	04-DEVI_SUKTHAM-MANTRA_MANJUSHA.ogg		166	L	1565275723
Dropbox	6_Music	04-DEVI_SUKTHAM-MANTRA_MANJUSHA.ogg		166	L	1565275884
Dropbox	6_Music	04-DEVI_SUKTHAM-MANTRA_MANJUSHA.ogg		166	L	1565276045
Dropbox	6_Music	04-DEVI_SUKTHAM-MANTRA_MANJUSHA.ogg		166	L	1565276206
Dropbox	6_Music	04-DEVI_SUKTHAM-MANTRA_MANJUSHA.ogg		166	L	1565276367
Dropbox	6_Music	04-DEVI_SUKTHAM-MANTRA_MANJUSHA.ogg		166	L	1565276528
Dropbox	6_Music	04-DEVI_SUKTHAM-MANTRA_MANJUSHA.ogg		166	L	1565276689
Dropbox	6_Music	04-DEVI_SUKTHAM-MANTRA_MANJUSHA.ogg		166	L	1565276850
Dropbox	6_Music	04-DEVI_SUKTHAM-MANTRA_MANJUSHA.ogg		166	L	1565277012
Dropbox	6_Music	04-DEVI_SUKTHAM-MANTRA_MANJUSHA.ogg		166	L	1565277173
Dropbox	6_Music	04-DEVI_SUKTHAM-MANTRA_MANJUSHA.ogg		166	L	1565277334
Dropbox	6_Music	04-DEVI_SUKTHAM-MANTRA_MANJUSHA.ogg		166	L	1565277495
Dropbox	6_Music	04-DEVI_SUKTHAM-MANTRA_MANJUSHA.ogg		166	L	1565277656
Dropbox	6_Music	04-DEVI_SUKTHAM-MANTRA_MANJUSHA.ogg		166	L	1565277817
Dropbox	6_Music	04-DEVI_SUKTHAM-MANTRA_MANJUSHA.ogg		166	L	1565277978
Dropbox	6_Music	04-DEVI_SUKTHAM-MANTRA_MANJUSHA.ogg		166	L	1565278139
Dropbox	6_Music	04-DEVI_SUKTHAM-MANTRA_MANJUSHA.ogg		166	L	1565278300
Dropbox	6_Music	04-DEVI_SUKTHAM-MANTRA_MANJUSHA.ogg		166	L	1565278461
Dropbox	6_Music	04-DEVI_SUKTHAM-MANTRA_MANJUSHA.ogg		166	L	1565278622
Dropbox	6_Music	04-DEVI_SUKTHAM-MANTRA_MANJUSHA.ogg		166	L	1565278783
Dropbox	6_Music	04-DEVI_SUKTHAM-MANTRA_MANJUSHA.ogg		166	L	1565278944
Dropbox	6_Music	04-DEVI_SUKTHAM-MANTRA_MANJUSHA.ogg		166	L	1565279106
Dropbox	6_Music	04-DEVI_SUKTHAM-MANTRA_MANJUSHA.ogg		166	L	1565279267
Dropbox	6_Music	04-DEVI_SUKTHAM-MANTRA_MANJUSHA.ogg		166	L	1565279428
Dropbox	6_Music	04-DEVI_SUKTHAM-MANTRA_MANJUSHA.ogg		166	L	1565279589
Dropbox	6_Music	04-DEVI_SUKTHAM-MANTRA_MANJUSHA.ogg		166	L	1565279750
Dropbox	6_Music	04-DEVI_SUKTHAM-MANTRA_MANJUSHA.ogg		166	L	1565279911
Dropbox	6_Music	04-DEVI_SUKTHAM-MANTRA_MANJUSHA.ogg		166	L	1565280072
Dropbox	6_Music	04-DEVI_SUKTHAM-MANTRA_MANJUSHA.ogg		166	L	1565280233
Dropbox	6_Music	04-DEVI_SUKTHAM-MANTRA_MANJUSHA.ogg		166	L	1565280394
Dropbox	6_Music	04-DEVI_SUKTHAM-MANTRA_MANJUSHA.ogg		166	L	1565280555
Dropbox	6_Music	04-DEVI_SUKTHAM-MANTRA_MANJUSHA.ogg		166	L	1565280716
Dropbox	6_Music	04-DEVI_SUKTHAM-MANTRA_MANJUSHA.ogg		166	L	1565280877
Dropbox	6_Music	04-DEVI_SUKTHAM-MANTRA_MANJUSHA.ogg		166	L	1565281038
Dropbox	6_Music	04-DEVI_SUKTHAM-MANTRA_MANJUSHA.ogg		166	L	1565281200
Dropbox	6_Music	04-DEVI_SUKTHAM-MANTRA_MANJUSHA.ogg		166	L	1565281361
Dropbox	6_Music	04-DEVI_SUKTHAM-MANTRA_MANJUSHA.ogg		166	L	1565281522
Dropbox	6_Music	04-DEVI_SUKTHAM-MANTRA_MANJUSHA.ogg		166	L	1565281683
Dropbox	6_Music	04-DEVI_SUKTHAM-MANTRA_MANJUSHA.ogg		166	L	1565281844
Dropbox	6_Music	04-DEVI_SUKTHAM-MANTRA_MANJUSHA.ogg		166	L	1565282005
Dropbox	6_Music	04-DEVI_SUKTHAM-MANTRA_MANJUSHA.ogg		166	L	1565282166
Dropbox	6_Music	04-DEVI_SUKTHAM-MANTRA_MANJUSHA.ogg		166	L	1565282327
Dropbox	6_Music	04-DEVI_SUKTHAM-MANTRA_MANJUSHA.ogg		166	L	1565282488
Dropbox	6_Music	04-DEVI_SUKTHAM-MANTRA_MANJUSHA.ogg		166	L	1565282649
Dropbox	6_Music	04-DEVI_SUKTHAM-MANTRA_MANJUSHA.ogg		166	L	1565282810
Dropbox	6_Music	04-DEVI_SUKTHAM-MANTRA_MANJUSHA.ogg		166	L	1565282971
Dropbox	6_Music	04-DEVI_SUKTHAM-MANTRA_MANJUSHA.ogg		166	L	1565283132
Dropbox	6_Music	04-DEVI_SUKTHAM-MANTRA_MANJUSHA.ogg		166	L	1565283293
Dropbox	6_Music	04-DEVI_SUKTHAM-MANTRA_MANJUSHA.ogg		166	L	1565283454
Dropbox	6_Music	04-DEVI_SUKTHAM-MANTRA_MANJUSHA.ogg		166	L	1565283615
Dropbox	6_Music	04-DEVI_SUKTHAM-MANTRA_MANJUSHA.ogg		166	L	1565283777
Dropbox	6_Music	04-DEVI_SUKTHAM-MANTRA_MANJUSHA.ogg		166	L	1565283938
Dropbox	6_Music	04-DEVI_SUKTHAM-MANTRA_MANJUSHA.ogg		166	L	1565284099
Dropbox	6_Music	04-DEVI_SUKTHAM-MANTRA_MANJUSHA.ogg		166	L	1565284260
Dropbox	6_Music	04-DEVI_SUKTHAM-MANTRA_MANJUSHA.ogg		166	L	1565284421
Dropbox	6_Music	04-DEVI_SUKTHAM-MANTRA_MANJUSHA.ogg		166	L	1565284582
Dropbox	6_Music	04-DEVI_SUKTHAM-MANTRA_MANJUSHA.ogg		166	L	1565284743
Dropbox	6_Music	04-DEVI_SUKTHAM-MANTRA_MANJUSHA.ogg		166	L	1565284904
Dropbox	6_Music	04-DEVI_SUKTHAM-MANTRA_MANJUSHA.ogg		166	L	1565285065
Dropbox	6_Music	04-DEVI_SUKTHAM-MANTRA_MANJUSHA.ogg		166	L	1565285226
Dropbox	6_Music	04-DEVI_SUKTHAM-MANTRA_MANJUSHA.ogg		166	L	1565285387
Dropbox	6_Music	04-DEVI_SUKTHAM-MANTRA_MANJUSHA.ogg		166	L	1565285548
Dropbox	6_Music	04-DEVI_SUKTHAM-MANTRA_MANJUSHA.ogg		166	L	1565285709
Dropbox	6_Music	04-DEVI_SUKTHAM-MANTRA_MANJUSHA.ogg		166	L	1565285870
Dropbox	6_Music	04-DEVI_SUKTHAM-MANTRA_MANJUSHA.ogg		166	L	1565286032
Dropbox	6_Music	04-DEVI_SUKTHAM-MANTRA_MANJUSHA.ogg		166	L	1565286193
Dropbox	6_Music	04-DEVI_SUKTHAM-MANTRA_MANJUSHA.ogg		166	L	1565286354
Dropbox	6_Music	04-DEVI_SUKTHAM-MANTRA_MANJUSHA.ogg		166	L	1565286515
Dropbox	6_Music	04-DEVI_SUKTHAM-MANTRA_MANJUSHA.ogg		166	L	1565286676
Dropbox	6_Music	04-DEVI_SUKTHAM-MANTRA_MANJUSHA.ogg		166	L	1565286837
Dropbox	6_Music	04-DEVI_SUKTHAM-MANTRA_MANJUSHA.ogg		166	L	1565286998
Dropbox	6_Music	04-DEVI_SUKTHAM-MANTRA_MANJUSHA.ogg		166	L	1565287159
Dropbox	6_Music	04-DEVI_SUKTHAM-MANTRA_MANJUSHA.ogg		166	L	1565287320
Dropbox	6_Music	04-DEVI_SUKTHAM-MANTRA_MANJUSHA.ogg		166	L	1565287481
Dropbox	6_Music	04-DEVI_SUKTHAM-MANTRA_MANJUSHA.ogg		166	L	1565287642
Dropbox	6_Music	04-DEVI_SUKTHAM-MANTRA_MANJUSHA.ogg		166	L	1565287803
Dropbox	6_Music	04-DEVI_SUKTHAM-MANTRA_MANJUSHA.ogg		166	L	1565287964
Dropbox	6_Music	04-DEVI_SUKTHAM-MANTRA_MANJUSHA.ogg		166	L	1565288125
Dropbox	6_Music	04-DEVI_SUKTHAM-MANTRA_MANJUSHA.ogg		166	L	1565288286
Dropbox	6_Music	04-DEVI_SUKTHAM-MANTRA_MANJUSHA.ogg		166	L	1565288448
Dropbox	6_Music	04-DEVI_SUKTHAM-MANTRA_MANJUSHA.ogg		166	L	1565288609
Dropbox	6_Music	04-DEVI_SUKTHAM-MANTRA_MANJUSHA.ogg		166	L	1565288770
Dropbox	6_Music	04-DEVI_SUKTHAM-MANTRA_MANJUSHA.ogg		166	L	1565288931
Dropbox	6_Music	04-DEVI_SUKTHAM-MANTRA_MANJUSHA.ogg		166	L	1565289092
Dropbox	6_Music	04-DEVI_SUKTHAM-MANTRA_MANJUSHA.ogg		166	L	1565289253
Dropbox	6_Music	04-DEVI_SUKTHAM-MANTRA_MANJUSHA.ogg		166	L	1565289414
Dropbox	6_Music	04-DEVI_SUKTHAM-MANTRA_MANJUSHA.ogg		166	L	1565289576
Dropbox	6_Music	04-DEVI_SUKTHAM-MANTRA_MANJUSHA.ogg		166	L	1565289738
01] Ustad Amjad Ali Khan (Sarod)	Classical Instrumental - Sarod	03] Drut Gat To Teentaal	3	745	L	1565289920
01] Ustad Amjad Ali Khan (Sarod)	Sur-Siddhi	02] Raga Kafi Kanada - Gat In Ada Chautaal	2	1509	L	1565290660
Vishal Dadlani	Talaash	Jee Le Zaraa - www.Songs.PK	2	216	L	1566718587
Ram Sampath	Talaash	Laakh Duniya Kahe - www.Songs.PK	5	364	L	1566718799
Mohit Chauhan	Barfi!	Barfi! - www.Songs.PK	1	319	L	1566719159
Neil Diamond	The Very Best Of	Hello Again	15	242	L	1567679260
Neil Diamond	The Essential Neil Diamond Disc 2	Forever In Blue Jeans	13	219	L	1567679541
Neil Diamond	The Very Best Of	Play Me	8	231	L	1567679754
Neil Diamond	The Essential Neil Diamond Disc 2	Shilo (Live)	7	237	L	1567679988
Neil Diamond	The Very Best Of	Holly Holly	11	281	L	1567680221
Neil Diamond	The Very Best Of	Sweet Caroline	6	200	L	1567680497
Neil Diamond	The Essential Neil Diamond Disc 1	Song Sung Blue	11	193	L	1567680692
Neil Diamond	The Essential Neil Diamond Disc 1	Solitary Man (Mono Version)	1	152	L	1567680881
Neil Diamond	The Essential Neil Diamond Disc 1	Kentucky Woman (Mono Version)	4	146	L	1567681029
Neil Diamond	The Very Best Of	America	22	260	L	1567681170
Neil Diamond	The Very Best Of	Hell Yeah	23	272	L	1567681425
Neil Diamond	The Essential Neil Diamond Disc 2	If You Know What I Mean	9	223	L	1567681693
Neil Diamond	The Essential Neil Diamond Disc 1	I Got The Feelin' (Oh No, No) (Mono Version)	3	133	L	1567681912
Neil Diamond	The Very Best Of	Girl, You'll Be A Woman Soon	10	179	L	1567682040
Neil Diamond	The Very Best Of	Kentucky Woman	20	144	L	1567682214
Neil Diamond	The Essential Neil Diamond Disc 2	He Ain't Heavy, He's My Brother (Live)	5	226	L	1567682353
Neil Diamond	The Essential Neil Diamond Disc 1	Holly Holy	12	270	L	1567682575
Neil Diamond	The Essential Neil Diamond Disc 2	Beautiful Noise	10	206	L	1567682840
Neil Diamond	The Essential Neil Diamond Disc 1	Red, Red Wine (Mono Version)	7	161	L	1567683043
Neil Diamond	The Essential Neil Diamond Disc 2	Yes I Will/Lady Magdalene (Live)	6	421	L	1567683199
Neil Diamond	The Very Best Of	Red, Red Wine	16	160	L	1567683615
Neil Diamond	The Essential Neil Diamond Disc 1	Brooklyn Roads (Live)	18	329	L	1567683771
Neil Diamond	The Essential Neil Diamond Disc 2	Desirée	12	197	L	1567684095
Neil Diamond	The Very Best Of	I'm A Believer	9	162	L	1567684288
Neil Diamond	The Essential Neil Diamond Disc 1	Crunchy Granola Suite (Live)	17	245	L	1567684446
Neil Diamond	The Very Best Of	Cherry, Cherry	4	163	L	1567684686
Neil Diamond	The Essential Neil Diamond Disc 2	Brother Love's Traveling Salvation Show (Live)	8	302	L	1567684844
Neil Diamond	The Essential Neil Diamond Disc 2	You Are The Best Part Of Me	19	239	L	1567685142
Neil Diamond	The Essential Neil Diamond Disc 2	I've Been This Way Before	15	228	L	1567685376
Neil Diamond	The Essential Neil Diamond Disc 1	I'm A Believer (Mono Version)	9	163	L	1567685599
Neil Diamond	The Very Best Of	Beautiful Noise	2	193	L	1567685757
Neil Diamond	The Very Best Of	Shilo	21	202	L	1567685946
Neil Diamond	The Essential Neil Diamond Disc 2	Love On The Rocks	3	220	L	1567686144
artist	title	Track 12	12	207	L	1567686416
artist	title	Track 02	2	453	L	1567686618
artist	title	Track 06	6	270	L	1567687067
artist	title	Track 08	8	235	L	1567687333
artist	title	05 chilman uthigi nahin	5	520	L	1567687563
artist	title	Track 09	9	185	L	1567688078
artist	title	Track 07	7	182	L	1567688259
artist	title	Track 01	1	253	L	1567688436
artist	title	Track 09	9	278	L	1567688685
artist	title	Track 10	10	274	L	1567688958
artist	title	Track 08	8	233	L	1567689227
artist	title	Track 05	5	218	L	1567689455
artist	title	Track 01	1	259	L	1567689669
artist	title	Track 08	8	232	L	1567689924
artist	title	Track 14	14	282	L	1567690151
artist	title	Track 12	12	243	L	1567690428
artist	title	Track 07	7	182	L	1567690666
artist	title	Track 01	1	259	L	1567690844
artist	title	Track 03	3	393	L	1567691098
artist	title	Track 10	10	256	L	1567691487
artist	title	Track 05	5	219	L	1567691739
artist	title	Track 07	7	201	L	1567691953
artist	title	Track 06	6	204	L	1567692149
artist	title	Track 18	18	202	L	1567692348
artist	title	Track 02	2	271	L	1567692546
artist	title	Track 08	8	398	L	1567692812
artist	title	Track 05	5	242	L	1567693206
artist	title	Track 10	10	335	L	1567693444
artist	title	Track 10	10	420	L	1567693775
artist	title	Track 05	5	245	L	1567694190
artist	title	Track 09	9	249	L	1567694431
artist	title	Track 02	2	152	L	1567694675
artist	title	Track 01	1	318	L	1567694823
artist	title	Track 07	7	252	L	1567695136
artist	title	Track 04	4	150	L	1567695382
artist	title	Abhi na jao chhod kar - Rafi & Asha in Dev Anand's HUM DONO	9	173	L	1567695528
artist	title	Track 12	12	231	L	1567695697
artist	title	Track 09	9	236	L	1567695924
Billy Joel	The Ultimate Collection [Bonus Track] [Disc 1]	Movin' Out (Anthony's Song)	12	209	L	1567696199
Billy Joel	The Ultimate Collection [Bonus Track] [Disc 1]	She's Got Away	11	180	L	1567696403
Billy Joel	The Ultimate Collection [Disc 2]	A Matter Of Trust	11	250	L	1567696579
Billy Joel	The Ultimate Collection [Disc 2]	We Didn't Start The Fire	5	288	L	1567696825
Billy Joel	52nd Street	Honesty		232	L	1567697108
Billy Joel	The Ultimate Collection [Bonus Track] [Disc 1]	The Entertainer	7	220	L	1567697335
Billy Joel	The Ultimate Collection [Disc 2]	Allentown	7	232	L	1567697550
Billy Joel	The Ultimate Collection [Disc 2]	This Is The Time	9	301	L	1567697777
Billy Joel	The Ultimate Collection [Disc 2]	Leave A Tender Moment Alone	10	233	L	1567698073
Billy Joel	The Ultimate Collection [Bonus Track] [Disc 1]	Don't Ask Me Why	16	177	L	1567698302
Billy Joel	The Ultimate Collection [Disc 2]	Uptown Girl	1	196	L	1567698475
Billy Joel	The Ultimate Collection [Disc 2]	The River Of Dreams	3	247	L	1567698667
Billy Joel	The Ultimate Collection [Disc 2]	This Is The Time	9	301	L	1567698909
Billy Joel	The Ultimate Collection [Disc 2]	The Longest Time	4	218	L	1567699205
Billy Joel	The Ultimate Collection [Bonus Track] [Disc 1]	Streetlife Serenader	8	317	L	1567699419
Billy Joel	The Ultimate Collection [Bonus Track] [Disc 1]	It's Still Rock And Roll To Me	3	177	L	1567699731
Billy Joel	The Ultimate Collection [Disc 2]	I Go To Extremes	14	261	L	1567699903
Billy Joel	The Ultimate Collection [Disc 2]	A Matter Of Trust	11	250	L	1567700160
Billy Joel	The Ultimate Collection [Disc 2]	You're Only Human (Second Time)	17	288	L	1567700405
Billy Joel	The Ultimate Collection [Disc 2]	Goodnight Saigon	6	422	L	1567700689
Billy Joel	Greatest Hits Vol. 1	Billy Joel - Greatest Hits Vol 1 - 11 - She's Always A Woman To me		197	L	1567701107
Billy Joel	The Ultimate Collection [Disc 2]	The Downeaster Alexa	16	223	L	1567701299
Billy Joel	The Ultimate Collection [Bonus Track] [Disc 1]	She's Always A Woman	13	200	L	1567701517
Billy Joel	The Ultimate Collection [Disc 2]	All For Leyna	8	252	L	1567701712
Billy Joel	The Ultimate Collection [Disc 2]	Uptown Girl	1	196	L	1567701960
Billy Joel	The Ultimate Collection [Bonus Track] [Disc 1]	Everybody Loves You Now	6	191	L	1567702152
Billy Joel	The Ultimate Collection [Bonus Track] [Disc 1]	The Entertainer	7	220	L	1567702338
Billy Joel	The Ultimate Collection [Disc 2]	Modern Woman	12	230	L	1567702554
Billy Joel	The Ultimate Collection [Disc 2]	You're Only Human (Second Time)	17	288	L	1567702779
Billy Joel	The Ultimate Collection [Bonus Track] [Disc 1]	It's Still Rock And Roll To Me	3	177	L	1567703062
Billy Joel	The Ultimate Collection [Bonus Track] [Disc 1]	Movin' Out (Anthony's Song)	12	209	L	1567703235
Billy Joel	The Ultimate Collection [Disc 2]	We Didn't Start The Fire	5	288	L	1567703440
Billy Joel	The Ultimate Collection [Bonus Track] [Disc 1]	Piano Man	5	338	L	1567703723
Billy Joel	The Ultimate Collection [Bonus Track] [Disc 1]	My Life	2	283	L	1567704056
Billy Joel	The Ultimate Collection [Bonus Track] [Disc 1]	She's Got Away	11	180	L	1567704334
Billy Joel	SunilSelection5may19	In The Middle Of The Night		245	L	1567704510
Billy Joel	The Ultimate Collection [Bonus Track] [Disc 1]	The Stranger	18	310	L	1567704750
Billy Joel	The Ultimate Collection [Disc 2]	The River Of Dreams	3	247	L	1567705056
Billy Joel	Greatest Hits	she's always a woman		202	L	1567705298
Billy Joel	The Ultimate Collection [Bonus Track] [Disc 1]	Just The Way You Are	1	290	L	1567705495
Billy Joel	Unknown Album	In The Middle Of The Night		245	L	1567705781
Billy Joel	The Ultimate Collection [Bonus Track] [Disc 1]	Say Goodbye To Hollywood	10	278	L	1567706021
Billy Joel	The Ultimate Collection [Bonus Track] [Disc 1]	Say Goodbye To Hollywood	10	278	L	1567768520
Dropbox	6_Music	04-DEVI_SUKTHAM-MANTRA_MANJUSHA.ogg		166	L	1567844532
Dropbox	6_Music	04-DEVI_SUKTHAM-MANTRA_MANJUSHA.ogg		166	L	1567844693
