[2021-09-05 11:47:10.816] [sharedprocess] [warning] No ptyHost heartbeat after 6 seconds
[2021-09-05 11:47:13.160] [sharedprocess] [error] [resolve shell env] Could not resolve shell environment within 10 seconds. Proceeding without shell environment...
[2021-09-05 11:47:13.161] [sharedprocess] [error] getUnixShellEnvironment#error An unknown error occurred. Please consult the log for more details.
[2021-09-05 11:47:13.194] [sharedprocess] [info] [logs cleanup]: Starting to clean up old logs.
[2021-09-05 11:47:15.258] [sharedprocess] [error] No ptyHost heartbeat after 12 seconds
[2021-09-05 11:47:16.970] [sharedprocess] [info] [logs cleanup]: Removing log folders '20201220T131648'
[2021-09-05 11:47:34.415] [sharedprocess] [info] [code cache cleanup]: Starting to clean up old code cache folders.
[2021-09-05 11:47:34.416] [sharedprocess] [info] [storage cleanup]: Starting to clean up storage folders.
[2021-09-05 11:47:43.198] [sharedprocess] [info] [language pack cache cleanup]: Starting to clean up unused language packs.
[2021-09-05 11:48:56.595] [sharedprocess] [info] Deleted from disk amazonwebservices.aws-toolkit-vscode /home/rahu/.vscode/extensions/amazonwebservices.aws-toolkit-vscode-1.28.0
[2021-09-05 11:51:07.896] [sharedprocess] [info] Deleted from disk ms-python.vscode-pylance /home/rahu/.vscode/extensions/ms-python.vscode-pylance-2021.8.1
[2021-09-05 11:51:15.581] [sharedprocess] [info] Deleted from disk ms-python.python /home/rahu/.vscode/extensions/ms-python.python-2021.8.1105858891
[2021-09-05 11:52:06.560] [sharedprocess] [info] Installing extension: golang.go
[2021-09-05 11:52:06.567] [sharedprocess] [info] Installing extension: ms-python.vscode-pylance
[2021-09-05 11:52:06.576] [sharedprocess] [info] Installing extension: dart-code.dart-code
[2021-09-05 11:52:06.579] [sharedprocess] [info] Installing extension: ms-python.python
[2021-09-05 11:52:06.685] [sharedprocess] [info] Installing extension: dart-code.flutter
[2021-09-05 11:52:06.687] [sharedprocess] [info] Installing extension: ms-vscode.powershell
[2021-09-05 11:52:06.690] [sharedprocess] [info] Installing extension: vscodevim.vim
[2021-09-05 11:52:06.714] [sharedprocess] [info] Installing extension: shd101wyy.markdown-preview-enhanced
[2021-09-05 11:52:06.724] [sharedprocess] [info] Installing extension: ms-vscode.cpptools
[2021-09-05 11:52:06.728] [sharedprocess] [info] Installing extension: ms-azuretools.vscode-docker
[2021-09-05 11:52:36.960] [sharedprocess] [info] Downloaded extension: dart-code.flutter /home/rahu/.config/Code/CachedExtensionVSIXs/dart-code.flutter-3.26.0
[2021-09-05 11:52:36.964] [sharedprocess] [info] Downloaded extension: golang.go /home/rahu/.config/Code/CachedExtensionVSIXs/golang.go-0.27.2
[2021-09-05 11:52:37.422] [sharedprocess] [info] Extracted extension to /home/rahu/.vscode/extensions/.853df47a-5b1d-42fb-886c-dfcfd56b1305: dart-code.flutter
[2021-09-05 11:52:47.497] [sharedprocess] [warning] No ptyHost heartbeat after 6 seconds
[2021-09-05 11:52:50.027] [sharedprocess] [info] Downloaded extension: ms-azuretools.vscode-docker /home/rahu/.config/Code/CachedExtensionVSIXs/ms-azuretools.vscode-docker-1.16.1
[2021-09-05 11:52:50.030] [sharedprocess] [info] Downloaded extension: vscodevim.vim /home/rahu/.config/Code/CachedExtensionVSIXs/vscodevim.vim-1.21.7
[2021-09-05 11:52:51.796] [sharedprocess] [error] No ptyHost heartbeat after 12 seconds
[2021-09-05 11:53:03.298] [sharedprocess] [info] Renamed to /home/rahu/.vscode/extensions/dart-code.flutter-3.26.0
[2021-09-05 11:53:03.303] [sharedprocess] [info] Downloaded extension: ms-vscode.cpptools /home/rahu/.config/Code/CachedExtensionVSIXs/ms-vscode.cpptools-1.6.0
[2021-09-05 11:53:03.325] [sharedprocess] [info] Extracting completed. dart-code.flutter
[2021-09-05 11:53:11.137] [sharedprocess] [info] Downloaded extension: dart-code.dart-code /home/rahu/.config/Code/CachedExtensionVSIXs/dart-code.dart-code-3.26.0
[2021-09-05 11:53:12.377] [sharedprocess] [info] Extension installed successfully: dart-code.flutter
[2021-09-05 11:53:24.087] [sharedprocess] [info] Downloaded extension: ms-python.python /home/rahu/.config/Code/CachedExtensionVSIXs/ms-python.python-2021.9.1191016588
[2021-09-05 11:53:24.089] [sharedprocess] [info] Downloaded extension: ms-python.vscode-pylance /home/rahu/.config/Code/CachedExtensionVSIXs/ms-python.vscode-pylance-2021.9.0
[2021-09-05 11:53:24.260] [sharedprocess] [info] Extracted extension to /home/rahu/.vscode/extensions/.e9dd5e13-12f2-4d90-baa0-63250139a810: vscodevim.vim
[2021-09-05 11:53:24.383] [sharedprocess] [info] Extracted extension to /home/rahu/.vscode/extensions/.5157d8d3-846d-4430-98dc-689fbef7cf90: ms-azuretools.vscode-docker
[2021-09-05 11:53:25.582] [sharedprocess] [info] Extracted extension to /home/rahu/.vscode/extensions/.750471db-4cc1-4e1a-9d71-6e54ab6d56ae: golang.go
[2021-09-05 11:53:25.891] [sharedprocess] [info] Renamed to /home/rahu/.vscode/extensions/vscodevim.vim-1.21.7
[2021-09-05 11:53:25.897] [sharedprocess] [info] Extracting completed. vscodevim.vim
[2021-09-05 11:53:26.857] [sharedprocess] [info] Renamed to /home/rahu/.vscode/extensions/ms-azuretools.vscode-docker-1.16.1
[2021-09-05 11:53:26.859] [sharedprocess] [info] Renamed to /home/rahu/.vscode/extensions/golang.go-0.27.2
[2021-09-05 11:53:26.881] [sharedprocess] [info] Extracting completed. ms-azuretools.vscode-docker
[2021-09-05 11:53:26.884] [sharedprocess] [info] Extracting completed. golang.go
[2021-09-05 11:53:28.890] [sharedprocess] [info] Extension installed successfully: vscodevim.vim
[2021-09-05 11:53:30.315] [sharedprocess] [info] Extension installed successfully: ms-azuretools.vscode-docker
[2021-09-05 11:53:31.177] [sharedprocess] [info] Extension installed successfully: golang.go
[2021-09-05 11:53:32.727] [sharedprocess] [info] Extracted extension to /home/rahu/.vscode/extensions/.363f0307-f908-4f27-a9b2-fdbafe23ff56: ms-vscode.cpptools
[2021-09-05 11:53:33.511] [sharedprocess] [info] Renamed to /home/rahu/.vscode/extensions/ms-vscode.cpptools-1.6.0
[2021-09-05 11:53:33.528] [sharedprocess] [info] Extracting completed. ms-vscode.cpptools
[2021-09-05 11:53:36.497] [sharedprocess] [info] Extension installed successfully: ms-vscode.cpptools
[2021-09-05 11:53:55.252] [sharedprocess] [info] Downloaded extension: ms-vscode.powershell /home/rahu/.config/Code/CachedExtensionVSIXs/ms-vscode.powershell-2021.8.2
[2021-09-05 11:54:17.715] [sharedprocess] [info] Extracted extension to /home/rahu/.vscode/extensions/.512746e3-e014-411e-8c6d-c86db52c9d47: ms-python.vscode-pylance
[2021-09-05 11:54:17.720] [sharedprocess] [info] Downloaded extension: shd101wyy.markdown-preview-enhanced /home/rahu/.config/Code/CachedExtensionVSIXs/shd101wyy.markdown-preview-enhanced-0.6.0
[2021-09-05 11:54:17.720] [sharedprocess] [info] Renamed to /home/rahu/.vscode/extensions/ms-python.vscode-pylance-2021.9.0
[2021-09-05 11:54:17.721] [sharedprocess] [info] Extracting completed. ms-python.vscode-pylance
[2021-09-05 11:54:17.722] [sharedprocess] [info] Extracted extension to /home/rahu/.vscode/extensions/.aa7d2462-ecbd-4371-8e2f-620c5a19c39a: ms-python.python
[2021-09-05 11:54:17.722] [sharedprocess] [info] Extension installed successfully: ms-python.vscode-pylance
[2021-09-05 11:54:17.723] [sharedprocess] [info] Renamed to /home/rahu/.vscode/extensions/ms-python.python-2021.9.1191016588
[2021-09-05 11:54:17.724] [sharedprocess] [info] Extracting completed. ms-python.python
[2021-09-05 11:54:17.724] [sharedprocess] [info] Extension installed successfully: ms-python.python
[2021-09-05 11:55:26.029] [sharedprocess] [warning] No ptyHost heartbeat after 6 seconds
[2021-09-05 11:55:54.640] [sharedprocess] [error] No ptyHost heartbeat after 12 seconds
[2021-09-05 11:56:37.637] [sharedprocess] [warning] No ptyHost heartbeat after 6 seconds
[2021-09-05 11:57:01.166] [sharedprocess] [info] Extracted extension to /home/rahu/.vscode/extensions/.a009eea6-a398-41d9-a688-a687045c2895: dart-code.dart-code
[2021-09-05 11:57:02.328] [sharedprocess] [info] Renamed to /home/rahu/.vscode/extensions/dart-code.dart-code-3.26.0
[2021-09-05 11:57:02.334] [sharedprocess] [info] Extracting completed. dart-code.dart-code
[2021-09-05 11:57:05.552] [sharedprocess] [info] Extension installed successfully: dart-code.dart-code
[2021-09-05 11:57:57.595] [sharedprocess] [warning] No ptyHost heartbeat after 6 seconds
[2021-09-05 11:58:35.228] [sharedprocess] [info] Extracted extension to /home/rahu/.vscode/extensions/.bf8d9be5-f635-419d-8ad6-18a7ca3097f3: shd101wyy.markdown-preview-enhanced
[2021-09-05 11:58:36.869] [sharedprocess] [info] Renamed to /home/rahu/.vscode/extensions/shd101wyy.markdown-preview-enhanced-0.6.0
[2021-09-05 11:58:36.878] [sharedprocess] [info] Extracting completed. shd101wyy.markdown-preview-enhanced
[2021-09-05 11:58:43.496] [sharedprocess] [info] Extension installed successfully: shd101wyy.markdown-preview-enhanced
[2021-09-05 11:58:52.730] [sharedprocess] [info] Extracted extension to /home/rahu/.vscode/extensions/.9a1a1cf6-4c6a-4a11-9427-c5708e9a3e5f: ms-vscode.powershell
[2021-09-05 11:58:54.049] [sharedprocess] [info] Renamed to /home/rahu/.vscode/extensions/ms-vscode.powershell-2021.8.2
[2021-09-05 11:58:54.054] [sharedprocess] [info] Extracting completed. ms-vscode.powershell
[2021-09-05 11:58:54.915] [sharedprocess] [info] Extension installed successfully: ms-vscode.powershell
[2021-09-05 11:59:06.179] [sharedprocess] [info] Installing extension: ms-toolsai.jupyter
[2021-09-05 11:59:06.184] [sharedprocess] [info] Installing extension: ms-vscode-remote.remote-containers
[2021-09-05 11:59:49.539] [sharedprocess] [info] Downloaded extension: ms-vscode-remote.remote-containers /home/rahu/.config/Code/CachedExtensionVSIXs/ms-vscode-remote.remote-containers-0.191.1
[2021-09-05 11:59:51.406] [sharedprocess] [info] Extracted extension to /home/rahu/.vscode/extensions/.fccb56d2-6b03-4ef1-9a9b-c02d4c1c3f31: ms-vscode-remote.remote-containers
[2021-09-05 11:59:51.659] [sharedprocess] [info] Renamed to /home/rahu/.vscode/extensions/ms-vscode-remote.remote-containers-0.191.1
[2021-09-05 11:59:51.665] [sharedprocess] [info] Extracting completed. ms-vscode-remote.remote-containers
[2021-09-05 11:59:52.196] [sharedprocess] [info] Extension installed successfully: ms-vscode-remote.remote-containers
[2021-09-05 12:00:06.393] [sharedprocess] [info] Downloaded extension: ms-toolsai.jupyter /home/rahu/.config/Code/CachedExtensionVSIXs/ms-toolsai.jupyter-2021.8.1236758218
[2021-09-05 12:00:08.022] [sharedprocess] [info] Extracted extension to /home/rahu/.vscode/extensions/.2f84d76a-0b0a-44b0-ab1b-385d2e986378: ms-toolsai.jupyter
[2021-09-05 12:00:09.366] [sharedprocess] [info] Renamed to /home/rahu/.vscode/extensions/ms-toolsai.jupyter-2021.8.1236758218
[2021-09-05 12:00:09.372] [sharedprocess] [info] Extracting completed. ms-toolsai.jupyter
[2021-09-05 12:00:13.644] [sharedprocess] [info] Extension installed successfully: ms-toolsai.jupyter
[2021-09-05 12:15:43.559] [sharedprocess] [warning] No ptyHost heartbeat after 6 seconds
[2021-09-05 12:15:49.154] [sharedprocess] [error] No ptyHost heartbeat after 12 seconds
[2021-09-05 12:18:45.462] [sharedprocess] [warning] No ptyHost heartbeat after 6 seconds
[2021-09-05 12:28:22.791] [sharedprocess] [warning] No ptyHost heartbeat after 6 seconds
[2021-09-05 12:28:24.382] [sharedprocess] [error] No ptyHost heartbeat after 12 seconds
[2021-09-05 12:29:34.114] [sharedprocess] [warning] No ptyHost heartbeat after 6 seconds
[2021-09-05 12:29:39.116] [sharedprocess] [error] No ptyHost heartbeat after 12 seconds
[2021-09-05 12:30:53.574] [sharedprocess] [warning] No ptyHost heartbeat after 6 seconds
[2021-09-05 12:31:28.593] [sharedprocess] [warning] No ptyHost heartbeat after 6 seconds
[2021-09-05 12:31:33.599] [sharedprocess] [error] No ptyHost heartbeat after 12 seconds
[2021-09-05 12:32:05.440] [sharedprocess] [warning] No ptyHost heartbeat after 6 seconds
[2021-09-05 12:33:25.532] [sharedprocess] [warning] No ptyHost heartbeat after 6 seconds
[2021-09-05 18:08:51.830] [sharedprocess] [warning] No ptyHost heartbeat after 6 seconds
