[2021-08-19 11:42:33.904] [exthost] [info] extension host started
[2021-08-19 11:42:34.045] [exthost] [info] ExtensionService#_doActivateExtension vscode.microsoft-authentication {"startup":false,"extensionId":{"value":"vscode.microsoft-authentication","_lower":"vscode.microsoft-authentication"},"activationEvent":"onAuthenticationRequest:microsoft"}
[2021-08-19 11:42:34.045] [exthost] [info] ExtensionService#loadCommonJSModule file:///usr/share/code/resources/app/extensions/microsoft-authentication/dist/extension.js
[2021-08-19 11:42:35.376] [exthost] [info] ExtensionService#_doActivateExtension vscode.configuration-editing {"startup":false,"extensionId":{"value":"vscode.configuration-editing","_lower":"vscode.configuration-editing"},"activationEvent":"onLanguage:json"}
[2021-08-19 11:42:35.376] [exthost] [info] ExtensionService#loadCommonJSModule file:///usr/share/code/resources/app/extensions/configuration-editing/dist/configurationEditingMain
[2021-08-19 11:42:36.373] [exthost] [info] ExtensionService#_doActivateExtension vscode.extension-editing {"startup":false,"extensionId":{"value":"vscode.extension-editing","_lower":"vscode.extension-editing"},"activationEvent":"onLanguage:json"}
[2021-08-19 11:42:36.373] [exthost] [info] ExtensionService#loadCommonJSModule file:///usr/share/code/resources/app/extensions/extension-editing/dist/extensionEditingMain
[2021-08-19 11:42:39.028] [exthost] [info] ExtensionService#_doActivateExtension vscode.json-language-features {"startup":false,"extensionId":{"value":"vscode.json-language-features","_lower":"vscode.json-language-features"},"activationEvent":"onLanguage:json"}
[2021-08-19 11:42:39.028] [exthost] [info] ExtensionService#loadCommonJSModule file:///usr/share/code/resources/app/extensions/json-language-features/client/dist/node/jsonClientMain
[2021-08-19 11:42:39.628] [exthost] [info] ExtensionService#_doActivateExtension vscode.npm {"startup":false,"extensionId":{"value":"vscode.npm","_lower":"vscode.npm"},"activationEvent":"onLanguage:json"}
[2021-08-19 11:42:39.629] [exthost] [info] ExtensionService#loadCommonJSModule file:///usr/share/code/resources/app/extensions/npm/dist/npmMain
[2021-08-19 11:42:41.396] [exthost] [info] ExtensionService#_doActivateExtension vscode.typescript-language-features {"startup":false,"extensionId":{"value":"vscode.typescript-language-features","_lower":"vscode.typescript-language-features"},"activationEvent":"onLanguage:javascript"}
[2021-08-19 11:42:41.396] [exthost] [info] ExtensionService#loadCommonJSModule file:///usr/share/code/resources/app/extensions/typescript-language-features/dist/extension
[2021-08-19 11:42:42.152] [exthost] [info] ExtensionService#_doActivateExtension vscode.debug-auto-launch {"startup":true,"extensionId":{"value":"vscode.debug-auto-launch","_lower":"vscode.debug-auto-launch"},"activationEvent":"*"}
[2021-08-19 11:42:42.152] [exthost] [info] ExtensionService#loadCommonJSModule file:///usr/share/code/resources/app/extensions/debug-auto-launch/dist/extension
[2021-08-19 11:42:43.457] [exthost] [info] ExtensionService#_doActivateExtension vscode.git {"startup":true,"extensionId":{"value":"vscode.github","_lower":"vscode.github"},"activationEvent":"*"}
[2021-08-19 11:42:43.458] [exthost] [info] ExtensionService#loadCommonJSModule file:///usr/share/code/resources/app/extensions/git/dist/main
[2021-08-19 11:42:44.827] [exthost] [info] ExtensionService#_doActivateExtension vscode.emmet {"startup":false,"extensionId":{"value":"vscode.emmet","_lower":"vscode.emmet"},"activationEvent":"onStartupFinished"}
[2021-08-19 11:42:44.828] [exthost] [info] ExtensionService#loadCommonJSModule file:///usr/share/code/resources/app/extensions/emmet/dist/node/emmetNodeMain
[2021-08-19 11:42:45.889] [exthost] [info] ExtensionService#_doActivateExtension vscode.merge-conflict {"startup":false,"extensionId":{"value":"vscode.merge-conflict","_lower":"vscode.merge-conflict"},"activationEvent":"onStartupFinished"}
[2021-08-19 11:42:45.889] [exthost] [info] ExtensionService#loadCommonJSModule file:///usr/share/code/resources/app/extensions/merge-conflict/dist/mergeConflictMain
[2021-08-19 11:42:46.007] [exthost] [info] ExtensionService#_doActivateExtension vscode.testing-editor-contributions {"startup":false,"extensionId":{"value":"vscode.testing-editor-contributions","_lower":"vscode.testing-editor-contributions"},"activationEvent":"onStartupFinished"}
[2021-08-19 11:42:46.007] [exthost] [info] ExtensionService#loadCommonJSModule file:///usr/share/code/resources/app/extensions/testing-editor-contributions/dist/extension.js
[2021-08-19 11:42:46.955] [exthost] [info] ExtensionService#_doActivateExtension ms-vscode.js-debug {"startup":false,"extensionId":{"value":"ms-vscode.js-debug","_lower":"ms-vscode.js-debug"},"activationEvent":"onCommand:extension.js-debug.clearAutoAttachVariables"}
[2021-08-19 11:42:46.955] [exthost] [info] ExtensionService#loadCommonJSModule file:///usr/share/code/resources/app/extensions/ms-vscode.js-debug/src/extension.js
[2021-08-19 11:42:49.525] [exthost] [info] ExtensionService#_doActivateExtension vscode.github {"startup":true,"extensionId":{"value":"vscode.github","_lower":"vscode.github"},"activationEvent":"*"}
[2021-08-19 11:42:49.525] [exthost] [info] ExtensionService#loadCommonJSModule file:///usr/share/code/resources/app/extensions/github/dist/extension.js
[2021-08-19 11:42:51.127] [exthost] [info] eager extensions activated
[2021-08-19 11:42:51.425] [exthost] [info] ExtensionService#_doActivateExtension vscode.github-authentication {"startup":false,"extensionId":{"value":"vscode.github-authentication","_lower":"vscode.github-authentication"},"activationEvent":"onAuthenticationRequest:github"}
[2021-08-19 11:42:51.425] [exthost] [info] ExtensionService#loadCommonJSModule file:///usr/share/code/resources/app/extensions/github-authentication/dist/extension.js
[2021-08-19 11:42:51.831] [exthost] [info] ExtensionService#_doActivateExtension vscodevim.vim {"startup":false,"extensionId":{"value":"vscodevim.vim","_lower":"vscodevim.vim"},"activationEvent":"*"}
[2021-08-19 11:42:51.831] [exthost] [info] ExtensionService#loadCommonJSModule file:///home/rahu/.vscode/extensions/vscodevim.vim-1.21.6/out/extension
[2021-08-19 11:43:02.553] [exthost] [info] ExtensionService#_doActivateExtension ms-vscode-remote.remote-containers {"startup":false,"extensionId":{"value":"ms-vscode-remote.remote-containers","_lower":"ms-vscode-remote.remote-containers"},"activationEvent":"onStartupFinished"}
[2021-08-19 11:43:02.553] [exthost] [info] ExtensionService#loadCommonJSModule file:///home/rahu/.vscode/extensions/ms-vscode-remote.remote-containers-0.183.0/dist/extension/extension
[2021-08-19 11:47:44.259] [exthost] [info] ExtensionService#_doActivateExtension amazonwebservices.aws-toolkit-vscode {"startup":false,"extensionId":{"value":"amazonwebservices.aws-toolkit-vscode","_lower":"amazonwebservices.aws-toolkit-vscode"},"activationEvent":"onStartupFinished"}
[2021-08-19 11:47:44.279] [exthost] [info] ExtensionService#loadCommonJSModule file:///home/rahu/.vscode/extensions/amazonwebservices.aws-toolkit-vscode-1.28.0/extensionMain
[2021-08-19 11:47:58.705] [exthost] [info] ExtensionService#_doActivateExtension dbaeumer.vscode-eslint {"startup":false,"extensionId":{"value":"dbaeumer.vscode-eslint","_lower":"dbaeumer.vscode-eslint"},"activationEvent":"onStartupFinished"}
[2021-08-19 11:47:58.705] [exthost] [info] ExtensionService#loadCommonJSModule file:///home/rahu/.vscode/extensions/dbaeumer.vscode-eslint-2.1.23/client/out/extension
[2021-08-19 11:47:59.091] [exthost] [info] ExtensionService#_doActivateExtension formulahendry.code-runner {"startup":false,"extensionId":{"value":"formulahendry.code-runner","_lower":"formulahendry.code-runner"},"activationEvent":"onStartupFinished"}
[2021-08-19 11:47:59.091] [exthost] [info] ExtensionService#loadCommonJSModule file:///home/rahu/.vscode/extensions/formulahendry.code-runner-0.11.5/out/src/extension
[2021-08-19 11:48:06.284] [exthost] [info] ExtensionService#_doActivateExtension kisstkondoros.vscode-gutter-preview {"startup":false,"extensionId":{"value":"kisstkondoros.vscode-gutter-preview","_lower":"kisstkondoros.vscode-gutter-preview"},"activationEvent":"*"}
[2021-08-19 11:48:06.284] [exthost] [info] ExtensionService#loadCommonJSModule file:///home/rahu/.vscode/extensions/kisstkondoros.vscode-gutter-preview-0.27.1/dist/extension
[2021-08-19 11:48:06.486] [exthost] [info] ExtensionService#_doActivateExtension loskael.vscode-stocks-cn {"startup":false,"extensionId":{"value":"loskael.vscode-stocks-cn","_lower":"loskael.vscode-stocks-cn"},"activationEvent":"*"}
[2021-08-19 11:48:06.486] [exthost] [info] ExtensionService#loadCommonJSModule file:///home/rahu/.vscode/extensions/loskael.vscode-stocks-cn-0.1.5/out/src/extension
[2021-08-19 11:48:06.914] [exthost] [info] ExtensionService#_doActivateExtension ms-vscode.cpptools {"startup":false,"extensionId":{"value":"ms-vscode.cpptools","_lower":"ms-vscode.cpptools"},"activationEvent":"*"}
[2021-08-19 11:48:06.914] [exthost] [info] ExtensionService#loadCommonJSModule file:///home/rahu/.vscode/extensions/ms-vscode.cpptools-1.5.1/dist/main
[2021-08-19 11:48:07.674] [exthost] [info] ExtensionService#_doActivateExtension ritwickdey.LiveServer {"startup":false,"extensionId":{"value":"ritwickdey.LiveServer","_lower":"ritwickdey.liveserver"},"activationEvent":"*"}
[2021-08-19 11:48:07.674] [exthost] [info] ExtensionService#loadCommonJSModule file:///home/rahu/.vscode/extensions/ritwickdey.liveserver-5.6.1/out/src/extension
[2021-08-19 11:48:25.957] [exthost] [info] ExtensionService#_doActivateExtension Dart-Code.dart-code {"startup":false,"extensionId":{"value":"Dart-Code.dart-code","_lower":"dart-code.dart-code"},"activationEvent":"workspaceContainsTimeout:*/pubspec.yaml,*/*/pubspec.yaml,*.dart,*/*.dart,*/*/*.dart"}
[2021-08-19 11:48:25.957] [exthost] [info] ExtensionService#loadCommonJSModule file:///home/rahu/.vscode/extensions/dart-code.dart-code-3.25.1/out/dist/extension
[2021-08-19 11:48:26.323] [exthost] [info] ExtensionService#_doActivateExtension Dedsec727.jekyll-run {"startup":false,"extensionId":{"value":"Dedsec727.jekyll-run","_lower":"dedsec727.jekyll-run"},"activationEvent":"workspaceContainsTimeout:**/_config.yml"}
[2021-08-19 11:48:26.323] [exthost] [info] ExtensionService#loadCommonJSModule file:///home/rahu/.vscode/extensions/dedsec727.jekyll-run-1.6.0/out/extension.js
