VirtualBox GUI VM Selector Window 5.2.18 r124319 linux.amd64 (Aug 14 2018 12:31:02) release log
00:00:08.927802 Log opened 2018-10-11T08:22:17.567217000Z
00:00:08.927805 Build Type: release
00:00:08.927809 OS Product: Linux
00:00:08.927811 OS Release: 4.15.0-36-generic
00:00:08.927814 OS Version: #39~16.04.1-Ubuntu SMP Tue Sep 25 08:59:23 UTC 2018
00:00:08.927848 DMI Product Name: 80XV
00:00:08.927861 DMI Product Version: Lenovo ideapad 320-15AST
00:00:08.927924 Host RAM: 3534MB (3.4GB) total, 1038MB available
00:00:08.927930 Executable: /usr/lib/virtualbox/VirtualBox
00:00:08.927931 Process ID: 19184
00:00:08.927933 Package type: LINUX_64BITS_UBUNTU_16_04
00:00:08.927976 Qt version: 5.6.1
00:00:09.195200 GUI: UIMediumEnumerator: Medium-enumeration started...
00:00:09.195234 GUI: UIMediumEnumerator: Medium-enumeration finished!
00:00:10.561313 GUI: UIInvisibleWindow::sltFallback: Move event haven't came. Screen: 0, work area: 0x0 x 1366x768
00:00:10.561347 GUI: UIDesktopWidgetWatchdog::sltHandleHostScreenAvailableGeometryCalculated: Screen 0 work area is actually resized to: 0x0 x 1366x768
00:00:12.272526 Failed to open "/dev/vboxdrv", errno=13, rc=VERR_VM_DRIVER_NOT_ACCESSIBLE
00:00:12.595481 refreshCertificates/#1: InMem.Cert.TbsCertificate.T3.Extensions.papItems[#].ExtnValue.NameConstraints.T0.PermittedSubtrees.papItems[#]: Unexpected sequence type/flags: 0x2/0x80 (expected 0x10/0x20)
00:00:12.597246 refreshCertificates/#3: Found 1/147 SSL certs we/you trust (previously 0/0).
00:01:31.941122 GUI: UIMediumEnumerator: Medium-enumeration started...
00:01:31.941431 GUI: UIMediumEnumerator: Medium-enumeration finished!
00:03:27.038132 GUI: UIMediumEnumerator: Medium with key={c57dc421-21aa-4e90-96db-82e018b8f22f} created
00:03:28.357878 GUI: UIMediumEnumerator: Medium-enumeration finished!
00:04:22.626269 GUI: UIMediumEnumerator: Medium-enumeration finished!
00:04:23.406106 GUI: UIMediumEnumerator: Medium-enumeration finished!
00:04:23.507423 GUI: UIMediumEnumerator: Medium-enumeration finished!
00:04:28.388414 GUI: UIMediumEnumerator: Medium-enumeration started...
00:04:28.775355 2D support test succeeded
00:04:28.881309 GUI: UIMediumEnumerator: Medium-enumeration finished!
