VirtualBox XPCOM Server 5.2.18 r124319 linux.amd64 (Aug 14 2018 12:31:02) release log
00:00:00.001750 main     Log opened 2018-10-11T08:22:16.190442000Z
00:00:00.001755 main     Build Type: release
00:00:00.001764 main     OS Product: Linux
00:00:00.001766 main     OS Release: 4.15.0-36-generic
00:00:00.001769 main     OS Version: #39~16.04.1-Ubuntu SMP Tue Sep 25 08:59:23 UTC 2018
00:00:00.001820 main     DMI Product Name: 80XV
00:00:00.001844 main     DMI Product Version: Lenovo ideapad 320-15AST
00:00:00.001943 main     Host RAM: 3534MB (3.4GB) total, 1040MB available
00:00:00.001952 main     Executable: /usr/lib/virtualbox/VBoxSVC
00:00:00.001954 main     Process ID: 19208
00:00:00.001956 main     Package type: LINUX_64BITS_UBUNTU_16_04
00:00:00.005250 main     IPC socket path: /tmp/.vbox-rahu-ipc/ipcd
00:00:00.144643 nspr-2   VirtualBox: object creation starts
00:00:00.146152 nspr-2   Home directory: '/home/rahu/.config/VirtualBox'
00:00:00.545788 nspr-2   NetIfAdpCtlOut: VBoxNetAdpCtl: Error while retrieving link speed for wlp1s0: VBoxNetAdpCtl: ioctl failed: Operation not supported
00:00:00.554146 nspr-2   NAT: resolv.conf: nameserver 127.0.1.1
00:00:00.554195 nspr-2   HostDnsMonitor: old information
00:00:00.554201 nspr-2     no server entries
00:00:00.554207 nspr-2     no domain set
00:00:00.554211 nspr-2     no search string entries
00:00:00.554217 nspr-2   HostDnsMonitor: new information
00:00:00.554222 nspr-2     server 1: 127.0.1.1
00:00:00.554228 nspr-2     no domain set
00:00:00.554232 nspr-2     no search string entries
00:00:00.554243 nspr-2   HostDnsMonitorProxy::notify
00:00:00.558369 nspr-2   SUPR0QueryVTCaps -> VERR_SVM_DISABLED
00:00:00.560583 nspr-2   VD: VDInit finished with VINF_SUCCESS
00:00:00.564998 nspr-2   VirtualBox: object created
00:00:12.092505 nspr-3   Saving settings file "/home/rahu/.config/VirtualBox/VirtualBox.xml" with version "1.12-linux"
00:00:12.343700 nspr-2   Saving settings file "/home/rahu/.config/VirtualBox/VirtualBox.xml" with version "1.12-linux"
00:03:20.030531 nspr-3   Saving settings file "/home/rahu/VirtualBox VMs/test11/test11.vbox" with version "1.15-linux"
00:03:20.110587 nspr-3   WARNING [COM]: aRC=NS_ERROR_FAILURE (0x80004005) aIID={afca788c-4477-787d-60b2-3fa70e56fbbc} aComponent={HostWrap} aText={VirtualBox is not currently allowed to access USB devices.  You can change this by adding your user to the 'vboxusers' group.  Please see the user manual for a more detailed explanation}, preserve=true  aResultDetail=0
00:03:20.118725 nspr-3   Saving settings file "/home/rahu/VirtualBox VMs/test11/test11.vbox" with version "1.15-linux"
00:03:20.183892 nspr-3   Saving settings file "/home/rahu/.config/VirtualBox/VirtualBox.xml" with version "1.12-linux"
00:03:20.616925 nspr-4   Saving settings file "/home/rahu/VirtualBox VMs/test11/test11.vbox" with version "1.15-linux"
00:03:20.734399 nspr-4   ERROR [COM]: aRC=NS_ERROR_FAILURE (0x80004005) aIID={85cd948e-a71f-4289-281e-0ca7ad48cd89} aComponent={MachineWrap} aText={This machine does not have any snapshots}, preserve=false aResultDetail=0
00:03:25.075980 nspr-5   WARNING [COM]: aRC=NS_ERROR_FAILURE (0x80004005) aIID={afca788c-4477-787d-60b2-3fa70e56fbbc} aComponent={HostWrap} aText={VirtualBox is not currently allowed to access USB devices.  You can change this by adding your user to the 'vboxusers' group.  Please see the user manual for a more detailed explanation}, preserve=true  aResultDetail=0
00:03:25.077177 nspr-6   WARNING [COM]: aRC=NS_ERROR_FAILURE (0x80004005) aIID={afca788c-4477-787d-60b2-3fa70e56fbbc} aComponent={HostWrap} aText={VirtualBox is not currently allowed to access USB devices.  You can change this by adding your user to the 'vboxusers' group.  Please see the user manual for a more detailed explanation}, preserve=true  aResultDetail=0
00:03:25.077633 nspr-6   ERROR [COM]: aRC=VBOX_E_OBJECT_NOT_FOUND (0x80bb0001) aIID={edba9d10-45d8-b440-1712-46ac0c9bc4c5} aComponent={ExtPackManagerWrap} aText={No extension pack by the name 'Oracle VM VirtualBox Extension Pack' was found}, preserve=false aResultDetail=0
00:03:25.376033 nspr-3   WARNING [COM]: aRC=NS_ERROR_FAILURE (0x80004005) aIID={afca788c-4477-787d-60b2-3fa70e56fbbc} aComponent={HostWrap} aText={VirtualBox is not currently allowed to access USB devices.  You can change this by adding your user to the 'vboxusers' group.  Please see the user manual for a more detailed explanation}, preserve=true  aResultDetail=0
00:03:25.377542 nspr-2   WARNING [COM]: aRC=NS_ERROR_FAILURE (0x80004005) aIID={afca788c-4477-787d-60b2-3fa70e56fbbc} aComponent={HostWrap} aText={VirtualBox is not currently allowed to access USB devices.  You can change this by adding your user to the 'vboxusers' group.  Please see the user manual for a more detailed explanation}, preserve=true  aResultDetail=0
00:03:25.402937 nspr-2   ERROR [COM]: aRC=VBOX_E_IPRT_ERROR (0x80bb0005) aIID={85cd948e-a71f-4289-281e-0ca7ad48cd89} aComponent={SessionMachine} aText={Saved screenshot data is not available (VERR_NOT_SUPPORTED)}, preserve=false aResultDetail=0
00:03:25.431781 nspr-3   NetIfAdpCtlOut: VBoxNetAdpCtl: Error while retrieving link speed for wlp1s0: VBoxNetAdpCtl: ioctl failed: Operation not supported
00:04:00.751879 nspr-5   WARNING [COM]: aRC=NS_ERROR_FAILURE (0x80004005) aIID={afca788c-4477-787d-60b2-3fa70e56fbbc} aComponent={HostWrap} aText={VirtualBox is not currently allowed to access USB devices.  You can change this by adding your user to the 'vboxusers' group.  Please see the user manual for a more detailed explanation}, preserve=true  aResultDetail=0
00:04:14.947176 nspr-3   Saving settings file "/home/rahu/VirtualBox VMs/test11/test11.vbox" with version "1.15-linux"
00:04:15.129212 nspr-7   Saving settings file "/home/rahu/VirtualBox VMs/test11/test11.vbox" with version "1.15-linux"
00:04:15.744178 nspr-5   Saving settings file "/home/rahu/VirtualBox VMs/test11/test11.vbox" with version "1.15-linux"
00:04:15.870615 nspr-8   Saving settings file "/home/rahu/VirtualBox VMs/test11/test11.vbox" with version "1.15-linux"
00:04:20.869586 nspr-3   WARNING [COM]: aRC=NS_ERROR_FAILURE (0x80004005) aIID={afca788c-4477-787d-60b2-3fa70e56fbbc} aComponent={HostWrap} aText={VirtualBox is not currently allowed to access USB devices.  You can change this by adding your user to the 'vboxusers' group.  Please see the user manual for a more detailed explanation}, preserve=true  aResultDetail=0
00:04:21.282645 nspr-5   NetIfAdpCtlOut: VBoxNetAdpCtl: Error while retrieving link speed for wlp1s0: VBoxNetAdpCtl: ioctl failed: Operation not supported
00:04:21.296024 nspr-6   NetIfAdpCtlOut: VBoxNetAdpCtl: Error while retrieving link speed for wlp1s0: VBoxNetAdpCtl: ioctl failed: Operation not supported
00:04:21.328894 nspr-4   WARNING [COM]: aRC=NS_ERROR_FAILURE (0x80004005) aIID={afca788c-4477-787d-60b2-3fa70e56fbbc} aComponent={HostWrap} aText={VirtualBox is not currently allowed to access USB devices.  You can change this by adding your user to the 'vboxusers' group.  Please see the user manual for a more detailed explanation}, preserve=true  aResultDetail=0
00:04:21.335431 nspr-5   WARNING [COM]: aRC=NS_ERROR_FAILURE (0x80004005) aIID={afca788c-4477-787d-60b2-3fa70e56fbbc} aComponent={HostWrap} aText={VirtualBox is not currently allowed to access USB devices.  You can change this by adding your user to the 'vboxusers' group.  Please see the user manual for a more detailed explanation}, preserve=true  aResultDetail=0
00:04:36.286278 nspr-2   Saving settings file "/home/rahu/.config/VirtualBox/VirtualBox.xml" with version "1.12-linux"
00:04:36.368058 nspr-6   Saving settings file "/home/rahu/.config/VirtualBox/VirtualBox.xml" with version "1.12-linux"
00:04:36.436992 nspr-3   Saving settings file "/home/rahu/.config/VirtualBox/VirtualBox.xml" with version "1.12-linux"
00:04:36.520546 nspr-7   Saving settings file "/home/rahu/.config/VirtualBox/VirtualBox.xml" with version "1.12-linux"
00:04:36.594825 nspr-3   Saving settings file "/home/rahu/.config/VirtualBox/VirtualBox.xml" with version "1.12-linux"
00:04:42.175352 main     VirtualBox: object deletion starts
00:04:42.175449 main     ERROR [COM]: aRC=VBOX_E_OBJECT_IN_USE (0x80bb000c) aIID={4afe423b-43e0-e9d0-82e8-ceb307940dda} aComponent={MediumWrap} aText={Medium '/home/rahu/VirtualBox VMs/test11/test11.vdi' cannot be closed because it is still attached to 1 virtual machines}, preserve=false aResultDetail=0
00:04:42.496644 Watcher  ERROR [COM]: aRC=E_ACCESSDENIED (0x80070005) aIID={9570b9d5-f1a1-448a-10c5-e12f5285adad} aComponent={VirtualBoxWrap} aText={The object is not ready}, preserve=false aResultDetail=0
00:04:47.176764 main     {00007f57a0014dd0} HostPowerServiceLinux::~HostPowerServiceLinux: RTThreadWait() for 5000 ms failed with VERR_TIMEOUT
00:04:47.177271 main     VirtualBox: object deleted
