[2022-10-18 21:15:55.471] [renderer1] [error] Cannot read property 'hc' of undefined: TypeError: Cannot read property 'hc' of undefined
    at z (vscode-file://vscode-app/usr/share/code/resources/app/out/vs/workbench/workbench.desktop.main.js:1712:45937)
    at vscode-file://vscode-app/usr/share/code/resources/app/out/vs/workbench/workbench.desktop.main.js:1712:47957
    at Array.map (<anonymous>)
    at vscode-file://vscode-app/usr/share/code/resources/app/out/vs/workbench/workbench.desktop.main.js:1712:47078
    at async Promise.all (index 0)
    at async L.registerExtensionWalkthroughContributions (vscode-file://vscode-app/usr/share/code/resources/app/out/vs/workbench/workbench.desktop.main.js:1712:46041)
[2022-10-18 21:16:29.904] [renderer1] [warning] UNRESPONSIVE extension host, 'vscode.microsoft-authentication' took 100% of 5336.18ms, saved PROFILE here: 'file:///tmp/exthost-c1f60d.cpuprofile' [{"id":"gc","total":13642,"percentage":0},{"id":"self","total":4492,"percentage":0},{"id":"vscode.microsoft-authentication","total":5315706,"percentage":100}]
[2022-10-18 21:16:31.767] [renderer1] [error] Server returned 422: Error: Server returned 422
    at w (vscode-file://vscode-app/usr/share/code/resources/app/out/vs/workbench/workbench.desktop.main.js:637:164752)
    at a (vscode-file://vscode-app/usr/share/code/resources/app/out/vs/workbench/workbench.desktop.main.js:1508:27031)
    at async o._processCpuProfile (vscode-file://vscode-app/usr/share/code/resources/app/out/vs/workbench/workbench.desktop.main.js:1567:37643)
[2022-10-18 21:16:43.397] [renderer1] [warning] UNRESPONSIVE extension host, 'vscode.microsoft-authentication' took 98% of 5314.666ms, saved PROFILE here: 'file:///tmp/exthost-eb11bd.cpuprofile' [{"id":"gc","total":79058,"percentage":1},{"id":"self","total":934,"percentage":0},{"id":"vscode.microsoft-authentication","total":5233495,"percentage":98}]
[2022-10-18 21:16:59.909] [renderer1] [warning] UNRESPONSIVE extension host, 'vscode.microsoft-authentication' took 78% of 1991.821ms, saved PROFILE here: 'file:///tmp/exthost-20a1e5.cpuprofile' [{"id":"gc","total":43727,"percentage":2},{"id":"KnisterPeter.vscode-github","total":864,"percentage":0},{"id":"ms-vscode.js-debug","total":172,"percentage":0},{"id":"PKief.material-icon-theme","total":110120,"percentage":6},{"id":"program","total":513,"percentage":0},{"id":"ritwickdey.LiveServer","total":1001,"percentage":0},{"id":"self","total":126927,"percentage":6},{"id":"vscode.git","total":144133,"percentage":7},{"id":"vscode.github-authentication","total":771,"percentage":0},{"id":"vscode.microsoft-authentication","total":1563176,"percentage":78}]
[2022-10-18 21:17:13.080] [renderer1] [warning] UNRESPONSIVE extension host, 'vscode.git' took 99% of 5786.446ms, saved PROFILE here: 'file:///tmp/exthost-be4e3c.cpuprofile' [{"id":"gc","total":10573,"percentage":0},{"id":"program","total":6537,"percentage":0},{"id":"self","total":24241,"percentage":0},{"id":"vscode.git","total":5744594,"percentage":99}]
[2022-10-18 21:17:13.528] [renderer1] [error] Server returned 422: Error: Server returned 422
    at w (vscode-file://vscode-app/usr/share/code/resources/app/out/vs/workbench/workbench.desktop.main.js:637:164752)
    at a (vscode-file://vscode-app/usr/share/code/resources/app/out/vs/workbench/workbench.desktop.main.js:1508:27031)
    at async o._processCpuProfile (vscode-file://vscode-app/usr/share/code/resources/app/out/vs/workbench/workbench.desktop.main.js:1567:37643)
[2022-10-18 21:17:37.861] [renderer1] [error] getaddrinfo EAI_AGAIN api.github.com: RequestError: getaddrinfo EAI_AGAIN api.github.com
    at ClientRequest.<anonymous> (/home/rahu/.vscode/extensions/amazonwebservices.aws-toolkit-vscode-1.51.0/dist/src/main.js:45:15011)
    at Object.onceWrapper (events.js:422:26)
    at ClientRequest.emit (events.js:327:22)
    at ClientRequest.EventEmitter.emit (domain.js:467:12)
    at ClientRequest.I.f.emit (/home/rahu/.vscode/extensions/amazonwebservices.aws-toolkit-vscode-1.51.0/dist/src/main.js:2:19717)
    at TLSSocket.socketErrorListener (_http_client.js:469:9)
    at TLSSocket.emit (events.js:315:20)
    at TLSSocket.EventEmitter.emit (domain.js:467:12)
    at emitErrorNT (internal/streams/destroy.js:106:8)
    at emitErrorCloseNT (internal/streams/destroy.js:74:3)
    at processTicksAndRejections (internal/process/task_queues.js:80:21)
    at GetAddrInfoReqWrap.onlookup [as oncomplete] (dns.js:67:26)
